"../../../Engine/Content/EngineMeshes/Humanoid.uasset" 0
"../../../../../BackupAbsolue/TABProject/ICHOR-Last-Year/Content/PFE/Blueprint/J1/body_maincharacter_Skeleton.uasset" 1
"../../../../../BackupAbsolue/TABProject/ICHOR-Last-Year/Content/Mannequin/Animations/ThirdPersonRun.uasset" 2
"../../../../../BackupAbsolue/TABProject/ICHOR-Last-Year/Content/Mannequin/Animations/ThirdPersonWalk.uasset" 3
"../../../../../BackupAbsolue/TABProject/ICHOR-Last-Year/Content/Mannequin/Character/Mesh/Still.uasset" 4
"../../../../../BackupAbsolue/TABProject/ICHOR-Last-Year/Content/Mannequin/Animations/ThirdPerson_IdleRun_2D.uasset" 5
"../../../Engine/Content/EditorBlueprintResources/StandardMacros.uasset" 6
"../../../../../BackupAbsolue/TABProject/ICHOR-Last-Year/Content/Mannequin/Animations/AnimBP1.uasset" 7
"../../../Engine/Content/Functions/Engine_MaterialFunctions01/Density/ExponentialDensity.uasset" 8
"../../../Engine/Content/Functions/Engine_MaterialFunctions01/Gradient/RadialGradientExponential.uasset" 9
"../../../../../BackupAbsolue/TABProject/ICHOR-Last-Year/Content/PFE/Blueprint/BulletsOrWeapon/Bullets/Materials/LaserMat.uasset" 10
"../../../Engine/Content/Functions/Engine_MaterialFunctions01/Opacity/CameraDepthFade.uasset" 11
"../../../../../BackupAbsolue/TABProject/ICHOR-Last-Year/Content/StarterContent/Textures/T_Concrete_Tiles_D.uasset" 12
"../../../../../BackupAbsolue/TABProject/ICHOR-Last-Year/Content/StarterContent/Textures/T_Concrete_Tiles_M.uasset" 13
"../../../../../BackupAbsolue/TABProject/ICHOR-Last-Year/Content/StarterContent/Textures/T_Concrete_Tiles_N.uasset" 14
"../../../../../BackupAbsolue/TABProject/ICHOR-Last-Year/Content/StarterContent/Textures/T_Concrete_Tiles_Variation_M.uasset" 15
"../../../../../BackupAbsolue/TABProject/ICHOR-Last-Year/Content/StarterContent/Textures/T_MacroVariation.uasset" 16
"../../../../../BackupAbsolue/TABProject/ICHOR-Last-Year/Content/StarterContent/Materials/M_Concrete_Tiles.uasset" 17
"../../../Engine/Content/EngineMaterials/T_Default_Material_Grid_M.uasset" 18
"../../../Engine/Content/EngineMaterials/T_Default_Material_Grid_N.uasset" 19
"../../../Engine/Content/EngineMaterials/DefaultMaterial.uasset" 20
"../../../Engine/Content/BasicShapes/Cone.uasset" 21
"../../../Engine/Content/BasicShapes/Sphere.uasset" 22
"../../../../../BackupAbsolue/TABProject/ICHOR-Last-Year/Content/PFE/Ajeter/Character1.uasset" 23
"../../../../../BackupAbsolue/TABProject/ICHOR-Last-Year/Content/AnimStarterPack/UE4_Mannequin/Mesh/UE4_Mannequin_Skeleton.uasset" 24
"../../../../../BackupAbsolue/TABProject/ICHOR-Last-Year/Content/AnimStarterPack/Crouch_Idle_Rifle_Hip.uasset" 25
"../../../../../BackupAbsolue/TABProject/ICHOR-Last-Year/Content/AnimStarterPack/Fire_Rifle_Ironsights.uasset" 26
"../../../../../BackupAbsolue/TABProject/ICHOR-Last-Year/Content/AnimStarterPack/Idle_Rifle_Hip.uasset" 27
"../../../../../BackupAbsolue/TABProject/ICHOR-Last-Year/Content/AnimStarterPack/Idle_Rifle_Ironsights.uasset" 28
"../../../../../BackupAbsolue/TABProject/ICHOR-Last-Year/Content/AnimStarterPack/Jump_From_Jog.uasset" 29
"../../../../../BackupAbsolue/TABProject/ICHOR-Last-Year/Content/AnimStarterPack/Jump_From_Stand.uasset" 30
"../../../../../BackupAbsolue/TABProject/ICHOR-Last-Year/Content/AnimStarterPack/Crouch_Walk_Bwd_Rifle_Hip.uasset" 31
"../../../../../BackupAbsolue/TABProject/ICHOR-Last-Year/Content/AnimStarterPack/Crouch_Walk_Fwd_Rifle_Hip.uasset" 32
"../../../../../BackupAbsolue/TABProject/ICHOR-Last-Year/Content/AnimStarterPack/Crouch_Walk_Lt_Rifle_Hip.uasset" 33
"../../../../../BackupAbsolue/TABProject/ICHOR-Last-Year/Content/AnimStarterPack/Crouch_Walk_Rt_Rifle_Hip.uasset" 34
"../../../../../BackupAbsolue/TABProject/ICHOR-Last-Year/Content/AnimStarterPack/BS_CrouchWalk.uasset" 35
"../../../../../BackupAbsolue/TABProject/ICHOR-Last-Year/Content/AnimStarterPack/Jog_Bwd_Rifle.uasset" 36
"../../../../../BackupAbsolue/TABProject/ICHOR-Last-Year/Content/AnimStarterPack/Jog_Fwd_Rifle.uasset" 37
"../../../../../BackupAbsolue/TABProject/ICHOR-Last-Year/Content/AnimStarterPack/Jog_Lt_Rifle.uasset" 38
"../../../../../BackupAbsolue/TABProject/ICHOR-Last-Year/Content/AnimStarterPack/Jog_Rt_Rifle.uasset" 39
"../../../../../BackupAbsolue/TABProject/ICHOR-Last-Year/Content/AnimStarterPack/BS_Jog.uasset" 40
"../../../Engine/Content/Functions/Engine_MaterialFunctions02/Utility/BlendAngleCorrectedNormals.uasset" 41
"../../../Engine/Content/Functions/MaterialLayerFunctions/MatLayerBlend_AO.uasset" 42
"../../../Engine/Content/Functions/MaterialLayerFunctions/MatLayerBlend_NormalBlend.uasset" 43
"../../../Engine/Content/Functions/MaterialLayerFunctions/MatLayerBlend_Simple.uasset" 44
"../../../../../BackupAbsolue/TABProject/ICHOR-Last-Year/Content/AnimStarterPack/UE4_Mannequin/Materials/MaterialLayers/T_ML_Rubber_Blue_01_D.uasset" 45
"../../../../../BackupAbsolue/TABProject/ICHOR-Last-Year/Content/AnimStarterPack/UE4_Mannequin/Materials/MaterialLayers/T_ML_Rubber_Blue_01_N.uasset" 46
"../../../../../BackupAbsolue/TABProject/ICHOR-Last-Year/Content/AnimStarterPack/UE4_Mannequin/Materials/MaterialLayers/ML_GlossyBlack_Latex_UE4.uasset" 47
"../../../../../BackupAbsolue/TABProject/ICHOR-Last-Year/Content/AnimStarterPack/UE4_Mannequin/Materials/MaterialLayers/ML_Plastic_Shiny_Beige.uasset" 48
"../../../../../BackupAbsolue/TABProject/ICHOR-Last-Year/Content/AnimStarterPack/UE4_Mannequin/Textures/UE4_LOGO_CARD.uasset" 49
"../../../../../BackupAbsolue/TABProject/ICHOR-Last-Year/Content/AnimStarterPack/UE4_Mannequin/Materials/MaterialLayers/ML_Plastic_Shiny_Beige_LOGO.uasset" 50
"../../../../../BackupAbsolue/TABProject/ICHOR-Last-Year/Content/AnimStarterPack/UE4_Mannequin/Materials/MaterialLayers/T_ML_Aluminum01.uasset" 51
"../../../../../BackupAbsolue/TABProject/ICHOR-Last-Year/Content/AnimStarterPack/UE4_Mannequin/Materials/MaterialLayers/T_ML_Aluminum01_N.uasset" 52
"../../../../../BackupAbsolue/TABProject/ICHOR-Last-Year/Content/AnimStarterPack/UE4_Mannequin/Materials/MaterialLayers/ML_SoftMetal_UE4.uasset" 53
"../../../../../BackupAbsolue/TABProject/ICHOR-Last-Year/Content/AnimStarterPack/UE4_Mannequin/Textures/UE4_Mannequin__normals.uasset" 54
"../../../../../BackupAbsolue/TABProject/ICHOR-Last-Year/Content/AnimStarterPack/UE4_Mannequin/Textures/UE4_Mannequin_MAT_MASKA.uasset" 55
"../../../../../BackupAbsolue/TABProject/ICHOR-Last-Year/Content/AnimStarterPack/UE4_Mannequin/Textures/UE4_Mannequin_occlusion_Mobile.uasset" 56
"../../../../../BackupAbsolue/TABProject/ICHOR-Last-Year/Content/AnimStarterPack/UE4_Mannequin/Materials/M_UE4Man_Body.uasset" 57
"../../../../../BackupAbsolue/TABProject/ICHOR-Last-Year/Content/AnimStarterPack/UE4_Mannequin/Textures/UE4Man_Logo_N.uasset" 58
"../../../../../BackupAbsolue/TABProject/ICHOR-Last-Year/Content/AnimStarterPack/UE4_Mannequin/Materials/M_UE4Man_ChestLogo.uasset" 59
"../../../../../BackupAbsolue/TABProject/ICHOR-Last-Year/Content/AnimStarterPack/UE4_Mannequin/Mesh/SK_Mannequin_PhysicsAsset.uasset" 60
"../../../../../BackupAbsolue/TABProject/ICHOR-Last-Year/Content/AnimStarterPack/UE4_Mannequin/Mesh/mICHANT.uasset" 61
"../../../../../BackupAbsolue/TABProject/ICHOR-Last-Year/Content/AnimStarterPack/Ue4ASP_Character.uasset" 62
"../../../../../BackupAbsolue/TABProject/ICHOR-Last-Year/Content/AnimStarterPack/UE4ASP_HeroTPP_AnimBlueprint.uasset" 63
"../../../../../BackupAbsolue/TABProject/ICHOR-Last-Year/Content/PFE/Imports/AI/Final/Animations/Retarget_Crouch_Idle_Rifle_Hip.uasset" 64
"../../../../../BackupAbsolue/TABProject/ICHOR-Last-Year/Content/PFE/Imports/AI/Final/Animations/Retarget_Fire_Rifle_Ironsights.uasset" 65
"../../../../../BackupAbsolue/TABProject/ICHOR-Last-Year/Content/PFE/Imports/AI/Final/Animations/Retarget_Idle_Rifle_Hip.uasset" 66
"../../../../../BackupAbsolue/TABProject/ICHOR-Last-Year/Content/PFE/Imports/AI/Final/Animations/Retarget_Idle_Rifle_Ironsights.uasset" 67
"../../../../../BackupAbsolue/TABProject/ICHOR-Last-Year/Content/PFE/Imports/AI/Final/Animations/Retarget_Jump_From_Jog.uasset" 68
"../../../../../BackupAbsolue/TABProject/ICHOR-Last-Year/Content/PFE/Imports/AI/Final/Animations/Retarget_Jump_From_Stand.uasset" 69
"../../../../../BackupAbsolue/TABProject/ICHOR-Last-Year/Content/PFE/Imports/AI/Final/Animations/Retarget_Crouch_Walk_Bwd_Rifle_Hip.uasset" 70
"../../../../../BackupAbsolue/TABProject/ICHOR-Last-Year/Content/PFE/Imports/AI/Final/Animations/Retarget_Crouch_Walk_Fwd_Rifle_Hip.uasset" 71
"../../../../../BackupAbsolue/TABProject/ICHOR-Last-Year/Content/PFE/Imports/AI/Final/Animations/Retarget_Crouch_Walk_Lt_Rifle_Hip.uasset" 72
"../../../../../BackupAbsolue/TABProject/ICHOR-Last-Year/Content/PFE/Imports/AI/Final/Animations/Retarget_Crouch_Walk_Rt_Rifle_Hip.uasset" 73
"../../../../../BackupAbsolue/TABProject/ICHOR-Last-Year/Content/PFE/Imports/AI/Final/Animations/Retarget_BS_CrouchWalk.uasset" 74
"../../../../../BackupAbsolue/TABProject/ICHOR-Last-Year/Content/PFE/Imports/AI/Final/Animations/Retarget_Jog_Bwd_Rifle.uasset" 75
"../../../../../BackupAbsolue/TABProject/ICHOR-Last-Year/Content/PFE/Imports/AI/Final/Animations/Retarget_Jog_Fwd_Rifle.uasset" 76
"../../../../../BackupAbsolue/TABProject/ICHOR-Last-Year/Content/PFE/Imports/AI/Final/Animations/Retarget_Jog_Lt_Rifle.uasset" 77
"../../../../../BackupAbsolue/TABProject/ICHOR-Last-Year/Content/PFE/Imports/AI/Final/Animations/Retarget_Jog_Rt_Rifle.uasset" 78
"../../../../../BackupAbsolue/TABProject/ICHOR-Last-Year/Content/PFE/Imports/AI/Final/Animations/Retarget_BS_Jog.uasset" 79
"../../../../../BackupAbsolue/TABProject/ICHOR-Last-Year/Content/PFE/Imports/AI/Final/Animations/Retarget_UE4ASP_HeroTPP_AnimBlueprint.uasset" 80
"../../../../../BackupAbsolue/TABProject/ICHOR-Last-Year/Content/PFE/Blueprint/AI/AIGlobal/KillerBlackboard.uasset" 81
"../../../../../BackupAbsolue/TABProject/ICHOR-Last-Year/Content/PFE/Blueprint/AI/AIGlobal/BT_KillerCalculateMoveLocation.uasset" 82
"../../../../../BackupAbsolue/TABProject/ICHOR-Last-Year/Content/PFE/Blueprint/AI/AIGlobal/BTT_KillerStrafeAroundPlayer.uasset" 83
"../../../../../BackupAbsolue/TABProject/ICHOR-Last-Year/Content/PFE/Blueprint/AI/AIGlobal/BT_KillerBehaviorTree.uasset" 84
"../../../../../BackupAbsolue/TABProject/ICHOR-Last-Year/Content/PFE/Blueprint/AI/AIGlobal/BP_Enemy_TrooperAI.uasset" 85
"../../../../../BackupAbsolue/TABProject/ICHOR-Last-Year/Content/PFE/Blueprint/J2/Drone_J2/Textures/Drone_low_Cylinder_ears_low_BaseColor.uasset" 86
"../../../../../BackupAbsolue/TABProject/ICHOR-Last-Year/Content/PFE/Blueprint/J2/Drone_J2/Textures/Drone_low_Cylinder_ears_low_Emissive.uasset" 87
"../../../../../BackupAbsolue/TABProject/ICHOR-Last-Year/Content/PFE/Blueprint/J2/Drone_J2/Textures/Drone_low_Cylinder_ears_low_Normal.uasset" 88
"../../../../../BackupAbsolue/TABProject/ICHOR-Last-Year/Content/PFE/Blueprint/J2/Drone_J2/Textures/Drone_low_Cylinder_ears_low_OcclusionRoughnessMetallic.uasset" 89
"../../../../../BackupAbsolue/TABProject/ICHOR-Last-Year/Content/PFE/Blueprint/J2/Drone_J2/Materials/Cylinder_ear_MAT.uasset" 90
"../../../../../BackupAbsolue/TABProject/ICHOR-Last-Year/Content/PFE/Blueprint/J2/Drone_J2/Textures/Drone_low_Cystal_low_BaseColor.uasset" 91
"../../../../../BackupAbsolue/TABProject/ICHOR-Last-Year/Content/PFE/Blueprint/J2/Drone_J2/Textures/Drone_low_Cystal_low_Normal.uasset" 92
"../../../../../BackupAbsolue/TABProject/ICHOR-Last-Year/Content/PFE/Blueprint/J2/Drone_J2/Textures/Drone_low_Cystal_low_OcclusionRoughnessMetallic.uasset" 93
"../../../../../BackupAbsolue/TABProject/ICHOR-Last-Year/Content/PFE/Blueprint/J2/Drone_J2/Textures/Drone_low_Wings_low_Emissive.uasset" 94
"../../../../../BackupAbsolue/TABProject/ICHOR-Last-Year/Content/PFE/Blueprint/J2/Drone_J2/Materials/Cystal_MAT.uasset" 95
"../../../../../BackupAbsolue/TABProject/ICHOR-Last-Year/Content/PFE/Blueprint/J2/Drone_J2/Materials/Cystal_INST.uasset" 96
"../../../../../BackupAbsolue/TABProject/ICHOR-Last-Year/Content/FXVarietyPack/Materials/Mfunction/MF_ky_VectorToRadialValue.uasset" 97
"../../../../../BackupAbsolue/TABProject/ICHOR-Last-Year/Content/FXVarietyPack/Textures/T_ky_decoLines.uasset" 98
"../../../../../BackupAbsolue/TABProject/ICHOR-Last-Year/Content/FXVarietyPack/Textures/T_ky_decoLinesB.uasset" 99
"../../../../../BackupAbsolue/TABProject/ICHOR-Last-Year/Content/FXVarietyPack/Materials/M_ky_polar.uasset" 100
"../../../../../BackupAbsolue/TABProject/ICHOR-Last-Year/Content/FXVarietyPack/Materials/MI_ky_polarG_nonD.uasset" 101
"../../../../../BackupAbsolue/TABProject/ICHOR-Last-Year/Content/FXVarietyPack/Textures/T_ky_bg.uasset" 102
"../../../../../BackupAbsolue/TABProject/ICHOR-Last-Year/Content/FXVarietyPack/Materials/M_ky_subUV01.uasset" 103
"../../../../../BackupAbsolue/TABProject/ICHOR-Last-Year/Content/FXVarietyPack/Textures/T_ky_shockwave12_4x4.uasset" 104
"../../../../../BackupAbsolue/TABProject/ICHOR-Last-Year/Content/FXVarietyPack/Materials/MI_ky_shockwave12_4x4.uasset" 105
"../../../../../BackupAbsolue/TABProject/ICHOR-Last-Year/Content/FXVarietyPack/Particles/P_ky_hit2.uasset" 106
"../../../../../BackupAbsolue/TABProject/ICHOR-Last-Year/Content/PFE/Blueprint/BulletsOrWeapon/Bullets/Materials/LaserJ2.uasset" 107
"../../../../../BackupAbsolue/TABProject/ICHOR-Last-Year/Content/PFE/Blueprint/BulletsOrWeapon/Bullets/BulletP2.uasset" 108
"../../../../../BackupAbsolue/TABProject/ICHOR-Last-Year/Content/PFE/Blueprint/BulletsOrWeapon/Bullets/Laser.uasset" 109
"../../../../../BackupAbsolue/TABProject/ICHOR-Last-Year/Content/PFE/Blueprint/J2/Drone_J2/DRONE_exportUE4_Skeleton.uasset" 110
"../../../../../BackupAbsolue/TABProject/ICHOR-Last-Year/Content/PFE/Blueprint/J2/Drone_J2/Animations/iddle_drone_ANIM_Anim.uasset" 111
"../../../../../BackupAbsolue/TABProject/ICHOR-Last-Year/Content/PFE/Blueprint/J2/Drone_J2/Animations/Move_front_Anim.uasset" 112
"../../../../../BackupAbsolue/TABProject/ICHOR-Last-Year/Content/PFE/Blueprint/J2/Drone_J2/Animations/J2Anim1D.uasset" 113
"../../../../../BackupAbsolue/TABProject/ICHOR-Last-Year/Content/PFE/Blueprint/J2/Drone_J2/Animations/drone_anim_BP.uasset" 114
"../../../../../BackupAbsolue/TABProject/ICHOR-Last-Year/Content/FXVarietyPack/Textures/T_ky_bg_LC.uasset" 115
"../../../../../BackupAbsolue/TABProject/ICHOR-Last-Year/Content/FXVarietyPack/Materials/M_ky_subUV_dynRGB.uasset" 116
"../../../../../BackupAbsolue/TABProject/ICHOR-Last-Year/Content/FXVarietyPack/Textures/T_ky_flare25_4x4.uasset" 117
"../../../../../BackupAbsolue/TABProject/ICHOR-Last-Year/Content/FXVarietyPack/Materials/MI_ky_flare25_4x4.uasset" 118
"../../../Engine/Content/Functions/Engine_MaterialFunctions02/Fresnel_Function.uasset" 119
"../../../../../BackupAbsolue/TABProject/ICHOR-Last-Year/Content/FXVarietyPack/Textures/T_ky_noise6.uasset" 120
"../../../../../BackupAbsolue/TABProject/ICHOR-Last-Year/Content/FXVarietyPack/Materials/M_ky_primitive.uasset" 121
"../../../../../BackupAbsolue/TABProject/ICHOR-Last-Year/Content/FXVarietyPack/Materials/MI_ky_primitive2b_trs.uasset" 122
"../../../../../BackupAbsolue/TABProject/ICHOR-Last-Year/Content/FXVarietyPack/Particles/P_ky_hit1.uasset" 123
"../../../../../BackupAbsolue/TABProject/ICHOR-Last-Year/Content/PFE/Blueprint/BulletsOrWeapon/Bullets/LaserIA.uasset" 124
"../../../../../BackupAbsolue/TABProject/ICHOR-Last-Year/Content/PFE/Blueprint/BulletsOrWeapon/Bullets/Materials/ScanMat.uasset" 125
"../../../../../BackupAbsolue/TABProject/ICHOR-Last-Year/Content/PFE/Blueprint/BulletsOrWeapon/Bullets/Materials/CristalLifeMat.uasset" 126
"../../../../../BackupAbsolue/TABProject/ICHOR-Last-Year/Content/PFE/Blueprint/Destructible/hard_edges_crystals.uasset" 127
"../../../../../BackupAbsolue/TABProject/ICHOR-Last-Year/Content/PFE/Blueprint/Destructible/Spheres.uasset" 128
"../../../../../BackupAbsolue/TABProject/ICHOR-Last-Year/Content/PFE/Blueprint/Destructible/Ichor.uasset" 129
"../../../../../BackupAbsolue/TABProject/ICHOR-Last-Year/Content/PFE/Blueprint/J1/Double_arrow_brown_down.uasset" 130
"../../../../../BackupAbsolue/TABProject/ICHOR-Last-Year/Content/PFE/Blueprint/J1/TutoDefend.uasset" 131
"../../../../../BackupAbsolue/TABProject/ICHOR-Last-Year/Content/PFE/Blueprint/Multiplayer/Objectives.uasset" 132
"../../../../../BackupAbsolue/TABProject/ICHOR-Last-Year/Content/PFE/Blueprint/AI/AIFocusP1/Rifle_01.uasset" 133
"../../../../../BackupAbsolue/TABProject/ICHOR-Last-Year/Content/PFE/Blueprint/AI/AIFocusP1/Rifle_02.uasset" 134
"../../../../../BackupAbsolue/TABProject/ICHOR-Last-Year/Content/PFE/Blueprint/AI/AIFocusP1/Rifle_03.uasset" 135
"../../../../../BackupAbsolue/TABProject/ICHOR-Last-Year/Content/PFE/Blueprint/AI/AIFocusP1/ShootCue.uasset" 136
"../../../../../BackupAbsolue/TABProject/ICHOR-Last-Year/Content/PFE/Blueprint/AI/AIFocusObjectif/BP_AntiObj_W1.uasset" 137
"../../../../../BackupAbsolue/TABProject/ICHOR-Last-Year/Content/PFE/Blueprint/AI/AIFocusP2/BP_AntiJ2_W1.uasset" 138
"../../../../../BackupAbsolue/TABProject/ICHOR-Last-Year/Content/PFE/Blueprint/BulletsOrWeapon/Bullets/Materials/LaserMatTurret.uasset" 139
"../../../../../BackupAbsolue/TABProject/ICHOR-Last-Year/Content/PFE/Blueprint/Widget/Waves/5sBeforeFight.uasset" 140
"../../../../../BackupAbsolue/TABProject/ICHOR-Last-Year/Content/PFE/Blueprint/Widget/Waves/ReadyDef.uasset" 141
"../../../../../BackupAbsolue/TABProject/ICHOR-Last-Year/Content/PFE/Blueprint/AI/AIGlobal/Spawner/EnemySpawner_DefReady.uasset" 142
"../../../../../BackupAbsolue/TABProject/ICHOR-Last-Year/Content/PFE/Blueprint/AI/AIFocusP1/InfantryWave2.uasset" 143
"../../../../../BackupAbsolue/TABProject/ICHOR-Last-Year/Content/PFE/Blueprint/AI/AIFocusP2/BP_AntiJ2_W2.uasset" 144
"../../../../../BackupAbsolue/TABProject/ICHOR-Last-Year/Content/PFE/Blueprint/AI/AIFocusP1/InfantryWave_3.uasset" 145
"../../../../../BackupAbsolue/TABProject/ICHOR-Last-Year/Content/PFE/Blueprint/AI/AIFocusP2/BP_AntiJ2_W3.uasset" 146
"../../../../../BackupAbsolue/TABProject/ICHOR-Last-Year/Content/PFE/Material/FX/Disint/Disint.uasset" 147
"../../../../../BackupAbsolue/TABProject/ICHOR-Last-Year/Content/StarterContent/Textures/T_Fire_Tiled_D.uasset" 148
"../../../../../BackupAbsolue/TABProject/ICHOR-Last-Year/Content/StarterContent/Textures/T_Tech_Hex_Tile_M.uasset" 149
"../../../../../BackupAbsolue/TABProject/ICHOR-Last-Year/Content/PFE/Material/Shield/forceshield_M.uasset" 150
"../../../../../BackupAbsolue/TABProject/ICHOR-Last-Year/Content/PFE/Material/Shield/forceshield_M_Inst.uasset" 151
"../../../Engine/Content/EngineMaterials/WorldGridMaterial.uasset" 152
"../../../Engine/Content/BasicShapes/Plane.uasset" 153
"../../../../../BackupAbsolue/TABProject/ICHOR-Last-Year/Content/PFE/Blueprint/BulletsOrWeapon/Weapons/ForceFildW3.uasset" 154
"../../../../../BackupAbsolue/TABProject/ICHOR-Last-Year/Content/PFE/Blueprint/AI/AIGlobal/Spawner/EnemySpawnerW3.uasset" 155
"../../../../../BackupAbsolue/TABProject/ICHOR-Last-Year/Content/PFE/Blueprint/Widget/Waves/Cantlaunch.uasset" 156
"../../../../../BackupAbsolue/TABProject/ICHOR-Last-Year/Content/PFE/Blueprint/Widget/Waves/Ready.uasset" 157
"../../../../../BackupAbsolue/TABProject/ICHOR-Last-Year/Content/PFE/Blueprint/AI/AIGlobal/Spawner/EnemySpawnerW3_ReadyAssault.uasset" 158
"../../../../../BackupAbsolue/TABProject/ICHOR-Last-Year/Content/PFE/Blueprint/AI/AIGlobal/Spawner/EnemySpawnerW2.uasset" 159
"../../../../../BackupAbsolue/TABProject/ICHOR-Last-Year/Content/PFE/Blueprint/AI/AIGlobal/Spawner/EnemySpawnerW2_ReadyAssault.uasset" 160
"../../../../../BackupAbsolue/TABProject/ICHOR-Last-Year/Content/PFE/Blueprint/AI/AIGlobal/Spawner/EnemySpawner.uasset" 161
"../../../../../BackupAbsolue/TABProject/ICHOR-Last-Year/Content/PFE/Blueprint/BulletsOrWeapon/Bullets/LaserTurret.uasset" 162
"../../../../../BackupAbsolue/TABProject/ICHOR-Last-Year/Content/PFE/Material/Blachole/Blackhole_M.uasset" 163
"../../../../../BackupAbsolue/TABProject/ICHOR-Last-Year/Content/PFE/Material/Blachole/Blackhole_M_Inst.uasset" 164
"../../../../../BackupAbsolue/TABProject/ICHOR-Last-Year/Content/PFE/Blueprint/Cristals/Blackhole.uasset" 165
"../../../../../BackupAbsolue/TABProject/ICHOR-Last-Year/Content/VRTemplate/ExampleContent/VR_Trace_Interaction/Materials/M_TeleportEdgeMaterial.uasset" 166
"../../../../../BackupAbsolue/TABProject/ICHOR-Last-Year/Content/VRTemplate/ExampleContent/VR_Trace_Interaction/Materials/M_BloomPlane.uasset" 167
"../../../../../BackupAbsolue/TABProject/ICHOR-Last-Year/Content/VRTemplate/ExampleContent/VR_Trace_Interaction/Materials/M_BloomPlane_Green.uasset" 168
"../../../../../BackupAbsolue/TABProject/ICHOR-Last-Year/Content/VRTemplate/ExampleContent/VR_Trace_Interaction/Materials/M_TeleportSolid.uasset" 169
"../../../../../BackupAbsolue/TABProject/ICHOR-Last-Year/Content/VRTemplate/ExampleContent/VR_Trace_Interaction/Materials/M_TeleportSolid_Green.uasset" 170
"../../../../../BackupAbsolue/TABProject/ICHOR-Last-Year/Content/VRTemplate/ExampleContent/VR_Trace_Interaction/Meshes/S_1_Unit_Plane_Offset.uasset" 171
"../../../../../BackupAbsolue/TABProject/ICHOR-Last-Year/Content/VRTemplate/ExampleContent/VR_Trace_Interaction/Meshes/S_CaplessCylinder.uasset" 172
"../../../../../BackupAbsolue/TABProject/ICHOR-Last-Year/Content/VRTemplate/ExampleContent/VR_Trace_Interaction/Meshes/S_Pipe.uasset" 173
"../../../../../BackupAbsolue/TABProject/ICHOR-Last-Year/Content/PFE/Blueprint/NotMine/BP_TeleportPreview.uasset" 174
"../../../../../BackupAbsolue/TABProject/ICHOR-Last-Year/Content/VRTemplate/ExampleContent/VR_Trace_Interaction/Meshes/S_TraceVisualiseCylinder.uasset" 175
"../../../../../BackupAbsolue/TABProject/ICHOR-Last-Year/Content/VRTemplate/ExampleContent/VR_Trace_Interaction/Blueprints/BP_TraceVisualiser.uasset" 176
"../../../../../BackupAbsolue/TABProject/ICHOR-Last-Year/Content/VRTemplate/ExampleContent/VR_Trace_Interaction/Blueprints/Interfaces/BPI_TraceInteractionInterface.uasset" 177
"../../../../../BackupAbsolue/TABProject/ICHOR-Last-Year/Content/VRTemplate/ExampleContent/VR_Trace_Interaction/Blueprints/Enums/EInteractionTraceTypes.uasset" 178
"../../../../../BackupAbsolue/TABProject/ICHOR-Last-Year/Content/VRTemplate/ExampleContent/VR_Trace_Interaction/Blueprints/Components/BP_TraceInteractor.uasset" 179
"../../../Engine/Content/EditorMaterials/CompositeARGBLayer.uasset" 180
"../../../Engine/Content/EditorMaterials/TilingAALineIntegral.uasset" 181
"../../../Engine/Content/EditorMaterials/TilingAALineBoxFiltered.uasset" 182
"../../../Engine/Content/Functions/Engine_MaterialFunctions03/Procedurals/ComputeFilterWidth.uasset" 183
"../../../Engine/Content/EditorMaterials/TilingAADots.uasset" 184
"../../../Engine/Content/EngineMaterials/BlendFunc_DefBase.uasset" 185
"../../../Engine/Content/EngineMaterials/BlendFunc_DefBlend.uasset" 186
"../../../Engine/Content/Functions/Engine_MaterialFunctions03/Blends/Blend_Screen.uasset" 187
"../../../Engine/Content/EditorMaterials/TilingAAGrid.uasset" 188
"../../../../../BackupAbsolue/TABProject/ICHOR-Last-Year/Content/VRTemplate/ExampleContent/VR_Trace_Interaction/Materials/M_TeleportGridMaterial.uasset" 189
"../../../Engine/Content/EditorResources/Spawn_Point.uasset" 190
"../../../../../BackupAbsolue/TABProject/ICHOR-Last-Year/Content/PFE/Blueprint/NotMine/BP_TeleportArea.uasset" 191
"../../../../../BackupAbsolue/TABProject/ICHOR-Last-Year/Content/PFE/Blueprint/Cristals/Materials/Cristals.uasset" 192
"../../../../../BackupAbsolue/TABProject/ICHOR-Last-Year/Content/PFE/Blueprint/Cristals/Materials/Cristals_Inst.uasset" 193
"../../../../../BackupAbsolue/TABProject/ICHOR-Last-Year/Content/PFE/Blueprint/Cristals/InactiveCrystalLife.uasset" 194
"../../../../../BackupAbsolue/TABProject/ICHOR-Last-Year/Content/StarterContent/Textures/T_Door_M.uasset" 195
"../../../../../BackupAbsolue/TABProject/ICHOR-Last-Year/Content/StarterContent/Textures/T_Door_N.uasset" 196
"../../../../../BackupAbsolue/TABProject/ICHOR-Last-Year/Content/StarterContent/Props/Materials/M_Door.uasset" 197
"../../../../../BackupAbsolue/TABProject/ICHOR-Last-Year/Content/PFE/Blueprint/J2/AutoPingP2.uasset" 198
"../../../../../BackupAbsolue/TABProject/ICHOR-Last-Year/Content/PFE/Material/Ping/Ping.uasset" 199
"../../../../../BackupAbsolue/TABProject/ICHOR-Last-Year/Content/PFE/Material/Ping/Ping_Inst.uasset" 200
"../../../../../BackupAbsolue/TABProject/ICHOR-Last-Year/Content/PFE/Blueprint/AI/AIGlobal/AlerteEnnemis.uasset" 201
"../../../../../BackupAbsolue/TABProject/ICHOR-Last-Year/Content/PFE/Blueprint/AI/AIGlobal/AlerteEnnemis_Cue.uasset" 202
"../../../../../BackupAbsolue/TABProject/ICHOR-Last-Year/Content/PFE/Blueprint/J2/Drone_J2/Textures/Drone_low_Ears_low_BaseColor.uasset" 203
"../../../../../BackupAbsolue/TABProject/ICHOR-Last-Year/Content/PFE/Blueprint/J2/Drone_J2/Textures/Drone_low_Ears_low_Normal.uasset" 204
"../../../../../BackupAbsolue/TABProject/ICHOR-Last-Year/Content/PFE/Blueprint/J2/Drone_J2/Textures/Drone_low_Ears_low_OcclusionRoughnessMetallic.uasset" 205
"../../../../../BackupAbsolue/TABProject/ICHOR-Last-Year/Content/PFE/Blueprint/J2/Drone_J2/Materials/Ears_MAT.uasset" 206
"../../../../../BackupAbsolue/TABProject/ICHOR-Last-Year/Content/PFE/Blueprint/J2/Drone_J2/Textures/Drone_low_Front_headgear_low_BaseColor.uasset" 207
"../../../../../BackupAbsolue/TABProject/ICHOR-Last-Year/Content/PFE/Blueprint/J2/Drone_J2/Textures/Drone_low_Front_headgear_low_Normal.uasset" 208
"../../../../../BackupAbsolue/TABProject/ICHOR-Last-Year/Content/PFE/Blueprint/J2/Drone_J2/Textures/Drone_low_Front_headgear_low_OcclusionRoughnessMetallic.uasset" 209
"../../../../../BackupAbsolue/TABProject/ICHOR-Last-Year/Content/PFE/Blueprint/J2/Drone_J2/Materials/Front_headgear_MAT.uasset" 210
"../../../../../BackupAbsolue/TABProject/ICHOR-Last-Year/Content/PFE/Blueprint/J2/Drone_J2/Textures/Drone_low_Horn_low_BaseColor.uasset" 211
"../../../../../BackupAbsolue/TABProject/ICHOR-Last-Year/Content/PFE/Blueprint/J2/Drone_J2/Textures/Drone_low_Horn_low_Normal.uasset" 212
"../../../../../BackupAbsolue/TABProject/ICHOR-Last-Year/Content/PFE/Blueprint/J2/Drone_J2/Textures/Drone_low_Horn_low_OcclusionRoughnessMetallic.uasset" 213
"../../../../../BackupAbsolue/TABProject/ICHOR-Last-Year/Content/PFE/Blueprint/J2/Drone_J2/Materials/Horn.uasset" 214
"../../../../../BackupAbsolue/TABProject/ICHOR-Last-Year/Content/PFE/Blueprint/J2/Drone_J2/Textures/Drone_low_Jaw_low_BaseColor.uasset" 215
"../../../../../BackupAbsolue/TABProject/ICHOR-Last-Year/Content/PFE/Blueprint/J2/Drone_J2/Textures/Drone_low_Jaw_low_Normal.uasset" 216
"../../../../../BackupAbsolue/TABProject/ICHOR-Last-Year/Content/PFE/Blueprint/J2/Drone_J2/Textures/Drone_low_Jaw_low_OcclusionRoughnessMetallic.uasset" 217
"../../../../../BackupAbsolue/TABProject/ICHOR-Last-Year/Content/PFE/Blueprint/J2/Drone_J2/Materials/Jaw_MAT.uasset" 218
"../../../../../BackupAbsolue/TABProject/ICHOR-Last-Year/Content/PFE/Blueprint/J2/Drone_J2/Textures/Drone_low_reactor_structure_low_BaseColor.uasset" 219
"../../../../../BackupAbsolue/TABProject/ICHOR-Last-Year/Content/PFE/Blueprint/J2/Drone_J2/Textures/Drone_low_reactor_structure_low_Normal.uasset" 220
"../../../../../BackupAbsolue/TABProject/ICHOR-Last-Year/Content/PFE/Blueprint/J2/Drone_J2/Textures/Drone_low_reactor_structure_low_OcclusionRoughnessMetallic.uasset" 221
"../../../../../BackupAbsolue/TABProject/ICHOR-Last-Year/Content/PFE/Blueprint/J2/Drone_J2/Materials/Reactor_structure_MAT.uasset" 222
"../../../../../BackupAbsolue/TABProject/ICHOR-Last-Year/Content/PFE/Blueprint/J2/Drone_J2/Textures/Drone_low_reactor_turbine_low_BaseColor.uasset" 223
"../../../../../BackupAbsolue/TABProject/ICHOR-Last-Year/Content/PFE/Blueprint/J2/Drone_J2/Textures/Drone_low_reactor_turbine_low_Normal.uasset" 224
"../../../../../BackupAbsolue/TABProject/ICHOR-Last-Year/Content/PFE/Blueprint/J2/Drone_J2/Textures/Drone_low_reactor_turbine_low_OcclusionRoughnessMetallic.uasset" 225
"../../../../../BackupAbsolue/TABProject/ICHOR-Last-Year/Content/PFE/Blueprint/J2/Drone_J2/Materials/Reactor_turbines_MAT.uasset" 226
"../../../../../BackupAbsolue/TABProject/ICHOR-Last-Year/Content/PFE/Blueprint/J2/Drone_J2/Textures/Drone_low_Shoulders_plates_low_BaseColor.uasset" 227
"../../../../../BackupAbsolue/TABProject/ICHOR-Last-Year/Content/PFE/Blueprint/J2/Drone_J2/Textures/Drone_low_Shoulders_plates_low_Normal.uasset" 228
"../../../../../BackupAbsolue/TABProject/ICHOR-Last-Year/Content/PFE/Blueprint/J2/Drone_J2/Textures/Drone_low_Shoulders_plates_low_OcclusionRoughnessMetallic.uasset" 229
"../../../../../BackupAbsolue/TABProject/ICHOR-Last-Year/Content/PFE/Blueprint/J2/Drone_J2/Materials/Shoulder_plates_MAT.uasset" 230
"../../../../../BackupAbsolue/TABProject/ICHOR-Last-Year/Content/PFE/Blueprint/J2/Drone_J2/Textures/Drone_low_Shoulders_low_BaseColor.uasset" 231
"../../../../../BackupAbsolue/TABProject/ICHOR-Last-Year/Content/PFE/Blueprint/J2/Drone_J2/Textures/Drone_low_Shoulders_low_Normal.uasset" 232
"../../../../../BackupAbsolue/TABProject/ICHOR-Last-Year/Content/PFE/Blueprint/J2/Drone_J2/Textures/Drone_low_Shoulders_low_OcclusionRoughnessMetallic.uasset" 233
"../../../../../BackupAbsolue/TABProject/ICHOR-Last-Year/Content/PFE/Blueprint/J2/Drone_J2/Materials/Shoulders_MAT.uasset" 234
"../../../../../BackupAbsolue/TABProject/ICHOR-Last-Year/Content/PFE/Blueprint/J2/Drone_J2/Textures/Drone_low_Sphere_low_Normal.uasset" 235
"../../../../../BackupAbsolue/TABProject/ICHOR-Last-Year/Content/PFE/Blueprint/J2/Drone_J2/Materials/Sphere_MAT.uasset" 236
"../../../../../BackupAbsolue/TABProject/ICHOR-Last-Year/Content/PFE/Blueprint/J2/Drone_J2/Textures/Drone_low_Sphere_socket_low_BaseColor.uasset" 237
"../../../../../BackupAbsolue/TABProject/ICHOR-Last-Year/Content/PFE/Blueprint/J2/Drone_J2/Textures/Drone_low_Sphere_socket_low_Normal.uasset" 238
"../../../../../BackupAbsolue/TABProject/ICHOR-Last-Year/Content/PFE/Blueprint/J2/Drone_J2/Textures/Drone_low_Sphere_socket_low_OcclusionRoughnessMetallic.uasset" 239
"../../../../../BackupAbsolue/TABProject/ICHOR-Last-Year/Content/PFE/Blueprint/J2/Drone_J2/Materials/Sphere_socket_MAT.uasset" 240
"../../../../../BackupAbsolue/TABProject/ICHOR-Last-Year/Content/PFE/Blueprint/J2/Drone_J2/Textures/Drone_low_Top_headgear_low_BaseColor.uasset" 241
"../../../../../BackupAbsolue/TABProject/ICHOR-Last-Year/Content/PFE/Blueprint/J2/Drone_J2/Textures/Drone_low_Top_headgear_low_Normal.uasset" 242
"../../../../../BackupAbsolue/TABProject/ICHOR-Last-Year/Content/PFE/Blueprint/J2/Drone_J2/Textures/Drone_low_Top_headgear_low_OcclusionRoughnessMetallic.uasset" 243
"../../../../../BackupAbsolue/TABProject/ICHOR-Last-Year/Content/PFE/Blueprint/J2/Drone_J2/Materials/Top_headgear_MAT.uasset" 244
"../../../../../BackupAbsolue/TABProject/ICHOR-Last-Year/Content/PFE/Blueprint/J2/Drone_J2/Materials/Cylinder_ears_INST.uasset" 245
"../../../../../BackupAbsolue/TABProject/ICHOR-Last-Year/Content/PFE/Blueprint/J2/Drone_J2/Textures/Drone_low_Face_nose_low_BaseColor.uasset" 246
"../../../../../BackupAbsolue/TABProject/ICHOR-Last-Year/Content/PFE/Blueprint/J2/Drone_J2/Textures/Drone_low_Face_nose_low_Emissive.uasset" 247
"../../../../../BackupAbsolue/TABProject/ICHOR-Last-Year/Content/PFE/Blueprint/J2/Drone_J2/Textures/Drone_low_Face_nose_low_Normal.uasset" 248
"../../../../../BackupAbsolue/TABProject/ICHOR-Last-Year/Content/PFE/Blueprint/J2/Drone_J2/Textures/Drone_low_Face_nose_low_OcclusionRoughnessMetallic.uasset" 249
"../../../../../BackupAbsolue/TABProject/ICHOR-Last-Year/Content/PFE/Blueprint/J2/Drone_J2/Materials/Face_nose_MAT.uasset" 250
"../../../../../BackupAbsolue/TABProject/ICHOR-Last-Year/Content/PFE/Blueprint/J2/Drone_J2/Materials/Face_nose_INST.uasset" 251
"../../../../../BackupAbsolue/TABProject/ICHOR-Last-Year/Content/PFE/Blueprint/J2/Drone_J2/Textures/Drone_low_Headgear_low_BaseColor.uasset" 252
"../../../../../BackupAbsolue/TABProject/ICHOR-Last-Year/Content/PFE/Blueprint/J2/Drone_J2/Textures/Drone_low_Headgear_low_Emissive.uasset" 253
"../../../../../BackupAbsolue/TABProject/ICHOR-Last-Year/Content/PFE/Blueprint/J2/Drone_J2/Textures/Drone_low_Headgear_low_Normal.uasset" 254
"../../../../../BackupAbsolue/TABProject/ICHOR-Last-Year/Content/PFE/Blueprint/J2/Drone_J2/Textures/Drone_low_Headgear_low_OcclusionRoughnessMetallic.uasset" 255
"../../../../../BackupAbsolue/TABProject/ICHOR-Last-Year/Content/PFE/Blueprint/J2/Drone_J2/Materials/Headgear_MAT.uasset" 256
"../../../../../BackupAbsolue/TABProject/ICHOR-Last-Year/Content/PFE/Blueprint/J2/Drone_J2/Materials/Headgear_INST.uasset" 257
"../../../../../BackupAbsolue/TABProject/ICHOR-Last-Year/Content/PFE/Blueprint/J2/Drone_J2/Textures/Drone_low_Screw_low_BaseColor.uasset" 258
"../../../../../BackupAbsolue/TABProject/ICHOR-Last-Year/Content/PFE/Blueprint/J2/Drone_J2/Textures/Drone_low_Screw_low_Emissive.uasset" 259
"../../../../../BackupAbsolue/TABProject/ICHOR-Last-Year/Content/PFE/Blueprint/J2/Drone_J2/Textures/Drone_low_Screw_low_Normal.uasset" 260
"../../../../../BackupAbsolue/TABProject/ICHOR-Last-Year/Content/PFE/Blueprint/J2/Drone_J2/Textures/Drone_low_Screw_low_OcclusionRoughnessMetallic.uasset" 261
"../../../../../BackupAbsolue/TABProject/ICHOR-Last-Year/Content/PFE/Blueprint/J2/Drone_J2/Materials/Screw_MAT.uasset" 262
"../../../../../BackupAbsolue/TABProject/ICHOR-Last-Year/Content/PFE/Blueprint/J2/Drone_J2/Materials/Screw_INST.uasset" 263
"../../../../../BackupAbsolue/TABProject/ICHOR-Last-Year/Content/PFE/Blueprint/J2/Drone_J2/Textures/Drone_low_wings_ears_low_Emissive.uasset" 264
"../../../../../BackupAbsolue/TABProject/ICHOR-Last-Year/Content/PFE/Blueprint/J2/Drone_J2/Textures/Drone_low_wings_ears_low_Normal.uasset" 265
"../../../../../BackupAbsolue/TABProject/ICHOR-Last-Year/Content/PFE/Blueprint/J2/Drone_J2/Textures/Drone_low_wings_ears_low_OcclusionRoughnessMetallic.uasset" 266
"../../../../../BackupAbsolue/TABProject/ICHOR-Last-Year/Content/PFE/Blueprint/J2/Drone_J2/Materials/Wings_ears_MAT.uasset" 267
"../../../../../BackupAbsolue/TABProject/ICHOR-Last-Year/Content/PFE/Blueprint/J2/Drone_J2/Materials/Wings_ears_INST.uasset" 268
"../../../../../BackupAbsolue/TABProject/ICHOR-Last-Year/Content/PFE/Blueprint/J2/Drone_J2/Textures/Drone_low_Wings_low_Normal.uasset" 269
"../../../../../BackupAbsolue/TABProject/ICHOR-Last-Year/Content/PFE/Blueprint/J2/Drone_J2/Textures/Drone_low_Wings_low_OcclusionRoughnessMetallic.uasset" 270
"../../../../../BackupAbsolue/TABProject/ICHOR-Last-Year/Content/PFE/Blueprint/J2/Drone_J2/Materials/Wings_MAT.uasset" 271
"../../../../../BackupAbsolue/TABProject/ICHOR-Last-Year/Content/PFE/Blueprint/J2/Drone_J2/Materials/Wings_INST.uasset" 272
"../../../../../BackupAbsolue/TABProject/ICHOR-Last-Year/Content/PFE/Blueprint/J2/Drone_J2/DRONE_exportUE4_PhysicsAsset.uasset" 273
"../../../../../BackupAbsolue/TABProject/ICHOR-Last-Year/Content/PFE/Blueprint/J2/Drone_J2/DRONE_exportUE4.uasset" 274
"../../../../../BackupAbsolue/TABProject/ICHOR-Last-Year/Content/PFE/Blueprint/J2/Drone_Player2_Low.uasset" 275
"../../../../../BackupAbsolue/TABProject/ICHOR-Last-Year/Content/PFE/Blueprint/J2/Movement.uasset" 276
"../../../../../BackupAbsolue/TABProject/ICHOR-Last-Year/Content/PFE/Blueprint/J2/ShotPlayer2_01.uasset" 277
"../../../../../BackupAbsolue/TABProject/ICHOR-Last-Year/Content/PFE/Blueprint/J2/ShotPlayer2_02.uasset" 278
"../../../../../BackupAbsolue/TABProject/ICHOR-Last-Year/Content/PFE/Blueprint/J2/ShotPlayer2_03.uasset" 279
"../../../../../BackupAbsolue/TABProject/ICHOR-Last-Year/Content/PFE/Blueprint/J2/ShotPlayer2_04.uasset" 280
"../../../../../BackupAbsolue/TABProject/ICHOR-Last-Year/Content/PFE/Blueprint/J2/ShotPlayer2_05.uasset" 281
"../../../../../BackupAbsolue/TABProject/ICHOR-Last-Year/Content/PFE/Blueprint/J2/ShootP2.uasset" 282
"../../../../../BackupAbsolue/TABProject/ICHOR-Last-Year/Content/PFE/Blueprint/Widget/P2/ChallengeSuivi.uasset" 283
"../../../../../BackupAbsolue/TABProject/ICHOR-Last-Year/Content/PFE/Blueprint/Widget/P2/button2.uasset" 284
"../../../../../BackupAbsolue/TABProject/ICHOR-Last-Year/Content/PFE/Blueprint/Widget/P2/button3.uasset" 285
"../../../../../BackupAbsolue/TABProject/ICHOR-Last-Year/Content/PFE/Blueprint/Widget/P2/button4.uasset" 286
"../../../../../BackupAbsolue/TABProject/ICHOR-Last-Year/Content/PFE/Blueprint/Widget/P2/button5.uasset" 287
"../../../../../BackupAbsolue/TABProject/ICHOR-Last-Year/Content/PFE/Blueprint/Widget/P2/button6.uasset" 288
"../../../../../BackupAbsolue/TABProject/ICHOR-Last-Year/Content/PFE/Blueprint/Widget/P2/button7.uasset" 289
"../../../../../BackupAbsolue/TABProject/ICHOR-Last-Year/Content/PFE/Blueprint/Widget/P2/button8.uasset" 290
"../../../../../BackupAbsolue/TABProject/ICHOR-Last-Year/Content/PFE/Blueprint/Widget/P2/buttoncorrect.uasset" 291
"../../../../../BackupAbsolue/TABProject/ICHOR-Last-Year/Content/PFE/Blueprint/Widget/P2/crystal-shine.uasset" 292
"../../../../../BackupAbsolue/TABProject/ICHOR-Last-Year/Content/PFE/Blueprint/Widget/P2/death-skull.uasset" 293
"../../../../../BackupAbsolue/TABProject/ICHOR-Last-Year/Content/PFE/Blueprint/Widget/P2/fall-down.uasset" 294
"../../../../../BackupAbsolue/TABProject/ICHOR-Last-Year/Content/PFE/Blueprint/Widget/P2/hazard-sign_2_.uasset" 295
"../../../../../BackupAbsolue/TABProject/ICHOR-Last-Year/Content/PFE/Blueprint/Widget/P2/hazard-sign_3_.uasset" 296
"../../../../../BackupAbsolue/TABProject/ICHOR-Last-Year/Content/PFE/Blueprint/Widget/P2/look-at.uasset" 297
"../../../../../BackupAbsolue/TABProject/ICHOR-Last-Year/Content/PFE/Blueprint/Widget/P2/run.uasset" 298
"../../../../../BackupAbsolue/TABProject/ICHOR-Last-Year/Content/PFE/Blueprint/Widget/P2/shield.uasset" 299
"../../../../../BackupAbsolue/TABProject/ICHOR-Last-Year/Content/PFE/Blueprint/Widget/P2/CommWidgetP2.uasset" 300
"../../../../../BackupAbsolue/TABProject/ICHOR-Last-Year/Content/PFE/Blueprint/AI/AIGlobal/Spawner/EnemySpawner1BIS.uasset" 301
"../../../../../BackupAbsolue/TABProject/ICHOR-Last-Year/Content/PFE/Blueprint/AI/AIFocusP1/InfantryWave4.uasset" 302
"../../../../../BackupAbsolue/TABProject/ICHOR-Last-Year/Content/PFE/Blueprint/AI/AIFocusP1/InfantryWave5.uasset" 303
"../../../../../BackupAbsolue/TABProject/ICHOR-Last-Year/Content/PFE/Blueprint/AI/AIGlobal/Spawner/EnemySpawnerW5.uasset" 304
"../../../../../BackupAbsolue/TABProject/ICHOR-Last-Year/Content/PFE/Blueprint/AI/AIGlobal/Spawner/EnemySpawnerW4.uasset" 305
"../../../../../BackupAbsolue/TABProject/ICHOR-Last-Year/Content/PFE/Blueprint/AI/AIFocusP1/InfantryWave6.uasset" 306
"../../../../../BackupAbsolue/TABProject/ICHOR-Last-Year/Content/PFE/Blueprint/AI/AIGlobal/Spawner/EnemySpawnerW6.uasset" 307
"../../../../../BackupAbsolue/TABProject/ICHOR-Last-Year/Content/PFE/Blueprint/AI/AIFocusP1/InfantryWave7.uasset" 308
"../../../../../BackupAbsolue/TABProject/ICHOR-Last-Year/Content/PFE/Blueprint/AI/AIGlobal/Spawner/EnemySpawnerW7.uasset" 309
"../../../../../BackupAbsolue/TABProject/ICHOR-Last-Year/Content/PFE/Blueprint/AI/AIFocusP1/InfantryWave8.uasset" 310
"../../../../../BackupAbsolue/TABProject/ICHOR-Last-Year/Content/PFE/Blueprint/AI/AIGlobal/Spawner/EnemySpawnerW8.uasset" 311
"../../../../../BackupAbsolue/TABProject/ICHOR-Last-Year/Content/PFE/Blueprint/AI/AIFocusP1/InfantryWave9.uasset" 312
"../../../../../BackupAbsolue/TABProject/ICHOR-Last-Year/Content/PFE/Blueprint/AI/AIGlobal/Spawner/EnemySpawnerW9.uasset" 313
"../../../../../BackupAbsolue/TABProject/ICHOR-Last-Year/Content/PFE/Blueprint/GameInstance/VRMultiGamemode.uasset" 314
"../../../../../BackupAbsolue/TABProject/ICHOR-Last-Year/Content/PFE/Blueprint/Widget/P2/imports_customHUD/Import_rescale/J2_crosshair_neutral.uasset" 315
"../../../../../BackupAbsolue/TABProject/ICHOR-Last-Year/Content/PFE/Blueprint/Widget/P2/imports_customHUD/Import_rescale/J2_crystalBar__background.uasset" 316
"../../../../../BackupAbsolue/TABProject/ICHOR-Last-Year/Content/PFE/Blueprint/Widget/P2/imports_customHUD/Import_rescale/J2_crystalBar_empty.uasset" 317
"../../../../../BackupAbsolue/TABProject/ICHOR-Last-Year/Content/PFE/Blueprint/Widget/P2/imports_customHUD/Import_rescale/J2_crystalBar_full.uasset" 318
"../../../../../BackupAbsolue/TABProject/ICHOR-Last-Year/Content/PFE/Blueprint/Widget/P2/imports_customHUD/Import_rescale/J2_energyBar_empty.uasset" 319
"../../../../../BackupAbsolue/TABProject/ICHOR-Last-Year/Content/PFE/Blueprint/Widget/P2/imports_customHUD/Import_rescale/J2_energyBar_full.uasset" 320
"../../../../../BackupAbsolue/TABProject/ICHOR-Last-Year/Content/PFE/Blueprint/Widget/P2/imports_customHUD/Import_rescale/j2_lifeBar_empty.uasset" 321
"../../../../../BackupAbsolue/TABProject/ICHOR-Last-Year/Content/PFE/Blueprint/Widget/P2/imports_customHUD/Import_rescale/j2_lifeBar_full.uasset" 322
"../../../../../BackupAbsolue/TABProject/ICHOR-Last-Year/Content/PFE/Blueprint/Widget/P2/imports_customHUD/Import_rescale/J2_shieldBar_empty.uasset" 323
"../../../../../BackupAbsolue/TABProject/ICHOR-Last-Year/Content/PFE/Blueprint/Widget/P2/imports_customHUD/Import_rescale/J2_shieldBar_ful.uasset" 324
"../../../../../BackupAbsolue/TABProject/ICHOR-Last-Year/Content/PFE/Blueprint/Widget/P2/HUD_P2.uasset" 325
"../../../../../BackupAbsolue/TABProject/ICHOR-Last-Year/Content/PFE/Blueprint/Widget/P2/X2.uasset" 326
"../../../../../BackupAbsolue/TABProject/ICHOR-Last-Year/Content/PFE/Blueprint/Widget/P2/HUD_P2_2.uasset" 327
"../../../../../BackupAbsolue/TABProject/ICHOR-Last-Year/Content/PFE/Blueprint/Widget/P2/PauseMenu.uasset" 328
"../../../../../BackupAbsolue/TABProject/ICHOR-Last-Year/Content/PFE/Blueprint/J2/Player2.uasset" 329
"../../../../../BackupAbsolue/TABProject/ICHOR-Last-Year/Content/PFE/Light/LightAIMat.uasset" 330
"../../../../../BackupAbsolue/TABProject/ICHOR-Last-Year/Content/PFE/Light/LightAIMat_Inst.uasset" 331
"../../../Engine/Content/BasicShapes/Cube.uasset" 332
"../../../../../BackupAbsolue/TABProject/ICHOR-Last-Year/Content/PFE/Light/LghtAI.uasset" 333
"../../../../../BackupAbsolue/TABProject/ICHOR-Last-Year/Content/win_xm8_assaultrifle.uasset" 334
"../../../../../BackupAbsolue/TABProject/ICHOR-Last-Year/Content/RifleBP.uasset" 335
"../../../../../BackupAbsolue/TABProject/ICHOR-Last-Year/Content/PFE/Imports/AI/Final/Textures/EnemySoldier_low_v2_lambert1_BaseColor.uasset" 336
"../../../../../BackupAbsolue/TABProject/ICHOR-Last-Year/Content/PFE/Imports/AI/Final/Textures/EnemySoldier_low_v2_lambert1_Emissive.uasset" 337
"../../../../../BackupAbsolue/TABProject/ICHOR-Last-Year/Content/PFE/Imports/AI/Final/Textures/EnemySoldier_low_v2_lambert1_Normal.uasset" 338
"../../../../../BackupAbsolue/TABProject/ICHOR-Last-Year/Content/PFE/Imports/AI/Final/Textures/EnemySoldier_low_v2_lambert1_OcclusionRoughnessMetallic.uasset" 339
"../../../../../BackupAbsolue/TABProject/ICHOR-Last-Year/Content/PFE/Imports/AI/Final/Materials/Soldier_textures.uasset" 340
"../../../../../BackupAbsolue/TABProject/ICHOR-Last-Year/Content/PFE/Imports/AI/Final/Materials/Soldier_textures_Inst.uasset" 341
"../../../../../BackupAbsolue/TABProject/ICHOR-Last-Year/Content/StarterContent/Textures/T_Wood_Oak_D.uasset" 342
"../../../../../BackupAbsolue/TABProject/ICHOR-Last-Year/Content/StarterContent/Textures/T_Wood_Oak_N.uasset" 343
"../../../../../BackupAbsolue/TABProject/ICHOR-Last-Year/Content/PFE/Material/FX/Disint/M_Wood_Oak.uasset" 344
"../../../../../BackupAbsolue/TABProject/ICHOR-Last-Year/Content/PFE/Material/FX/Disint/MaterialDissolve.uasset" 345
"../../../../../BackupAbsolue/TABProject/ICHOR-Last-Year/Content/PFE/Imports/AI/Final/Meshes/EnemySoldier_v1_PhysicsAsset.uasset" 346
"../../../../../BackupAbsolue/TABProject/ICHOR-Last-Year/Content/PFE/Imports/AI/Final/Meshes/EnemySoldier_v1_Skeleton.uasset" 347
"../../../../../BackupAbsolue/TABProject/ICHOR-Last-Year/Content/PFE/Imports/AI/Final/Meshes/EnemySoldier_v1.uasset" 348
"../../../../../BackupAbsolue/TABProject/ICHOR-Last-Year/Content/PFE/Blueprint/AI/AIGlobal/BP_BaseEnemy.uasset" 349
"../../../../../BackupAbsolue/TABProject/ICHOR-Last-Year/Content/PFE/Blueprint/AI/AIFocusP1/BP_Infantry.uasset" 350
"../../../Engine/Content/BasicShapes/BasicShapeMaterial.uasset" 351
"../../../../../BackupAbsolue/TABProject/ICHOR-Last-Year/Content/PFE/Blueprint/BulletsOrWeapon/DynamicSpells/OndeDeChoc_Joueur1_01.uasset" 352
"../../../../../BackupAbsolue/TABProject/ICHOR-Last-Year/Content/PFE/Blueprint/BulletsOrWeapon/DynamicSpells/ShockwaveSound.uasset" 353
"../../../../../BackupAbsolue/TABProject/ICHOR-Last-Year/Content/PFE/Blueprint/BulletsOrWeapon/DynamicSpells/ShockWave.uasset" 354
"../../../../../BackupAbsolue/TABProject/ICHOR-Last-Year/Content/PFE/Blueprint/BulletsOrWeapon/Weapons/WeaponType.uasset" 355
"../../../../../BackupAbsolue/TABProject/ICHOR-Last-Year/Content/PFE/Blueprint/BulletsOrWeapon/Weapons/BP_BaseWeapon.uasset" 356
"../../../../../BackupAbsolue/TABProject/ICHOR-Last-Year/Content/PFE/Imports/SWORD.uasset" 357
"../../../../../BackupAbsolue/TABProject/ICHOR-Last-Year/Content/PFE/Imports/Sword_player01/textures/SWORD_V2_W_bottom_BaseColor.uasset" 358
"../../../../../BackupAbsolue/TABProject/ICHOR-Last-Year/Content/PFE/Imports/Sword_player01/textures/SWORD_V2_W_bottom_Metallic.uasset" 359
"../../../../../BackupAbsolue/TABProject/ICHOR-Last-Year/Content/PFE/Imports/Sword_player01/textures/SWORD_V2_W_bottom_Normal.uasset" 360
"../../../../../BackupAbsolue/TABProject/ICHOR-Last-Year/Content/PFE/Imports/Sword_player01/textures/SWORD_V2_W_bottom_Roughness.uasset" 361
"../../../../../BackupAbsolue/TABProject/ICHOR-Last-Year/Content/PFE/Imports/Sword_player01/W_bottom.uasset" 362
"../../../../../BackupAbsolue/TABProject/ICHOR-Last-Year/Content/PFE/Imports/Sword_player01/textures/SWORD_V2_W_center_BaseColor.uasset" 363
"../../../../../BackupAbsolue/TABProject/ICHOR-Last-Year/Content/PFE/Imports/Sword_player01/textures/SWORD_V2_W_center_Metallic.uasset" 364
"../../../../../BackupAbsolue/TABProject/ICHOR-Last-Year/Content/PFE/Imports/Sword_player01/textures/SWORD_V2_W_center_Normal.uasset" 365
"../../../../../BackupAbsolue/TABProject/ICHOR-Last-Year/Content/PFE/Imports/Sword_player01/textures/SWORD_V2_W_center_Roughness.uasset" 366
"../../../../../BackupAbsolue/TABProject/ICHOR-Last-Year/Content/PFE/Imports/Sword_player01/W_center.uasset" 367
"../../../../../BackupAbsolue/TABProject/ICHOR-Last-Year/Content/PFE/Imports/Sword_player01/textures/SWORD_V2_W_inside_BaseColor.uasset" 368
"../../../../../BackupAbsolue/TABProject/ICHOR-Last-Year/Content/PFE/Imports/Sword_player01/textures/SWORD_V2_W_inside_Metallic.uasset" 369
"../../../../../BackupAbsolue/TABProject/ICHOR-Last-Year/Content/PFE/Imports/Sword_player01/textures/SWORD_V2_W_inside_Normal.uasset" 370
"../../../../../BackupAbsolue/TABProject/ICHOR-Last-Year/Content/PFE/Imports/Sword_player01/textures/SWORD_V2_W_inside_Roughness.uasset" 371
"../../../../../BackupAbsolue/TABProject/ICHOR-Last-Year/Content/PFE/Imports/Sword_player01/W_inside.uasset" 372
"../../../../../BackupAbsolue/TABProject/ICHOR-Last-Year/Content/PFE/Imports/Sword_player01/textures/SWORD_V2_W_side_BaseColor.uasset" 373
"../../../../../BackupAbsolue/TABProject/ICHOR-Last-Year/Content/PFE/Imports/Sword_player01/textures/SWORD_V2_W_side_Metallic.uasset" 374
"../../../../../BackupAbsolue/TABProject/ICHOR-Last-Year/Content/PFE/Imports/Sword_player01/textures/SWORD_V2_W_side_Normal.uasset" 375
"../../../../../BackupAbsolue/TABProject/ICHOR-Last-Year/Content/PFE/Imports/Sword_player01/textures/SWORD_V2_W_side_Roughness.uasset" 376
"../../../../../BackupAbsolue/TABProject/ICHOR-Last-Year/Content/PFE/Imports/Sword_player01/W_side.uasset" 377
"../../../../../BackupAbsolue/TABProject/ICHOR-Last-Year/Content/PFE/Imports/Sword_player01/textures/SWORD_V2_W_blade_BaseColor.uasset" 378
"../../../../../BackupAbsolue/TABProject/ICHOR-Last-Year/Content/PFE/Imports/Sword_player01/textures/SWORD_V2_W_blade_Emissive.uasset" 379
"../../../../../BackupAbsolue/TABProject/ICHOR-Last-Year/Content/PFE/Imports/Sword_player01/textures/SWORD_V2_W_blade_Metallic.uasset" 380
"../../../../../BackupAbsolue/TABProject/ICHOR-Last-Year/Content/PFE/Imports/Sword_player01/textures/SWORD_V2_W_blade_Normal.uasset" 381
"../../../../../BackupAbsolue/TABProject/ICHOR-Last-Year/Content/PFE/Imports/Sword_player01/textures/SWORD_V2_W_blade_Roughness.uasset" 382
"../../../../../BackupAbsolue/TABProject/ICHOR-Last-Year/Content/PFE/Imports/Sword_player01/W_blade.uasset" 383
"../../../../../BackupAbsolue/TABProject/ICHOR-Last-Year/Content/PFE/Imports/Sword_player01/Blade_INSTC.uasset" 384
"../../../../../BackupAbsolue/TABProject/ICHOR-Last-Year/Content/PFE/Imports/Sword_player01/SWORD_V2.uasset" 385
"../../../../../BackupAbsolue/TABProject/ICHOR-Last-Year/Content/PFE/Blueprint/BulletsOrWeapon/Weapons/BP_Claw.uasset" 386
"../../../../../BackupAbsolue/TABProject/ICHOR-Last-Year/Content/PFE/Blueprint/BulletsOrWeapon/Weapons/BP_Sword.uasset" 387
"../../../../../BackupAbsolue/TABProject/ICHOR-Last-Year/Content/PFE/Blueprint/BulletsOrWeapon/Weapons/ShieldP1.uasset" 388
"../../../../../BackupAbsolue/TABProject/ICHOR-Last-Year/Content/PFE/Blueprint/J1/Hand.uasset" 389
"../../../../../BackupAbsolue/TABProject/ICHOR-Last-Year/Content/PFE/Hands/Meshes/Hand+ForearmArmor_Skeleton.uasset" 390
"../../../../../BackupAbsolue/TABProject/ICHOR-Last-Year/Content/IDDLE_HAND_R_Third_shell_Anim.uasset" 391
"../../../../../BackupAbsolue/TABProject/ICHOR-Last-Year/Content/PFE/Hands/Meshes/IddlHandR.uasset" 392
"../../../../../BackupAbsolue/TABProject/ICHOR-Last-Year/Content/PFE/Hands/Textures/Forearm_armor/forearm_Low_AROUND_BaseColor.uasset" 393
"../../../../../BackupAbsolue/TABProject/ICHOR-Last-Year/Content/PFE/Hands/Textures/Forearm_armor/forearm_Low_AROUND_Normal.uasset" 394
"../../../../../BackupAbsolue/TABProject/ICHOR-Last-Year/Content/PFE/Hands/Textures/Forearm_armor/forearm_Low_AROUND_Roughness.uasset" 395
"../../../../../BackupAbsolue/TABProject/ICHOR-Last-Year/Content/PFE/Hands/Materials/Forearm_AROUND.uasset" 396
"../../../../../BackupAbsolue/TABProject/ICHOR-Last-Year/Content/PFE/Hands/Textures/Forearm_armor/forearm_Low_CYLINDER_BaseColor.uasset" 397
"../../../../../BackupAbsolue/TABProject/ICHOR-Last-Year/Content/PFE/Hands/Textures/Forearm_armor/forearm_Low_CYLINDER_Normal.uasset" 398
"../../../../../BackupAbsolue/TABProject/ICHOR-Last-Year/Content/PFE/Hands/Textures/Forearm_armor/forearm_Low_CYLINDER_Roughness.uasset" 399
"../../../../../BackupAbsolue/TABProject/ICHOR-Last-Year/Content/PFE/Hands/Materials/Forearm_CYLINDER.uasset" 400
"../../../../../BackupAbsolue/TABProject/ICHOR-Last-Year/Content/PFE/Hands/Textures/Forearm_armor/forearm_Low_SIDE_BaseColor.uasset" 401
"../../../../../BackupAbsolue/TABProject/ICHOR-Last-Year/Content/PFE/Hands/Textures/Forearm_armor/forearm_Low_SIDE_Normal.uasset" 402
"../../../../../BackupAbsolue/TABProject/ICHOR-Last-Year/Content/PFE/Hands/Textures/Forearm_armor/forearm_Low_SIDE_Roughness.uasset" 403
"../../../../../BackupAbsolue/TABProject/ICHOR-Last-Year/Content/PFE/Hands/Materials/Forearm_SIDE.uasset" 404
"../../../../../BackupAbsolue/TABProject/ICHOR-Last-Year/Content/PFE/Hands/Textures/Forearm_armor/forearm_Low_SPIRAL_BaseColor.uasset" 405
"../../../../../BackupAbsolue/TABProject/ICHOR-Last-Year/Content/PFE/Hands/Textures/Forearm_armor/forearm_Low_SPIRAL_Normal.uasset" 406
"../../../../../BackupAbsolue/TABProject/ICHOR-Last-Year/Content/PFE/Hands/Textures/Forearm_armor/forearm_Low_SPIRAL_Roughness.uasset" 407
"../../../../../BackupAbsolue/TABProject/ICHOR-Last-Year/Content/PFE/Hands/Materials/Forearm_SPIRAL.uasset" 408
"../../../../../BackupAbsolue/TABProject/ICHOR-Last-Year/Content/PFE/Hands/Textures/Hand/Ongles_Mixed_AO.uasset" 409
"../../../../../BackupAbsolue/TABProject/ICHOR-Last-Year/Content/PFE/Hands/Textures/Hand/Ongles_Roughness.uasset" 410
"../../../../../BackupAbsolue/TABProject/ICHOR-Last-Year/Content/PFE/Hands/Materials/HAND_ONGLES.uasset" 411
"../../../../../BackupAbsolue/TABProject/ICHOR-Last-Year/Content/PFE/Hands/Textures/Hand/Shell_Base_Color.uasset" 412
"../../../../../BackupAbsolue/TABProject/ICHOR-Last-Year/Content/PFE/Hands/Textures/Hand/Shell_Mixed_AO.uasset" 413
"../../../../../BackupAbsolue/TABProject/ICHOR-Last-Year/Content/PFE/Hands/Textures/Hand/Shell_Roughness.uasset" 414
"../../../../../BackupAbsolue/TABProject/ICHOR-Last-Year/Content/PFE/Hands/Materials/hand_SHELL.uasset" 415
"../../../../../BackupAbsolue/TABProject/ICHOR-Last-Year/Content/PFE/Hands/Textures/Hand/Skin_Base_Color.uasset" 416
"../../../../../BackupAbsolue/TABProject/ICHOR-Last-Year/Content/PFE/Hands/Textures/Hand/Skin_Emissive.uasset" 417
"../../../../../BackupAbsolue/TABProject/ICHOR-Last-Year/Content/PFE/Hands/Textures/Hand/Skin_Mixed_AO.uasset" 418
"../../../../../BackupAbsolue/TABProject/ICHOR-Last-Year/Content/PFE/Hands/Textures/Hand/Skin_Normal_OpenGL.uasset" 419
"../../../../../BackupAbsolue/TABProject/ICHOR-Last-Year/Content/PFE/Hands/Materials/Hand_SKIN.uasset" 420
"../../../../../BackupAbsolue/TABProject/ICHOR-Last-Year/Content/PFE/Hands/Textures/Forearm_armor/forearm_Low_TOP_BaseColor.uasset" 421
"../../../../../BackupAbsolue/TABProject/ICHOR-Last-Year/Content/PFE/Hands/Textures/Forearm_armor/forearm_Low_TOP_Emissive.uasset" 422
"../../../../../BackupAbsolue/TABProject/ICHOR-Last-Year/Content/PFE/Hands/Textures/Forearm_armor/forearm_Low_TOP_Normal.uasset" 423
"../../../../../BackupAbsolue/TABProject/ICHOR-Last-Year/Content/PFE/Hands/Textures/Forearm_armor/forearm_Low_TOP_Roughness.uasset" 424
"../../../../../BackupAbsolue/TABProject/ICHOR-Last-Year/Content/PFE/Hands/Materials/Forearm_TOP.uasset" 425
"../../../../../BackupAbsolue/TABProject/ICHOR-Last-Year/Content/PFE/Hands/Materials/Emissive_controller.uasset" 426
"../../../../../BackupAbsolue/TABProject/ICHOR-Last-Year/Content/PFE/Hands/Materials/Sphere_Emissive.uasset" 427
"../../../../../BackupAbsolue/TABProject/ICHOR-Last-Year/Content/PFE/Hands/Materials/Sphere_Emissive_CTRL.uasset" 428
"../../../../../BackupAbsolue/TABProject/ICHOR-Last-Year/Content/PFE/Hands/Meshes/Hand+ForearmArmor_PhysicsAsset.uasset" 429
"../../../../../BackupAbsolue/TABProject/ICHOR-Last-Year/Content/PFE/Hands/Meshes/Hand+ForearmArmor.uasset" 430
"../../../../../BackupAbsolue/TABProject/ICHOR-Last-Year/Content/PFE/Hands/Meshes/HandL.uasset" 431
"../../../../../BackupAbsolue/TABProject/ICHOR-Last-Year/Content/PFE/Hands/Meshes/HandR.uasset" 432
"../../../../../BackupAbsolue/TABProject/ICHOR-Last-Year/Content/PFE/Material/FX/Earthquake.uasset" 433
"../../../../../BackupAbsolue/TABProject/ICHOR-Last-Year/Content/VRTemplate/ExampleContent/VR_World_Interaction/Blueprints/Interfaces/BPI_WorldInteractive.uasset" 434
"../../../../../BackupAbsolue/TABProject/ICHOR-Last-Year/Content/VRTemplate/ExampleContent/VR_World_Interaction/Blueprints/Components/BPC_WorldInteractor.uasset" 435
"../../../Engine/Content/Functions/Engine_MaterialFunctions02/Utility/BreakOutFloat2Components.uasset" 436
"../../../Engine/Content/Functions/Engine_MaterialFunctions01/Texturing/ScaleUVsByCenter.uasset" 437
"../../../Engine/Content/Functions/Engine_MaterialFunctions02/ScreenResolution.uasset" 438
"../../../Engine/Content/Functions/Engine_MaterialFunctions02/Texturing/ScreenAlignedUVs.uasset" 439
"../../../Engine/Content/Functions/Engine_MaterialFunctions02/Utility/CameraDirectionVector.uasset" 440
"../../../Engine/Content/Functions/Engine_MaterialFunctions02/Utility/DepthFromWorldPosition.uasset" 441
"../../../../../BackupAbsolue/TABProject/ICHOR-Last-Year/Content/VirtualReality/Materials/MF_OccludedPixels.uasset" 442
"../../../../../BackupAbsolue/TABProject/ICHOR-Last-Year/Content/VirtualReality/Materials/TeleportMCP.uasset" 443
"../../../Engine/Content/EngineMaterials/Good64x64TilingNoiseHighFreq.uasset" 444
"../../../../../BackupAbsolue/TABProject/ICHOR-Last-Year/Content/VirtualReality/Materials/M_ArcEndpoint.uasset" 445
"../../../../../BackupAbsolue/TABProject/ICHOR-Last-Year/Content/VRTemplate/ExampleContent/VR_Trace_Interaction/Materials/M_TeleportArea.uasset" 446
"../../../Engine/Content/Functions/Engine_MaterialFunctions03/Blends/Blend_Overlay.uasset" 447
"../../../../../BackupAbsolue/TABProject/ICHOR-Last-Year/Content/StarterContent/Textures/T_Perlin_Noise_M.uasset" 448
"../../../../../BackupAbsolue/TABProject/ICHOR-Last-Year/Content/Test/Scanlines_T.uasset" 449
"../../../../../BackupAbsolue/TABProject/ICHOR-Last-Year/Content/Test/HolographicPannel.uasset" 450
"../../../../../BackupAbsolue/TABProject/ICHOR-Last-Year/Content/Test/HolographicPannelSpell_Inst.uasset" 451
"../../../../../BackupAbsolue/TABProject/ICHOR-Last-Year/Content/Test/SpellSymbolInterface.uasset" 452
"../../../../../BackupAbsolue/TABProject/ICHOR-Last-Year/Content/PFE/Blueprint/J1/PerteEnergie_Joueur1.uasset" 453
"../../../../../BackupAbsolue/TABProject/ICHOR-Last-Year/Content/PFE/Blueprint/J1/LooseShield.uasset" 454
"../../../../../BackupAbsolue/TABProject/ICHOR-Last-Year/Content/PFE/Blueprint/J1/Deplacement_Joueur1_01.uasset" 455
"../../../../../BackupAbsolue/TABProject/ICHOR-Last-Year/Content/PFE/Blueprint/J1/Deplacement_Joueur1_02.uasset" 456
"../../../../../BackupAbsolue/TABProject/ICHOR-Last-Year/Content/PFE/Blueprint/J1/Deplacement_Joueur1_03.uasset" 457
"../../../../../BackupAbsolue/TABProject/ICHOR-Last-Year/Content/PFE/Blueprint/J1/Deplacement_Joueur1_04.uasset" 458
"../../../../../BackupAbsolue/TABProject/ICHOR-Last-Year/Content/PFE/Blueprint/J1/MoveSound.uasset" 459
"../../../../../BackupAbsolue/TABProject/ICHOR-Last-Year/Content/PFE/Blueprint/J1/Double_arrow_brown_rught.uasset" 460
"../../../../../BackupAbsolue/TABProject/ICHOR-Last-Year/Content/PFE/Blueprint/J1/en-INTL-L-HTC-Vive-Accessory-Controller-QG7-00039-mnco.uasset" 461
"../../../../../BackupAbsolue/TABProject/ICHOR-Last-Year/Content/PFE/Blueprint/J1/TutoDynamicS/TutoDSStep1.uasset" 462
"../../../../../BackupAbsolue/TABProject/ICHOR-Last-Year/Content/PFE/Blueprint/J1/TutoDynamicS/TutoDSStep2.uasset" 463
"../../../../../BackupAbsolue/TABProject/ICHOR-Last-Year/Content/PFE/Blueprint/J1/TutoDynamicS/TutoDSStep3.uasset" 464
"../../../../../BackupAbsolue/TABProject/ICHOR-Last-Year/Content/PFE/Blueprint/J1/Double_arrow_brown_up.uasset" 465
"../../../../../BackupAbsolue/TABProject/ICHOR-Last-Year/Content/PFE/Blueprint/J1/TutoDynamicS/TutoDSStep4.uasset" 466
"../../../../../BackupAbsolue/TABProject/ICHOR-Last-Year/Content/PFE/Blueprint/J1/TutoDynamicS/TutoDSStep5.uasset" 467
"../../../../../BackupAbsolue/TABProject/ICHOR-Last-Year/Content/PFE/Blueprint/J1/TutoDynamicS/TutoDSStep6_1.uasset" 468
"../../../../../BackupAbsolue/TABProject/ICHOR-Last-Year/Content/PFE/Blueprint/J1/TutoDynamicS/TutoDSStep6_2.uasset" 469
"../../../../../BackupAbsolue/TABProject/ICHOR-Last-Year/Content/PFE/Blueprint/J1/TutoMove/TutoMove_S1.uasset" 470
"../../../../../BackupAbsolue/TABProject/ICHOR-Last-Year/Content/PFE/Blueprint/J1/TutoMove/TutoMove_S2.uasset" 471
"../../../../../BackupAbsolue/TABProject/ICHOR-Last-Year/Content/PFE/Blueprint/J1/TutoShield.uasset" 472
"../../../../../BackupAbsolue/TABProject/ICHOR-Last-Year/Content/PFE/Blueprint/NotMine/chothes.uasset" 473
"../../../../../BackupAbsolue/TABProject/ICHOR-Last-Year/Content/PFE/Blueprint/NotMine/Feets.uasset" 474
"../../../../../BackupAbsolue/TABProject/ICHOR-Last-Year/Content/PFE/Blueprint/NotMine/Horns.uasset" 475
"../../../../../BackupAbsolue/TABProject/ICHOR-Last-Year/Content/PFE/Blueprint/NotMine/lambert2.uasset" 476
"../../../../../BackupAbsolue/TABProject/ICHOR-Last-Year/Content/PFE/Blueprint/NotMine/Mandibles.uasset" 477
"../../../../../BackupAbsolue/TABProject/ICHOR-Last-Year/Content/PFE/Blueprint/NotMine/shell.uasset" 478
"../../../../../BackupAbsolue/TABProject/ICHOR-Last-Year/Content/PFE/Blueprint/NotMine/skin.uasset" 479
"../../../../../BackupAbsolue/TABProject/ICHOR-Last-Year/Content/StarterContent/Textures/T_Metal_Aluminum_D.uasset" 480
"../../../../../BackupAbsolue/TABProject/ICHOR-Last-Year/Content/StarterContent/Textures/T_Metal_Gold_N.uasset" 481
"../../../../../BackupAbsolue/TABProject/ICHOR-Last-Year/Content/StarterContent/Materials/M_Metal_Burnished_Steel.uasset" 482
"../../../../../BackupAbsolue/TABProject/ICHOR-Last-Year/Content/StarterContent/Materials/M_Metal_Chrome.uasset" 483
"../../../../../BackupAbsolue/TABProject/ICHOR-Last-Year/Content/StarterContent/Textures/T_Metal_Gold_D.uasset" 484
"../../../../../BackupAbsolue/TABProject/ICHOR-Last-Year/Content/StarterContent/Materials/M_Metal_Gold.uasset" 485
"../../../../../BackupAbsolue/TABProject/ICHOR-Last-Year/Content/PFE/Blueprint/NotMine/Main_chara_withArmor_PhysicsAsset.uasset" 486
"../../../../../BackupAbsolue/TABProject/ICHOR-Last-Year/Content/PFE/Blueprint/NotMine/JoueurVR.uasset" 487
"../../../../../BackupAbsolue/TABProject/ICHOR-Last-Year/Content/PFE/Blueprint/Widget/P1/DefeatText.uasset" 488
"../../../../../BackupAbsolue/TABProject/ICHOR-Last-Year/Content/PFE/Blueprint/Widget/P2/imports_customHUD/Import_rescale/J1_backgroundBar_full.uasset" 489
"../../../../../BackupAbsolue/TABProject/ICHOR-Last-Year/Content/PFE/Blueprint/Widget/P2/imports_customHUD/Import_rescale/J1_lifeBar_empty.uasset" 490
"../../../../../BackupAbsolue/TABProject/ICHOR-Last-Year/Content/PFE/Blueprint/Widget/P2/imports_customHUD/Import_rescale/J1_lifeBar_full.uasset" 491
"../../../../../BackupAbsolue/TABProject/ICHOR-Last-Year/Content/PFE/Blueprint/Widget/P1/Life_J1.uasset" 492
"../../../../../BackupAbsolue/TABProject/ICHOR-Last-Year/Content/PFE/Blueprint/Widget/P2/imports_customHUD/Import_rescale/J1_shieldBar_empty.uasset" 493
"../../../../../BackupAbsolue/TABProject/ICHOR-Last-Year/Content/PFE/Blueprint/Widget/P2/imports_customHUD/Import_rescale/J1_shieldBar_full.uasset" 494
"../../../../../BackupAbsolue/TABProject/ICHOR-Last-Year/Content/PFE/Blueprint/Widget/P1/Shield_J1.uasset" 495
"../../../../../BackupAbsolue/TABProject/ICHOR-Last-Year/Content/PFE/Blueprint/Widget/P1/VictoryText.uasset" 496
"../../../../../BackupAbsolue/TABProject/ICHOR-Last-Year/Content/PFE/Material/FX/Portal/blast.uasset" 497
"../../../../../BackupAbsolue/TABProject/ICHOR-Last-Year/Content/PFE/Material/FX/Portal/blast_Mat.uasset" 498
"../../../Engine/Content/Functions/Engine_MaterialFunctions01/Gradient/LinearGradient.uasset" 499
"../../../Engine/Content/Functions/Engine_MaterialFunctions01/Gradient/DiamondGradient.uasset" 500
"../../../../../BackupAbsolue/TABProject/ICHOR-Last-Year/Content/PFE/Material/FX/Portal/Diamond.uasset" 501
"../../../../../BackupAbsolue/TABProject/ICHOR-Last-Year/Content/PFE/Material/FX/Portal/Dot.uasset" 502
"../../../../../BackupAbsolue/TABProject/ICHOR-Last-Year/Content/PFE/Material/FX/Portal/T_Smoke_Tile_01.uasset" 503
"../../../../../BackupAbsolue/TABProject/ICHOR-Last-Year/Content/PFE/Material/FX/Portal/T_Soft_Smoke2_Dup.uasset" 504
"../../../../../BackupAbsolue/TABProject/ICHOR-Last-Year/Content/PFE/Material/FX/Portal/Smoke1.uasset" 505
"../../../../../BackupAbsolue/TABProject/ICHOR-Last-Year/Content/PFE/Material/FX/Portal/Smoke.uasset" 506
"../../../../../BackupAbsolue/TABProject/ICHOR-Last-Year/Content/PFE/Material/FX/Portal/Smoke2.uasset" 507
"../../../../../BackupAbsolue/TABProject/ICHOR-Last-Year/Content/PFE/Material/FX/Portal/Portal.uasset" 508
"../../../../../BackupAbsolue/TABProject/ICHOR-Last-Year/Content/PFE/Blueprint/J1/BP_WorldInteractionPawn.uasset" 509
"../../../../../BackupAbsolue/TABProject/ICHOR-Last-Year/Content/PFE/Blueprint/GameInstance/GameInstance_PFE.uasset" 510
"../../../../../BackupAbsolue/TABProject/ICHOR-Last-Year/Content/PFE/Blueprint/Widget/HUB/UpgradeMenu/health-normal.uasset" 511
"../../../../../BackupAbsolue/TABProject/ICHOR-Last-Year/Content/PFE/Blueprint/Widget/HUB/UpgradeMenu/UpgradeLifeWP1.uasset" 512
"../../../Engine/Content/ArtTools/RenderToTexture/Meshes/S_1_Unit_Plane.uasset" 513
"../../../Engine/Content/EditorLandscapeResources/DataLayer.uasset" 514
"../../../Engine/Content/EditorMaterials/GizmoMaterial.uasset" 515
"../../../Engine/Content/EditorMaterials/MAT_Groups_Toggle.uasset" 516
"../../../Engine/Content/EditorMaterials/MAT_Groups_Visibility.uasset" 517
"../../../Engine/Content/EditorMaterials/PreviewShadowIndicator.uasset" 518
"../../../Engine/Content/EditorMaterials/PreviewShadowIndicatorMaterial.uasset" 519
"../../../Engine/Content/EditorMaterials/MatineeGroups/MAT_ColorTrack.uasset" 520
"../../../Engine/Content/EditorMaterials/MatineeGroups/MAT_Groups_Anim.uasset" 521
"../../../Engine/Content/EditorMaterials/MatineeGroups/MAT_Groups_AudioMaster.uasset" 522
"../../../Engine/Content/EditorMaterials/MatineeGroups/MAT_Groups_Director.uasset" 523
"../../../Engine/Content/EditorMaterials/MatineeGroups/MAT_Groups_Event.uasset" 524
"../../../Engine/Content/EditorMaterials/MatineeGroups/MAT_Groups_Fade.uasset" 525
"../../../Engine/Content/EditorMaterials/MatineeGroups/MAT_Groups_Float.uasset" 526
"../../../Engine/Content/EditorMaterials/MatineeGroups/MAT_Groups_Move.uasset" 527
"../../../Engine/Content/EditorMaterials/MatineeGroups/MAT_Groups_Slomo.uasset" 528
"../../../Engine/Content/EditorMaterials/MatineeGroups/MAT_Groups_Sound.uasset" 529
"../../../Engine/Content/EditorMaterials/MatineeGroups/MAT_Groups_Vector.uasset" 530
"../../../Engine/Content/EditorMaterials/ParticleSystems/PSysThumbnail_NoImage.uasset" 531
"../../../Engine/Content/EditorMaterials/ParticleSystems/PSysThumbnail_OOD.uasset" 532
"../../../Engine/Content/EditorMaterials/Camera/CineMat.uasset" 533
"../../../Engine/Content/EditorMaterials/Camera/MI_CineMat_Rig.uasset" 534
"../../../Engine/Content/EditorMeshes/Camera/SM_CraneRig_Arm.uasset" 535
"../../../Engine/Content/EditorMeshes/Camera/SM_CraneRig_Base.uasset" 536
"../../../Engine/Content/EditorMeshes/Camera/SM_CraneRig_Body.uasset" 537
"../../../Engine/Content/EditorMeshes/Camera/SM_CraneRig_Mount.uasset" 538
"../../../Engine/Content/EditorMeshes/Camera/SM_RailRig_Mount.uasset" 539
"../../../Engine/Content/EditorMeshes/Camera/SM_RailRig_Track.uasset" 540
"../../../Engine/Content/EditorResources/BSPVertex.uasset" 541
"../../../Engine/Content/EditorResources/EmptyActor.uasset" 542
"../../../Engine/Content/EditorResources/S_Actor.uasset" 543
"../../../Engine/Content/EditorResources/S_Trigger.uasset" 544
"../../../Engine/Content/EditorResources/AudioIcons/S_AudioComponent.uasset" 545
"../../../Engine/Content/EditorResources/AudioIcons/S_AudioComponent_AutoActivate.uasset" 546
"../../../Engine/Content/EditorResources/LightIcons/S_LightError.uasset" 547
"../../../Engine/Content/EditorResources/SequenceRecorder/Countdown.uasset" 548
"../../../Engine/Content/EditorResources/SequenceRecorder/RecordingIndicator.uasset" 549
"../../../Engine/Content/EditorSounds/Notifications/CompileFailed.uasset" 550
"../../../Engine/Content/EditorSounds/Notifications/CompileFailed_Cue.uasset" 551
"../../../Engine/Content/EditorSounds/Notifications/CompileSuccess.uasset" 552
"../../../Engine/Content/EditorSounds/Notifications/CompileStart_Cue.uasset" 553
"../../../Engine/Content/EditorSounds/Notifications/CompileSuccess_Cue.uasset" 554
"../../../Engine/Content/EngineDamageTypes/DmgTypeBP_Environmental.uasset" 555
"../../../Engine/Content/EngineDebugMaterials/HeatmapGradient.uasset" 556
"../../../Engine/Content/EngineDebugMaterials/BoneWeightMaterial.uasset" 557
"../../../Engine/Content/EngineDebugMaterials/ClothMaterial.uasset" 558
"../../../Engine/Content/EngineDebugMaterials/ClothMaterial_WF.uasset" 559
"../../../Engine/Content/EngineDebugMaterials/DebugEditorMaterial.uasset" 560
"../../../Engine/Content/EngineDebugMaterials/DebugMeshMaterial.uasset" 561
"../../../Engine/Content/EngineDebugMaterials/GeomMaterial.uasset" 562
"../../../Engine/Content/EngineDebugMaterials/M_SimpleTranslucent.uasset" 563
"../../../Engine/Content/EngineFonts/Faces/RobotoBold.uasset" 564
"../../../Engine/Content/EngineFonts/Faces/RobotoBoldItalic.uasset" 565
"../../../Engine/Content/EngineFonts/Faces/RobotoItalic.uasset" 566
"../../../Engine/Content/EngineFonts/Faces/RobotoLight.uasset" 567
"../../../Engine/Content/EngineFonts/Faces/RobotoRegular.uasset" 568
"../../../Engine/Content/EngineFonts/Roboto.uasset" 569
"../../../Engine/Content/EngineFonts/Faces/RobotoTiny.uasset" 570
"../../../Engine/Content/EngineFonts/RobotoTiny.uasset" 571
"../../../Engine/Content/EngineMaterials/BaseFlattenDiffuseMap.uasset" 572
"../../../Engine/Content/EngineMaterials/BaseFlattenEmissiveMap.uasset" 573
"../../../Engine/Content/EngineMaterials/BaseFlattenGrayscaleMap.uasset" 574
"../../../Engine/Content/EngineMaterials/BaseFlattenNormalMap.uasset" 575
"../../../Engine/Content/EngineMaterials/BaseFlattenMaterial.uasset" 576
"../../../Engine/Content/EngineMaterials/DefaultBloomKernel.uasset" 577
"../../../Engine/Content/EngineMaterials/DefaultBokeh.uasset" 578
"../../../Engine/Content/EngineMaterials/DefaultDiffuse.uasset" 579
"../../../Engine/Content/EngineMaterials/DefaultDeferredDecalMaterial.uasset" 580
"../../../Engine/Content/EngineMaterials/DefaultLightFunctionMaterial.uasset" 581
"../../../Engine/Content/EngineMaterials/DefaultPhysicalMaterial.uasset" 582
"../../../Engine/Content/EngineMaterials/DefaultPostProcessMaterial.uasset" 583
"../../../Engine/Content/EngineFonts/RobotoDistanceField.uasset" 584
"../../../Engine/Content/EngineMaterials/DefaultTextMaterialOpaque.uasset" 585
"../../../Engine/Content/EngineMaterials/DefaultWhiteGrid.uasset" 586
"../../../Engine/Content/EngineMaterials/EditorBrushMaterial.uasset" 587
"../../../Engine/Content/EngineMaterials/MiniFont.uasset" 588
"../../../Engine/Content/EngineMaterials/InvalidLightmapSettings.uasset" 589
"../../../Engine/Content/EngineMaterials/M_InvalidLightmapSettings.uasset" 590
"../../../Engine/Content/Functions/Engine_MaterialFunctions02/WorldPositionOffset/CameraOffset.uasset" 591
"../../../Engine/Content/EngineMaterials/PhAT_JointLimitMaterial.uasset" 592
"../../../Engine/Content/EngineMaterials/PreintegratedSkinBRDF.uasset" 593
"../../../Engine/Content/EngineMaterials/RemoveSurfaceMaterial.uasset" 594
"../../../Engine/Content/EngineMaterials/WeightMapPlaceholderTexture.uasset" 595
"../../../Engine/Content/EngineResources/WhiteSquareTexture.uasset" 596
"../../../Engine/Content/EngineMaterials/Widget3DPassThrough.uasset" 597
"../../../Engine/Content/EngineMaterials/Widget3DPassThrough_Masked.uasset" 598
"../../../Engine/Content/EngineMaterials/Widget3DPassThrough_Opaque.uasset" 599
"../../../Engine/Content/EngineMaterials/Widget3DPassThrough_Masked_OneSided.uasset" 600
"../../../Engine/Content/EngineMaterials/Widget3DPassThrough_Opaque_OneSided.uasset" 601
"../../../Engine/Content/EngineMaterials/Widget3DPassThrough_Translucent.uasset" 602
"../../../Engine/Content/EngineMaterials/Widget3DPassThrough_Translucent_OneSided.uasset" 603
"../../../Engine/Content/EngineMeshes/Cylinder.uasset" 604
"../../../Engine/Content/EngineMeshes/Sphere.uasset" 605
"../../../Engine/Content/EngineResources/Black.uasset" 606
"../../../Engine/Content/EngineResources/DefaultTexture.uasset" 607
"../../../Engine/Content/EngineResources/DefaultTextureCube.uasset" 608
"../../../Engine/Content/EngineResources/DefaultVolumeTexture2D.uasset" 609
"../../../Engine/Content/EngineResources/DefaultVolumeTexture.uasset" 610
"../../../Engine/Content/EngineResources/GradientTexture0.uasset" 611
"../../../Engine/Content/EngineSounds/Master.uasset" 612
"../../../Engine/Content/Functions/Engine_MaterialFunctions01/Shading/ConvertFromDiffSpec.uasset" 613
"../../../Engine/Content/Functions/Engine_MaterialFunctions01/Shading/PowerToRoughness.uasset" 614
"../../../Engine/Content/Maps/Templates/Thumbnails/Default.uasset" 615
"../../../Engine/Content/Maps/Templates/Thumbnails/VR-Basic.uasset" 616
"../../../Engine/Content/MobileResources/T_MobileControls_texture.uasset" 617
"../../../Engine/Content/MobileResources/T_MobileMenu2.uasset" 618
"../../../Engine/Content/MobileResources/HUD/AnalogHat.uasset" 619
"../../../Engine/Content/MobileResources/HUD/VirtualJoystick_Background.uasset" 620
"../../../Engine/Content/MobileResources/HUD/VirtualJoystick_Thumb.uasset" 621
"../../../Engine/Content/MobileResources/HUD/DefaultVirtualJoysticks.uasset" 622
"../../../Engine/Content/MobileResources/HUD/LeftVirtualJoystickOnly.uasset" 623
"../../../Engine/Content/MobileResources/HUD/MobileHUDButton1_off.uasset" 624
"../../../Engine/Content/MobileResources/HUD/MobileHUDButton1_on.uasset" 625
"../../../Engine/Content/MobileResources/HUD/MobileHUDButton2_off.uasset" 626
"../../../Engine/Content/MobileResources/HUD/MobileHUDButton2_on.uasset" 627
"../../../Engine/Content/MobileResources/HUD/MobileHUDButton3.uasset" 628
"../../../Engine/Content/MobileResources/HUD/MobileHUDButtonFire.uasset" 629
"../../../Engine/Content/MobileResources/HUD/MobileHUDDirectionPad.uasset" 630
"../../../Engine/Content/MobileResources/HUD/MobileHUDDirectionPad2.uasset" 631
"../../../Engine/Content/MobileResources/HUD/MobileHUDDirectionPad3.uasset" 632
"../../../Engine/Content/MobileResources/HUD/MobileHUDDirectionStick.uasset" 633
"../../../Engine/Content/MobileResources/HUD/T_Castle_ThumbstickInner.uasset" 634
"../../../Engine/Content/MobileResources/HUD/T_Castle_ThumbstickOutter.uasset" 635
"../../../Engine/Content/Tutorial/ContentIntroCurve.uasset" 636
"../../../Engine/Content/VREditor/LaserPointer/VR_LaserPower_01.uasset" 637
"../../../Engine/Content/VREditor/TransformGizmo/TransformGizmoMaterial.uasset" 638
"../../../Engine/Content/VREditor/TransformGizmo/TranslucentTransformGizmoMaterial.uasset" 639
"../../../Engine/Content/VREditor/TransformGizmo/BoundingBoxCorner.uasset" 640
"../../../Engine/Content/VREditor/TransformGizmo/BoundingBoxEdge.uasset" 641
"../../../Engine/Content/VREditor/TransformGizmo/PlaneTranslationHandle.uasset" 642
"../../../Engine/Content/VREditor/TransformGizmo/Main.uasset" 643
"../../../Engine/Content/VREditor/TransformGizmo/Xray.uasset" 644
"../../../Engine/Content/VREditor/TransformGizmo/SM_Sequencer_Key.uasset" 645
"../../../Engine/Content/VREditor/TransformGizmo/SM_Sequencer_Node.uasset" 646
"../../Plugins/2D/Paper2D/Content/PlaceholderTextures/DummySpriteTexture.uasset" 647
"../../Plugins/2D/Paper2D/Content/DummySprite.uasset" 648
"../../Plugins/2D/Paper2D/Content/DefaultPaperTerrainMaterial.uasset" 649
"../../Plugins/2D/Paper2D/Content/DefaultSpriteMaterial.uasset" 650
"../../Plugins/2D/Paper2D/Content/MaskedUnlitSpriteMaterial.uasset" 651
"../../Plugins/2D/Paper2D/Content/OpaqueUnlitSpriteMaterial.uasset" 652
"../../Plugins/Runtime/Oculus/OculusVR/Content/Materials/PokeAHoleMaterial.uasset" 653
"../../Plugins/Runtime/Oculus/OculusVR/Content/Textures/GearVRController_AO.uasset" 654
"../../Plugins/Runtime/Oculus/OculusVR/Content/Textures/GearVRController_Color.uasset" 655
"../../Plugins/Runtime/Oculus/OculusVR/Content/Textures/GearVRController_Normal.uasset" 656
"../../Plugins/Runtime/Oculus/OculusVR/Content/Materials/GearVRControllerMaterial.uasset" 657
"../../Plugins/Runtime/Oculus/OculusVR/Content/Meshes/GearVrController.uasset" 658
"../../Plugins/Runtime/Oculus/OculusVR/Content/Textures/touchController_albedo.uasset" 659
"../../Plugins/Runtime/Oculus/OculusVR/Content/Textures/touchController_controlmap.uasset" 660
"../../Plugins/Runtime/Oculus/OculusVR/Content/Materials/touchController_mat.uasset" 661
"../../Plugins/Runtime/Oculus/OculusVR/Content/Meshes/LeftTouchController.uasset" 662
"../../Plugins/Runtime/Oculus/OculusVR/Content/Meshes/RiftHMD.uasset" 663
"../../Plugins/Runtime/Oculus/OculusVR/Content/Meshes/RightTouchController.uasset" 664
"../../../Engine/Content/EngineSky/C_Sky_Cloud_Color.uasset" 665
"../../../Engine/Content/EngineSky/C_Sky_Horizon_Color.uasset" 666
"../../../Engine/Content/EngineSky/C_Sky_Zenith_Color.uasset" 667
"../../../Engine/Content/EngineSky/T_Sky_Blue.uasset" 668
"../../../Engine/Content/EngineSky/T_Sky_Clouds_M.uasset" 669
"../../../Engine/Content/EngineSky/T_Sky_Stars.uasset" 670
"../../../Engine/Content/EngineSky/M_Sky_Panning_Clouds2.uasset" 671
"../../../Engine/Content/EngineSky/SM_SkySphere.uasset" 672
"../../../Engine/Content/EngineSky/BP_Sky_Sphere.uasset" 673
"../../../../../BackupAbsolue/TABProject/ICHOR-Last-Year/Content/Test/HolographicPannelMenu.uasset" 674
"../../../../../BackupAbsolue/TABProject/ICHOR-Last-Year/Content/PFE/Blueprint/Widget/EndScore.uasset" 675
"../../../../../BackupAbsolue/TABProject/ICHOR-Last-Year/Content/PFE/Blueprint/EndScreen.uasset" 676
"../../../../../BackupAbsolue/TABProject/ICHOR-Last-Year/Content/PFE/Material/Ping/CustomDepth.uasset" 677
"../../../../../BackupAbsolue/TABProject/ICHOR-Last-Year/Content/PFE/Material/Ping/CustomDepth_Inst.uasset" 678
"../../../../../BackupAbsolue/TABProject/ICHOR-Last-Year/Content/PFE/Blueprint/Destructible/Textures/Stone/ground_output.uasset" 679
"../../../../../BackupAbsolue/TABProject/ICHOR-Last-Year/Content/PFE/Imports/Textures/Ground/AO_output.uasset" 680
"../../../../../BackupAbsolue/TABProject/ICHOR-Last-Year/Content/PFE/Imports/Textures/Ground/Pillar_basecolor.uasset" 681
"../../../../../BackupAbsolue/TABProject/ICHOR-Last-Year/Content/PFE/Imports/Textures/Ground/Pillar_height.uasset" 682
"../../../../../BackupAbsolue/TABProject/ICHOR-Last-Year/Content/PFE/Imports/Textures/Ground/Pillar_metallic.uasset" 683
"../../../../../BackupAbsolue/TABProject/ICHOR-Last-Year/Content/PFE/Imports/Textures/Ground/Pillar_normal.uasset" 684
"../../../../../BackupAbsolue/TABProject/ICHOR-Last-Year/Content/PFE/Imports/Textures/Ground/Pillar_roughness.uasset" 685
"../../../../../BackupAbsolue/TABProject/ICHOR-Last-Year/Content/PFE/Procedural/Geometry/Meshes/CubeMaterial.uasset" 686
"../../../../../BackupAbsolue/TABProject/ICHOR-Last-Year/Content/PFE/Procedural/Geometry/Meshes/CubeMaterial_Inst.uasset" 687
"../../../../../BackupAbsolue/TABProject/ICHOR-Last-Year/Content/PFE/Procedural/Slot.uasset" 688
"../../../../../BackupAbsolue/TABProject/ICHOR-Last-Year/Content/PFE/Levels/EndScreen.umap" 689
"../../../../../BackupAbsolue/TABProject/ICHOR-Last-Year/Content/PFE/Material/Shield/forceshield_M1.uasset" 690
"../../../../../BackupAbsolue/TABProject/ICHOR-Last-Year/Content/PFE/Material/Shield/forceshield_M1_Inst.uasset" 691
"../../../../../BackupAbsolue/TABProject/ICHOR-Last-Year/Content/PFE/Blueprint/BulletsOrWeapon/Weapons/ForceFildHide1.uasset" 692
"../../../../../BackupAbsolue/TABProject/ICHOR-Last-Year/Content/PFE/Blueprint/Destructible/Materials/Emissive.uasset" 693
"../../../../../BackupAbsolue/TABProject/ICHOR-Last-Year/Content/PFE/Blueprint/Destructible/Materials/Emissive_INSTC.uasset" 694
"../../../../../BackupAbsolue/TABProject/ICHOR-Last-Year/Content/PFE/Imports/Textures/Pillar/Ground_AO.uasset" 695
"../../../../../BackupAbsolue/TABProject/ICHOR-Last-Year/Content/PFE/Imports/Textures/Pillar/Ground_basecolor.uasset" 696
"../../../../../BackupAbsolue/TABProject/ICHOR-Last-Year/Content/PFE/Imports/Textures/Pillar/Ground_height.uasset" 697
"../../../../../BackupAbsolue/TABProject/ICHOR-Last-Year/Content/PFE/Imports/Textures/Pillar/Ground_metallic.uasset" 698
"../../../../../BackupAbsolue/TABProject/ICHOR-Last-Year/Content/PFE/Imports/Textures/Pillar/Ground_normal.uasset" 699
"../../../../../BackupAbsolue/TABProject/ICHOR-Last-Year/Content/PFE/Imports/Textures/Pillar/Ground_roughness.uasset" 700
"../../../../../BackupAbsolue/TABProject/ICHOR-Last-Year/Content/StarterContent/Textures/T_Brick_Clay_Old_N.uasset" 701
"../../../../../BackupAbsolue/TABProject/ICHOR-Last-Year/Content/PFE/Material/FX/Disint/PillarDissolveMain.uasset" 702
"../../../../../BackupAbsolue/TABProject/ICHOR-Last-Year/Content/PFE/Material/FX/Disint/PillarDissolve_Inst.uasset" 703
"../../../../../BackupAbsolue/TABProject/ICHOR-Last-Year/Content/PFE/Blueprint/Destructible/Pillar_DES.uasset" 704
"../../../../../BackupAbsolue/TABProject/ICHOR-Last-Year/Content/PFE/Blueprint/Destructible/Pillar_DES_DM.uasset" 705
"../../../../../BackupAbsolue/TABProject/ICHOR-Last-Year/Content/PFE/Blueprint/Destructible/DMPillar.uasset" 706
"../../../../../BackupAbsolue/TABProject/ICHOR-Last-Year/Content/PFE/Blueprint/Widget/HUB/ChallengesMenu/Challenges1W.uasset" 707
"../../../../../BackupAbsolue/TABProject/ICHOR-Last-Year/Content/PFE/Blueprint/Widget/HUB/ChallengesMenu/Challenges1Button.uasset" 708
"../../../../../BackupAbsolue/TABProject/ICHOR-Last-Year/Content/PFE/Blueprint/Widget/HUB/MissionMenu/PlayButtonW.uasset" 709
"../../../../../BackupAbsolue/TABProject/ICHOR-Last-Year/Content/PFE/Blueprint/Widget/HUB/MissionMenu/LaunchButton.uasset" 710
"../../../../../BackupAbsolue/TABProject/ICHOR-Last-Year/Content/PFE/Blueprint/Widget/HUB/MissionMenu/Mission0.uasset" 711
"../../../../../BackupAbsolue/TABProject/ICHOR-Last-Year/Content/PFE/Blueprint/Widget/HUB/MissionMenu/SelectMission0W.uasset" 712
"../../../../../BackupAbsolue/TABProject/ICHOR-Last-Year/Content/PFE/Blueprint/Widget/HUB/MissionMenu/SelectMission0.uasset" 713
"../../../../../BackupAbsolue/TABProject/ICHOR-Last-Year/Content/PFE/Blueprint/Widget/HUB/MissionMenu/SelectMission0Detail.uasset" 714
"../../../../../BackupAbsolue/TABProject/ICHOR-Last-Year/Content/PFE/Blueprint/Widget/HUB/MissionMenu/SelectMission0Detail_Actor.uasset" 715
"../../../../../BackupAbsolue/TABProject/ICHOR-Last-Year/Content/PFE/Blueprint/Widget/HUB/MissionMenu/ScreenShot00002.uasset" 716
"../../../../../BackupAbsolue/TABProject/ICHOR-Last-Year/Content/PFE/Blueprint/Widget/HUB/MissionMenu/SelectMission1W.uasset" 717
"../../../../../BackupAbsolue/TABProject/ICHOR-Last-Year/Content/PFE/Blueprint/Widget/HUB/MissionMenu/SelectMission1.uasset" 718
"../../../../../BackupAbsolue/TABProject/ICHOR-Last-Year/Content/PFE/Blueprint/Widget/HUB/MissionMenu/SelectMission1Detail.uasset" 719
"../../../../../BackupAbsolue/TABProject/ICHOR-Last-Year/Content/PFE/Blueprint/Widget/HUB/MissionMenu/SelectMission1Detail_Actor.uasset" 720
"../../../../../BackupAbsolue/TABProject/ICHOR-Last-Year/Content/PFE/Blueprint/Widget/HUB/ReturnButtonW.uasset" 721
"../../../../../BackupAbsolue/TABProject/ICHOR-Last-Year/Content/PFE/Blueprint/Widget/HUB/ReturnButton.uasset" 722
"../../../../../BackupAbsolue/TABProject/ICHOR-Last-Year/Content/PFE/Blueprint/Widget/HUB/SelectMenus/SelectChallenges.uasset" 723
"../../../../../BackupAbsolue/TABProject/ICHOR-Last-Year/Content/PFE/Blueprint/Widget/HUB/SelectMenus/SelectChallengesButton.uasset" 724
"../../../../../BackupAbsolue/TABProject/ICHOR-Last-Year/Content/PFE/Blueprint/Widget/HUB/SelectMenus/SelectMission.uasset" 725
"../../../../../BackupAbsolue/TABProject/ICHOR-Last-Year/Content/PFE/Blueprint/Widget/HUB/SelectMenus/SelectMissionButton.uasset" 726
"../../../../../BackupAbsolue/TABProject/ICHOR-Last-Year/Content/PFE/Blueprint/Widget/HUB/SelectMenus/SelectUpgradeShop.uasset" 727
"../../../../../BackupAbsolue/TABProject/ICHOR-Last-Year/Content/PFE/Blueprint/Widget/HUB/SelectMenus/UpgradeShopButton.uasset" 728
"../../../../../BackupAbsolue/TABProject/ICHOR-Last-Year/Content/PFE/Blueprint/Widget/HUB/UpgradeMenu/P1_icon.uasset" 729
"../../../../../BackupAbsolue/TABProject/ICHOR-Last-Year/Content/PFE/Blueprint/Widget/HUB/UpgradeMenu/P1ButtonW.uasset" 730
"../../../../../BackupAbsolue/TABProject/ICHOR-Last-Year/Content/PFE/Blueprint/Widget/HUB/UpgradeMenu/P1Button.uasset" 731
"../../../../../BackupAbsolue/TABProject/ICHOR-Last-Year/Content/PFE/Blueprint/Widget/HUB/UpgradeMenu/P2_icon.uasset" 732
"../../../../../BackupAbsolue/TABProject/ICHOR-Last-Year/Content/PFE/Blueprint/Widget/HUB/UpgradeMenu/P2ButtonW.uasset" 733
"../../../../../BackupAbsolue/TABProject/ICHOR-Last-Year/Content/PFE/Blueprint/Widget/HUB/UpgradeMenu/P2Button.uasset" 734
"../../../../../BackupAbsolue/TABProject/ICHOR-Last-Year/Content/PFE/Blueprint/Widget/HUB/UpgradeMenu/UpgradeLifeButtonP1.uasset" 735
"../../../../../BackupAbsolue/TABProject/ICHOR-Last-Year/Content/PFE/Blueprint/Widget/HUB/UpgradeMenu/UpgradeLifeWP2.uasset" 736
"../../../../../BackupAbsolue/TABProject/ICHOR-Last-Year/Content/PFE/Blueprint/Widget/HUB/UpgradeMenu/UpgradeLifeButtonP2.uasset" 737
"../../../../../BackupAbsolue/TABProject/ICHOR-Last-Year/Content/PFE/Blueprint/Widget/HUB/ValidButtonW.uasset" 738
"../../../../../BackupAbsolue/TABProject/ICHOR-Last-Year/Content/PFE/Blueprint/Widget/HUB/ValidButton.uasset" 739
"../../../../../BackupAbsolue/TABProject/ICHOR-Last-Year/Content/PFE/Blueprint/HUB/ComputerMenu.uasset" 740
"../../../../../BackupAbsolue/TABProject/ICHOR-Last-Year/Content/PFE/Blueprint/Widget/TitleQuit.uasset" 741
"../../../../../BackupAbsolue/TABProject/ICHOR-Last-Year/Content/PFE/Blueprint/HUB/Old/QuitGame.uasset" 742
"../../../../../BackupAbsolue/TABProject/ICHOR-Last-Year/Content/PFE/Material/FX/Disint/PillarDissolveMain_ile.uasset" 743
"../../../../../BackupAbsolue/TABProject/ICHOR-Last-Year/Content/PFE/Material/FX/Disint/PillarDissolveMain_ile_inst.uasset" 744
"../../../../../BackupAbsolue/TABProject/ICHOR-Last-Year/Content/PFE/Blueprint/Destructible/Door.uasset" 745
"../../../../../BackupAbsolue/TABProject/ICHOR-Last-Year/Content/PFE/Levels/Level_elements/TOWER_V01.uasset" 746
"../../../../../BackupAbsolue/TABProject/ICHOR-Last-Year/Content/PFE/Levels/lambert1.uasset" 747
"../../../../../BackupAbsolue/TABProject/ICHOR-Last-Year/Content/PFE/Levels/MENU.uasset" 748
"../../../../../BackupAbsolue/TABProject/ICHOR-Last-Year/Content/PFE/Levels/HubVR.umap" 749
"../../../../../BackupAbsolue/TABProject/ICHOR-Last-Year/Content/PFE/Blueprint/AI/AIGlobal/DestroyAI.uasset" 750
"../../../Engine/Content/BasicShapes/Cylinder.uasset" 751
"../../../../../BackupAbsolue/TABProject/ICHOR-Last-Year/Content/PFE/Blueprint/AI/Driller.uasset" 752
"../../../../../BackupAbsolue/TABProject/ICHOR-Last-Year/Content/PFE/Blueprint/BulletsOrWeapon/DynamicSpells/Floor.uasset" 753
"../../../../../BackupAbsolue/TABProject/ICHOR-Last-Year/Content/PFE/Light/BlueLight.uasset" 754
"../../../../../BackupAbsolue/TABProject/ICHOR-Last-Year/Content/PFE/Light/OrangeLight_Inst.uasset" 755
"../../../../../BackupAbsolue/TABProject/ICHOR-Last-Year/Content/PFE/Blueprint/J2/TutoSlotTurret.uasset" 756
"../../../../../BackupAbsolue/TABProject/ICHOR-Last-Year/Content/PFE/Blueprint/J2/SlotP2TurretMode.uasset" 757
"../../../../../BackupAbsolue/TABProject/ICHOR-Last-Year/Content/PFE/Blueprint/J2/SlotP2TurretModeTuto.uasset" 758
"../../../../../BackupAbsolue/TABProject/ICHOR-Last-Year/Content/PFE/Blueprint/J2/TutoHole.uasset" 759
"../../../../../BackupAbsolue/TABProject/ICHOR-Last-Year/Content/PFE/Blueprint/J2/TutoHole_B.uasset" 760
"../../../../../BackupAbsolue/TABProject/ICHOR-Last-Year/Content/PFE/Levels/DeathZone.uasset" 761
"../../../../../BackupAbsolue/TABProject/ICHOR-Last-Year/Content/PFE/Levels/Level_0.umap" 762
"../../../../../BackupAbsolue/TABProject/ICHOR-Last-Year/Content/PFE/Blueprint/Destructible/lambert1.uasset" 763
"../../../../../BackupAbsolue/TABProject/ICHOR-Last-Year/Content/PFE/Blueprint/Destructible/jar_01_DES.uasset" 764
"../../../../../BackupAbsolue/TABProject/ICHOR-Last-Year/Content/PFE/Blueprint/Destructible/jar_01_DES_DM.uasset" 765
"../../../../../BackupAbsolue/TABProject/ICHOR-Last-Year/Content/PFE/Blueprint/Destructible/DMJar01.uasset" 766
"../../../../../BackupAbsolue/TABProject/ICHOR-Last-Year/Content/PFE/Light/BlueLightInst.uasset" 767
"../../../../../BackupAbsolue/TABProject/ICHOR-Last-Year/Content/PFE/Light/BlueCristal.uasset" 768
"../../../../../BackupAbsolue/TABProject/ICHOR-Last-Year/Content/PFE/Light/Light_ProjecteurCristalOrange.uasset" 769
"../../../../../BackupAbsolue/TABProject/ICHOR-Last-Year/Content/PFE/Blueprint/AI/AIGlobal/lambert1.uasset" 770
"../../../../../BackupAbsolue/TABProject/ICHOR-Last-Year/Content/PFE/Procedural/SectorMesh2.uasset" 771
"../../../../../BackupAbsolue/TABProject/ICHOR-Last-Year/Content/PFE/Procedural/Sector_2.uasset" 772
"../../../../../BackupAbsolue/TABProject/ICHOR-Last-Year/Content/StarterContent/Materials/M_Basic_Wall.uasset" 773
"../../../../../BackupAbsolue/TABProject/ICHOR-Last-Year/Content/StarterContent/Shapes/Shape_Cube.uasset" 774
"../../../../../BackupAbsolue/TABProject/ICHOR-Last-Year/Content/PFE/Procedural/Sector_3.uasset" 775
"../../../../../BackupAbsolue/TABProject/ICHOR-Last-Year/Content/PFE/Procedural/Sector4.uasset" 776
"../../../../../BackupAbsolue/TABProject/ICHOR-Last-Year/Content/PFE/Procedural/Sector_4.uasset" 777
"../../../../../BackupAbsolue/TABProject/ICHOR-Last-Year/Content/PFE/Procedural/Sector7.uasset" 778
"../../../../../BackupAbsolue/TABProject/ICHOR-Last-Year/Content/PFE/Procedural/Sector_7.uasset" 779
"../../../../../BackupAbsolue/TABProject/ICHOR-Last-Year/Content/PFE/Procedural/Sector8.uasset" 780
"../../../../../BackupAbsolue/TABProject/ICHOR-Last-Year/Content/PFE/Procedural/Sector_8.uasset" 781
"../../../../../BackupAbsolue/TABProject/ICHOR-Last-Year/Content/PFE/Blueprint/Destructible/Barrier.uasset" 782
"../../../../../BackupAbsolue/TABProject/ICHOR-Last-Year/Content/PFE/Blueprint/Destructible/Middle_barrier.uasset" 783
"../../../../../BackupAbsolue/TABProject/ICHOR-Last-Year/Content/PFE/Blueprint/Destructible/side_barrier_double.uasset" 784
"../../../../../BackupAbsolue/TABProject/ICHOR-Last-Year/Content/PFE/Blueprint/Destructible/StaticMesh.uasset" 785
"../../../../../BackupAbsolue/TABProject/ICHOR-Last-Year/Content/StarterContent/Textures/T_Brick_Clay_Beveled_D.uasset" 786
"../../../../../BackupAbsolue/TABProject/ICHOR-Last-Year/Content/StarterContent/Textures/T_Brick_Clay_Beveled_M.uasset" 787
"../../../../../BackupAbsolue/TABProject/ICHOR-Last-Year/Content/StarterContent/Textures/T_Brick_Clay_Beveled_N.uasset" 788
"../../../../../BackupAbsolue/TABProject/ICHOR-Last-Year/Content/StarterContent/Materials/M_Brick_Clay_Beveled.uasset" 789
"../../../../../BackupAbsolue/TABProject/ICHOR-Last-Year/Content/PFE/Blueprint/Destructible/Wall1.uasset" 790
"../../../../../BackupAbsolue/TABProject/ICHOR-Last-Year/Content/PFE/Levels/Essai_Music_ARTFX_01.uasset" 791
"../../../../../BackupAbsolue/TABProject/ICHOR-Last-Year/Content/PFE/Levels/Music.uasset" 792
"../../../../../BackupAbsolue/TABProject/ICHOR-Last-Year/Content/PFE/Levels/Level_1.umap" 793
"../../../../../BackupAbsolue/TABProject/ICHOR-Last-Year/Content/PFE/Blueprint/Widget/key_art_refine_v3.uasset" 794
"../../../../../BackupAbsolue/TABProject/ICHOR-Last-Year/Content/PFE/Blueprint/Widget/Multiplayer/M_FindButton.uasset" 795
"../../../../../BackupAbsolue/TABProject/ICHOR-Last-Year/Content/PFE/Blueprint/Widget/Multiplayer/M_ServerBrowser.uasset" 796
"../../../../../BackupAbsolue/TABProject/ICHOR-Last-Year/Content/PFE/Blueprint/Widget/Multiplayer/MainMenu.uasset" 797
"../../../../../BackupAbsolue/TABProject/ICHOR-Last-Year/Content/PFE/Levels/MainMenu.umap" 798
"../../../Engine/Content/Maps/Entry_BuiltData.uasset" 799
"../../../Engine/Content/Maps/Entry.umap" 800
