Log file open, 04/05/19 17:32:48
LogWindows: Failed to load 'aqProf.dll' (GetLastError=126)
LogWindows: File 'aqProf.dll' does not exist
LogWindows: Failed to load 'VtuneApi.dll' (GetLastError=126)
LogWindows: File 'VtuneApi.dll' does not exist
LogWindows: Failed to load 'VtuneApi32e.dll' (GetLastError=126)
LogWindows: File 'VtuneApi32e.dll' does not exist
LogConsoleResponse: Display: Failed to find resolution value strings in scalability ini. Falling back to default.
LogInit: Display: Running engine for game: ICHOR
LogPakFile: Registered encryption key '00000000000000000000000000000000': 0 pak files mounted, 0 remain pending
LogPlatformFile: Not using cached read wrapper
LogTaskGraph: Started task graph with 5 named threads and 23 total threads with 3 sets of task threads.
LogStats: Stats thread started at 0.266747
LogD3D11RHI: Loaded GFSDK_Aftermath_Lib.x64.dll
LogICUInternationalization: ICU TimeZone Detection - Raw Offset: +1:00, Platform Override: ''
LogPluginManager: Mounting plugin Paper2D
LogPluginManager: Mounting plugin AISupport
LogPluginManager: Mounting plugin LightPropagationVolume
LogPluginManager: Mounting plugin ActorLayerUtilities
LogPluginManager: Mounting plugin CLionSourceCodeAccess
LogPluginManager: Mounting plugin CodeLiteSourceCodeAccess
LogPluginManager: Mounting plugin GitSourceControl
LogPluginManager: Mounting plugin KDevelopSourceCodeAccess
LogPluginManager: Mounting plugin NullSourceCodeAccess
LogPluginManager: Mounting plugin PerforceSourceControl
LogPluginManager: Mounting plugin SubversionSourceControl
LogPluginManager: Mounting plugin UObjectPlugin
LogPluginManager: Mounting plugin VisualStudioCodeSourceCodeAccess
LogPluginManager: Mounting plugin VisualStudioSourceCodeAccess
LogPluginManager: Mounting plugin XCodeSourceCodeAccess
LogPluginManager: Mounting plugin AssetManagerEditor
LogPluginManager: Mounting plugin CryptoKeys
LogPluginManager: Mounting plugin DataValidation
LogPluginManager: Mounting plugin FacialAnimation
LogPluginManager: Mounting plugin GameplayTagsEditor
LogPluginManager: Mounting plugin MacGraphicsSwitching
LogPluginManager: Mounting plugin MeshEditor
LogPluginManager: Mounting plugin MobileLauncherProfileWizard
LogPluginManager: Mounting plugin PluginBrowser
LogPluginManager: Mounting plugin SpeedTreeImporter
LogPluginManager: Mounting plugin DatasmithContent
LogPluginManager: Mounting plugin VariantManagerContent
LogPluginManager: Mounting plugin AlembicImporter
LogPluginManager: Mounting plugin AppleImageUtils
LogPluginManager: Mounting plugin AppleVision
LogPluginManager: Mounting plugin BackChannel
LogPluginManager: Mounting plugin CharacterAI
LogPluginManager: Mounting plugin GeometryCache
LogPluginManager: Mounting plugin HTML5Networking
LogPluginManager: Mounting plugin ProxyLODPlugin
LogPluginManager: Mounting plugin MagicLeap
LogPluginManager: Mounting plugin MagicLeapMedia
LogPluginManager: Mounting plugin AndroidMedia
LogPluginManager: Mounting plugin AvfMedia
LogPluginManager: Mounting plugin ImgMedia
LogPluginManager: Mounting plugin LinearTimecode
LogPluginManager: Mounting plugin MediaCompositing
LogPluginManager: Mounting plugin MediaPlayerEditor
LogPluginManager: Mounting plugin WebMMedia
LogPluginManager: Mounting plugin WmfMedia
LogPluginManager: Mounting plugin TcpMessaging
LogPluginManager: Mounting plugin UdpMessaging
LogPluginManager: Mounting plugin ActorSequence
LogPluginManager: Mounting plugin LevelSequenceEditor
LogPluginManager: Mounting plugin MatineeToLevelSequence
LogPluginManager: Mounting plugin NetcodeUnitTest
LogPluginManager: Mounting plugin NUTUnrealEngine4
LogPluginManager: Mounting plugin OnlineSubsystemGooglePlay
LogPluginManager: Mounting plugin OnlineSubsystemIOS
LogPluginManager: Mounting plugin OnlineSubsystem
LogPluginManager: Mounting plugin OnlineSubsystemNull
LogPluginManager: Mounting plugin OnlineSubsystemUtils
LogPluginManager: Mounting plugin LauncherChunkInstaller
LogPluginManager: Mounting plugin AndroidDeviceProfileSelector
LogPluginManager: Mounting plugin AndroidMoviePlayer
LogPluginManager: Mounting plugin AndroidPermission
LogPluginManager: Mounting plugin ApexDestruction
LogPluginManager: Mounting plugin AppleMoviePlayer
LogPluginManager: Mounting plugin ArchVisCharacter
LogPluginManager: Mounting plugin AudioCapture
LogPluginManager: Mounting plugin CableComponent
LogPluginManager: Mounting plugin CustomMeshComponent
LogPluginManager: Mounting plugin EditableMesh
LogPluginManager: Mounting plugin ExampleDeviceProfileSelector
LogPluginManager: Mounting plugin Firebase
LogPluginManager: Mounting plugin GoogleCloudMessaging
LogPluginManager: Mounting plugin IOSDeviceProfileSelector
LogPluginManager: Mounting plugin LinuxDeviceProfileSelector
LogPluginManager: Mounting plugin LocationServicesBPLibrary
LogPluginManager: Mounting plugin MobilePatchingUtils
LogPluginManager: Mounting plugin OculusAudio
LogPluginManager: Mounting plugin OculusVR
LogPluginManager: Mounting plugin PhysXVehicles
LogPluginManager: Mounting plugin ProceduralMeshComponent
LogPluginManager: Mounting plugin RuntimePhysXCooking
LogPluginManager: Mounting plugin SteamVR
LogPluginManager: Mounting plugin WebMMoviePlayer
LogPluginManager: Mounting plugin WindowsMoviePlayer
LogStreaming: Display: Took  0.069s to configure plugins.
LogInit: Using libcurl 7.55.1-DEV
LogInit:  - built for x86_64-pc-win32
LogInit:  - supports SSL with OpenSSL/1.0.2h
LogInit:  - supports HTTP deflate (compression) using libz 1.2.8
LogInit:  - other features:
LogInit:      CURL_VERSION_SSL
LogInit:      CURL_VERSION_LIBZ
LogInit:      CURL_VERSION_IPV6
LogInit:      CURL_VERSION_ASYNCHDNS
LogInit:      CURL_VERSION_LARGEFILE
LogInit:      CURL_VERSION_IDN
LogInit:  CurlRequestOptions (configurable via config and command line):
LogInit:  - bVerifyPeer = true  - Libcurl will verify peer certificate
LogInit:  - bUseHttpProxy = false  - Libcurl will NOT use HTTP proxy
LogInit:  - bDontReuseConnections = false  - Libcurl will reuse connections
LogInit:  - MaxHostConnections = 16  - Libcurl will limit the number of connections to a host
LogInit:  - LocalHostAddr = Default
LogInit:  - BufferSize = 65536
LogInit: WinSock: version 1.1 (2.2), MaxSocks=32767, MaxUdp=65467
LogInit: Build: ++UE4+Release-4.21-CL-4753647
LogInit: Engine Version: 4.21.2-4753647+++UE4+Release-4.21
LogInit: Compatible Engine Version: 4.21.0-4541578+++UE4+Release-4.21
LogInit: Net CL: 4541578
LogInit: OS: Windows 10 (), CPU: Intel(R) Core(TM) i7-7700 CPU @ 3.60GHz, GPU: NVIDIA GeForce GTX 1060 6GB
LogInit: Compiled (64-bit): Jan 19 2019 02:07:31
LogInit: Compiled with Visual C++: 19.13.26129.00
LogInit: Build Configuration: Development
LogInit: Branch Name: ++UE4+Release-4.21
LogInit: Command Line: 
LogInit: Base Directory: I:/EPICGAMES/UE_4.21/Engine/Binaries/Win64/
LogInit: Installed Engine Build: 1
LogDevObjectVersion: Number of dev versions registered: 22
LogDevObjectVersion:   Dev-Blueprints (B0D832E4-1F89-4F0D-ACCF-7EB736FD4AA2): 10
LogDevObjectVersion:   Dev-Build (E1C64328-A22C-4D53-A36C-8E866417BD8C): 0
LogDevObjectVersion:   Dev-Core (375EC13C-06E4-48FB-B500-84F0262A717E): 2
LogDevObjectVersion:   Dev-Editor (E4B068ED-F494-42E9-A231-DA0B2E46BB41): 26
LogDevObjectVersion:   Dev-Framework (CFFC743F-43B0-4480-9391-14DF171D2073): 34
LogDevObjectVersion:   Dev-Mobile (B02B49B5-BB20-44E9-A304-32B752E40360): 2
LogDevObjectVersion:   Dev-Networking (A4E4105C-59A1-49B5-A7C5-40C4547EDFEE): 0
LogDevObjectVersion:   Dev-Online (39C831C9-5AE6-47DC-9A44-9C173E1C8E7C): 0
LogDevObjectVersion:   Dev-Physics (78F01B33-EBEA-4F98-B9B4-84EACCB95AA2): 0
LogDevObjectVersion:   Dev-Platform (6631380F-2D4D-43E0-8009-CF276956A95A): 0
LogDevObjectVersion:   Dev-Rendering (12F88B9F-8875-4AFC-A67C-D90C383ABD29): 27
LogDevObjectVersion:   Dev-Sequencer (7B5AE74C-D270-4C10-A958-57980B212A5A): 9
LogDevObjectVersion:   Dev-VR (D7296918-1DD6-4BDD-9DE2-64A83CC13884): 2
LogDevObjectVersion:   Dev-LoadTimes (C2A15278-BFE7-4AFE-6C17-90FF531DF755): 1
LogDevObjectVersion:   Private-Geometry (6EACA3D4-40EC-4CC1-B786-8BED09428FC5): 3
LogDevObjectVersion:   Dev-AnimPhys (29E575DD-E0A3-4627-9D10-D276232CDCEA): 17
LogDevObjectVersion:   Dev-Anim (AF43A65D-7FD3-4947-9873-3E8ED9C1BB05): 2
LogDevObjectVersion:   Dev-ReflectionCapture (6B266CEC-1EC7-4B8F-A30B-E4D90942FC07): 1
LogDevObjectVersion:   Dev-Automation (0DF73D61-A23F-47EA-B727-89E90C41499A): 1
LogDevObjectVersion:   FortniteMain (601D1886-AC64-4F84-AA16-D3DE0DEAC7D6): 17
LogDevObjectVersion:   Dev-Enterprise (9DFFBCD6-494F-0158-E221-12823C92A888): 4
LogDevObjectVersion:   Dev-Niagara (F2AED0AC-9AFE-416F-8664-AA7FFA26D6FC): 1
LogStreaming: Display: Took  0.002s to delete old logs.
LogInit: Presizing for max 8388607 objects, including 0 objects not considered by GC, pre-allocating 0 bytes for permanent pool.
LogInit: Object subsystem initialized
LogConfig: Setting CVar [[con.DebugEarlyDefault:1]]
LogConfig: Setting CVar [[r.setres:1280x720]]
[2019.04.05-15.32.48:973][  0]LogConfig: Setting CVar [[r.VSync:0]]
[2019.04.05-15.32.48:973][  0]LogConfig: Setting CVar [[r.RHICmdBypass:0]]
[2019.04.05-15.32.48:973][  0]LogConfig: Applying CVar settings from Section [/Script/Engine.RendererSettings] File [C:/Users/etudiant/Documents/GitHub/ICHOR-Last-Year/Saved/Config/Windows/Engine.ini]
[2019.04.05-15.32.48:973][  0]LogConfig: Setting CVar [[r.GPUCrashDebugging:0]]
[2019.04.05-15.32.48:973][  0]LogConfig: Setting CVar [[r.DefaultFeature.AutoExposure:0]]
[2019.04.05-15.32.48:973][  0]LogConfig: Applying CVar settings from Section [/Script/Engine.RendererOverrideSettings] File [C:/Users/etudiant/Documents/GitHub/ICHOR-Last-Year/Saved/Config/Windows/Engine.ini]
[2019.04.05-15.32.48:973][  0]LogConfig: Applying CVar settings from Section [/Script/Engine.StreamingSettings] File [C:/Users/etudiant/Documents/GitHub/ICHOR-Last-Year/Saved/Config/Windows/Engine.ini]
[2019.04.05-15.32.48:973][  0]LogConfig: Setting CVar [[s.MinBulkDataSizeForAsyncLoading:131072]]
[2019.04.05-15.32.48:973][  0]LogConfig: Setting CVar [[s.AsyncLoadingThreadEnabled:0]]
[2019.04.05-15.32.48:973][  0]LogConfig: Setting CVar [[s.EventDrivenLoaderEnabled:1]]
[2019.04.05-15.32.48:973][  0]LogConfig: Setting CVar [[s.WarnIfTimeLimitExceeded:0]]
[2019.04.05-15.32.48:973][  0]LogConfig: Setting CVar [[s.TimeLimitExceededMultiplier:1.5]]
[2019.04.05-15.32.48:973][  0]LogConfig: Setting CVar [[s.TimeLimitExceededMinTime:0.005]]
[2019.04.05-15.32.48:973][  0]LogConfig: Setting CVar [[s.UseBackgroundLevelStreaming:1]]
[2019.04.05-15.32.48:973][  0]LogConfig: Setting CVar [[s.PriorityAsyncLoadingExtraTime:15.0]]
[2019.04.05-15.32.48:973][  0]LogConfig: Setting CVar [[s.LevelStreamingActorsUpdateTimeLimit:5.0]]
[2019.04.05-15.32.48:973][  0]LogConfig: Setting CVar [[s.PriorityLevelStreamingActorsUpdateExtraTime:5.0]]
[2019.04.05-15.32.48:973][  0]LogConfig: Setting CVar [[s.LevelStreamingComponentsRegistrationGranularity:10]]
[2019.04.05-15.32.48:973][  0]LogConfig: Setting CVar [[s.UnregisterComponentsTimeLimit:1.0]]
[2019.04.05-15.32.48:973][  0]LogConfig: Setting CVar [[s.LevelStreamingComponentsUnregistrationGranularity:5]]
[2019.04.05-15.32.48:973][  0]LogConfig: Applying CVar settings from Section [/Script/Engine.GarbageCollectionSettings] File [C:/Users/etudiant/Documents/GitHub/ICHOR-Last-Year/Saved/Config/Windows/Engine.ini]
[2019.04.05-15.32.48:973][  0]LogConfig: Setting CVar [[gc.MaxObjectsNotConsideredByGC:1]]
[2019.04.05-15.32.48:973][  0]LogConfig: Setting CVar [[gc.SizeOfPermanentObjectPool:0]]
[2019.04.05-15.32.48:973][  0]LogConfig: Setting CVar [[gc.FlushStreamingOnGC:0]]
[2019.04.05-15.32.48:973][  0]LogConfig: Setting CVar [[gc.NumRetriesBeforeForcingGC:10]]
[2019.04.05-15.32.48:973][  0]LogConfig: Setting CVar [[gc.AllowParallelGC:1]]
[2019.04.05-15.32.48:973][  0]LogConfig: Setting CVar [[gc.TimeBetweenPurgingPendingKillObjects:61.1]]
[2019.04.05-15.32.48:973][  0]LogConfig: Setting CVar [[gc.MaxObjectsInEditor:8388607]]
[2019.04.05-15.32.48:973][  0]LogConfig: Setting CVar [[gc.IncrementalBeginDestroyEnabled:1]]
[2019.04.05-15.32.48:973][  0]LogConfig: Setting CVar [[gc.CreateGCClusters:1]]
[2019.04.05-15.32.48:973][  0]LogConfig: Setting CVar [[gc.MergeGCClusters:0]]
[2019.04.05-15.32.48:974][  0]LogConfig: Setting CVar [[gc.MinGCClusterSize:5]]
[2019.04.05-15.32.48:974][  0]LogConfig: Setting CVar [[gc.ActorClusteringEnabled:0]]
[2019.04.05-15.32.48:974][  0]LogConfig: Setting CVar [[gc.BlueprintClusteringEnabled:0]]
[2019.04.05-15.32.48:974][  0]LogConfig: Setting CVar [[gc.UseDisregardForGCOnDedicatedServers:0]]
[2019.04.05-15.32.48:974][  0]LogConfig: Applying CVar settings from Section [/Script/Engine.NetworkSettings] File [C:/Users/etudiant/Documents/GitHub/ICHOR-Last-Year/Saved/Config/Windows/Engine.ini]
[2019.04.05-15.32.48:974][  0]LogConfig: Applying CVar settings from Section [/Script/UnrealEd.CookerSettings] File [C:/Users/etudiant/Documents/GitHub/ICHOR-Last-Year/Saved/Config/Windows/Engine.ini]
[2019.04.05-15.32.48:978][  0]LogConfig: Applying CVar settings from Section [ViewDistanceQuality@3] File [C:/Users/etudiant/Documents/GitHub/ICHOR-Last-Year/Saved/Config/Windows/Scalability.ini]
[2019.04.05-15.32.48:978][  0]LogConfig: Setting CVar [[r.SkeletalMeshLODBias:0]]
[2019.04.05-15.32.48:978][  0]LogConfig: Setting CVar [[r.ViewDistanceScale:1.0]]
[2019.04.05-15.32.48:978][  0]LogConfig: Applying CVar settings from Section [AntiAliasingQuality@3] File [C:/Users/etudiant/Documents/GitHub/ICHOR-Last-Year/Saved/Config/Windows/Scalability.ini]
[2019.04.05-15.32.48:978][  0]LogConfig: Setting CVar [[r.PostProcessAAQuality:4]]
[2019.04.05-15.32.48:978][  0]LogConfig: Applying CVar settings from Section [ShadowQuality@3] File [C:/Users/etudiant/Documents/GitHub/ICHOR-Last-Year/Saved/Config/Windows/Scalability.ini]
[2019.04.05-15.32.48:978][  0]LogConfig: Setting CVar [[r.LightFunctionQuality:1]]
[2019.04.05-15.32.48:978][  0]LogConfig: Setting CVar [[r.ShadowQuality:5]]
[2019.04.05-15.32.48:978][  0]LogConfig: Setting CVar [[r.Shadow.CSM.MaxCascades:10]]
[2019.04.05-15.32.48:978][  0]LogConfig: Setting CVar [[r.Shadow.MaxResolution:2048]]
[2019.04.05-15.32.48:978][  0]LogConfig: Setting CVar [[r.Shadow.MaxCSMResolution:2048]]
[2019.04.05-15.32.48:978][  0]LogConfig: Setting CVar [[r.Shadow.RadiusThreshold:0.01]]
[2019.04.05-15.32.48:978][  0]LogConfig: Setting CVar [[r.Shadow.DistanceScale:1.0]]
[2019.04.05-15.32.48:978][  0]LogConfig: Setting CVar [[r.Shadow.CSM.TransitionScale:1.0]]
[2019.04.05-15.32.48:978][  0]LogConfig: Setting CVar [[r.Shadow.PreShadowResolutionFactor:1.0]]
[2019.04.05-15.32.48:978][  0]LogConfig: Setting CVar [[r.DistanceFieldShadowing:1]]
[2019.04.05-15.32.48:978][  0]LogConfig: Setting CVar [[r.DistanceFieldAO:1]]
[2019.04.05-15.32.48:978][  0]LogConfig: Setting CVar [[r.AOQuality:2]]
[2019.04.05-15.32.48:978][  0]LogConfig: Setting CVar [[r.VolumetricFog:1]]
[2019.04.05-15.32.48:978][  0]LogConfig: Setting CVar [[r.VolumetricFog.GridPixelSize:8]]
[2019.04.05-15.32.48:978][  0]LogConfig: Setting CVar [[r.VolumetricFog.GridSizeZ:128]]
[2019.04.05-15.32.48:978][  0]LogConfig: Setting CVar [[r.VolumetricFog.HistoryMissSupersampleCount:4]]
[2019.04.05-15.32.48:978][  0]LogConfig: Setting CVar [[r.LightMaxDrawDistanceScale:1]]
[2019.04.05-15.32.48:978][  0]LogConfig: Setting CVar [[r.CapsuleShadows:1]]
[2019.04.05-15.32.48:978][  0]LogConfig: Applying CVar settings from Section [PostProcessQuality@3] File [C:/Users/etudiant/Documents/GitHub/ICHOR-Last-Year/Saved/Config/Windows/Scalability.ini]
[2019.04.05-15.32.48:978][  0]LogConfig: Setting CVar [[r.MotionBlurQuality:4]]
[2019.04.05-15.32.48:978][  0]LogConfig: Setting CVar [[r.AmbientOcclusionMipLevelFactor:0.4]]
[2019.04.05-15.32.48:978][  0]LogConfig: Setting CVar [[r.AmbientOcclusionMaxQuality:100]]
[2019.04.05-15.32.48:978][  0]LogConfig: Setting CVar [[r.AmbientOcclusionLevels:-1]]
[2019.04.05-15.32.48:978][  0]LogConfig: Setting CVar [[r.AmbientOcclusionRadiusScale:1.0]]
[2019.04.05-15.32.48:978][  0]LogConfig: Setting CVar [[r.DepthOfFieldQuality:2]]
[2019.04.05-15.32.48:978][  0]LogConfig: Setting CVar [[r.RenderTargetPoolMin:400]]
[2019.04.05-15.32.48:978][  0]LogConfig: Setting CVar [[r.LensFlareQuality:2]]
[2019.04.05-15.32.48:978][  0]LogConfig: Setting CVar [[r.SceneColorFringeQuality:1]]
[2019.04.05-15.32.48:978][  0]LogConfig: Setting CVar [[r.EyeAdaptationQuality:2]]
[2019.04.05-15.32.48:978][  0]LogConfig: Setting CVar [[r.BloomQuality:5]]
[2019.04.05-15.32.48:978][  0]LogConfig: Setting CVar [[r.FastBlurThreshold:100]]
[2019.04.05-15.32.48:978][  0]LogConfig: Setting CVar [[r.Upscale.Quality:3]]
[2019.04.05-15.32.48:978][  0]LogConfig: Setting CVar [[r.Tonemapper.GrainQuantization:1]]
[2019.04.05-15.32.48:978][  0]LogConfig: Setting CVar [[r.LightShaftQuality:1]]
[2019.04.05-15.32.48:978][  0]LogConfig: Setting CVar [[r.Filter.SizeScale:1]]
[2019.04.05-15.32.48:978][  0]LogConfig: Setting CVar [[r.Tonemapper.Quality:5]]
[2019.04.05-15.32.48:979][  0]LogConfig: Setting CVar [[r.DOF.Gather.AccumulatorQuality:1        ; higher gathering accumulator quality]]
[2019.04.05-15.32.48:979][  0]LogConfig: Setting CVar [[r.DOF.Gather.PostfilterMethod:1          ; Median3x3 postfilering method]]
[2019.04.05-15.32.48:979][  0]LogConfig: Setting CVar [[r.DOF.Gather.EnableBokehSettings:0       ; no bokeh simulation when gathering]]
[2019.04.05-15.32.48:979][  0]LogConfig: Setting CVar [[r.DOF.Gather.RingCount:4                 ; medium number of samples when gathering]]
[2019.04.05-15.32.48:979][  0]LogConfig: Setting CVar [[r.DOF.Scatter.ForegroundCompositing:1    ; additive foreground scattering]]
[2019.04.05-15.32.48:979][  0]LogConfig: Setting CVar [[r.DOF.Scatter.BackgroundCompositing:2    ; additive background scattering]]
[2019.04.05-15.32.48:979][  0]LogConfig: Setting CVar [[r.DOF.Scatter.EnableBokehSettings:1      ; bokeh simulation when scattering]]
[2019.04.05-15.32.48:979][  0]LogConfig: Setting CVar [[r.DOF.Scatter.MaxSpriteRatio:0.1         ; only a maximum of 10% of scattered bokeh]]
[2019.04.05-15.32.48:979][  0]LogConfig: Setting CVar [[r.DOF.Recombine.Quality:1                ; cheap slight out of focus]]
[2019.04.05-15.32.48:979][  0]LogConfig: Setting CVar [[r.DOF.Recombine.EnableBokehSettings:0    ; no bokeh simulation on slight out of focus]]
[2019.04.05-15.32.48:979][  0]LogConfig: Setting CVar [[r.DOF.TemporalAAQuality:1                ; more stable temporal accumulation]]
[2019.04.05-15.32.48:979][  0]LogConfig: Setting CVar [[r.DOF.Kernel.MaxForegroundRadius:0.025]]
[2019.04.05-15.32.48:979][  0]LogConfig: Setting CVar [[r.DOF.Kernel.MaxBackgroundRadius:0.025]]
[2019.04.05-15.32.48:979][  0]LogConfig: Applying CVar settings from Section [TextureQuality@3] File [C:/Users/etudiant/Documents/GitHub/ICHOR-Last-Year/Saved/Config/Windows/Scalability.ini]
[2019.04.05-15.32.48:979][  0]LogConfig: Setting CVar [[r.Streaming.MipBias:0]]
[2019.04.05-15.32.48:979][  0]LogConfig: Setting CVar [[r.Streaming.AmortizeCPUToGPUCopy:0]]
[2019.04.05-15.32.48:979][  0]LogConfig: Setting CVar [[r.Streaming.MaxNumTexturesToStreamPerFrame:0]]
[2019.04.05-15.32.48:979][  0]LogConfig: Setting CVar [[r.Streaming.Boost:1]]
[2019.04.05-15.32.48:979][  0]LogConfig: Setting CVar [[r.MaxAnisotropy:8]]
[2019.04.05-15.32.48:979][  0]LogConfig: Setting CVar [[r.Streaming.LimitPoolSizeToVRAM:0]]
[2019.04.05-15.32.48:979][  0]LogConfig: Setting CVar [[r.Streaming.PoolSize:1000]]
[2019.04.05-15.32.48:979][  0]LogConfig: Setting CVar [[r.Streaming.MaxEffectiveScreenSize:0]]
[2019.04.05-15.32.48:979][  0]LogConfig: Applying CVar settings from Section [EffectsQuality@3] File [C:/Users/etudiant/Documents/GitHub/ICHOR-Last-Year/Saved/Config/Windows/Scalability.ini]
[2019.04.05-15.32.48:979][  0]LogConfig: Setting CVar [[r.TranslucencyLightingVolumeDim:64]]
[2019.04.05-15.32.48:979][  0]LogConfig: Setting CVar [[r.RefractionQuality:2]]
[2019.04.05-15.32.48:979][  0]LogConfig: Setting CVar [[r.SSR.Quality:3]]
[2019.04.05-15.32.48:979][  0]LogConfig: Setting CVar [[r.SceneColorFormat:4]]
[2019.04.05-15.32.48:979][  0]LogConfig: Setting CVar [[r.DetailMode:2]]
[2019.04.05-15.32.48:979][  0]LogConfig: Setting CVar [[r.TranslucencyVolumeBlur:1]]
[2019.04.05-15.32.48:979][  0]LogConfig: Setting CVar [[r.MaterialQualityLevel:1 ; High quality]]
[2019.04.05-15.32.48:979][  0]LogConfig: Setting CVar [[r.SSS.Scale:1]]
[2019.04.05-15.32.48:979][  0]LogConfig: Setting CVar [[r.SSS.SampleSet:2]]
[2019.04.05-15.32.48:979][  0]LogConfig: Setting CVar [[r.SSS.Quality:1]]
[2019.04.05-15.32.48:979][  0]LogConfig: Setting CVar [[r.SSS.HalfRes:1]]
[2019.04.05-15.32.48:979][  0]LogConfig: Setting CVar [[r.EmitterSpawnRateScale:1.0]]
[2019.04.05-15.32.48:979][  0]LogConfig: Setting CVar [[r.ParticleLightQuality:2]]
[2019.04.05-15.32.48:979][  0]LogConfig: Applying CVar settings from Section [FoliageQuality@3] File [C:/Users/etudiant/Documents/GitHub/ICHOR-Last-Year/Saved/Config/Windows/Scalability.ini]
[2019.04.05-15.32.48:979][  0]LogConfig: Setting CVar [[foliage.DensityScale:1.0]]
[2019.04.05-15.32.48:979][  0]LogConfig: Setting CVar [[grass.DensityScale:1.0]]
[2019.04.05-15.32.48:979][  0]LogInit: Selected Device Profile: [Windows]
[2019.04.05-15.32.48:979][  0]LogInit: Applying CVar settings loaded from the selected device profile: [Windows]
[2019.04.05-15.32.48:988][  0]LogHAL: Display: Platform has ~ 32 GB [34254594048 / 34359738368 / 32], which maps to Largest [LargestMinGB=32, LargerMinGB=12, DefaultMinGB=8, SmallerMinGB=6, SmallestMinGB=0)
[2019.04.05-15.32.48:988][  0]LogConfig: Setting CVar [[r.Vulkan.UseRealUBs:1]]
[2019.04.05-15.32.48:988][  0]LogInit: Going up to parent DeviceProfile []
[2019.04.05-15.32.48:988][  0]LogConfig: Applying CVar settings from Section [ViewDistanceQuality@3] File [C:/Users/etudiant/Documents/GitHub/ICHOR-Last-Year/Saved/Config/Windows/Scalability.ini]
[2019.04.05-15.32.48:988][  0]LogConfig: Setting CVar [[r.SkeletalMeshLODBias:0]]
[2019.04.05-15.32.48:988][  0]LogConfig: Setting CVar [[r.ViewDistanceScale:1.0]]
[2019.04.05-15.32.48:988][  0]LogConfig: Applying CVar settings from Section [AntiAliasingQuality@3] File [C:/Users/etudiant/Documents/GitHub/ICHOR-Last-Year/Saved/Config/Windows/Scalability.ini]
[2019.04.05-15.32.48:988][  0]LogConfig: Setting CVar [[r.PostProcessAAQuality:4]]
[2019.04.05-15.32.48:988][  0]LogConfig: Applying CVar settings from Section [ShadowQuality@3] File [C:/Users/etudiant/Documents/GitHub/ICHOR-Last-Year/Saved/Config/Windows/Scalability.ini]
[2019.04.05-15.32.48:988][  0]LogConfig: Setting CVar [[r.LightFunctionQuality:1]]
[2019.04.05-15.32.48:988][  0]LogConfig: Setting CVar [[r.ShadowQuality:5]]
[2019.04.05-15.32.48:988][  0]LogConfig: Setting CVar [[r.Shadow.CSM.MaxCascades:10]]
[2019.04.05-15.32.48:988][  0]LogConfig: Setting CVar [[r.Shadow.MaxResolution:2048]]
[2019.04.05-15.32.48:988][  0]LogConfig: Setting CVar [[r.Shadow.MaxCSMResolution:2048]]
[2019.04.05-15.32.48:988][  0]LogConfig: Setting CVar [[r.Shadow.RadiusThreshold:0.01]]
[2019.04.05-15.32.48:988][  0]LogConfig: Setting CVar [[r.Shadow.DistanceScale:1.0]]
[2019.04.05-15.32.48:988][  0]LogConfig: Setting CVar [[r.Shadow.CSM.TransitionScale:1.0]]
[2019.04.05-15.32.48:988][  0]LogConfig: Setting CVar [[r.Shadow.PreShadowResolutionFactor:1.0]]
[2019.04.05-15.32.48:988][  0]LogConfig: Setting CVar [[r.DistanceFieldShadowing:1]]
[2019.04.05-15.32.48:988][  0]LogConfig: Setting CVar [[r.DistanceFieldAO:1]]
[2019.04.05-15.32.48:988][  0]LogConfig: Setting CVar [[r.AOQuality:2]]
[2019.04.05-15.32.48:988][  0]LogConfig: Setting CVar [[r.VolumetricFog:1]]
[2019.04.05-15.32.48:988][  0]LogConfig: Setting CVar [[r.VolumetricFog.GridPixelSize:8]]
[2019.04.05-15.32.48:988][  0]LogConfig: Setting CVar [[r.VolumetricFog.GridSizeZ:128]]
[2019.04.05-15.32.48:988][  0]LogConfig: Setting CVar [[r.VolumetricFog.HistoryMissSupersampleCount:4]]
[2019.04.05-15.32.48:988][  0]LogConfig: Setting CVar [[r.LightMaxDrawDistanceScale:1]]
[2019.04.05-15.32.48:988][  0]LogConfig: Setting CVar [[r.CapsuleShadows:1]]
[2019.04.05-15.32.48:988][  0]LogConfig: Applying CVar settings from Section [PostProcessQuality@3] File [C:/Users/etudiant/Documents/GitHub/ICHOR-Last-Year/Saved/Config/Windows/Scalability.ini]
[2019.04.05-15.32.48:988][  0]LogConfig: Setting CVar [[r.MotionBlurQuality:4]]
[2019.04.05-15.32.48:988][  0]LogConfig: Setting CVar [[r.AmbientOcclusionMipLevelFactor:0.4]]
[2019.04.05-15.32.48:988][  0]LogConfig: Setting CVar [[r.AmbientOcclusionMaxQuality:100]]
[2019.04.05-15.32.48:988][  0]LogConfig: Setting CVar [[r.AmbientOcclusionLevels:-1]]
[2019.04.05-15.32.48:988][  0]LogConfig: Setting CVar [[r.AmbientOcclusionRadiusScale:1.0]]
[2019.04.05-15.32.48:988][  0]LogConfig: Setting CVar [[r.DepthOfFieldQuality:2]]
[2019.04.05-15.32.48:988][  0]LogConfig: Setting CVar [[r.RenderTargetPoolMin:400]]
[2019.04.05-15.32.48:988][  0]LogConfig: Setting CVar [[r.LensFlareQuality:2]]
[2019.04.05-15.32.48:988][  0]LogConfig: Setting CVar [[r.SceneColorFringeQuality:1]]
[2019.04.05-15.32.48:988][  0]LogConfig: Setting CVar [[r.EyeAdaptationQuality:2]]
[2019.04.05-15.32.48:988][  0]LogConfig: Setting CVar [[r.BloomQuality:5]]
[2019.04.05-15.32.48:988][  0]LogConfig: Setting CVar [[r.FastBlurThreshold:100]]
[2019.04.05-15.32.48:988][  0]LogConfig: Setting CVar [[r.Upscale.Quality:3]]
[2019.04.05-15.32.48:988][  0]LogConfig: Setting CVar [[r.Tonemapper.GrainQuantization:1]]
[2019.04.05-15.32.48:988][  0]LogConfig: Setting CVar [[r.LightShaftQuality:1]]
[2019.04.05-15.32.48:988][  0]LogConfig: Setting CVar [[r.Filter.SizeScale:1]]
[2019.04.05-15.32.48:988][  0]LogConfig: Setting CVar [[r.Tonemapper.Quality:5]]
[2019.04.05-15.32.48:988][  0]LogConfig: Setting CVar [[r.DOF.Gather.AccumulatorQuality:1        ; higher gathering accumulator quality]]
[2019.04.05-15.32.48:988][  0]LogConfig: Setting CVar [[r.DOF.Gather.PostfilterMethod:1          ; Median3x3 postfilering method]]
[2019.04.05-15.32.48:988][  0]LogConfig: Setting CVar [[r.DOF.Gather.EnableBokehSettings:0       ; no bokeh simulation when gathering]]
[2019.04.05-15.32.48:988][  0]LogConfig: Setting CVar [[r.DOF.Gather.RingCount:4                 ; medium number of samples when gathering]]
[2019.04.05-15.32.48:988][  0]LogConfig: Setting CVar [[r.DOF.Scatter.ForegroundCompositing:1    ; additive foreground scattering]]
[2019.04.05-15.32.48:988][  0]LogConfig: Setting CVar [[r.DOF.Scatter.BackgroundCompositing:2    ; additive background scattering]]
[2019.04.05-15.32.48:988][  0]LogConfig: Setting CVar [[r.DOF.Scatter.EnableBokehSettings:1      ; bokeh simulation when scattering]]
[2019.04.05-15.32.48:988][  0]LogConfig: Setting CVar [[r.DOF.Scatter.MaxSpriteRatio:0.1         ; only a maximum of 10% of scattered bokeh]]
[2019.04.05-15.32.48:988][  0]LogConfig: Setting CVar [[r.DOF.Recombine.Quality:1                ; cheap slight out of focus]]
[2019.04.05-15.32.48:988][  0]LogConfig: Setting CVar [[r.DOF.Recombine.EnableBokehSettings:0    ; no bokeh simulation on slight out of focus]]
[2019.04.05-15.32.48:988][  0]LogConfig: Setting CVar [[r.DOF.TemporalAAQuality:1                ; more stable temporal accumulation]]
[2019.04.05-15.32.48:988][  0]LogConfig: Setting CVar [[r.DOF.Kernel.MaxForegroundRadius:0.025]]
[2019.04.05-15.32.48:988][  0]LogConfig: Setting CVar [[r.DOF.Kernel.MaxBackgroundRadius:0.025]]
[2019.04.05-15.32.48:988][  0]LogConfig: Applying CVar settings from Section [TextureQuality@3] File [C:/Users/etudiant/Documents/GitHub/ICHOR-Last-Year/Saved/Config/Windows/Scalability.ini]
[2019.04.05-15.32.48:988][  0]LogConfig: Setting CVar [[r.Streaming.MipBias:0]]
[2019.04.05-15.32.48:989][  0]LogConfig: Setting CVar [[r.Streaming.AmortizeCPUToGPUCopy:0]]
[2019.04.05-15.32.48:989][  0]LogConfig: Setting CVar [[r.Streaming.MaxNumTexturesToStreamPerFrame:0]]
[2019.04.05-15.32.48:989][  0]LogConfig: Setting CVar [[r.Streaming.Boost:1]]
[2019.04.05-15.32.48:989][  0]LogConfig: Setting CVar [[r.MaxAnisotropy:8]]
[2019.04.05-15.32.48:989][  0]LogConfig: Setting CVar [[r.Streaming.LimitPoolSizeToVRAM:0]]
[2019.04.05-15.32.48:989][  0]LogConfig: Setting CVar [[r.Streaming.PoolSize:1000]]
[2019.04.05-15.32.48:989][  0]LogConfig: Setting CVar [[r.Streaming.MaxEffectiveScreenSize:0]]
[2019.04.05-15.32.48:989][  0]LogConfig: Applying CVar settings from Section [EffectsQuality@3] File [C:/Users/etudiant/Documents/GitHub/ICHOR-Last-Year/Saved/Config/Windows/Scalability.ini]
[2019.04.05-15.32.48:989][  0]LogConfig: Setting CVar [[r.TranslucencyLightingVolumeDim:64]]
[2019.04.05-15.32.48:989][  0]LogConfig: Setting CVar [[r.RefractionQuality:2]]
[2019.04.05-15.32.48:989][  0]LogConfig: Setting CVar [[r.SSR.Quality:3]]
[2019.04.05-15.32.48:989][  0]LogConfig: Setting CVar [[r.SceneColorFormat:4]]
[2019.04.05-15.32.48:989][  0]LogConfig: Setting CVar [[r.DetailMode:2]]
[2019.04.05-15.32.48:989][  0]LogConfig: Setting CVar [[r.TranslucencyVolumeBlur:1]]
[2019.04.05-15.32.48:989][  0]LogConfig: Setting CVar [[r.MaterialQualityLevel:1 ; High quality]]
[2019.04.05-15.32.48:989][  0]LogConfig: Setting CVar [[r.SSS.Scale:1]]
[2019.04.05-15.32.48:989][  0]LogConfig: Setting CVar [[r.SSS.SampleSet:2]]
[2019.04.05-15.32.48:989][  0]LogConfig: Setting CVar [[r.SSS.Quality:1]]
[2019.04.05-15.32.48:989][  0]LogConfig: Setting CVar [[r.SSS.HalfRes:1]]
[2019.04.05-15.32.48:989][  0]LogConfig: Setting CVar [[r.EmitterSpawnRateScale:1.0]]
[2019.04.05-15.32.48:989][  0]LogConfig: Setting CVar [[r.ParticleLightQuality:2]]
[2019.04.05-15.32.48:989][  0]LogConfig: Applying CVar settings from Section [FoliageQuality@3] File [C:/Users/etudiant/Documents/GitHub/ICHOR-Last-Year/Saved/Config/Windows/Scalability.ini]
[2019.04.05-15.32.48:989][  0]LogConfig: Setting CVar [[foliage.DensityScale:1.0]]
[2019.04.05-15.32.48:989][  0]LogConfig: Setting CVar [[grass.DensityScale:1.0]]
[2019.04.05-15.32.48:989][  0]LogConfig: Applying CVar settings from Section [Startup] File [../../../Engine/Config/ConsoleVariables.ini]
[2019.04.05-15.32.48:989][  0]LogConfig: Setting CVar [[net.UseAdaptiveNetUpdateFrequency:0]]
[2019.04.05-15.32.48:989][  0]LogConfig: Applying CVar settings from Section [ConsoleVariables] File [C:/Users/etudiant/Documents/GitHub/ICHOR-Last-Year/Saved/Config/Windows/Engine.ini]
[2019.04.05-15.32.48:989][  0]LogInit: Computer: i7-mk8-2017-15
[2019.04.05-15.32.48:989][  0]LogInit: User: etudiant
[2019.04.05-15.32.48:989][  0]LogInit: CPU Page size=4096, Cores=4
[2019.04.05-15.32.48:989][  0]LogInit: High frequency timer resolution =3.515622 MHz
[2019.04.05-15.32.48:989][  0]LogMemory: Memory total: Physical=31.9GB (32GB approx)
[2019.04.05-15.32.48:989][  0]LogMemory: Platform Memory Stats for Windows
[2019.04.05-15.32.48:989][  0]LogMemory: Process Physical Memory: 103.29 MB used, 103.29 MB peak
[2019.04.05-15.32.48:989][  0]LogMemory: Process Virtual Memory: 93.70 MB used, 93.70 MB peak
[2019.04.05-15.32.48:989][  0]LogMemory: Physical Memory: 4297.07 MB used,  28370.66 MB free, 32667.73 MB total
[2019.04.05-15.32.48:989][  0]LogMemory: Virtual Memory: 4652.37 MB used,  134213072.00 MB free, 134217728.00 MB total
[2019.04.05-15.32.48:999][  0]LogInit: Using OS detected language (fr-FR).
[2019.04.05-15.32.48:999][  0]LogInit: Using OS detected locale (fr-FR).
[2019.04.05-15.32.49:000][  0]LogTextLocalizationManager: No specific localization for 'fr-FR' exists, so the 'fr' localization will be used.
[2019.04.05-15.32.49:001][  0]LogStreaming: Display: Took  0.002s to InitEngineTextLocalization.
[2019.04.05-15.32.49:002][  0]LogInit: Setting process to per monitor DPI aware
[2019.04.05-15.32.49:028][  0]LogSlate: New Slate User Created.  User Index 0, Is Virtual User: 0
[2019.04.05-15.32.49:028][  0]LogSlate: Slate User Registered.  User Index 0, Is Virtual User: 0
[2019.04.05-15.32.49:237][  0]LogHMD: Failed to initialize OpenVR with code 110
[2019.04.05-15.32.49:237][  0]LogD3D11RHI: D3D11 adapters:
[2019.04.05-15.32.49:290][  0]LogD3D11RHI:    0. 'NVIDIA GeForce GTX 1060 6GB' (Feature Level 11_0)
[2019.04.05-15.32.49:290][  0]LogD3D11RHI:       6052/0/16333 MB DedicatedVideo/DedicatedSystem/SharedSystem, Outputs:2, VendorId:0x10de
[2019.04.05-15.32.49:301][  0]LogD3D11RHI:    1. 'Intel(R) HD Graphics 630' (Feature Level 11_0)
[2019.04.05-15.32.49:301][  0]LogD3D11RHI:       128/0/16333 MB DedicatedVideo/DedicatedSystem/SharedSystem, Outputs:0, VendorId:0x8086
[2019.04.05-15.32.49:303][  0]LogD3D11RHI:    2. 'Microsoft Basic Render Driver' (Feature Level 11_0)
[2019.04.05-15.32.49:303][  0]LogD3D11RHI:       0/0/16333 MB DedicatedVideo/DedicatedSystem/SharedSystem, Outputs:0, VendorId:0x1414
[2019.04.05-15.32.49:303][  0]LogD3D11RHI: Chosen D3D11 Adapter: 0
[2019.04.05-15.32.49:309][  0]LogD3D11RHI: Creating new Direct3DDevice
[2019.04.05-15.32.49:309][  0]LogD3D11RHI:     GPU DeviceId: 0x1c03 (for the marketing name, search the web for "GPU Device Id")
[2019.04.05-15.32.49:309][  0]LogWindows: EnumDisplayDevices:
[2019.04.05-15.32.49:309][  0]LogWindows:    0. 'NVIDIA GeForce GTX 1060 6GB' (P:0 D:1)
[2019.04.05-15.32.49:309][  0]LogWindows:    1. 'NVIDIA GeForce GTX 1060 6GB' (P:1 D:1)
[2019.04.05-15.32.49:309][  0]LogWindows:    2. 'NVIDIA GeForce GTX 1060 6GB' (P:0 D:0)
[2019.04.05-15.32.49:309][  0]LogWindows:    3. 'NVIDIA GeForce GTX 1060 6GB' (P:0 D:0)
[2019.04.05-15.32.49:310][  0]LogWindows:    4. 'Intel(R) HD Graphics 630' (P:0 D:0)
[2019.04.05-15.32.49:310][  0]LogWindows:    5. 'Intel(R) HD Graphics 630' (P:0 D:0)
[2019.04.05-15.32.49:310][  0]LogWindows:    6. 'Intel(R) HD Graphics 630' (P:0 D:0)
[2019.04.05-15.32.49:310][  0]LogWindows: DebugString: PrimaryIsNotTheChoosenAdapter PrimaryIsNotTheChoosenAdapter PrimaryIsNotTheChoosenAdapter FoundDriverCount:4 
[2019.04.05-15.32.49:310][  0]LogD3D11RHI:     Adapter Name: NVIDIA GeForce GTX 1060 6GB
[2019.04.05-15.32.49:310][  0]LogD3D11RHI:   Driver Version: 391.01 (internal:23.21.13.9101, unified:391.01)
[2019.04.05-15.32.49:310][  0]LogD3D11RHI:      Driver Date: 2-23-2018
[2019.04.05-15.32.49:310][  0]LogRHI: Texture pool is 4236 MB (70% of 6052 MB)
[2019.04.05-15.32.49:341][  0]LogD3D11RHI: Async texture creation enabled
[2019.04.05-15.32.49:358][  0]LogD3D11RHI: GPU Timing Frequency: 1000.000000 (Debug: 2 2)
[2019.04.05-15.32.49:633][  0]LogTemp: Display: Loaded TP AllDesktopTargetPlatform
[2019.04.05-15.32.49:643][  0]LogTemp: Display: Loaded TP MacClientTargetPlatform
[2019.04.05-15.32.49:654][  0]LogTemp: Display: Loaded TP MacNoEditorTargetPlatform
[2019.04.05-15.32.49:664][  0]LogTemp: Display: Loaded TP MacServerTargetPlatform
[2019.04.05-15.32.49:675][  0]LogTemp: Display: Loaded TP MacTargetPlatform
[2019.04.05-15.32.49:684][  0]LogTemp: Display: Loaded TP WindowsClientTargetPlatform
[2019.04.05-15.32.49:694][  0]LogTemp: Display: Loaded TP WindowsNoEditorTargetPlatform
[2019.04.05-15.32.49:704][  0]LogTemp: Display: Loaded TP WindowsServerTargetPlatform
[2019.04.05-15.32.49:708][  0]LogTemp: Display: Loaded TP WindowsTargetPlatform
[2019.04.05-15.32.49:778][  0]LogTemp: Display: Loaded TP AndroidTargetPlatform
[2019.04.05-15.32.49:778][  0]LogTemp: Display: Loaded TP AndroidTargetPlatform
[2019.04.05-15.32.49:778][  0]LogTemp: Display: Loaded TP AndroidTargetPlatform
[2019.04.05-15.32.49:778][  0]LogTemp: Display: Loaded TP AndroidTargetPlatform
[2019.04.05-15.32.49:778][  0]LogTemp: Display: Loaded TP AndroidTargetPlatform
[2019.04.05-15.32.49:778][  0]LogTemp: Display: Loaded TP AndroidTargetPlatform
[2019.04.05-15.32.49:778][  0]LogTemp: Display: Loaded TP AndroidTargetPlatform
[2019.04.05-15.32.49:778][  0]LogTemp: Display: Loaded TP AndroidTargetPlatform
[2019.04.05-15.32.49:778][  0]LogTemp: Display: Loaded TP AndroidTargetPlatform
[2019.04.05-15.32.49:778][  0]LogTemp: Display: Loaded TP AndroidTargetPlatform
[2019.04.05-15.32.49:778][  0]LogTemp: Display: Loaded TP AndroidTargetPlatform
[2019.04.05-15.32.49:778][  0]LogTemp: Display: Loaded TP AndroidTargetPlatform
[2019.04.05-15.32.49:778][  0]LogTemp: Display: Loaded TP AndroidTargetPlatform
[2019.04.05-15.32.49:778][  0]LogTemp: Display: Loaded TP AndroidTargetPlatform
[2019.04.05-15.32.49:778][  0]LogTemp: Display: Loaded TP AndroidTargetPlatform
[2019.04.05-15.32.49:778][  0]LogTemp: Display: Loaded TP AndroidTargetPlatform
[2019.04.05-15.32.49:778][  0]LogTemp: Display: Loaded TP AndroidTargetPlatform
[2019.04.05-15.32.49:778][  0]LogTemp: Display: Loaded TP AndroidTargetPlatform
[2019.04.05-15.32.49:778][  0]LogTemp: Display: Loaded TP HTML5TargetPlatform
[2019.04.05-15.32.49:831][  0]LogTemp: Display: Loaded TP IOSTargetPlatform
[2019.04.05-15.32.49:831][  0]LogTemp: Display: Loaded TP IOSTargetPlatform
[2019.04.05-15.32.49:850][  0]LogTemp: Display: Loaded TP TVOSTargetPlatform
[2019.04.05-15.32.49:850][  0]LogTemp: Display: Loaded TP TVOSTargetPlatform
[2019.04.05-15.32.49:860][  0]LogTemp: Display: Loaded TP LinuxClientTargetPlatform
[2019.04.05-15.32.49:875][  0]LogTemp: Display: Loaded TP LinuxNoEditorTargetPlatform
[2019.04.05-15.32.49:886][  0]LogTemp: Display: Loaded TP LinuxServerTargetPlatform
[2019.04.05-15.32.49:897][  0]LogTemp: Display: Loaded TP LinuxTargetPlatform
[2019.04.05-15.32.49:932][  0]LogTemp: Display: Loaded TP LuminTargetPlatform
[2019.04.05-15.32.49:932][  0]LogTemp: Display: Loaded TP LuminTargetPlatform
[2019.04.05-15.32.49:932][  0]LogTargetPlatformManager: Display: Building Assets For Windows
[2019.04.05-15.32.49:963][  0]LogShaderCompilers: Guid format shader working directory is -1 characters bigger than the processId version (C:/Users/etudiant/Documents/GitHub/ICHOR-Last-Year/Intermediate/Shaders/WorkingDirectory/8244/).
[2019.04.05-15.32.49:963][  0]LogShaderCompilers: Cleaned the shader compiler working directory 'C:/Users/etudiant/AppData/Local/Temp/UnrealShaderWorkingDir/63CD82474E3951965434078EEE4A33A5/'.
[2019.04.05-15.32.49:964][  0]LogXGEController: Cannot use XGE Controller as Incredibuild is not installed on this machine.
[2019.04.05-15.32.49:964][  0]LogShaderCompilers: Cannot use XGE Shader Compiler as Incredibuild is not installed on this machine.
[2019.04.05-15.32.49:964][  0]LogShaderCompilers: Display: Using Local Shader Compiler.
[2019.04.05-15.32.50:415][  0]LogDerivedDataCache: Display: Max Cache Size: 512 MB
[2019.04.05-15.32.50:458][  0]LogDerivedDataCache: Loaded boot cache 0.04s 71MB C:/Users/etudiant/AppData/Local/UnrealEngine/4.21/DerivedDataCache/Boot.ddc.
[2019.04.05-15.32.50:458][  0]LogDerivedDataCache: Display: Loaded Boot cache: C:/Users/etudiant/AppData/Local/UnrealEngine/4.21/DerivedDataCache/Boot.ddc
[2019.04.05-15.32.50:458][  0]LogDerivedDataCache: FDerivedDataBackendGraph:  Pak pak cache file C:/Users/etudiant/Documents/GitHub/ICHOR-Last-Year/DerivedDataCache/DDC.ddp not found, will not use a pak cache.
[2019.04.05-15.32.50:458][  0]LogDerivedDataCache: Unable to find inner node Pak for hierarchical cache Hierarchy.
[2019.04.05-15.32.50:458][  0]LogDerivedDataCache: FDerivedDataBackendGraph:  CompressedPak pak cache file C:/Users/etudiant/Documents/GitHub/ICHOR-Last-Year/DerivedDataCache/Compressed.ddp not found, will not use a pak cache.
[2019.04.05-15.32.50:458][  0]LogDerivedDataCache: Unable to find inner node CompressedPak for hierarchical cache Hierarchy.
[2019.04.05-15.32.50:471][  0]LogDerivedDataCache: Display: Pak cache opened for reading ../../../Engine/DerivedDataCache/Compressed.ddp.
[2019.04.05-15.32.50:471][  0]LogDerivedDataCache: FDerivedDataBackendGraph:  EnterprisePak pak cache file ../../../Enterprise/DerivedDataCache/Compressed.ddp not found, will not use a pak cache.
[2019.04.05-15.32.50:471][  0]LogDerivedDataCache: Unable to find inner node EnterprisePak for hierarchical cache Hierarchy.
[2019.04.05-15.32.50:482][  0]LogDerivedDataCache: Using Local data cache path C:/Users/etudiant/AppData/Local/UnrealEngine/Common/DerivedDataCache: Writable
[2019.04.05-15.32.50:482][  0]LogDerivedDataCache: Shared data cache path not found in *engine.ini, will not use an Shared cache.
[2019.04.05-15.32.50:482][  0]LogDerivedDataCache: Unable to find inner node Shared for hierarchical cache Hierarchy.
[2019.04.05-15.32.50:501][  0]LogMaterial: Verifying Global Shaders for PCD3D_SM5
[2019.04.05-15.32.50:502][  0]LogSlate: Using FreeType 2.6.0
[2019.04.05-15.32.50:503][  0]LogSlate: SlateFontServices - WITH_FREETYPE: 1, WITH_HARFBUZZ: 1
[2019.04.05-15.32.50:587][  0]LogAssetRegistry: FAssetRegistry took 0.0308 seconds to start up
[2019.04.05-15.32.50:841][  0]LogInit: Selected Device Profile: [Windows]
[2019.04.05-15.32.50:949][  0]LogSimplygon: Simplygon DLL not present - disabling.
[2019.04.05-15.32.50:951][  0]LogMeshReduction: Using SimplygonSwarm for distributed automatic mesh merging
[2019.04.05-15.32.50:951][  0]LogMeshReduction: Using ProxyLODMeshReduction for automatic mesh merging
[2019.04.05-15.32.50:951][  0]LogMeshReduction: Using QuadricMeshReduction for automatic static mesh reduction
[2019.04.05-15.32.50:951][  0]LogMeshReduction: No automatic skeletal mesh reduction module available
[2019.04.05-15.32.50:965][  0]LogNetVersion: ICHOR 1.0.0, NetCL: 4541578, EngineNetVer: 5, GameNetVer: 0 (Checksum: 4113541715)
[2019.04.05-15.32.51:349][  0]LogPackageLocalizationCache: Processed 11 localized package path(s) for 2 prioritized culture(s) in 0.068318 seconds
[2019.04.05-15.32.51:353][  0]LogUObjectArray: 39808 objects as part of root set at end of initial load.
[2019.04.05-15.32.51:353][  0]LogUObjectAllocator: 6920672 out of 0 bytes used by permanent object pool.
[2019.04.05-15.32.51:353][  0]LogUObjectArray: CloseDisregardForGC: 0/0 objects in disregard for GC pool
[2019.04.05-15.32.52:122][  0]LogTcpMessaging: Initializing TcpMessaging bridge
[2019.04.05-15.32.52:137][  0]LogUdpMessaging: Initializing bridge on interface 0.0.0.0:0 to multicast group 230.0.0.1:6666.
[2019.04.05-15.32.52:842][  0]SourceControl: Source control is disabled
[2019.04.05-15.32.52:842][  0]LogWindows: Warning: CreateProc failed: Le fichier spécifié est introuvable. (0x00000002)
[2019.04.05-15.32.52:842][  0]LogWindows: Warning: URL: C:/Program Files/Git/bin/git.exe version
[2019.04.05-15.32.52:842][  0]LogWindows: Warning: CreateProc failed: Le fichier spécifié est introuvable. (0x00000002)
[2019.04.05-15.32.52:842][  0]LogWindows: Warning: URL: C:/Program Files (x86)/Git/bin/git.exe version
[2019.04.05-15.32.53:275][  0]LogAndroidPermission: UAndroidPermissionCallbackProxy::GetInstance
[2019.04.05-15.32.53:329][  0]LogOcInput: OculusInput pre-init called
[2019.04.05-15.32.53:469][  0]LogEngine: Initializing Engine...
[2019.04.05-15.32.53:470][  0]LogHMD: Failed to initialize OpenVR with code 110
[2019.04.05-15.32.53:471][  0]LogStats: UGameplayTagsManager::ConstructGameplayTagTree: ImportINI prefixes -  0.000 s
[2019.04.05-15.32.53:471][  0]LogStats: UGameplayTagsManager::ConstructGameplayTagTree: Construct from data asset -  0.000 s
[2019.04.05-15.32.53:471][  0]LogStats: UGameplayTagsManager::ConstructGameplayTagTree: ImportINI -  0.000 s
[2019.04.05-15.32.53:471][  0]LogStats: UGameplayTagsManager::ConstructGameplayTagTree: GameplayTagTreeChangedEvent.Broadcast -  0.000 s
[2019.04.05-15.32.53:648][  0]LogInit: Initializing FReadOnlyCVARCache
[2019.04.05-15.32.53:655][  0]LogAIModule: Creating AISystem for world Untitled
[2019.04.05-15.32.53:666][  0]LogInit: XAudio2 using 'DELL U2414H (NVIDIA High Definition Audio)' : 2 channels at 48 kHz using 16 bits per sample (channel mask 0x3)
[2019.04.05-15.32.53:690][  0]LogInit: FAudioDevice initialized.
[2019.04.05-15.32.53:690][  0]LogNetVersion: Set ProjectVersion to 0.0.0.1. Version Checksum will be recalculated on next use.
[2019.04.05-15.32.53:773][  0]LogDerivedDataCache: Saved boot cache 0.08s 71MB C:/Users/etudiant/AppData/Local/UnrealEngine/4.21/DerivedDataCache/Boot.ddc.
[2019.04.05-15.32.53:783][  0]LogInit: Texture streaming: Enabled
[2019.04.05-15.32.53:792][  0]LogEngineSessionManager: EngineSessionManager initialized
[2019.04.05-15.32.53:800][  0]LogInit: Transaction tracking system initialized
[2019.04.05-15.32.53:812][  0]BlueprintLog: New page: Editor Load
[2019.04.05-15.32.53:853][  0]LocalizationService: Localization service is disabled
[2019.04.05-15.32.54:215][  0]LogCook: Display: Max memory allowance for cook 16384mb min free memory 0mb
[2019.04.05-15.32.54:215][  0]LogCook: Display: Mobile HDR setting 1
[2019.04.05-15.32.54:215][  0]LogGameplayTags: Display: UGameplayTagsManager::DoneAddingNativeTags. DelegateIsBound: 0
[2019.04.05-15.32.54:215][  0]LogStats: UGameplayTagsManager::ConstructGameplayTagTree: ImportINI prefixes -  0.000 s
[2019.04.05-15.32.54:215][  0]LogStats: UGameplayTagsManager::ConstructGameplayTagTree: Construct from data asset -  0.000 s
[2019.04.05-15.32.54:215][  0]LogStats: UGameplayTagsManager::ConstructGameplayTagTree: ImportINI -  0.000 s
[2019.04.05-15.32.54:215][  0]LogStats: UGameplayTagsManager::ConstructGameplayTagTree: GameplayTagTreeChangedEvent.Broadcast -  0.000 s
[2019.04.05-15.32.54:296][  0]LogFileCache: Scanning file cache for directory 'C:/Users/etudiant/Documents/GitHub/ICHOR-Last-Year/Content/' took 0.03s
[2019.04.05-15.32.54:296][  0]Cmd: MAP LOAD FILE="C:/Users/etudiant/Documents/GitHub/ICHOR-Last-Year/Content/PFE/Levels/Level_1.umap" TEMPLATE=0 SHOWPROGRESS=1 FEATURELEVEL=3
[2019.04.05-15.32.54:309][  0]LogSlate: Took 0.000179 seconds to synchronously load lazily loaded font '../../../Engine/Content/Slate/Fonts/Roboto-Regular.ttf' (155K)
[2019.04.05-15.32.54:330][  0]LogWindowsTextInputMethodSystem: Display: IME system now deactivated.
[2019.04.05-15.32.57:320][  0]LogSlate: Window 'Message' being destroyed
[2019.04.05-15.32.57:321][  0]LogWindowsTextInputMethodSystem: Display: IME system now deactivated.
[2019.04.05-15.32.57:323][  0]LogWindowsTextInputMethodSystem: Display: IME system now deactivated.
[2019.04.05-15.32.57:324][  0]LightingResults: New page: Lighting Build
[2019.04.05-15.32.57:325][  0]MapCheck: New page: Map Check
[2019.04.05-15.32.57:325][  0]LightingResults: New page: Lighting Build
[2019.04.05-15.32.57:346][  0]LogAIModule: Creating AISystem for world Untitled
[2019.04.05-15.32.57:348][  0]LoadErrors: New page: New Map
[2019.04.05-15.32.57:427][  0]LogSlate: Updating window title bar state: overlay mode, drag disabled, window buttons hidden, title bar hidden
[2019.04.05-15.32.57:434][  0]LogSlate: Updating window title bar state: overlay mode, drag disabled, window buttons hidden, title bar hidden
[2019.04.05-15.32.57:443][  0]LogSlate: Updating window title bar state: overlay mode, drag disabled, window buttons hidden, title bar hidden
[2019.04.05-15.32.57:451][  0]LogSlate: Updating window title bar state: overlay mode, drag disabled, window buttons hidden, title bar hidden
[2019.04.05-15.32.57:455][  0]LogCollectionManager: Loaded 0 collections in 0.000794 seconds
[2019.04.05-15.32.57:470][  0]LogFileCache: Scanning file cache for directory 'C:/Users/etudiant/Documents/GitHub/ICHOR-Last-Year/Saved/Collections/' took 0.01s
[2019.04.05-15.32.57:470][  0]LogFileCache: Scanning file cache for directory 'C:/Users/etudiant/Documents/GitHub/ICHOR-Last-Year/Content/Developers/etudiant/Collections/' took 0.00s
[2019.04.05-15.32.57:470][  0]LogFileCache: Scanning file cache for directory 'C:/Users/etudiant/Documents/GitHub/ICHOR-Last-Year/Content/Collections/' took 0.00s
[2019.04.05-15.32.57:470][  0]LogCollectionManager: Rebuilt the GUID cache for 0 collections in 0.000000 seconds
[2019.04.05-15.32.57:478][  0]LogContentBrowser: Native class hierarchy populated in 0.0081 seconds. Added 2665 classes and 631 folders.
[2019.04.05-15.32.57:483][  0]LogContentBrowser: Native class hierarchy updated for 'WidgetCarousel' in 0.0002 seconds. Added 0 classes and 0 folders.
[2019.04.05-15.32.57:485][  0]LogPakFile: Registered encryption key '00000000000000000000000000000000': 0 pak files mounted, 0 remain pending
[2019.04.05-15.32.57:486][  0]LogPakFile: Registered encryption key '00000000000000000000000000000000': 0 pak files mounted, 0 remain pending
[2019.04.05-15.32.57:487][  0]LogPakFile: Registered encryption key '00000000000000000000000000000000': 0 pak files mounted, 0 remain pending
[2019.04.05-15.32.57:487][  0]LogPakFile: Registered encryption key '00000000000000000000000000000000': 0 pak files mounted, 0 remain pending
[2019.04.05-15.32.57:488][  0]LogPakFile: Registered encryption key '00000000000000000000000000000000': 0 pak files mounted, 0 remain pending
[2019.04.05-15.32.57:489][  0]LogPakFile: Registered encryption key '00000000000000000000000000000000': 0 pak files mounted, 0 remain pending
[2019.04.05-15.32.57:490][  0]LogPakFile: Registered encryption key '00000000000000000000000000000000': 0 pak files mounted, 0 remain pending
[2019.04.05-15.32.57:490][  0]LogPakFile: Registered encryption key '00000000000000000000000000000000': 0 pak files mounted, 0 remain pending
[2019.04.05-15.32.57:491][  0]LogPakFile: Registered encryption key '00000000000000000000000000000000': 0 pak files mounted, 0 remain pending
[2019.04.05-15.32.57:492][  0]LogPakFile: Registered encryption key '00000000000000000000000000000000': 0 pak files mounted, 0 remain pending
[2019.04.05-15.32.57:493][  0]LogPakFile: Registered encryption key '00000000000000000000000000000000': 0 pak files mounted, 0 remain pending
[2019.04.05-15.32.57:493][  0]LogPakFile: Registered encryption key '00000000000000000000000000000000': 0 pak files mounted, 0 remain pending
[2019.04.05-15.32.57:494][  0]LogPakFile: Registered encryption key '00000000000000000000000000000000': 0 pak files mounted, 0 remain pending
[2019.04.05-15.32.57:495][  0]LogPakFile: Registered encryption key '00000000000000000000000000000000': 0 pak files mounted, 0 remain pending
[2019.04.05-15.32.57:496][  0]LogPakFile: Registered encryption key '00000000000000000000000000000000': 0 pak files mounted, 0 remain pending
[2019.04.05-15.32.57:497][  0]LogPakFile: Registered encryption key '00000000000000000000000000000000': 0 pak files mounted, 0 remain pending
[2019.04.05-15.32.57:497][  0]LogPakFile: Registered encryption key '00000000000000000000000000000000': 0 pak files mounted, 0 remain pending
[2019.04.05-15.32.57:498][  0]LogPakFile: Registered encryption key '00000000000000000000000000000000': 0 pak files mounted, 0 remain pending
[2019.04.05-15.32.57:499][  0]LogPakFile: Registered encryption key '00000000000000000000000000000000': 0 pak files mounted, 0 remain pending
[2019.04.05-15.32.57:500][  0]LogPakFile: Registered encryption key '00000000000000000000000000000000': 0 pak files mounted, 0 remain pending
[2019.04.05-15.32.57:501][  0]LogPakFile: Registered encryption key '00000000000000000000000000000000': 0 pak files mounted, 0 remain pending
[2019.04.05-15.32.57:501][  0]LogPakFile: Registered encryption key '00000000000000000000000000000000': 0 pak files mounted, 0 remain pending
[2019.04.05-15.32.57:502][  0]LogPakFile: Registered encryption key '00000000000000000000000000000000': 0 pak files mounted, 0 remain pending
[2019.04.05-15.32.57:503][  0]LogPakFile: Registered encryption key '00000000000000000000000000000000': 0 pak files mounted, 0 remain pending
[2019.04.05-15.32.57:504][  0]LogPakFile: Registered encryption key '00000000000000000000000000000000': 0 pak files mounted, 0 remain pending
[2019.04.05-15.32.57:505][  0]LogPakFile: Registered encryption key '00000000000000000000000000000000': 0 pak files mounted, 0 remain pending
[2019.04.05-15.32.57:532][  0]LogContentBrowser: Native class hierarchy updated for 'AddContentDialog' in 0.0002 seconds. Added 0 classes and 0 folders.
[2019.04.05-15.32.57:535][  0]LogContentBrowser: Native class hierarchy updated for 'SceneOutliner' in 0.0002 seconds. Added 1 classes and 2 folders.
[2019.04.05-15.32.57:552][  0]LogSlate: Took 0.000191 seconds to synchronously load lazily loaded font '../../../Engine/Content/Slate/Fonts/Roboto-Bold.ttf' (160K)
[2019.04.05-15.32.57:556][  0]LogSlate: Took 0.000172 seconds to synchronously load lazily loaded font '../../../Engine/Content/Editor/Slate/Fonts/FontAwesome.ttf' (139K)
[2019.04.05-15.32.57:605][  0]LogRenderer: Reallocating scene render targets to support 1208x576 Format 10 NumSamples 1 (Frame:1).
[2019.04.05-15.32.57:714][  0]LogContentBrowser: Native class hierarchy updated for 'HierarchicalLODOutliner' in 0.0002 seconds. Added 0 classes and 0 folders.
[2019.04.05-15.32.57:714][  0]LogLoad: (Engine Initialization) Total time: 10.06 seconds
[2019.04.05-15.32.57:714][  0]LogLoad: (Engine Initialization) Total Blueprint compile time: 0.00 seconds
[2019.04.05-15.32.57:766][  0]LogAssetRegistry: Asset discovery search completed in 7.2012 seconds
[2019.04.05-15.32.57:768][  0]LogCollectionManager: Rebuilt the object cache for 0 collections in 0.000001 seconds (found 0 objects)
[2019.04.05-15.32.57:768][  0]LogCollectionManager: Fixed up redirectors for 0 collections in 0.000065 seconds (updated 0 objects)
[2019.04.05-15.32.57:770][  0]LogContentStreaming: Texture pool size now 1000 MB
[2019.04.05-15.32.57:946][  0]LogSlate: Took 0.000207 seconds to synchronously load lazily loaded font '../../../Engine/Content/Slate/Fonts/Roboto-Light.ttf' (167K)
[2019.04.05-15.33.04:423][774]LogSlate: FSceneViewport::OnFocusLost() reason 0
[2019.04.05-15.33.11:372][601]SourceControl: fatal: I:/EPICGAMES/UE_4.21/Engine/Content: 'I:/EPICGAMES/UE_4.21/Engine/Content' is outside repository
[2019.04.05-15.33.43:236][601]LogSlate: Window 'Submit Files' being destroyed
[2019.04.05-15.33.46:361][601]LogSourceControl: commit successful: [GA-Cette-fois-ne-te-chie-pas be29b91] Mainchara
[2019.04.05-15.33.46:691][601]SourceControl: [GA-Cette-fois-ne-te-chie-pas be29b91] Mainchara
[2019.04.05-15.33.46:691][601]SourceControl:  33 files changed, 0 insertions(+), 0 deletions(-)
[2019.04.05-15.33.46:691][601]SourceControl:  create mode 100644 Content/PFE/Blueprint/J1/Dernier_import/Main_chara_withArmorvfinal.uasset
[2019.04.05-15.33.46:691][601]SourceControl:  create mode 100644 Content/PFE/Blueprint/J1/Dernier_import/Main_chara_withArmorvfinal_PhysicsAsset.uasset
[2019.04.05-15.33.46:691][601]SourceControl:  create mode 100644 Content/PFE/Blueprint/J1/Dernier_import/Main_chara_withArmorvfinal_Skeleton.uasset
[2019.04.05-15.33.46:691][601]SourceControl:  create mode 100644 Content/PFE/Blueprint/J1/Material/Armor_instc.uasset
[2019.04.05-15.33.46:691][601]SourceControl:  create mode 100644 Content/PFE/Blueprint/J1/Material/Armor_mat.uasset
[2019.04.05-15.33.46:691][601]SourceControl:  create mode 100644 Content/PFE/Blueprint/J1/Material/Organic_Inst.uasset
[2019.04.05-15.33.46:691][601]SourceControl:  create mode 100644 Content/PFE/Blueprint/J1/Material/Organic_mat.uasset
[2019.04.05-15.33.46:691][601]SourceControl:  rewrite Content/PFE/Blueprint/J1/Material/VR_chara_MAT.uasset (99%)
[2019.04.05-15.33.46:691][601]SourceControl:  rewrite Content/PFE/Blueprint/J1/Material/VR_chara_MAT_Inst.uasset (100%)
[2019.04.05-15.33.46:691][601]SourceControl:  copy Content/PFE/Blueprint/J1/Textures/{ => Armor}/VR_armorcharacter_low_lambert1_BaseColor.uasset (87%)
[2019.04.05-15.33.46:691][601]SourceControl:  copy Content/PFE/Blueprint/J1/Textures/{ => Armor}/VR_armorcharacter_low_lambert1_Normal.uasset (96%)
[2019.04.05-15.33.46:691][601]SourceControl:  copy Content/PFE/Blueprint/J1/Textures/{ => Armor}/VR_armorcharacter_low_lambert1_OcclusionRoughnessMetallic.uasset (99%)
[2019.04.05-15.33.46:691][601]SourceControl:  copy Content/PFE/Blueprint/J1/Textures/{ => Armor}/VR_armorcharacter_low_lambert1_Painted_emissive.uasset (74%)
[2019.04.05-15.33.46:691][601]SourceControl:  copy Content/PFE/Blueprint/J1/Textures/{ => Armor}/VR_armorcharacter_low_lambert1_Sphere_emissive.uasset (74%)
[2019.04.05-15.33.46:691][601]SourceControl:  create mode 100644 Content/PFE/Blueprint/J1/Textures/Organic/organic_low_lambert2_BaseColor.uasset
[2019.04.05-15.33.46:692][601]SourceControl:  create mode 100644 Content/PFE/Blueprint/J1/Textures/Organic/organic_low_lambert2_Emissive.uasset
[2019.04.05-15.33.46:692][601]SourceControl:  create mode 100644 Content/PFE/Blueprint/J1/Textures/Organic/organic_low_lambert2_Normal.uasset
[2019.04.05-15.33.46:692][601]SourceControl:  create mode 100644 Content/PFE/Blueprint/J1/Textures/Organic/organic_low_lambert2_OcclusionRoughnessMetallic.uasset
[2019.04.05-15.33.46:692][601]SourceControl:  rewrite Content/PFE/Blueprint/J1/Textures/VR_armorcharacter_low_lambert1_BaseColor.uasset (99%)
[2019.04.05-15.33.46:692][601]SourceControl:  rewrite Content/PFE/Blueprint/J1/Textures/VR_armorcharacter_low_lambert1_Normal.uasset (99%)
[2019.04.05-15.33.46:692][601]SourceControl:  rewrite Content/PFE/Blueprint/J1/Textures/VR_armorcharacter_low_lambert1_OcclusionRoughnessMetallic.uasset (99%)
[2019.04.05-15.33.46:692][601]SourceControl:  rewrite Content/PFE/Blueprint/J1/Textures/VR_armorcharacter_low_lambert1_Painted_emissive.uasset (100%)
[2019.04.05-15.33.46:692][601]SourceControl:  rewrite Content/PFE/Blueprint/J1/Textures/VR_armorcharacter_low_lambert1_Sphere_emissive.uasset (100%)
[2019.04.05-15.33.46:692][601]SourceControl:  rewrite Content/PFE/Imports/Environment/Materials/Cave_stoneAndCrystal.uasset (91%)
[2019.04.05-15.33.46:692][601]SourceControl:  create mode 100644 Content/PFE/Imports/Environment/Materials/Gradient.uasset
[2019.04.05-15.33.46:692][601]SourceControl:  create mode 100644 Content/PFE/Imports/Environment/Materials/Gradient_Inst.uasset
[2019.04.05-15.33.46:692][601]SourceControl:  create mode 100644 Content/PFE/Imports/Environment/Materials/M_EV_Lightbeam_Master_01_Inst1.uasset
[2019.04.05-15.33.46:692][601]SourceControl:  create mode 100644 Content/PFE/Imports/Environment/Materials/M_EV_Lightbeam_Master_01_Inst2.uasset
[2019.04.05-15.33.46:692][601]SourceControl:  rewrite Content/PFE/Levels/Level_art2.umap (69%)
[2019.04.05-15.33.46:692][601]SourceControl:  rewrite Content/StarterContent/Materials/M_Metal_Burnished_Steel.uasset (97%)
[2019.04.05-15.33.46:692][601]SourceControl:  rewrite Content/StarterContent/Materials/M_Metal_Chrome.uasset (97%)
[2019.04.05-15.33.46:692][601]SourceControl:  rewrite Content/StarterContent/Materials/M_Metal_Gold.uasset (97%)
[2019.04.05-15.33.46:699][601]SourceControl: Commited [GA-Cette-fois-ne-te-chie-pas be29b91] Mainchara.
[2019.04.05-15.33.49:851][969]LogSlate: Window 'ICHOR - Unreal Editor' being destroyed
[2019.04.05-15.33.49:852][969]LogWindowsTextInputMethodSystem: Display: IME system now deactivated.
[2019.04.05-15.33.50:013][970]Cmd: QUIT_EDITOR
[2019.04.05-15.33.50:043][970]LogExit: Preparing to exit.
[2019.04.05-15.33.50:198][970]LogExit: Editor shut down
[2019.04.05-15.33.50:198][970]LogExit: Transaction tracking system shut down
[2019.04.05-15.33.50:455][970]LogExit: Object subsystem successfully closed.
[2019.04.05-15.33.50:523][970]LogShaderCompilers: Display: Shaders left to compile 0
[2019.04.05-15.33.50:529][970]LogD3D11RHI: Shutdown
[2019.04.05-15.33.50:529][970]LogD3D11RHI: CleanupD3DDevice
[2019.04.05-15.33.50:560][970]LogD3D11RHI: ~FD3D11DynamicRHI
[2019.04.05-15.33.50:569][970]LogModuleManager: Shutting down and abandoning module HierarchicalLODOutliner (630)
[2019.04.05-15.33.50:569][970]LogModuleManager: Shutting down and abandoning module SceneOutliner (628)
[2019.04.05-15.33.50:569][970]LogModuleManager: Shutting down and abandoning module AddContentDialog (626)
[2019.04.05-15.33.50:569][970]LogModuleManager: Shutting down and abandoning module WidgetCarousel (625)
[2019.04.05-15.33.50:569][970]LogModuleManager: Shutting down and abandoning module EditorWidgets (622)
[2019.04.05-15.33.50:569][970]LogModuleManager: Shutting down and abandoning module CollectionManager (620)
[2019.04.05-15.33.50:569][970]LogModuleManager: Shutting down and abandoning module StatsViewer (618)
[2019.04.05-15.33.50:569][970]LogModuleManager: Shutting down and abandoning module FoliageEdit (616)
[2019.04.05-15.33.50:569][970]LogModuleManager: Shutting down and abandoning module LandscapeEditor (614)
[2019.04.05-15.33.50:570][970]LogModuleManager: Shutting down and abandoning module MeshPaintMode (612)
[2019.04.05-15.33.50:570][970]LogModuleManager: Shutting down and abandoning module SceneDepthPickerMode (610)
[2019.04.05-15.33.50:570][970]LogModuleManager: Shutting down and abandoning module ActorPickerMode (608)
[2019.04.05-15.33.50:570][970]LogModuleManager: Shutting down and abandoning module GeometryMode (606)
[2019.04.05-15.33.50:570][970]LogModuleManager: Shutting down and abandoning module TextureAlignMode (604)
[2019.04.05-15.33.50:570][970]LogModuleManager: Shutting down and abandoning module BspMode (602)
[2019.04.05-15.33.50:570][970]LogModuleManager: Shutting down and abandoning module PIEPreviewDeviceProfileSelector (600)
[2019.04.05-15.33.50:570][970]LogModuleManager: Shutting down and abandoning module SequenceRecorderSections (598)
[2019.04.05-15.33.50:570][970]LogModuleManager: Shutting down and abandoning module AutomationWorker (596)
[2019.04.05-15.33.50:570][970]LogModuleManager: Shutting down and abandoning module OculusAudioEditor (594)
[2019.04.05-15.33.50:570][970]LogModuleManager: Shutting down and abandoning module AudioCaptureEditor (592)
[2019.04.05-15.33.50:570][970]LogModuleManager: Shutting down and abandoning module MatineeToLevelSequence (590)
[2019.04.05-15.33.50:570][970]LogModuleManager: Shutting down and abandoning module LevelSequenceEditor (588)
[2019.04.05-15.33.50:570][970]LogModuleManager: Shutting down and abandoning module PlacementMode (587)
[2019.04.05-15.33.50:570][970]LogModuleManager: Shutting down and abandoning module MaterialEditor (586)
[2019.04.05-15.33.50:570][970]LogModuleManager: Shutting down and abandoning module WmfMediaFactory (582)
[2019.04.05-15.33.50:570][970]LogModuleManager: Shutting down and abandoning module WmfMediaEditor (580)
[2019.04.05-15.33.50:570][970]LogModuleManager: Shutting down and abandoning module WebMMediaFactory (578)
[2019.04.05-15.33.50:570][970]LogModuleManager: Shutting down and abandoning module WebMMediaEditor (576)
[2019.04.05-15.33.50:570][970]LogModuleManager: Shutting down and abandoning module WebMMedia (574)
[2019.04.05-15.33.50:570][970]LogModuleManager: Shutting down and abandoning module MediaPlayerEditor (572)
[2019.04.05-15.33.50:570][970]LogModuleManager: Shutting down and abandoning module MediaCompositingEditor (570)
[2019.04.05-15.33.50:570][970]LogModuleManager: Shutting down and abandoning module SequenceRecorder (569)
[2019.04.05-15.33.50:570][970]LogModuleManager: Shutting down and abandoning module OpenExrWrapper (566)
[2019.04.05-15.33.50:570][970]LogModuleManager: Shutting down and abandoning module ImgMediaFactory (564)
[2019.04.05-15.33.50:570][970]LogModuleManager: Shutting down and abandoning module ImgMediaEditor (562)
[2019.04.05-15.33.50:570][970]LogModuleManager: Shutting down and abandoning module AvfMediaFactory (560)
[2019.04.05-15.33.50:570][970]LogModuleManager: Shutting down and abandoning module AvfMediaEditor (558)
[2019.04.05-15.33.50:570][970]LogModuleManager: Shutting down and abandoning module AndroidMediaFactory (556)
[2019.04.05-15.33.50:570][970]LogModuleManager: Shutting down and abandoning module AndroidMediaEditor (554)
[2019.04.05-15.33.50:570][970]LogModuleManager: Shutting down and abandoning module MagicLeapCameraPreviewFactory (552)
[2019.04.05-15.33.50:570][970]LogModuleManager: Shutting down and abandoning module MagicLeapMediaFactory (550)
[2019.04.05-15.33.50:570][970]LogModuleManager: Shutting down and abandoning module MagicLeapMediaEditor (548)
[2019.04.05-15.33.50:570][970]LogModuleManager: Shutting down and abandoning module CharacterAI (546)
[2019.04.05-15.33.50:570][970]LogModuleManager: Shutting down and abandoning module SmartSnapping (544)
[2019.04.05-15.33.50:570][970]LogModuleManager: Shutting down and abandoning module SessionServices (542)
[2019.04.05-15.33.50:570][970]LogModuleManager: Shutting down and abandoning module ViewportSnapping (540)
[2019.04.05-15.33.50:570][970]LogModuleManager: Shutting down and abandoning module ViewportInteraction (538)
[2019.04.05-15.33.50:570][970]LogModuleManager: Shutting down and abandoning module ClothPainter (536)
[2019.04.05-15.33.50:570][970]LogModuleManager: Shutting down and abandoning module SkeletalMeshEditor (535)
[2019.04.05-15.33.50:570][970]LogModuleManager: Shutting down and abandoning module LogVisualizer (532)
[2019.04.05-15.33.50:570][970]LogModuleManager: Shutting down and abandoning module IntroTutorials (530)
[2019.04.05-15.33.50:570][970]LogModuleManager: Shutting down and abandoning module GameProjectGeneration (529)
[2019.04.05-15.33.50:570][970]LogModuleManager: Shutting down and abandoning module LuminPlatformEditor (526)
[2019.04.05-15.33.50:570][970]LogModuleManager: Shutting down and abandoning module IOSPlatformEditor (524)
[2019.04.05-15.33.50:570][970]LogModuleManager: Shutting down and abandoning module HTML5PlatformEditor (522)
[2019.04.05-15.33.50:570][970]LogModuleManager: Shutting down and abandoning module AndroidPlatformEditor (520)
[2019.04.05-15.33.50:570][970]LogModuleManager: Shutting down and abandoning module AndroidDeviceDetection (519)
[2019.04.05-15.33.51:067][970]LogModuleManager: Shutting down and abandoning module WindowsPlatformEditor (516)
[2019.04.05-15.33.51:067][970]LogModuleManager: Shutting down and abandoning module LuminRuntimeSettings (514)
[2019.04.05-15.33.51:067][970]LogModuleManager: Shutting down and abandoning module IOSRuntimeSettings (512)
[2019.04.05-15.33.51:067][970]LogModuleManager: Shutting down and abandoning module AndroidRuntimeSettings (510)
[2019.04.05-15.33.51:068][970]LogModuleManager: Shutting down and abandoning module TimeManagementEditor (508)
[2019.04.05-15.33.51:068][970]LogModuleManager: Shutting down and abandoning module InputBindingEditor (506)
[2019.04.05-15.33.51:068][970]LogModuleManager: Shutting down and abandoning module MergeActors (504)
[2019.04.05-15.33.51:068][970]LogModuleManager: Shutting down and abandoning module LocalizationDashboard (502)
[2019.04.05-15.33.51:068][970]LogModuleManager: Shutting down and abandoning module LocalizationService (501)
[2019.04.05-15.33.51:068][970]LogModuleManager: Shutting down and abandoning module HardwareTargeting (498)
[2019.04.05-15.33.51:068][970]LogModuleManager: Shutting down and abandoning module DeviceProfileEditor (496)
[2019.04.05-15.33.51:068][970]LogModuleManager: Shutting down and abandoning module UndoHistory (494)
[2019.04.05-15.33.51:068][970]LogModuleManager: Shutting down and abandoning module XmlParser (492)
[2019.04.05-15.33.51:068][970]LogModuleManager: Shutting down and abandoning module Blutility (490)
[2019.04.05-15.33.51:068][970]LogModuleManager: Shutting down and abandoning module ProjectSettingsViewer (488)
[2019.04.05-15.33.51:068][970]LogModuleManager: Shutting down and abandoning module ProjectTargetPlatformEditor (487)
[2019.04.05-15.33.51:068][970]LogModuleManager: Shutting down and abandoning module EditorSettingsViewer (484)
[2019.04.05-15.33.51:068][970]LogModuleManager: Shutting down and abandoning module SettingsEditor (482)
[2019.04.05-15.33.51:068][970]LogModuleManager: Shutting down and abandoning module ProjectLauncher (480)
[2019.04.05-15.33.51:068][970]LogModuleManager: Shutting down and abandoning module SessionFrontend (478)
[2019.04.05-15.33.51:068][970]LogModuleManager: Shutting down and abandoning module ProfilerClient (476)
[2019.04.05-15.33.51:068][970]LogModuleManager: Shutting down and abandoning module DeviceManager (474)
[2019.04.05-15.33.51:068][970]LogModuleManager: Shutting down and abandoning module TargetDeviceServices (473)
[2019.04.05-15.33.51:123][970]LogModuleManager: Shutting down and abandoning module AutomationController (470)
[2019.04.05-15.33.51:123][970]LogModuleManager: Shutting down and abandoning module AutomationWindow (468)
[2019.04.05-15.33.51:123][970]LogModuleManager: Shutting down and abandoning module Layers (466)
[2019.04.05-15.33.51:123][970]LogModuleManager: Shutting down and abandoning module ComponentVisualizers (464)
[2019.04.05-15.33.51:123][970]LogModuleManager: Shutting down and abandoning module DetailCustomizations (462)
[2019.04.05-15.33.51:123][970]LogModuleManager: Shutting down and abandoning module PackagesDialog (460)
[2019.04.05-15.33.51:123][970]LogModuleManager: Shutting down and abandoning module Persona (458)
[2019.04.05-15.33.51:123][970]LogModuleManager: Shutting down and abandoning module AdvancedPreviewScene (457)
[2019.04.05-15.33.51:123][970]LogModuleManager: Shutting down and abandoning module AnimGraph (455)
[2019.04.05-15.33.51:123][970]LogModuleManager: Shutting down and abandoning module Kismet (452)
[2019.04.05-15.33.51:123][970]LogModuleManager: Shutting down and abandoning module GraphEditor (450)
[2019.04.05-15.33.51:123][970]LogModuleManager: Shutting down and abandoning module ClassViewer (448)
[2019.04.05-15.33.51:123][970]LogModuleManager: Shutting down and abandoning module Toolbox (446)
[2019.04.05-15.33.51:123][970]LogModuleManager: Shutting down and abandoning module ModuleUI (444)
[2019.04.05-15.33.51:123][970]LogModuleManager: Shutting down and abandoning module MovieSceneTools (442)
[2019.04.05-15.33.51:123][970]LogModuleManager: Shutting down and abandoning module OutputLog (440)
[2019.04.05-15.33.51:123][970]LogModuleManager: Shutting down and abandoning module GammaUI (438)
[2019.04.05-15.33.51:123][970]LogModuleManager: Shutting down and abandoning module Documentation (436)
[2019.04.05-15.33.51:123][970]LogModuleManager: Shutting down and abandoning module MovieSceneTracks (434)
[2019.04.05-15.33.51:123][970]LogModuleManager: Shutting down and abandoning module MovieScene (432)
[2019.04.05-15.33.51:123][970]LogModuleManager: Shutting down and abandoning module StreamingPauseRendering (430)
[2019.04.05-15.33.51:123][970]LogModuleManager: Shutting down and abandoning module LauncherPlatform (428)
[2019.04.05-15.33.51:123][970]LogModuleManager: Shutting down and abandoning module AnalyticsET (426)
[2019.04.05-15.33.51:123][970]LogModuleManager: Shutting down and abandoning module PortalServices (424)
[2019.04.05-15.33.51:123][970]LogModuleManager: Shutting down and abandoning module PortalRpc (422)
[2019.04.05-15.33.51:123][970]LogModuleManager: Shutting down and abandoning module MessagingRpc (420)
[2019.04.05-15.33.51:123][970]LogModuleManager: Shutting down and abandoning module AIModule (418)
[2019.04.05-15.33.51:123][970]LogModuleManager: Shutting down and abandoning module GameplayDebugger (417)
[2019.04.05-15.33.51:124][970]LogModuleManager: Shutting down and abandoning module AITestSuite (415)
[2019.04.05-15.33.51:124][970]LogModuleManager: Shutting down and abandoning module NavigationSystem (413)
[2019.04.05-15.33.51:124][970]LogModuleManager: Shutting down and abandoning module DesktopPlatform (410)
[2019.04.05-15.33.51:124][970]LogModuleManager: Shutting down and abandoning module ImageWriteQueue (408)
[2019.04.05-15.33.51:144][970]LogModuleManager: Shutting down and abandoning module ProfilerService (406)
[2019.04.05-15.33.51:206][970]LogModuleManager: Shutting down and abandoning module TaskGraph (404)
[2019.04.05-15.33.51:207][970]LogModuleManager: Shutting down and abandoning module SteamVRController (402)
[2019.04.05-15.33.51:207][970]LogModuleManager: Shutting down and abandoning module ProceduralMeshComponentEditor (400)
[2019.04.05-15.33.51:207][970]LogModuleManager: Shutting down and abandoning module ProceduralMeshComponent (398)
[2019.04.05-15.33.51:207][970]LogModuleManager: Shutting down and abandoning module OculusInput (396)
[2019.04.05-15.33.51:207][970]LogModuleManager: Shutting down and abandoning module MobilePatchingUtils (394)
[2019.04.05-15.33.51:207][970]LogModuleManager: Shutting down and abandoning module EditableMesh (392)
[2019.04.05-15.33.51:207][970]LogModuleManager: Shutting down and abandoning module CustomMeshComponent (390)
[2019.04.05-15.33.51:207][970]LogModuleManager: Shutting down and abandoning module CableComponent (388)
[2019.04.05-15.33.51:207][970]LogModuleManager: Shutting down and abandoning module AudioCapture (386)
[2019.04.05-15.33.51:207][970]LogModuleManager: Shutting down and abandoning module ArchVisCharacter (384)
[2019.04.05-15.33.51:207][970]LogModuleManager: Shutting down and abandoning module AndroidPermission (382)
[2019.04.05-15.33.51:207][970]LogModuleManager: Shutting down and abandoning module NUTUnrealEngine4 (380)
[2019.04.05-15.33.51:207][970]LogModuleManager: Shutting down and abandoning module NetcodeUnitTest (378)
[2019.04.05-15.33.51:207][970]LogModuleManager: Shutting down and abandoning module MediaCompositing (376)
[2019.04.05-15.33.51:207][970]LogModuleManager: Shutting down and abandoning module LinearTimecode (374)
[2019.04.05-15.33.51:207][970]LogModuleManager: Shutting down and abandoning module ImgMedia (372)
[2019.04.05-15.33.51:250][970]LogModuleManager: Shutting down and abandoning module HTML5Networking (370)
[2019.04.05-15.33.51:250][970]LogModuleManager: Shutting down and abandoning module GeometryCacheTracks (368)
[2019.04.05-15.33.51:250][970]LogModuleManager: Shutting down and abandoning module GeometryCacheSequencer (366)
[2019.04.05-15.33.51:250][970]LogModuleManager: Shutting down and abandoning module BackChannel (364)
[2019.04.05-15.33.51:250][970]LogModuleManager: Shutting down and abandoning module AppleVision (362)
[2019.04.05-15.33.51:250][970]LogModuleManager: Shutting down and abandoning module AppleImageUtilsBlueprintSupport (360)
[2019.04.05-15.33.51:250][970]LogModuleManager: Shutting down and abandoning module AppleImageUtils (358)
[2019.04.05-15.33.51:250][970]LogModuleManager: Shutting down and abandoning module AlembicImporter (356)
[2019.04.05-15.33.51:250][970]LogModuleManager: Shutting down and abandoning module AlembicLibrary (355)
[2019.04.05-15.33.51:250][970]LogModuleManager: Shutting down and abandoning module GeometryCache (354)
[2019.04.05-15.33.51:250][970]LogModuleManager: Shutting down and abandoning module GeometryCacheEd (353)
[2019.04.05-15.33.51:250][970]LogModuleManager: Shutting down and abandoning module VariantManagerContent (348)
[2019.04.05-15.33.51:250][970]LogModuleManager: Shutting down and abandoning module DatasmithContentEditor (346)
[2019.04.05-15.33.51:250][970]LogModuleManager: Shutting down and abandoning module SpeedTreeImporter (344)
[2019.04.05-15.33.51:250][970]LogModuleManager: Shutting down and abandoning module PluginBrowser (342)
[2019.04.05-15.33.51:250][970]LogModuleManager: Shutting down and abandoning module MobileLauncherProfileWizard (340)
[2019.04.05-15.33.51:250][970]LogModuleManager: Shutting down and abandoning module PolygonModeling (338)
[2019.04.05-15.33.51:250][970]LogModuleManager: Shutting down and abandoning module MeshEditor (336)
[2019.04.05-15.33.51:250][970]LogModuleManager: Shutting down and abandoning module CryptoKeysOpenSSL (334)
[2019.04.05-15.33.51:250][970]LogModuleManager: Shutting down and abandoning module CryptoKeys (332)
[2019.04.05-15.33.51:250][970]LogModuleManager: Shutting down and abandoning module VisualStudioSourceCodeAccess (330)
[2019.04.05-15.33.51:250][970]LogModuleManager: Shutting down and abandoning module VisualStudioCodeSourceCodeAccess (328)
[2019.04.05-15.33.51:250][970]LogModuleManager: Shutting down and abandoning module UObjectPlugin (326)
[2019.04.05-15.33.51:250][970]LogModuleManager: Shutting down and abandoning module SubversionSourceControl (324)
[2019.04.05-15.33.51:251][970]LogModuleManager: Shutting down and abandoning module PerforceSourceControl (322)
[2019.04.05-15.33.51:251][970]LogModuleManager: Shutting down and abandoning module GitSourceControl (320)
[2019.04.05-15.33.51:251][970]LogModuleManager: Shutting down and abandoning module SourceControl (319)
[2019.04.05-15.33.51:251][970]LogModuleManager: Shutting down and abandoning module CLionSourceCodeAccess (316)
[2019.04.05-15.33.51:251][970]LogModuleManager: Shutting down and abandoning module ActorLayerUtilitiesEditor (314)
[2019.04.05-15.33.51:251][970]LogModuleManager: Shutting down and abandoning module ActorLayerUtilities (312)
[2019.04.05-15.33.51:251][970]LogModuleManager: Shutting down and abandoning module LightPropagationVolumeEditor (310)
[2019.04.05-15.33.51:251][970]LogModuleManager: Shutting down and abandoning module PaperTiledImporter (308)
[2019.04.05-15.33.51:251][970]LogModuleManager: Shutting down and abandoning module PaperSpriteSheetImporter (306)
[2019.04.05-15.33.51:251][970]LogModuleManager: Shutting down and abandoning module Paper2DEditor (304)
[2019.04.05-15.33.51:251][970]LogModuleManager: Shutting down and abandoning module MeshPaint (303)
[2019.04.05-15.33.51:251][970]LogModuleManager: Shutting down and abandoning module RuntimePhysXCooking (300)
[2019.04.05-15.33.51:251][970]LogModuleManager: Shutting down and abandoning module PhysXVehiclesEditor (298)
[2019.04.05-15.33.51:251][970]LogModuleManager: Shutting down and abandoning module PhysXVehicles (296)
[2019.04.05-15.33.51:251][970]LogModuleManager: Shutting down and abandoning module OculusEditor (294)
[2019.04.05-15.33.51:251][970]LogModuleManager: Shutting down and abandoning module LocationServicesBPLibrary (292)
[2019.04.05-15.33.51:251][970]LogModuleManager: Shutting down and abandoning module ApexDestructionEditor (290)
[2019.04.05-15.33.51:251][970]LogModuleManager: Shutting down and abandoning module ApexDestruction (288)
[2019.04.05-15.33.51:251][970]LogModuleManager: Shutting down and abandoning module ActorSequence (286)
[2019.04.05-15.33.51:251][970]LogModuleManager: Shutting down and abandoning module UdpMessaging (284)
[2019.04.05-15.33.51:352][970]LogModuleManager: Shutting down and abandoning module TcpMessaging (282)
[2019.04.05-15.33.51:452][970]LogModuleManager: Shutting down and abandoning module MagicLeapAudio (280)
[2019.04.05-15.33.51:452][970]LogModuleManager: Shutting down and abandoning module GameplayTagsEditor (278)
[2019.04.05-15.33.51:452][970]LogModuleManager: Shutting down and abandoning module FacialAnimationEditor (276)
[2019.04.05-15.33.51:452][970]LogModuleManager: Shutting down and abandoning module FacialAnimation (274)
[2019.04.05-15.33.51:452][970]LogModuleManager: Shutting down and abandoning module DataValidation (272)
[2019.04.05-15.33.51:452][970]LogModuleManager: Shutting down and abandoning module AssetManagerEditor (270)
[2019.04.05-15.33.51:452][970]LogModuleManager: Shutting down and abandoning module LevelEditor (269)
[2019.04.05-15.33.51:453][970]LogModuleManager: Shutting down and abandoning module PixelInspectorModule (268)
[2019.04.05-15.33.51:453][970]LogModuleManager: Shutting down and abandoning module CommonMenuExtensions (266)
[2019.04.05-15.33.51:454][970]LogModuleManager: Shutting down and abandoning module MainFrame (264)
[2019.04.05-15.33.51:454][970]LogModuleManager: Shutting down and abandoning module HotReload (263)
[2019.04.05-15.33.51:455][970]LogModuleManager: Shutting down and abandoning module ContentBrowser (259)
[2019.04.05-15.33.51:456][970]LogModuleManager: Shutting down and abandoning module TreeMap (257)
[2019.04.05-15.33.51:456][970]LogModuleManager: Shutting down and abandoning module LightPropagationVolumeRuntime (254)
[2019.04.05-15.33.51:456][970]LogModuleManager: Shutting down and abandoning module AISupportModule (252)
[2019.04.05-15.33.51:456][970]LogModuleManager: Shutting down and abandoning module Paper2D (250)
[2019.04.05-15.33.51:456][970]LogModuleManager: Shutting down and abandoning module WindowsMoviePlayer (248)
[2019.04.05-15.33.51:456][970]LogModuleManager: Shutting down and abandoning module WebMMoviePlayer (246)
[2019.04.05-15.33.51:456][970]LogModuleManager: Shutting down and abandoning module WmfMedia (244)
[2019.04.05-15.33.51:459][970]LogModuleManager: Shutting down and abandoning module Media (243)
[2019.04.05-15.33.51:466][970]LogModuleManager: Shutting down and abandoning module PacketHandler (240)
[2019.04.05-15.33.51:466][970]LogModuleManager: Shutting down and abandoning module ClothingSystemEditor (238)
[2019.04.05-15.33.51:466][970]LogModuleManager: Shutting down and abandoning module ClothingSystemRuntime (236)
[2019.04.05-15.33.51:466][970]LogModuleManager: Shutting down and abandoning module MediaAssets (234)
[2019.04.05-15.33.51:466][970]LogModuleManager: Shutting down and abandoning module Overlay (232)
[2019.04.05-15.33.51:466][970]LogModuleManager: Shutting down and abandoning module OverlayEditor (231)
[2019.04.05-15.33.51:466][970]LogModuleManager: Shutting down and abandoning module VREditor (228)
[2019.04.05-15.33.51:466][970]LogModuleManager: Shutting down and abandoning module StringTableEditor (226)
[2019.04.05-15.33.51:466][970]LogModuleManager: Shutting down and abandoning module GameplayTasksEditor (224)
[2019.04.05-15.33.51:466][970]LogModuleManager: Shutting down and abandoning module BehaviorTreeEditor (222)
[2019.04.05-15.33.51:466][970]LogModuleManager: Shutting down and abandoning module FunctionalTesting (220)
[2019.04.05-15.33.51:466][970]LogModuleManager: Shutting down and abandoning module CollisionAnalyzer (218)
[2019.04.05-15.33.51:467][970]LogModuleManager: Shutting down and abandoning module WorkspaceMenuStructure (217)
[2019.04.05-15.33.51:467][970]LogModuleManager: Shutting down and abandoning module UMG (214)
[2019.04.05-15.33.51:467][970]LogModuleManager: Shutting down and abandoning module UMGEditor (213)
[2019.04.05-15.33.51:467][970]LogModuleManager: Shutting down and abandoning module Sequencer (212)
[2019.04.05-15.33.51:467][970]LogModuleManager: Shutting down and abandoning module MessageLog (209)
[2019.04.05-15.33.51:467][970]LogModuleManager: Shutting down and abandoning module SlateReflector (204)
[2019.04.05-15.33.51:467][970]LogModuleManager: Shutting down and abandoning module Slate (202)
[2019.04.05-15.33.51:467][970]LogModuleManager: Shutting down and abandoning module EditorStyle (200)
[2019.04.05-15.33.51:470][970]LogModuleManager: Shutting down and abandoning module MRMesh (198)
[2019.04.05-15.33.51:470][970]LogModuleManager: Shutting down and abandoning module SourceCodeAccess (196)
[2019.04.05-15.33.51:470][970]LogModuleManager: Shutting down and abandoning module HeadMountedDisplay (194)
[2019.04.05-15.33.51:470][970]LogModuleManager: Shutting down and abandoning module XAudio2 (192)
[2019.04.05-15.33.51:470][970]LogModuleManager: Shutting down and abandoning module Networking (190)
[2019.04.05-15.33.51:470][970]LogModuleManager: Shutting down and abandoning module Core (188)
[2019.04.05-15.33.51:470][970]LogModuleManager: Shutting down and abandoning module LevelSequence (186)
[2019.04.05-15.33.51:471][970]LogModuleManager: Shutting down and abandoning module KismetCompiler (184)
[2019.04.05-15.33.51:471][970]LogModuleManager: Shutting down and abandoning module MeshUtilities (182)
[2019.04.05-15.33.51:471][970]LogModuleManager: Shutting down and abandoning module MeshMergeUtilities (181)
[2019.04.05-15.33.51:471][970]LogModuleManager: Shutting down and abandoning module MeshReductionInterface (180)
[2019.04.05-15.33.51:471][970]LogModuleManager: Shutting down and abandoning module SimplygonSwarm (179)
[2019.04.05-15.33.51:471][970]LogModuleManager: Shutting down and abandoning module ProxyLODMeshReduction (177)
[2019.04.05-15.33.51:471][970]LogModuleManager: Shutting down and abandoning module SimplygonMeshReduction (175)
[2019.04.05-15.33.51:471][970]LogModuleManager: Shutting down and abandoning module QuadricMeshReduction (173)
[2019.04.05-15.33.51:471][970]LogModuleManager: Shutting down and abandoning module MaterialBaking (169)
[2019.04.05-15.33.51:471][970]LogModuleManager: Shutting down and abandoning module DirectoryWatcher (165)
[2019.04.05-15.33.51:471][970]LogModuleManager: Shutting down and abandoning module DerivedDataCache (162)
[2019.04.05-15.33.51:534][970]LogDerivedDataCache: Shutdown
[2019.04.05-15.33.51:534][970]LogModuleManager: Shutting down and abandoning module XGEController (160)
[2019.04.05-15.33.51:535][970]LogModuleManager: Shutting down and abandoning module TargetPlatform (158)
[2019.04.05-15.33.51:535][970]LogModuleManager: Shutting down and abandoning module VulkanShaderFormat (157)
[2019.04.05-15.33.51:535][970]LogModuleManager: Shutting down and abandoning module ShaderFormatVectorVM (155)
[2019.04.05-15.33.51:535][970]LogModuleManager: Shutting down and abandoning module ShaderFormatOpenGL (153)
[2019.04.05-15.33.51:535][970]LogModuleManager: Shutting down and abandoning module ShaderFormatD3D (151)
[2019.04.05-15.33.51:535][970]LogModuleManager: Shutting down and abandoning module MetalShaderFormat (149)
[2019.04.05-15.33.51:535][970]LogModuleManager: Shutting down and abandoning module TextureFormatUncompressed (147)
[2019.04.05-15.33.51:535][970]LogModuleManager: Shutting down and abandoning module TextureFormatPVR (145)
[2019.04.05-15.33.51:535][970]LogModuleManager: Shutting down and abandoning module TextureFormatDXT (143)
[2019.04.05-15.33.51:535][970]LogModuleManager: Shutting down and abandoning module TextureFormatIntelISPCTexComp (141)
[2019.04.05-15.33.51:535][970]LogModuleManager: Shutting down and abandoning module TextureFormatASTC (139)
[2019.04.05-15.33.51:535][970]LogModuleManager: Shutting down and abandoning module ImageWrapper (138)
[2019.04.05-15.33.51:535][970]LogModuleManager: Shutting down and abandoning module TextureFormatAndroid (135)
[2019.04.05-15.33.51:535][970]LogModuleManager: Shutting down and abandoning module AudioFormatOpus (133)
[2019.04.05-15.33.51:535][970]LogModuleManager: Shutting down and abandoning module AudioFormatOgg (131)
[2019.04.05-15.33.51:535][970]LogModuleManager: Shutting down and abandoning module AudioFormatADPCM (129)
[2019.04.05-15.33.51:535][970]LogModuleManager: Shutting down and abandoning module LuminTargetPlatform (127)
[2019.04.05-15.33.51:536][970]LogModuleManager: Shutting down and abandoning module LinuxTargetPlatform (125)
[2019.04.05-15.33.51:537][970]LogModuleManager: Shutting down and abandoning module LinuxServerTargetPlatform (123)
[2019.04.05-15.33.51:537][970]LogModuleManager: Shutting down and abandoning module LinuxNoEditorTargetPlatform (121)
[2019.04.05-15.33.51:537][970]LogModuleManager: Shutting down and abandoning module LinuxClientTargetPlatform (119)
[2019.04.05-15.33.51:537][970]LogModuleManager: Shutting down and abandoning module TVOSTargetPlatform (117)
[2019.04.05-15.33.51:538][970]LogModuleManager: Shutting down and abandoning module Messaging (115)
[2019.04.05-15.33.51:538][970]LogModuleManager: Shutting down and abandoning module IOSTargetPlatform (113)
[2019.04.05-15.33.51:539][970]LogModuleManager: Shutting down and abandoning module HTML5TargetPlatform (111)
[2019.04.05-15.33.51:539][970]LogModuleManager: Shutting down and abandoning module AndroidTargetPlatform (109)
[2019.04.05-15.33.51:545][970]LogModuleManager: Shutting down and abandoning module WindowsTargetPlatform (107)
[2019.04.05-15.33.51:545][970]LogModuleManager: Shutting down and abandoning module WindowsServerTargetPlatform (105)
[2019.04.05-15.33.51:545][970]LogModuleManager: Shutting down and abandoning module WindowsNoEditorTargetPlatform (103)
[2019.04.05-15.33.51:545][970]LogModuleManager: Shutting down and abandoning module WindowsClientTargetPlatform (101)
[2019.04.05-15.33.51:545][970]LogModuleManager: Shutting down and abandoning module MacTargetPlatform (99)
[2019.04.05-15.33.51:545][970]LogModuleManager: Shutting down and abandoning module MacServerTargetPlatform (97)
[2019.04.05-15.33.51:545][970]LogModuleManager: Shutting down and abandoning module MacNoEditorTargetPlatform (95)
[2019.04.05-15.33.51:545][970]LogModuleManager: Shutting down and abandoning module MacClientTargetPlatform (93)
[2019.04.05-15.33.51:545][970]LogModuleManager: Shutting down and abandoning module AllDesktopTargetPlatform (91)
[2019.04.05-15.33.51:545][970]LogModuleManager: Shutting down and abandoning module InputCore (88)
[2019.04.05-15.33.51:545][970]LogModuleManager: Shutting down and abandoning module Settings (86)
[2019.04.05-15.33.51:545][970]LogModuleManager: Shutting down and abandoning module PhysXCooking (84)
[2019.04.05-15.33.51:545][970]LogModuleManager: Shutting down and abandoning module SteamVR (82)
[2019.04.05-15.33.51:545][970]LogHMD: Freeing OpenVRDLLHandle.
[2019.04.05-15.33.51:545][970]LogModuleManager: Shutting down and abandoning module OculusHMD (80)
[2019.04.05-15.33.51:545][970]LogModuleManager: Shutting down and abandoning module OculusAudio (78)
[2019.04.05-15.33.51:545][970]LogModuleManager: Shutting down and abandoning module ExampleDeviceProfileSelector (76)
[2019.04.05-15.33.51:545][970]LogModuleManager: Shutting down and abandoning module LauncherChunkInstaller (74)
[2019.04.05-15.33.51:545][970]LogModuleManager: Shutting down and abandoning module OnlineBlueprintSupport (72)
[2019.04.05-15.33.51:545][970]LogModuleManager: Shutting down and abandoning module OnlineSubsystem (68)
[2019.04.05-15.33.51:546][970]LogModuleManager: Shutting down and abandoning module XMPP (63)
[2019.04.05-15.33.51:546][970]LogModuleManager: Shutting down and abandoning module WebSockets (62)
[2019.04.05-15.33.51:578][970]LogModuleManager: Shutting down and abandoning module HTTP (59)
[2019.04.05-15.33.51:579][970]LogHttp: Display: Http module shutting down, but needs to wait on 1 outstanding Http requests:
[2019.04.05-15.33.51:579][970]LogHttp: Display: 	verb=[POST] url=[https://datarouter.ol.epicgames.com/datarouter/api/v1/public/data?SessionID=%7B9B37F414-474F-06DD-9F83-E3BE89C27E66%7D&AppID=UEEditor.Rocket.Release&AppVersion=4.21.2-4753647%2B%2B%2BUE4%2BRelease-4.21&UserID=39824cf84233e56c353dccbffedb5100%7C71f21aca187348668708cb239143a83c%7Ccf8163a1-e491-42fe-a516-8652904b024e&AppEnvironment=datacollector-binary&UploadType=eteventstream] status=Processing
[2019.04.05-15.33.51:579][970]LogHttp: Display: Sleeping 0.5s to wait for 1 outstanding Http requests.
[2019.04.05-15.33.52:079][970]LogHttp: Display: Sleeping 0.5s to wait for 1 outstanding Http requests.
[2019.04.05-15.33.52:582][970]LogModuleManager: Shutting down and abandoning module SSL (58)
[2019.04.05-15.33.52:584][970]LogModuleManager: Shutting down and abandoning module MagicLeapIdentity (54)
[2019.04.05-15.33.52:584][970]LogModuleManager: Shutting down and abandoning module MagicLeapHelperVulkan (52)
[2019.04.05-15.33.52:584][970]LogModuleManager: Shutting down and abandoning module MagicLeapHelperOpenGL (50)
[2019.04.05-15.33.52:584][970]LogModuleManager: Shutting down and abandoning module MagicLeapSecureStorage (48)
[2019.04.05-15.33.52:584][970]LogModuleManager: Shutting down and abandoning module MagicLeapHandTracking (46)
[2019.04.05-15.33.52:584][970]LogModuleManager: Shutting down and abandoning module MagicLeapEyeTracker (44)
[2019.04.05-15.33.52:584][970]LogModuleManager: Shutting down and abandoning module MagicLeapController (42)
[2019.04.05-15.33.52:584][970]LogSlate: Slate User Destroyed.  User Index 0, Is Virtual User: 0
[2019.04.05-15.33.52:584][970]LogModuleManager: Shutting down and abandoning module MagicLeap (40)
[2019.04.05-15.33.52:584][970]LogModuleManager: Shutting down and abandoning module DatasmithContent (38)
[2019.04.05-15.33.52:585][970]LogModuleManager: Shutting down and abandoning module AnimationModifiers (36)
[2019.04.05-15.33.52:585][970]LogModuleManager: Shutting down and abandoning module PropertyEditor (35)
[2019.04.05-15.33.52:585][970]LogModuleManager: Shutting down and abandoning module AudioEditor (32)
[2019.04.05-15.33.52:585][970]LogModuleManager: Shutting down and abandoning module TextureCompressor (30)
[2019.04.05-15.33.52:585][970]LogModuleManager: Shutting down and abandoning module ShaderCore (28)
[2019.04.05-15.33.52:585][970]LogModuleManager: Shutting down and abandoning module Landscape (26)
[2019.04.05-15.33.52:585][970]LogModuleManager: Shutting down and abandoning module SlateRHIRenderer (24)
[2019.04.05-15.33.52:586][970]LogModuleManager: Shutting down and abandoning module OpenGLDrv (22)
[2019.04.05-15.33.52:586][970]LogModuleManager: Shutting down and abandoning module D3D11RHI (20)
[2019.04.05-15.33.52:586][970]LogModuleManager: Shutting down and abandoning module AnimGraphRuntime (18)
[2019.04.05-15.33.52:586][970]LogModuleManager: Shutting down and abandoning module Renderer (16)
[2019.04.05-15.33.52:586][970]LogModuleManager: Shutting down and abandoning module Engine (14)
[2019.04.05-15.33.52:586][970]LogModuleManager: Shutting down and abandoning module CoreUObject (12)
[2019.04.05-15.33.52:586][970]LogModuleManager: Shutting down and abandoning module NetworkFile (10)
[2019.04.05-15.33.52:586][970]LogModuleManager: Shutting down and abandoning module CookedIterativeFile (8)
[2019.04.05-15.33.52:586][970]LogModuleManager: Shutting down and abandoning module StreamingFile (6)
[2019.04.05-15.33.52:586][970]LogModuleManager: Shutting down and abandoning module SandboxFile (4)
[2019.04.05-15.33.52:586][970]LogModuleManager: Shutting down and abandoning module PakFile (2)
[2019.04.05-15.33.52:595][970]LogExit: Exiting.
[2019.04.05-15.33.52:599][970]Log file closed, 04/05/19 17:33:52
