Log file open, 03/08/19 09:49:40
LogWindows: Failed to load 'aqProf.dll' (GetLastError=126)
LogWindows: File 'aqProf.dll' does not exist
LogWindows: Failed to load 'VtuneApi.dll' (GetLastError=126)
LogWindows: File 'VtuneApi.dll' does not exist
LogWindows: Failed to load 'VtuneApi32e.dll' (GetLastError=126)
LogWindows: File 'VtuneApi32e.dll' does not exist
LogInit: Display: Running engine for game: ICHOR
LogPlatformFile: Not using cached read wrapper
LogTaskGraph: Started task graph with 5 named threads and 23 total threads with 3 sets of task threads.
LogStats: Stats thread started at 3.462424
LogD3D11RHI: Loaded GFSDK_Aftermath_Lib.x64.dll
LogICUInternationalization: Display: ICU TimeZone Detection - Raw Offset: +1:00, Platform Override: ''
LogPluginManager: Mounting plugin Paper2D
LogPluginManager: Mounting plugin AISupport
LogPluginManager: Mounting plugin LightPropagationVolume
LogPluginManager: Mounting plugin CLionSourceCodeAccess
LogPluginManager: Mounting plugin CodeLiteSourceCodeAccess
LogPluginManager: Mounting plugin GitSourceControl
LogPluginManager: Mounting plugin KDevelopSourceCodeAccess
LogPluginManager: Mounting plugin NullSourceCodeAccess
LogPluginManager: Mounting plugin PerforceSourceControl
LogPluginManager: Mounting plugin SubversionSourceControl
LogPluginManager: Mounting plugin UObjectPlugin
LogPluginManager: Mounting plugin VisualStudioCodeSourceCodeAccess
LogPluginManager: Mounting plugin VisualStudioSourceCodeAccess
LogPluginManager: Mounting plugin XCodeSourceCodeAccess
LogPluginManager: Mounting plugin AssetManagerEditor
LogPluginManager: Mounting plugin CryptoKeys
LogPluginManager: Mounting plugin DataValidation
LogPluginManager: Mounting plugin FacialAnimation
LogPluginManager: Mounting plugin GameplayTagsEditor
LogPluginManager: Mounting plugin MacGraphicsSwitching
LogPluginManager: Mounting plugin MeshEditor
LogPluginManager: Mounting plugin MobileLauncherProfileWizard
LogPluginManager: Mounting plugin PluginBrowser
LogPluginManager: Mounting plugin SpeedTreeImporter
LogPluginManager: Mounting plugin DatasmithContent
LogPluginManager: Mounting plugin AlembicImporter
LogPluginManager: Mounting plugin AppleImageUtils
LogPluginManager: Mounting plugin AppleVision
LogPluginManager: Mounting plugin BackChannel
LogPluginManager: Mounting plugin CharacterAI
LogPluginManager: Mounting plugin GeometryCache
LogPluginManager: Mounting plugin HTML5Networking
LogPluginManager: Mounting plugin ProxyLODPlugin
LogPluginManager: Mounting plugin MagicLeap
LogPluginManager: Mounting plugin MagicLeapEmulator
LogPluginManager: Mounting plugin MagicLeapMedia
LogPluginManager: Mounting plugin AndroidMedia
LogPluginManager: Mounting plugin AvfMedia
LogPluginManager: Mounting plugin ImgMedia
LogPluginManager: Mounting plugin LinearTimecode
LogPluginManager: Mounting plugin MediaCompositing
LogPluginManager: Mounting plugin MediaPlayerEditor
LogPluginManager: Mounting plugin WmfMedia
LogPluginManager: Mounting plugin TcpMessaging
LogPluginManager: Mounting plugin UdpMessaging
LogPluginManager: Mounting plugin ActorSequence
LogPluginManager: Mounting plugin LevelSequenceEditor
LogPluginManager: Mounting plugin MatineeToLevelSequence
LogPluginManager: Mounting plugin NetcodeUnitTest
LogPluginManager: Mounting plugin NUTUnrealEngine4
LogPluginManager: Mounting plugin OnlineSubsystemGooglePlay
LogPluginManager: Mounting plugin OnlineSubsystemIOS
LogPluginManager: Mounting plugin OnlineSubsystem
LogPluginManager: Mounting plugin OnlineSubsystemNull
LogPluginManager: Mounting plugin OnlineSubsystemUtils
LogPluginManager: Mounting plugin LauncherChunkInstaller
LogPluginManager: Mounting plugin AndroidDeviceProfileSelector
LogPluginManager: Mounting plugin AndroidMoviePlayer
LogPluginManager: Mounting plugin AndroidPermission
LogPluginManager: Mounting plugin ApexDestruction
LogPluginManager: Mounting plugin AppleMoviePlayer
LogPluginManager: Mounting plugin ArchVisCharacter
LogPluginManager: Mounting plugin AudioCapture
LogPluginManager: Mounting plugin CableComponent
LogPluginManager: Mounting plugin CustomMeshComponent
LogPluginManager: Mounting plugin EditableMesh
LogPluginManager: Mounting plugin ExampleDeviceProfileSelector
LogPluginManager: Mounting plugin GoogleCloudMessaging
LogPluginManager: Mounting plugin ImmediatePhysics
LogPluginManager: Mounting plugin IOSDeviceProfileSelector
LogPluginManager: Mounting plugin LinuxDeviceProfileSelector
LogPluginManager: Mounting plugin LocationServicesBPLibrary
LogPluginManager: Mounting plugin MobilePatchingUtils
LogPluginManager: Mounting plugin OculusVR
LogPluginManager: Plugin shader directory ../../../Engine/Plugins/Runtime/Oculus/OculusVR/Shaders found
LogPluginManager: Mapping shader source directory ../../../Engine/Plugins/Runtime/Oculus/OculusVR/Shaders to virtual directory /Plugin/OculusVR
LogPluginManager: Mounting plugin PhysXVehicles
LogPluginManager: Mounting plugin ProceduralMeshComponent
LogPluginManager: Mounting plugin RuntimePhysXCooking
LogPluginManager: Mounting plugin SteamVR
LogPluginManager: Mounting plugin WindowsMoviePlayer
LogStreaming: Display: Took  0.214s to configure plugins.
LogInit: Using libcurl 7.55.1-DEV
LogInit:  - built for x86_64-pc-win32
LogInit:  - supports SSL with OpenSSL/1.0.2h
LogInit:  - supports HTTP deflate (compression) using libz 1.2.8
LogInit:  - other features:
LogInit:      CURL_VERSION_SSL
LogInit:      CURL_VERSION_LIBZ
LogInit:      CURL_VERSION_IPV6
LogInit:      CURL_VERSION_ASYNCHDNS
LogInit:      CURL_VERSION_LARGEFILE
LogInit:      CURL_VERSION_IDN
LogInit:  CurlRequestOptions (configurable via config and command line):
LogInit:  - bVerifyPeer = false  - Libcurl will NOT verify peer certificate
LogInit:  - bUseHttpProxy = false  - Libcurl will NOT use HTTP proxy
LogInit:  - bDontReuseConnections = false  - Libcurl will reuse connections
LogInit:  - CertBundlePath = nullptr  - Libcurl will use whatever was configured at build time.
LogInit:  - MaxHostConnections = 16  - Libcurl will limit the number of connections to a host
LogInit:  - LocalHostAddr = Default
LogInit:  - BufferSize = 65536
LogInit: WinSock: version 1.1 (2.2), MaxSocks=32767, MaxUdp=65467
LogInit: Build: ++UE4+Release-4.20-CL-4369336
LogInit: Engine Version: 4.20.3-4369336+++UE4+Release-4.20
LogInit: Compatible Engine Version: 4.20.0-4212847+++UE4+Release-4.20
LogInit: Net CL: 4212847
LogInit: OS: Windows 10 (), CPU: Intel(R) Core(TM) i7-7700 CPU @ 3.60GHz, GPU: NVIDIA GeForce GTX 1060 6GB
LogInit: Compiled (64-bit): Sep 17 2018 12:26:19
LogInit: Compiled with Visual C++: 19.13.26129.00
LogInit: Build Configuration: Development
LogInit: Branch Name: ++UE4+Release-4.20
LogInit: Command Line: 
LogInit: Base Directory: D:/Epic Games/UE_4.20/Engine/Binaries/Win64/
LogInit: Installed Engine Build: 1
LogDevObjectVersion: Number of dev versions registered: 20
LogDevObjectVersion:   Dev-Blueprints (B0D832E4-1F89-4F0D-ACCF-7EB736FD4AA2): 10
LogDevObjectVersion:   Dev-Build (E1C64328-A22C-4D53-A36C-8E866417BD8C): 0
LogDevObjectVersion:   Dev-Core (375EC13C-06E4-48FB-B500-84F0262A717E): 2
LogDevObjectVersion:   Dev-Editor (E4B068ED-F494-42E9-A231-DA0B2E46BB41): 24
LogDevObjectVersion:   Dev-Framework (CFFC743F-43B0-4480-9391-14DF171D2073): 34
LogDevObjectVersion:   Dev-Mobile (B02B49B5-BB20-44E9-A304-32B752E40360): 2
LogDevObjectVersion:   Dev-Networking (A4E4105C-59A1-49B5-A7C5-40C4547EDFEE): 0
LogDevObjectVersion:   Dev-Online (39C831C9-5AE6-47DC-9A44-9C173E1C8E7C): 0
LogDevObjectVersion:   Dev-Physics (78F01B33-EBEA-4F98-B9B4-84EACCB95AA2): 0
LogDevObjectVersion:   Dev-Platform (6631380F-2D4D-43E0-8009-CF276956A95A): 0
LogDevObjectVersion:   Dev-Rendering (12F88B9F-8875-4AFC-A67C-D90C383ABD29): 26
LogDevObjectVersion:   Dev-Sequencer (7B5AE74C-D270-4C10-A958-57980B212A5A): 9
LogDevObjectVersion:   Dev-VR (D7296918-1DD6-4BDD-9DE2-64A83CC13884): 2
LogDevObjectVersion:   Dev-LoadTimes (C2A15278-BFE7-4AFE-6C17-90FF531DF755): 1
LogDevObjectVersion:   Private-Geometry (6EACA3D4-40EC-4CC1-B786-8BED09428FC5): 3
LogDevObjectVersion:   Dev-AnimPhys (29E575DD-E0A3-4627-9D10-D276232CDCEA): 17
LogDevObjectVersion:   Dev-ReflectionCapture (6B266CEC-1EC7-4B8F-A30B-E4D90942FC07): 1
LogDevObjectVersion:   Dev-Automation (0DF73D61-A23F-47EA-B727-89E90C41499A): 1
LogDevObjectVersion:   FortniteMain (601D1886-AC64-4F84-AA16-D3DE0DEAC7D6): 12
LogDevObjectVersion:   Dev-Enterprise (9DFFBCD6-494F-0158-E221-12823C92A888): 1
LogStreaming: Display: Took  0.014s to delete old logs.
LogInit: Presizing for max 8388607 objects, including 0 objects not considered by GC, pre-allocating 0 bytes for permanent pool.
LogInit: Object subsystem initialized
[2019.03.08-08.49.42:734][  0]LogInit: Selected Device Profile: [Windows]
[2019.03.08-08.49.42:734][  0]LogInit: Applying CVar settings loaded from the selected device profile: [Windows]
[2019.03.08-08.49.42:831][  0]LogHAL: Display: Platform has ~ 32 GB [34254594048 / 34359738368 / 32], which maps to Largest [LargestMinGB=32, LargerMinGB=12, DefaultMinGB=8, SmallerMinGB=6, SmallestMinGB=0)
[2019.03.08-08.49.42:831][  0]LogInit: Setting Device Profile CVar: [[r.Vulkan.UseRealUBs:1]]
[2019.03.08-08.49.42:831][  0]LogInit: Going up to parent DeviceProfile []
[2019.03.08-08.49.42:836][  0]LogInit: Computer: i7-mk8-2017-03
[2019.03.08-08.49.42:836][  0]LogInit: User: etudiant
[2019.03.08-08.49.42:836][  0]LogInit: CPU Page size=4096, Cores=4
[2019.03.08-08.49.42:836][  0]LogInit: High frequency timer resolution =3.515624 MHz
[2019.03.08-08.49.42:836][  0]LogMemory: Memory total: Physical=31.9GB (32GB approx)
[2019.03.08-08.49.42:836][  0]LogMemory: Platform Memory Stats for Windows
[2019.03.08-08.49.42:836][  0]LogMemory: Process Physical Memory: 100.86 MB used, 100.86 MB peak
[2019.03.08-08.49.42:836][  0]LogMemory: Process Virtual Memory: 89.35 MB used, 89.35 MB peak
[2019.03.08-08.49.42:836][  0]LogMemory: Physical Memory: 4619.40 MB used,  28048.32 MB free, 32667.73 MB total
[2019.03.08-08.49.42:836][  0]LogMemory: Virtual Memory: 4639.19 MB used,  28048.32 MB free, 134217728.00 MB total
[2019.03.08-08.49.43:632][  0]LogInit: Using OS detected language (fr-FR).
[2019.03.08-08.49.43:632][  0]LogInit: Using OS detected locale (fr-FR).
[2019.03.08-08.49.43:707][  0]LogTextLocalizationManager: No specific localization for 'fr-FR' exists, so the 'fr' localization will be used.
[2019.03.08-08.49.43:864][  0]LogStreaming: Display: Took  0.232s to InitEngineTextLocalization.
[2019.03.08-08.49.43:864][  0]LogInit: Setting process to per monitor DPI aware
[2019.03.08-08.49.44:465][  0]LogSlate: New Slate User Created.  User Index 0, Is Virtual User: 0
[2019.03.08-08.49.44:465][  0]LogSlate: Slate User Registered.  User Index 0, Is Virtual User: 0
[2019.03.08-08.49.46:740][  0]LogHMD: Failed to initialize OpenVR with code 110
[2019.03.08-08.49.46:740][  0]LogD3D11RHI: D3D11 adapters:
[2019.03.08-08.49.46:796][  0]LogD3D11RHI:    0. 'NVIDIA GeForce GTX 1060 6GB' (Feature Level 11_0)
[2019.03.08-08.49.46:796][  0]LogD3D11RHI:       6052/0/16333 MB DedicatedVideo/DedicatedSystem/SharedSystem, Outputs:2, VendorId:0x10de
[2019.03.08-08.49.46:806][  0]LogD3D11RHI:    1. 'Intel(R) HD Graphics 630' (Feature Level 11_0)
[2019.03.08-08.49.46:806][  0]LogD3D11RHI:       128/0/16333 MB DedicatedVideo/DedicatedSystem/SharedSystem, Outputs:0, VendorId:0x8086
[2019.03.08-08.49.46:808][  0]LogD3D11RHI:    2. 'Microsoft Basic Render Driver' (Feature Level 11_0)
[2019.03.08-08.49.46:808][  0]LogD3D11RHI:       0/0/16333 MB DedicatedVideo/DedicatedSystem/SharedSystem, Outputs:0, VendorId:0x1414
[2019.03.08-08.49.46:808][  0]LogD3D11RHI: Chosen D3D11 Adapter: 0
[2019.03.08-08.49.46:813][  0]LogD3D11RHI: Creating new Direct3DDevice
[2019.03.08-08.49.46:813][  0]LogD3D11RHI:     GPU DeviceId: 0x1c03 (for the marketing name, search the web for "GPU Device Id")
[2019.03.08-08.49.46:813][  0]LogWindows: EnumDisplayDevices:
[2019.03.08-08.49.46:813][  0]LogWindows:    0. 'NVIDIA GeForce GTX 1060 6GB' (P:1 D:1)
[2019.03.08-08.49.46:813][  0]LogWindows:    1. 'NVIDIA GeForce GTX 1060 6GB' (P:0 D:1)
[2019.03.08-08.49.46:813][  0]LogWindows:    2. 'NVIDIA GeForce GTX 1060 6GB' (P:0 D:0)
[2019.03.08-08.49.46:813][  0]LogWindows:    3. 'NVIDIA GeForce GTX 1060 6GB' (P:0 D:0)
[2019.03.08-08.49.46:814][  0]LogWindows:    4. 'Intel(R) HD Graphics 630' (P:0 D:0)
[2019.03.08-08.49.46:814][  0]LogWindows:    5. 'Intel(R) HD Graphics 630' (P:0 D:0)
[2019.03.08-08.49.46:814][  0]LogWindows:    6. 'Intel(R) HD Graphics 630' (P:0 D:0)
[2019.03.08-08.49.46:814][  0]LogWindows: DebugString: PrimaryIsNotTheChoosenAdapter PrimaryIsNotTheChoosenAdapter PrimaryIsNotTheChoosenAdapter FoundDriverCount:4 
[2019.03.08-08.49.46:814][  0]LogD3D11RHI:     Adapter Name: NVIDIA GeForce GTX 1060 6GB
[2019.03.08-08.49.46:814][  0]LogD3D11RHI:   Driver Version: 391.01 (internal:23.21.13.9101, unified:391.01)
[2019.03.08-08.49.46:814][  0]LogD3D11RHI:      Driver Date: 2-23-2018
[2019.03.08-08.49.46:814][  0]LogRHI: Texture pool is 4236 MB (70% of 6052 MB)
[2019.03.08-08.49.46:846][  0]LogD3D11RHI: Async texture creation enabled
[2019.03.08-08.49.46:864][  0]LogD3D11RHI: GPU Timing Frequency: 1000.000000 (Debug: 2 2)
[2019.03.08-08.49.46:909][  0]LogShaderCompilers: Guid format shader working directory is -6 characters bigger than the processId version (../../../../../BackupAbsolue/TABProject/ICHOR-Last-Year/Intermediate/Shaders/WorkingDirectory/5032/).
[2019.03.08-08.49.46:909][  0]LogShaderCompilers: Cleaned the shader compiler working directory 'C:/Users/etudiant/AppData/Local/Temp/UnrealShaderWorkingDir/6010090648775FD184150CA4872316AB/'.
[2019.03.08-08.49.48:368][  0]LogTemp: Display: Loaded TP AllDesktopTargetPlatform
[2019.03.08-08.49.48:425][  0]LogTemp: Display: Loaded TP MacClientTargetPlatform
[2019.03.08-08.49.48:444][  0]LogTemp: Display: Loaded TP MacNoEditorTargetPlatform
[2019.03.08-08.49.48:463][  0]LogTemp: Display: Loaded TP MacServerTargetPlatform
[2019.03.08-08.49.48:499][  0]LogTemp: Display: Loaded TP MacTargetPlatform
[2019.03.08-08.49.48:525][  0]LogTemp: Display: Loaded TP WindowsClientTargetPlatform
[2019.03.08-08.49.48:546][  0]LogTemp: Display: Loaded TP WindowsNoEditorTargetPlatform
[2019.03.08-08.49.48:567][  0]LogTemp: Display: Loaded TP WindowsServerTargetPlatform
[2019.03.08-08.49.48:580][  0]LogTemp: Display: Loaded TP WindowsTargetPlatform
[2019.03.08-08.49.48:677][  0]LogTemp: Display: Loaded TP AndroidTargetPlatform
[2019.03.08-08.49.48:677][  0]LogTemp: Display: Loaded TP AndroidTargetPlatform
[2019.03.08-08.49.48:677][  0]LogTemp: Display: Loaded TP AndroidTargetPlatform
[2019.03.08-08.49.48:677][  0]LogTemp: Display: Loaded TP AndroidTargetPlatform
[2019.03.08-08.49.48:677][  0]LogTemp: Display: Loaded TP AndroidTargetPlatform
[2019.03.08-08.49.48:677][  0]LogTemp: Display: Loaded TP AndroidTargetPlatform
[2019.03.08-08.49.48:677][  0]LogTemp: Display: Loaded TP AndroidTargetPlatform
[2019.03.08-08.49.48:677][  0]LogTemp: Display: Loaded TP AndroidTargetPlatform
[2019.03.08-08.49.48:677][  0]LogTemp: Display: Loaded TP AndroidTargetPlatform
[2019.03.08-08.49.48:677][  0]LogTemp: Display: Loaded TP AndroidTargetPlatform
[2019.03.08-08.49.48:677][  0]LogTemp: Display: Loaded TP AndroidTargetPlatform
[2019.03.08-08.49.48:677][  0]LogTemp: Display: Loaded TP AndroidTargetPlatform
[2019.03.08-08.49.48:677][  0]LogTemp: Display: Loaded TP AndroidTargetPlatform
[2019.03.08-08.49.48:677][  0]LogTemp: Display: Loaded TP AndroidTargetPlatform
[2019.03.08-08.49.48:677][  0]LogTemp: Display: Loaded TP AndroidTargetPlatform
[2019.03.08-08.49.48:677][  0]LogTemp: Display: Loaded TP AndroidTargetPlatform
[2019.03.08-08.49.48:677][  0]LogTemp: Display: Loaded TP AndroidTargetPlatform
[2019.03.08-08.49.48:677][  0]LogTemp: Display: Loaded TP AndroidTargetPlatform
[2019.03.08-08.49.48:691][  0]LogTemp: Display: Loaded TP HTML5TargetPlatform
[2019.03.08-08.49.48:804][  0]LogTemp: Display: Loaded TP IOSTargetPlatform
[2019.03.08-08.49.48:804][  0]LogTemp: Display: Loaded TP IOSTargetPlatform
[2019.03.08-08.49.48:833][  0]LogTemp: Display: Loaded TP TVOSTargetPlatform
[2019.03.08-08.49.48:833][  0]LogTemp: Display: Loaded TP TVOSTargetPlatform
[2019.03.08-08.49.48:858][  0]LogTemp: Display: Loaded TP LinuxClientTargetPlatform
[2019.03.08-08.49.48:877][  0]LogTemp: Display: Loaded TP LinuxNoEditorTargetPlatform
[2019.03.08-08.49.48:896][  0]LogTemp: Display: Loaded TP LinuxServerTargetPlatform
[2019.03.08-08.49.48:922][  0]LogTemp: Display: Loaded TP LinuxTargetPlatform
[2019.03.08-08.49.48:939][  0]LogTemp: Display: Loaded TP LuminTargetPlatform
[2019.03.08-08.49.48:939][  0]LogTargetPlatformManager: Display: Building Assets For Windows
[2019.03.08-08.49.49:604][  0]LogXGEController: Cleaning working directory: C:/Users/etudiant/AppData/Local/Temp/UnrealXGEWorkingDir/
[2019.03.08-08.49.49:604][  0]LogXGEController: Cannot use XGE Controller as Incredibuild is not installed on this machine.
[2019.03.08-08.49.49:604][  0]LogShaderCompilers: Cannot use XGE Shader Compiler as Incredibuild is not installed on this machine.
[2019.03.08-08.49.49:604][  0]LogShaderCompilers: Display: Using Local Shader Compiler.
[2019.03.08-08.49.51:707][  0]LogDerivedDataCache: Display: Max Cache Size: 512 MB
[2019.03.08-08.49.51:955][  0]LogDerivedDataCache: Loaded boot cache 0.25s 71MB C:/Users/etudiant/AppData/Local/UnrealEngine/4.20/DerivedDataCache/Boot.ddc.
[2019.03.08-08.49.51:956][  0]LogDerivedDataCache: Display: Loaded Boot cache: C:/Users/etudiant/AppData/Local/UnrealEngine/4.20/DerivedDataCache/Boot.ddc
[2019.03.08-08.49.51:956][  0]LogDerivedDataCache: FDerivedDataBackendGraph:  Pak pak cache file ../../../../../BackupAbsolue/TABProject/ICHOR-Last-Year/DerivedDataCache/DDC.ddp not found, will not use a pak cache.
[2019.03.08-08.49.51:956][  0]LogDerivedDataCache: Unable to find inner node Pak for hierarchical cache Hierarchy.
[2019.03.08-08.49.51:956][  0]LogDerivedDataCache: FDerivedDataBackendGraph:  CompressedPak pak cache file ../../../../../BackupAbsolue/TABProject/ICHOR-Last-Year/DerivedDataCache/Compressed.ddp not found, will not use a pak cache.
[2019.03.08-08.49.51:956][  0]LogDerivedDataCache: Unable to find inner node CompressedPak for hierarchical cache Hierarchy.
[2019.03.08-08.49.52:019][  0]LogDerivedDataCache: Display: Pak cache opened for reading ../../../Engine/DerivedDataCache/Compressed.ddp.
[2019.03.08-08.49.52:031][  0]LogDerivedDataCache: Using Local data cache path C:/Users/etudiant/AppData/Local/UnrealEngine/Common/DerivedDataCache: Writable
[2019.03.08-08.49.52:031][  0]LogDerivedDataCache: Shared data cache path not found in *engine.ini, will not use an Shared cache.
[2019.03.08-08.49.52:031][  0]LogDerivedDataCache: Unable to find inner node Shared for hierarchical cache Hierarchy.
[2019.03.08-08.49.52:046][  0]LogMaterial: Verifying Global Shaders for PCD3D_SM5
[2019.03.08-08.49.52:048][  0]LogSlate: Using FreeType 2.6.0
[2019.03.08-08.49.52:110][  0]LogSlate: SlateFontServices - WITH_FREETYPE: 1, WITH_HARFBUZZ: 1
[2019.03.08-08.49.52:427][  0]LogAssetRegistry: FAssetRegistry took 0.0251 seconds to start up
[2019.03.08-08.49.52:756][  0]LogInit: Selected Device Profile: [Windows]
[2019.03.08-08.49.55:481][  0]LogSimplygon: Simplygon DLL not present - disabling.
[2019.03.08-08.49.56:434][  0]LogMeshReduction: Using SimplygonSwarm for distributed automatic mesh merging
[2019.03.08-08.49.56:434][  0]LogMeshReduction: Using ProxyLODMeshReduction for automatic mesh merging
[2019.03.08-08.49.56:448][  0]LogMeshReduction: Using QuadricMeshReduction for automatic static mesh reduction
[2019.03.08-08.49.56:448][  0]LogMeshReduction: No automatic skeletal mesh reduction module available
[2019.03.08-08.49.56:744][  0]LogNetVersion: ICHOR 1.0.0, NetCL: 4212847, EngineNetVer: 5, GameNetVer: 0 (Checksum: 3601110329)
[2019.03.08-08.50.01:386][  0]LogPackageLocalizationCache: Processed 11 localized package path(s) for 2 prioritized culture(s) in 0.206248 seconds
[2019.03.08-08.50.01:391][  0]LogUObjectArray: 38425 objects as part of root set at end of initial load.
[2019.03.08-08.50.01:391][  0]LogUObjectAllocator: 6690872 out of 0 bytes used by permanent object pool.
[2019.03.08-08.50.01:391][  0]LogUObjectArray: CloseDisregardForGC: 0/0 objects in disregard for GC pool
[2019.03.08-08.50.09:735][  0]LogTcpMessaging: Initializing TcpMessaging bridge
[2019.03.08-08.50.09:789][  0]LogUdpMessaging: Initializing bridge on interface 0.0.0.0:0 to multicast group 230.0.0.1:6666.
[2019.03.08-08.50.10:992][  0]SourceControl: Source control is disabled
[2019.03.08-08.50.10:992][  0]SourceControl: Source control is disabled
[2019.03.08-08.50.11:158][  0]SourceControl: Source control is disabled
[2019.03.08-08.50.11:207][  0]SourceControl: Source control is disabled
[2019.03.08-08.50.12:628][  0]LogAndroidPermission: UAndroidPermissionCallbackProxy::GetInstance
[2019.03.08-08.50.12:880][  0]LogOcInput: OculusInput pre-init called
[2019.03.08-08.50.13:188][  0]LogEngine: Initializing Engine...
[2019.03.08-08.50.13:188][  0]LogHMD: Failed to initialize OpenVR with code 110
[2019.03.08-08.50.13:189][  0]LogStats: UGameplayTagsManager::ConstructGameplayTagTree: ImportINI prefixes -  0.000 s
[2019.03.08-08.50.13:189][  0]LogStats: UGameplayTagsManager::ConstructGameplayTagTree: Construct from data asset -  0.000 s
[2019.03.08-08.50.13:189][  0]LogStats: UGameplayTagsManager::ConstructGameplayTagTree: ImportINI -  0.000 s
[2019.03.08-08.50.13:189][  0]LogStats: UGameplayTagsManager::ConstructGameplayTagTree: GameplayTagTreeChangedEvent.Broadcast -  0.000 s
[2019.03.08-08.50.13:881][  0]LogInit: Initializing FReadOnlyCVARCache
[2019.03.08-08.50.13:991][  0]LogAIModule: Creating AISystem for world Untitled
[2019.03.08-08.50.14:004][  0]LogInit: XAudio2 using 'DELL U2414H (NVIDIA High Definition Audio)' : 2 channels at 48 kHz using 16 bits per sample (channel mask 0x3)
[2019.03.08-08.50.14:016][  0]LogInit: FAudioDevice initialized.
[2019.03.08-08.50.14:016][  0]LogNetVersion: Set ProjectVersion to 1.0.0.0. Version Checksum will be recalculated on next use.
[2019.03.08-08.50.14:057][  0]LogDerivedDataCache: Saved boot cache 0.04s 71MB C:/Users/etudiant/AppData/Local/UnrealEngine/4.20/DerivedDataCache/Boot.ddc.
[2019.03.08-08.50.14:074][  0]LogInit: Texture streaming: Enabled
[2019.03.08-08.50.14:183][  0]LogEngineSessionManager: EngineSessionManager initialized
[2019.03.08-08.50.14:242][  0]LogInit: Transaction tracking system initialized
[2019.03.08-08.50.14:417][  0]BlueprintLog: New page: Editor Load
[2019.03.08-08.50.15:157][  0]LocalizationService: Localization service is disabled
[2019.03.08-08.50.17:823][  0]LogCook: Display: Max memory allowance for cook 16384mb min free memory 0mb
[2019.03.08-08.50.17:823][  0]LogCook: Display: Mobile HDR setting 1
[2019.03.08-08.50.17:823][  0]LogGameplayTags: Display: UGameplayTagsManager::DoneAddingNativeTags. DelegateIsBound: 0
[2019.03.08-08.50.17:823][  0]LogStats: UGameplayTagsManager::ConstructGameplayTagTree: ImportINI prefixes -  0.000 s
[2019.03.08-08.50.17:823][  0]LogStats: UGameplayTagsManager::ConstructGameplayTagTree: Construct from data asset -  0.000 s
[2019.03.08-08.50.17:823][  0]LogStats: UGameplayTagsManager::ConstructGameplayTagTree: ImportINI -  0.000 s
[2019.03.08-08.50.17:823][  0]LogStats: UGameplayTagsManager::ConstructGameplayTagTree: GameplayTagTreeChangedEvent.Broadcast -  0.000 s
[2019.03.08-08.50.19:121][  0]LogFileCache: Scanning file cache for directory 'D:/BackupAbsolue/TABProject/ICHOR-Last-Year/Content/' took 0.03s
[2019.03.08-08.50.21:690][  0]SourceControl: Source control is disabled
[2019.03.08-08.50.21:690][  0]Cmd: MAP LOAD FILE="../../../../../BackupAbsolue/TABProject/ICHOR-Last-Year/Content/PFE/Levels/Level_1.umap" TEMPLATE=0 SHOWPROGRESS=1 FEATURELEVEL=3
[2019.03.08-08.50.21:691][  0]LightingResults: New page: Lighting Build
[2019.03.08-08.50.21:692][  0]MapCheck: New page: Map Check
[2019.03.08-08.50.21:692][  0]LightingResults: New page: Lighting Build
[2019.03.08-08.50.25:974][  0]LogLinker: Warning: Unable to load PhysicsSerializer with outer InstancedStaticMeshComponent /Game/VRTemplate/ExampleContent/VR_Trace_Interaction/Blueprints/BP_TraceVisualiser.BP_TraceVisualiser_C:InstanceMesh_GEN_VARIABLE because its class does not exist
[2019.03.08-08.50.32:503][  0]LogLinker: Warning: Unable to load PhysicsSerializer with outer InstancedStaticMeshComponent /Game/PFE/Blueprint/NotMine/BP_TeleportPreview.BP_TeleportPreview_C:TeleportChaperoneBounds_GEN_VARIABLE because its class does not exist
[2019.03.08-08.50.35:603][  0]LogBlueprint: Warning: [Compiler BPC_WorldInteractor] Get Hand  is deprecated; please replace or remove it.
[2019.03.08-08.50.35:603][  0]LogBlueprint: Warning: [Compiler BPC_WorldInteractor] Get Hand  is deprecated; Please use the Motion Source property instead of Hand
[2019.03.08-08.50.35:658][  0]LogBlueprint: Warning: [Compiler Ue4ASP_Character] InputAction Event references unknown Action 'Crouch' for  InputAction Crouch
[2019.03.08-08.50.35:658][  0]LogBlueprint: Warning: [Compiler Ue4ASP_Character] InputAction Event references unknown Action 'Jump' for  InputAction Jump
[2019.03.08-08.50.36:129][  0]LogBlueprint: Warning: [Compiler BPC_WorldInteractor] [0085,35] Compile of BPC_WorldInteractor successful, but with 2 Warning(s) [in 973 ms] (/Game/VRTemplate/ExampleContent/VR_World_Interaction/Blueprints/Components/BPC_WorldInteractor.BPC_WorldInteractor)
[2019.03.08-08.50.36:129][  0]LogBlueprint: Warning: [Compiler Ue4ASP_Character] [0085,35] Compile of Ue4ASP_Character successful, but with 2 Warning(s) [in 973 ms] (/Game/AnimStarterPack/Ue4ASP_Character.Ue4ASP_Character)
[2019.03.08-08.50.42:399][  0]LogAIModule: Creating AISystem for world Level_1
[2019.03.08-08.50.42:494][  0]LogSlate: New Slate User Created.  User Index 8, Is Virtual User: 1
[2019.03.08-08.50.42:495][  0]LogSlate: Slate User Registered.  User Index 8, Is Virtual User: 1
[2019.03.08-08.50.42:502][  0]LogMaterial: Warning: Material /Game/StarterContent/Materials/M_Metal_Gold.M_Metal_Gold needed to have new flag set bUsedWithSkeletalMesh !
[2019.03.08-08.50.42:504][  0]LogMaterial: Display: Missing cached shader map for material M_Metal_Gold, compiling. 
[2019.03.08-08.50.42:571][  0]MapCheck: Warning: M_Metal_Gold Material /Game/StarterContent/Materials/M_Metal_Gold.M_Metal_Gold was missing the usage flag bUsedWithSkeletalMesh. If the material asset is not re-saved, it may not render correctly when run outside the editor. Fix
[2019.03.08-08.50.42:572][  0]LogMaterial: Warning: Material /Game/StarterContent/Materials/M_Metal_Burnished_Steel.M_Metal_Burnished_Steel needed to have new flag set bUsedWithSkeletalMesh !
[2019.03.08-08.50.42:574][  0]LogMaterial: Display: Missing cached shader map for material M_Metal_Burnished_Steel, compiling. 
[2019.03.08-08.50.42:604][  0]LogShaderCompilers: Display: Shaders left to compile 69
[2019.03.08-08.50.42:604][  0]LogShaderCompilers: Display: Shaders left to compile 59
[2019.03.08-08.50.42:604][  0]LogShaderCompilers: Display: Shaders left to compile 49
[2019.03.08-08.50.42:604][  0]LogShaderCompilers: Display: Shaders left to compile 39
[2019.03.08-08.50.42:604][  0]LogShaderCompilers: Display: Shaders left to compile 29
[2019.03.08-08.50.42:604][  0]MapCheck: Warning: M_Metal_Burnished_Steel Material /Game/StarterContent/Materials/M_Metal_Burnished_Steel.M_Metal_Burnished_Steel was missing the usage flag bUsedWithSkeletalMesh. If the material asset is not re-saved, it may not render correctly when run outside the editor. Fix
[2019.03.08-08.50.42:604][  0]LogMaterial: Warning: Material /Game/StarterContent/Materials/M_Metal_Chrome.M_Metal_Chrome needed to have new flag set bUsedWithSkeletalMesh !
[2019.03.08-08.50.42:606][  0]LogMaterial: Display: Missing cached shader map for material M_Metal_Chrome, compiling. 
[2019.03.08-08.50.42:635][  0]MapCheck: Warning: M_Metal_Chrome Material /Game/StarterContent/Materials/M_Metal_Chrome.M_Metal_Chrome was missing the usage flag bUsedWithSkeletalMesh. If the material asset is not re-saved, it may not render correctly when run outside the editor. Fix
[2019.03.08-08.50.42:647][  0]LogScript: Warning: Script Msg: Attempted to access index 0 from array 'inEars' of length 0 in '/Game/PFE/Blueprint/NotMine/BP_TeleportArea.BP_TeleportArea_C:GetTrainglesFromPoints'!
[2019.03.08-08.50.42:647][  0]LogScript: Warning: Script Msg: Attempted to access index 0 from array 'inEars' of length 0 in '/Game/PFE/Blueprint/NotMine/BP_TeleportArea.BP_TeleportArea_C:GetTrainglesFromPoints'!
[2019.03.08-08.50.42:647][  0]LogScript: Warning: Script Msg: Attempted to access index 0 from array 'inEars' of length 0 in '/Game/PFE/Blueprint/NotMine/BP_TeleportArea.BP_TeleportArea_C:GetTrainglesFromPoints'!
[2019.03.08-08.50.42:647][  0]LogScript: Warning: Script Msg: Attempted to access index 0 from array 'inEars' of length 0 in '/Game/PFE/Blueprint/NotMine/BP_TeleportArea.BP_TeleportArea_C:GetTrainglesFromPoints'!
[2019.03.08-08.50.42:648][  0]LogScript: Warning: Script Msg: Attempted to access index 0 from array 'inEars' of length 0 in '/Game/PFE/Blueprint/NotMine/BP_TeleportArea.BP_TeleportArea_C:GetTrainglesFromPoints'!
[2019.03.08-08.50.42:648][  0]LogScript: Warning: Script Msg: Attempted to access index 0 from array 'inEars' of length 0 in '/Game/PFE/Blueprint/NotMine/BP_TeleportArea.BP_TeleportArea_C:GetTrainglesFromPoints'!
[2019.03.08-08.50.42:650][  0]LogScript: Warning: Script Msg: Attempted to access index 0 from array 'inEars' of length 0 in '/Game/PFE/Blueprint/NotMine/BP_TeleportArea.BP_TeleportArea_C:GetTrainglesFromPoints'!
[2019.03.08-08.50.42:650][  0]LogScript: Warning: Script Msg: Attempted to access index 0 from array 'inEars' of length 0 in '/Game/PFE/Blueprint/NotMine/BP_TeleportArea.BP_TeleportArea_C:GetTrainglesFromPoints'!
[2019.03.08-08.50.42:650][  0]LogScript: Warning: Script Msg: Attempted to access index 0 from array 'inEars' of length 0 in '/Game/PFE/Blueprint/NotMine/BP_TeleportArea.BP_TeleportArea_C:GetTrainglesFromPoints'!
[2019.03.08-08.50.42:650][  0]LogScript: Warning: Script Msg: Attempted to access index 0 from array 'inEars' of length 0 in '/Game/PFE/Blueprint/NotMine/BP_TeleportArea.BP_TeleportArea_C:GetTrainglesFromPoints'!
[2019.03.08-08.50.42:650][  0]LogScript: Warning: Script Msg: Attempted to access index 0 from array 'inEars' of length 0 in '/Game/PFE/Blueprint/NotMine/BP_TeleportArea.BP_TeleportArea_C:GetTrainglesFromPoints'!
[2019.03.08-08.50.42:650][  0]LogScript: Warning: Script Msg: Attempted to access index 0 from array 'inEars' of length 0 in '/Game/PFE/Blueprint/NotMine/BP_TeleportArea.BP_TeleportArea_C:GetTrainglesFromPoints'!
[2019.03.08-08.50.42:661][  0]LogScript: Warning: Script Msg: Attempted to access index 0 from array 'inEars' of length 0 in '/Game/PFE/Blueprint/NotMine/BP_TeleportArea.BP_TeleportArea_C:GetTrainglesFromPoints'!
[2019.03.08-08.50.42:661][  0]LogScript: Warning: Script Msg: Attempted to access index 0 from array 'inEars' of length 0 in '/Game/PFE/Blueprint/NotMine/BP_TeleportArea.BP_TeleportArea_C:GetTrainglesFromPoints'!
[2019.03.08-08.50.42:661][  0]LogScript: Warning: Script Msg: Attempted to access index 0 from array 'inEars' of length 0 in '/Game/PFE/Blueprint/NotMine/BP_TeleportArea.BP_TeleportArea_C:GetTrainglesFromPoints'!
[2019.03.08-08.50.42:661][  0]LogScript: Warning: Script Msg: Attempted to access index 0 from array 'inEars' of length 0 in '/Game/PFE/Blueprint/NotMine/BP_TeleportArea.BP_TeleportArea_C:GetTrainglesFromPoints'!
[2019.03.08-08.50.42:661][  0]LogScript: Warning: Script Msg: Attempted to access index 0 from array 'inEars' of length 0 in '/Game/PFE/Blueprint/NotMine/BP_TeleportArea.BP_TeleportArea_C:GetTrainglesFromPoints'!
[2019.03.08-08.50.42:661][  0]LogScript: Warning: Script Msg: Attempted to access index 0 from array 'inEars' of length 0 in '/Game/PFE/Blueprint/NotMine/BP_TeleportArea.BP_TeleportArea_C:GetTrainglesFromPoints'!
[2019.03.08-08.50.42:670][  0]LogScript: Warning: Script Msg: Attempted to access index 0 from array 'inEars' of length 0 in '/Game/PFE/Blueprint/NotMine/BP_TeleportArea.BP_TeleportArea_C:GetTrainglesFromPoints'!
[2019.03.08-08.50.42:670][  0]LogScript: Warning: Script Msg: Attempted to access index 0 from array 'inEars' of length 0 in '/Game/PFE/Blueprint/NotMine/BP_TeleportArea.BP_TeleportArea_C:GetTrainglesFromPoints'!
[2019.03.08-08.50.42:670][  0]LogScript: Warning: Script Msg: Attempted to access index 0 from array 'inEars' of length 0 in '/Game/PFE/Blueprint/NotMine/BP_TeleportArea.BP_TeleportArea_C:GetTrainglesFromPoints'!
[2019.03.08-08.50.42:670][  0]LogScript: Warning: Script Msg: Attempted to access index 0 from array 'inEars' of length 0 in '/Game/PFE/Blueprint/NotMine/BP_TeleportArea.BP_TeleportArea_C:GetTrainglesFromPoints'!
[2019.03.08-08.50.42:670][  0]LogScript: Warning: Script Msg: Attempted to access index 0 from array 'inEars' of length 0 in '/Game/PFE/Blueprint/NotMine/BP_TeleportArea.BP_TeleportArea_C:GetTrainglesFromPoints'!
[2019.03.08-08.50.42:670][  0]LogScript: Warning: Script Msg: Attempted to access index 0 from array 'inEars' of length 0 in '/Game/PFE/Blueprint/NotMine/BP_TeleportArea.BP_TeleportArea_C:GetTrainglesFromPoints'!
[2019.03.08-08.50.42:682][  0]LogScript: Warning: Script Msg: Attempted to access index 0 from array 'inEars' of length 0 in '/Game/PFE/Blueprint/NotMine/BP_TeleportArea.BP_TeleportArea_C:GetTrainglesFromPoints'!
[2019.03.08-08.50.42:682][  0]LogScript: Warning: Script Msg: Attempted to access index 0 from array 'inEars' of length 0 in '/Game/PFE/Blueprint/NotMine/BP_TeleportArea.BP_TeleportArea_C:GetTrainglesFromPoints'!
[2019.03.08-08.50.42:682][  0]LogScript: Warning: Script Msg: Attempted to access index 0 from array 'inEars' of length 0 in '/Game/PFE/Blueprint/NotMine/BP_TeleportArea.BP_TeleportArea_C:GetTrainglesFromPoints'!
[2019.03.08-08.50.42:682][  0]LogScript: Warning: Script Msg: Attempted to access index 0 from array 'inEars' of length 0 in '/Game/PFE/Blueprint/NotMine/BP_TeleportArea.BP_TeleportArea_C:GetTrainglesFromPoints'!
[2019.03.08-08.50.42:682][  0]LogScript: Warning: Script Msg: Attempted to access index 0 from array 'inEars' of length 0 in '/Game/PFE/Blueprint/NotMine/BP_TeleportArea.BP_TeleportArea_C:GetTrainglesFromPoints'!
[2019.03.08-08.50.42:682][  0]LogScript: Warning: Script Msg: Attempted to access index 0 from array 'inEars' of length 0 in '/Game/PFE/Blueprint/NotMine/BP_TeleportArea.BP_TeleportArea_C:GetTrainglesFromPoints'!
[2019.03.08-08.50.42:694][  0]PIE: Warning: AttachTo: '/Game/PFE/Levels/Level_1.Level_1:PersistentLevel.Driller_5.DefaultSceneRoot' is not static  (in blueprint "Driller"), cannot attach '/Game/PFE/Levels/Level_1.Level_1:PersistentLevel.Driller_5.StaticMesh1' which is static to it. Aborting.
[2019.03.08-08.50.42:696][  0]LogScript: Warning: Script Msg: Attempted to access index 0 from array 'inEars' of length 0 in '/Game/PFE/Blueprint/NotMine/BP_TeleportArea.BP_TeleportArea_C:GetTrainglesFromPoints'!
[2019.03.08-08.50.42:696][  0]LogScript: Warning: Script Msg: Attempted to access index 0 from array 'inEars' of length 0 in '/Game/PFE/Blueprint/NotMine/BP_TeleportArea.BP_TeleportArea_C:GetTrainglesFromPoints'!
[2019.03.08-08.50.42:696][  0]LogScript: Warning: Script Msg: Attempted to access index 0 from array 'inEars' of length 0 in '/Game/PFE/Blueprint/NotMine/BP_TeleportArea.BP_TeleportArea_C:GetTrainglesFromPoints'!
[2019.03.08-08.50.42:696][  0]LogScript: Warning: Script Msg: Attempted to access index 0 from array 'inEars' of length 0 in '/Game/PFE/Blueprint/NotMine/BP_TeleportArea.BP_TeleportArea_C:GetTrainglesFromPoints'!
[2019.03.08-08.50.42:696][  0]LogScript: Warning: Script Msg: Attempted to access index 0 from array 'inEars' of length 0 in '/Game/PFE/Blueprint/NotMine/BP_TeleportArea.BP_TeleportArea_C:GetTrainglesFromPoints'!
[2019.03.08-08.50.42:696][  0]LogScript: Warning: Script Msg: Attempted to access index 0 from array 'inEars' of length 0 in '/Game/PFE/Blueprint/NotMine/BP_TeleportArea.BP_TeleportArea_C:GetTrainglesFromPoints'!
[2019.03.08-08.50.42:707][  0]LogScript: Warning: Script Msg: Attempted to access index 0 from array 'inEars' of length 0 in '/Game/PFE/Blueprint/NotMine/BP_TeleportArea.BP_TeleportArea_C:GetTrainglesFromPoints'!
[2019.03.08-08.50.42:707][  0]LogScript: Warning: Script Msg: Attempted to access index 0 from array 'inEars' of length 0 in '/Game/PFE/Blueprint/NotMine/BP_TeleportArea.BP_TeleportArea_C:GetTrainglesFromPoints'!
[2019.03.08-08.50.42:707][  0]LogScript: Warning: Script Msg: Attempted to access index 0 from array 'inEars' of length 0 in '/Game/PFE/Blueprint/NotMine/BP_TeleportArea.BP_TeleportArea_C:GetTrainglesFromPoints'!
[2019.03.08-08.50.42:707][  0]LogScript: Warning: Script Msg: Attempted to access index 0 from array 'inEars' of length 0 in '/Game/PFE/Blueprint/NotMine/BP_TeleportArea.BP_TeleportArea_C:GetTrainglesFromPoints'!
[2019.03.08-08.50.42:708][  0]LogScript: Warning: Script Msg: Attempted to access index 0 from array 'inEars' of length 0 in '/Game/PFE/Blueprint/NotMine/BP_TeleportArea.BP_TeleportArea_C:GetTrainglesFromPoints'!
[2019.03.08-08.50.42:708][  0]LogScript: Warning: Script Msg: Attempted to access index 0 from array 'inEars' of length 0 in '/Game/PFE/Blueprint/NotMine/BP_TeleportArea.BP_TeleportArea_C:GetTrainglesFromPoints'!
[2019.03.08-08.50.42:709][  0]LogScript: Warning: Script Msg: Attempted to access index 0 from array 'inEars' of length 0 in '/Game/PFE/Blueprint/NotMine/BP_TeleportArea.BP_TeleportArea_C:GetTrainglesFromPoints'!
[2019.03.08-08.50.42:709][  0]LogScript: Warning: Script Msg: Attempted to access index 0 from array 'inEars' of length 0 in '/Game/PFE/Blueprint/NotMine/BP_TeleportArea.BP_TeleportArea_C:GetTrainglesFromPoints'!
[2019.03.08-08.50.42:709][  0]LogScript: Warning: Script Msg: Attempted to access index 0 from array 'inEars' of length 0 in '/Game/PFE/Blueprint/NotMine/BP_TeleportArea.BP_TeleportArea_C:GetTrainglesFromPoints'!
[2019.03.08-08.50.42:710][  0]LogScript: Warning: Script Msg: Attempted to access index 0 from array 'inEars' of length 0 in '/Game/PFE/Blueprint/NotMine/BP_TeleportArea.BP_TeleportArea_C:GetTrainglesFromPoints'!
[2019.03.08-08.50.42:710][  0]LogScript: Warning: Script Msg: Attempted to access index 0 from array 'inEars' of length 0 in '/Game/PFE/Blueprint/NotMine/BP_TeleportArea.BP_TeleportArea_C:GetTrainglesFromPoints'!
[2019.03.08-08.50.42:710][  0]LogScript: Warning: Script Msg: Attempted to access index 0 from array 'inEars' of length 0 in '/Game/PFE/Blueprint/NotMine/BP_TeleportArea.BP_TeleportArea_C:GetTrainglesFromPoints'!
[2019.03.08-08.50.42:712][  0]LogScript: Warning: Script Msg: Attempted to access index 0 from array 'inEars' of length 0 in '/Game/PFE/Blueprint/NotMine/BP_TeleportArea.BP_TeleportArea_C:GetTrainglesFromPoints'!
[2019.03.08-08.50.42:712][  0]LogScript: Warning: Script Msg: Attempted to access index 0 from array 'inEars' of length 0 in '/Game/PFE/Blueprint/NotMine/BP_TeleportArea.BP_TeleportArea_C:GetTrainglesFromPoints'!
[2019.03.08-08.50.42:712][  0]LogScript: Warning: Script Msg: Attempted to access index 0 from array 'inEars' of length 0 in '/Game/PFE/Blueprint/NotMine/BP_TeleportArea.BP_TeleportArea_C:GetTrainglesFromPoints'!
[2019.03.08-08.50.42:713][  0]LogScript: Warning: Script Msg: Attempted to access index 0 from array 'inEars' of length 0 in '/Game/PFE/Blueprint/NotMine/BP_TeleportArea.BP_TeleportArea_C:GetTrainglesFromPoints'!
[2019.03.08-08.50.42:713][  0]LogScript: Warning: Script Msg: Attempted to access index 0 from array 'inEars' of length 0 in '/Game/PFE/Blueprint/NotMine/BP_TeleportArea.BP_TeleportArea_C:GetTrainglesFromPoints'!
[2019.03.08-08.50.42:713][  0]LogScript: Warning: Script Msg: Attempted to access index 0 from array 'inEars' of length 0 in '/Game/PFE/Blueprint/NotMine/BP_TeleportArea.BP_TeleportArea_C:GetTrainglesFromPoints'!
[2019.03.08-08.50.42:715][  0]LogScript: Warning: Script Msg: Attempted to access index 0 from array 'inEars' of length 0 in '/Game/PFE/Blueprint/NotMine/BP_TeleportArea.BP_TeleportArea_C:GetTrainglesFromPoints'!
[2019.03.08-08.50.42:715][  0]LogScript: Warning: Script Msg: Attempted to access index 0 from array 'inEars' of length 0 in '/Game/PFE/Blueprint/NotMine/BP_TeleportArea.BP_TeleportArea_C:GetTrainglesFromPoints'!
[2019.03.08-08.50.42:715][  0]LogScript: Warning: Script Msg: Attempted to access index 0 from array 'inEars' of length 0 in '/Game/PFE/Blueprint/NotMine/BP_TeleportArea.BP_TeleportArea_C:GetTrainglesFromPoints'!
[2019.03.08-08.50.42:715][  0]LogScript: Warning: Script Msg: Attempted to access index 0 from array 'inEars' of length 0 in '/Game/PFE/Blueprint/NotMine/BP_TeleportArea.BP_TeleportArea_C:GetTrainglesFromPoints'!
[2019.03.08-08.50.42:715][  0]LogScript: Warning: Script Msg: Attempted to access index 0 from array 'inEars' of length 0 in '/Game/PFE/Blueprint/NotMine/BP_TeleportArea.BP_TeleportArea_C:GetTrainglesFromPoints'!
[2019.03.08-08.50.42:715][  0]LogScript: Warning: Script Msg: Attempted to access index 0 from array 'inEars' of length 0 in '/Game/PFE/Blueprint/NotMine/BP_TeleportArea.BP_TeleportArea_C:GetTrainglesFromPoints'!
[2019.03.08-08.50.42:718][  0]LogScript: Warning: Script Msg: Attempted to access index 0 from array 'inEars' of length 0 in '/Game/PFE/Blueprint/NotMine/BP_TeleportArea.BP_TeleportArea_C:GetTrainglesFromPoints'!
[2019.03.08-08.50.42:718][  0]LogScript: Warning: Script Msg: Attempted to access index 0 from array 'inEars' of length 0 in '/Game/PFE/Blueprint/NotMine/BP_TeleportArea.BP_TeleportArea_C:GetTrainglesFromPoints'!
[2019.03.08-08.50.42:718][  0]LogScript: Warning: Script Msg: Attempted to access index 0 from array 'inEars' of length 0 in '/Game/PFE/Blueprint/NotMine/BP_TeleportArea.BP_TeleportArea_C:GetTrainglesFromPoints'!
[2019.03.08-08.50.42:718][  0]LogScript: Warning: Script Msg: Attempted to access index 0 from array 'inEars' of length 0 in '/Game/PFE/Blueprint/NotMine/BP_TeleportArea.BP_TeleportArea_C:GetTrainglesFromPoints'!
[2019.03.08-08.50.42:718][  0]LogScript: Warning: Script Msg: Attempted to access index 0 from array 'inEars' of length 0 in '/Game/PFE/Blueprint/NotMine/BP_TeleportArea.BP_TeleportArea_C:GetTrainglesFromPoints'!
[2019.03.08-08.50.42:718][  0]LogScript: Warning: Script Msg: Attempted to access index 0 from array 'inEars' of length 0 in '/Game/PFE/Blueprint/NotMine/BP_TeleportArea.BP_TeleportArea_C:GetTrainglesFromPoints'!
[2019.03.08-08.50.42:721][  0]LogScript: Warning: Script Msg: Attempted to access index 0 from array 'inEars' of length 0 in '/Game/PFE/Blueprint/NotMine/BP_TeleportArea.BP_TeleportArea_C:GetTrainglesFromPoints'!
[2019.03.08-08.50.42:721][  0]LogScript: Warning: Script Msg: Attempted to access index 0 from array 'inEars' of length 0 in '/Game/PFE/Blueprint/NotMine/BP_TeleportArea.BP_TeleportArea_C:GetTrainglesFromPoints'!
[2019.03.08-08.50.42:721][  0]LogScript: Warning: Script Msg: Attempted to access index 0 from array 'inEars' of length 0 in '/Game/PFE/Blueprint/NotMine/BP_TeleportArea.BP_TeleportArea_C:GetTrainglesFromPoints'!
[2019.03.08-08.50.42:721][  0]LogScript: Warning: Script Msg: Attempted to access index 0 from array 'inEars' of length 0 in '/Game/PFE/Blueprint/NotMine/BP_TeleportArea.BP_TeleportArea_C:GetTrainglesFromPoints'!
[2019.03.08-08.50.42:721][  0]LogScript: Warning: Script Msg: Attempted to access index 0 from array 'inEars' of length 0 in '/Game/PFE/Blueprint/NotMine/BP_TeleportArea.BP_TeleportArea_C:GetTrainglesFromPoints'!
[2019.03.08-08.50.42:722][  0]LogScript: Warning: Script Msg: Attempted to access index 0 from array 'inEars' of length 0 in '/Game/PFE/Blueprint/NotMine/BP_TeleportArea.BP_TeleportArea_C:GetTrainglesFromPoints'!
[2019.03.08-08.50.42:724][  0]LogScript: Warning: Script Msg: Attempted to access index 0 from array 'inEars' of length 0 in '/Game/PFE/Blueprint/NotMine/BP_TeleportArea.BP_TeleportArea_C:GetTrainglesFromPoints'!
[2019.03.08-08.50.42:724][  0]LogScript: Warning: Script Msg: Attempted to access index 0 from array 'inEars' of length 0 in '/Game/PFE/Blueprint/NotMine/BP_TeleportArea.BP_TeleportArea_C:GetTrainglesFromPoints'!
[2019.03.08-08.50.42:724][  0]LogScript: Warning: Script Msg: Attempted to access index 0 from array 'inEars' of length 0 in '/Game/PFE/Blueprint/NotMine/BP_TeleportArea.BP_TeleportArea_C:GetTrainglesFromPoints'!
[2019.03.08-08.50.42:724][  0]LogScript: Warning: Script Msg: Attempted to access index 0 from array 'inEars' of length 0 in '/Game/PFE/Blueprint/NotMine/BP_TeleportArea.BP_TeleportArea_C:GetTrainglesFromPoints'!
[2019.03.08-08.50.42:724][  0]LogScript: Warning: Script Msg: Attempted to access index 0 from array 'inEars' of length 0 in '/Game/PFE/Blueprint/NotMine/BP_TeleportArea.BP_TeleportArea_C:GetTrainglesFromPoints'!
[2019.03.08-08.50.42:724][  0]LogScript: Warning: Script Msg: Attempted to access index 0 from array 'inEars' of length 0 in '/Game/PFE/Blueprint/NotMine/BP_TeleportArea.BP_TeleportArea_C:GetTrainglesFromPoints'!
[2019.03.08-08.50.42:726][  0]LogScript: Warning: Script Msg: Attempted to access index 0 from array 'inEars' of length 0 in '/Game/PFE/Blueprint/NotMine/BP_TeleportArea.BP_TeleportArea_C:GetTrainglesFromPoints'!
[2019.03.08-08.50.42:726][  0]LogScript: Warning: Script Msg: Attempted to access index 0 from array 'inEars' of length 0 in '/Game/PFE/Blueprint/NotMine/BP_TeleportArea.BP_TeleportArea_C:GetTrainglesFromPoints'!
[2019.03.08-08.50.42:726][  0]LogScript: Warning: Script Msg: Attempted to access index 0 from array 'inEars' of length 0 in '/Game/PFE/Blueprint/NotMine/BP_TeleportArea.BP_TeleportArea_C:GetTrainglesFromPoints'!
[2019.03.08-08.50.42:726][  0]LogScript: Warning: Script Msg: Attempted to access index 0 from array 'inEars' of length 0 in '/Game/PFE/Blueprint/NotMine/BP_TeleportArea.BP_TeleportArea_C:GetTrainglesFromPoints'!
[2019.03.08-08.50.42:726][  0]LogScript: Warning: Script Msg: Attempted to access index 0 from array 'inEars' of length 0 in '/Game/PFE/Blueprint/NotMine/BP_TeleportArea.BP_TeleportArea_C:GetTrainglesFromPoints'!
[2019.03.08-08.50.42:726][  0]LogScript: Warning: Script Msg: Attempted to access index 0 from array 'inEars' of length 0 in '/Game/PFE/Blueprint/NotMine/BP_TeleportArea.BP_TeleportArea_C:GetTrainglesFromPoints'!
[2019.03.08-08.50.42:728][  0]LogScript: Warning: Script Msg: Attempted to access index 0 from array 'inEars' of length 0 in '/Game/PFE/Blueprint/NotMine/BP_TeleportArea.BP_TeleportArea_C:GetTrainglesFromPoints'!
[2019.03.08-08.50.42:728][  0]LogScript: Warning: Script Msg: Attempted to access index 0 from array 'inEars' of length 0 in '/Game/PFE/Blueprint/NotMine/BP_TeleportArea.BP_TeleportArea_C:GetTrainglesFromPoints'!
[2019.03.08-08.50.42:728][  0]LogScript: Warning: Script Msg: Attempted to access index 0 from array 'inEars' of length 0 in '/Game/PFE/Blueprint/NotMine/BP_TeleportArea.BP_TeleportArea_C:GetTrainglesFromPoints'!
[2019.03.08-08.50.42:728][  0]LogScript: Warning: Script Msg: Attempted to access index 0 from array 'inEars' of length 0 in '/Game/PFE/Blueprint/NotMine/BP_TeleportArea.BP_TeleportArea_C:GetTrainglesFromPoints'!
[2019.03.08-08.50.42:728][  0]LogScript: Warning: Script Msg: Attempted to access index 0 from array 'inEars' of length 0 in '/Game/PFE/Blueprint/NotMine/BP_TeleportArea.BP_TeleportArea_C:GetTrainglesFromPoints'!
[2019.03.08-08.50.42:728][  0]LogScript: Warning: Script Msg: Attempted to access index 0 from array 'inEars' of length 0 in '/Game/PFE/Blueprint/NotMine/BP_TeleportArea.BP_TeleportArea_C:GetTrainglesFromPoints'!
[2019.03.08-08.50.42:730][  0]LogScript: Warning: Script Msg: Attempted to access index 0 from array 'inEars' of length 0 in '/Game/PFE/Blueprint/NotMine/BP_TeleportArea.BP_TeleportArea_C:GetTrainglesFromPoints'!
[2019.03.08-08.50.42:730][  0]LogScript: Warning: Script Msg: Attempted to access index 0 from array 'inEars' of length 0 in '/Game/PFE/Blueprint/NotMine/BP_TeleportArea.BP_TeleportArea_C:GetTrainglesFromPoints'!
[2019.03.08-08.50.42:730][  0]LogScript: Warning: Script Msg: Attempted to access index 0 from array 'inEars' of length 0 in '/Game/PFE/Blueprint/NotMine/BP_TeleportArea.BP_TeleportArea_C:GetTrainglesFromPoints'!
[2019.03.08-08.50.42:730][  0]LogScript: Warning: Script Msg: Attempted to access index 0 from array 'inEars' of length 0 in '/Game/PFE/Blueprint/NotMine/BP_TeleportArea.BP_TeleportArea_C:GetTrainglesFromPoints'!
[2019.03.08-08.50.42:730][  0]LogScript: Warning: Script Msg: Attempted to access index 0 from array 'inEars' of length 0 in '/Game/PFE/Blueprint/NotMine/BP_TeleportArea.BP_TeleportArea_C:GetTrainglesFromPoints'!
[2019.03.08-08.50.42:730][  0]LogScript: Warning: Script Msg: Attempted to access index 0 from array 'inEars' of length 0 in '/Game/PFE/Blueprint/NotMine/BP_TeleportArea.BP_TeleportArea_C:GetTrainglesFromPoints'!
[2019.03.08-08.50.42:733][  0]LogScript: Warning: Script Msg: Attempted to access index 0 from array 'inEars' of length 0 in '/Game/PFE/Blueprint/NotMine/BP_TeleportArea.BP_TeleportArea_C:GetTrainglesFromPoints'!
[2019.03.08-08.50.42:733][  0]LogScript: Warning: Script Msg: Attempted to access index 0 from array 'inEars' of length 0 in '/Game/PFE/Blueprint/NotMine/BP_TeleportArea.BP_TeleportArea_C:GetTrainglesFromPoints'!
[2019.03.08-08.50.42:733][  0]LogScript: Warning: Script Msg: Attempted to access index 0 from array 'inEars' of length 0 in '/Game/PFE/Blueprint/NotMine/BP_TeleportArea.BP_TeleportArea_C:GetTrainglesFromPoints'!
[2019.03.08-08.50.42:733][  0]LogScript: Warning: Script Msg: Attempted to access index 0 from array 'inEars' of length 0 in '/Game/PFE/Blueprint/NotMine/BP_TeleportArea.BP_TeleportArea_C:GetTrainglesFromPoints'!
[2019.03.08-08.50.42:733][  0]LogScript: Warning: Script Msg: Attempted to access index 0 from array 'inEars' of length 0 in '/Game/PFE/Blueprint/NotMine/BP_TeleportArea.BP_TeleportArea_C:GetTrainglesFromPoints'!
[2019.03.08-08.50.42:733][  0]LogScript: Warning: Script Msg: Attempted to access index 0 from array 'inEars' of length 0 in '/Game/PFE/Blueprint/NotMine/BP_TeleportArea.BP_TeleportArea_C:GetTrainglesFromPoints'!
[2019.03.08-08.50.42:745][  0]LogScript: Warning: Script Msg: Attempted to access index 0 from array 'inEars' of length 0 in '/Game/PFE/Blueprint/NotMine/BP_TeleportArea.BP_TeleportArea_C:GetTrainglesFromPoints'!
[2019.03.08-08.50.42:745][  0]LogScript: Warning: Script Msg: Attempted to access index 0 from array 'inEars' of length 0 in '/Game/PFE/Blueprint/NotMine/BP_TeleportArea.BP_TeleportArea_C:GetTrainglesFromPoints'!
[2019.03.08-08.50.42:745][  0]LogScript: Warning: Script Msg: Attempted to access index 0 from array 'inEars' of length 0 in '/Game/PFE/Blueprint/NotMine/BP_TeleportArea.BP_TeleportArea_C:GetTrainglesFromPoints'!
[2019.03.08-08.50.42:745][  0]LogScript: Warning: Script Msg: Attempted to access index 0 from array 'inEars' of length 0 in '/Game/PFE/Blueprint/NotMine/BP_TeleportArea.BP_TeleportArea_C:GetTrainglesFromPoints'!
[2019.03.08-08.50.42:745][  0]LogScript: Warning: Script Msg: Attempted to access index 0 from array 'inEars' of length 0 in '/Game/PFE/Blueprint/NotMine/BP_TeleportArea.BP_TeleportArea_C:GetTrainglesFromPoints'!
[2019.03.08-08.50.42:745][  0]LogScript: Warning: Script Msg: Attempted to access index 0 from array 'inEars' of length 0 in '/Game/PFE/Blueprint/NotMine/BP_TeleportArea.BP_TeleportArea_C:GetTrainglesFromPoints'!
[2019.03.08-08.50.42:786][  0]LogScript: Warning: Attempted to access TRASH_StaticMeshComponent_78 via property CamTrack, but TRASH_StaticMeshComponent_78 is pending kill
	AnimBP1_C /Game/PFE/Levels/Level_1.Level_1:PersistentLevel.BP_WorldInteractionPawn_5.A_Character.AnimBP1_C_0
	Function /Game/Mannequin/Animations/AnimBP1.AnimBP1_C:ExecuteUbergraph_AnimBP1:0330
[2019.03.08-08.50.42:794][  0]LogEditorServer: Finished looking for orphan Actors (0.000 secs)
[2019.03.08-08.50.42:860][  0]Cmd: MAP CHECKDEP NOCLEARLOG
[2019.03.08-08.50.42:993][  0]MapCheck: Map check complete: 0 Error(s), 3 Warning(s), took 133,476ms to complete.
[2019.03.08-08.50.43:008][  0]LogFileHelpers: Loading map 'Level_1' took 21.319
[2019.03.08-08.50.43:223][  0]LogSlate: Updating window title bar state: overlay mode, drag disabled, window buttons hidden, title bar hidden
[2019.03.08-08.50.43:230][  0]LogSlate: Updating window title bar state: overlay mode, drag disabled, window buttons hidden, title bar hidden
[2019.03.08-08.50.43:241][  0]LogSlate: Updating window title bar state: overlay mode, drag disabled, window buttons hidden, title bar hidden
[2019.03.08-08.50.43:250][  0]LogSlate: Updating window title bar state: overlay mode, drag disabled, window buttons hidden, title bar hidden
[2019.03.08-08.50.43:278][  0]LogCollectionManager: Loaded 0 collections in 0.000881 seconds
[2019.03.08-08.50.43:321][  0]LogFileCache: Scanning file cache for directory 'D:/BackupAbsolue/TABProject/ICHOR-Last-Year/Saved/Collections/' took 0.01s
[2019.03.08-08.50.43:321][  0]LogFileCache: Scanning file cache for directory 'D:/BackupAbsolue/TABProject/ICHOR-Last-Year/Content/Developers/etudiant/Collections/' took 0.01s
[2019.03.08-08.50.43:321][  0]LogFileCache: Scanning file cache for directory 'D:/BackupAbsolue/TABProject/ICHOR-Last-Year/Content/Collections/' took 0.01s
[2019.03.08-08.50.43:321][  0]LogCollectionManager: Rebuilt the GUID cache for 0 collections in 0.000000 seconds
[2019.03.08-08.50.43:329][  0]LogContentBrowser: Native class hierarchy populated in 0.0079 seconds. Added 2581 classes and 608 folders.
[2019.03.08-08.50.43:335][  0]LogContentBrowser: Native class hierarchy updated for 'WidgetCarousel' in 0.0003 seconds. Added 0 classes and 0 folders.
[2019.03.08-08.50.45:672][  0]LogContentBrowser: Native class hierarchy updated for 'AddContentDialog' in 0.0003 seconds. Added 0 classes and 0 folders.
[2019.03.08-08.50.45:699][  0]LogContentBrowser: Native class hierarchy updated for 'SceneOutliner' in 0.0003 seconds. Added 1 classes and 2 folders.
[2019.03.08-08.50.47:591][  0]LogShaderCompilers: Display: Shaders left to compile 157
[2019.03.08-08.50.47:591][  0]LogShaderCompilers: Display: Shaders left to compile 147
[2019.03.08-08.50.47:591][  0]LogShaderCompilers: Display: Shaders left to compile 137
[2019.03.08-08.50.47:591][  0]LogSlate: Only BGRA pngs, bmps or icos are supported in by External Image Picker
[2019.03.08-08.50.47:640][  0]LogShaderCompilers: Display: Shaders left to compile 127
[2019.03.08-08.50.47:640][  0]LogSlate: Took 0.011267 seconds to synchronously load lazily loaded font '../../../Engine/Content/Slate/Fonts/Roboto-Regular.ttf' (155K)
[2019.03.08-08.50.47:652][  0]LogTemp: Executing iPhonePackager certificates Engine -bundlename com.YourCompany.ICHOR
[2019.03.08-08.50.47:652][  0]LogTemp: CWD: D:\Epic Games\UE_4.20\Engine\Binaries\DotNET\IOS
[2019.03.08-08.50.47:652][  0]LogTemp: Initial Dir: D:\Epic Games\UE_4.20
[2019.03.08-08.50.47:652][  0]LogTemp: Env CWD: D:\Epic Games\UE_4.20\Engine\Binaries\DotNET\IOS
[2019.03.08-08.50.47:652][  0]LogSlate: Took 0.008023 seconds to synchronously load lazily loaded font '../../../Engine/Content/Slate/Fonts/Roboto-Bold.ttf' (160K)
[2019.03.08-08.50.47:669][  0]LogTemp: BranchPath = i7-mk8-2017-03/D/Epic Games/UE_4.20/Engine/Binaries --- GameBranchPath = i7-mk8-2017-03/D/Epic Games/UE_4.20/Engine/Binaries
[2019.03.08-08.50.47:669][  0]LogSlate: Took 0.011020 seconds to synchronously load lazily loaded font '../../../Engine/Content/Editor/Slate/Fonts/FontAwesome.ttf' (139K)
[2019.03.08-08.50.47:919][  0]LogTemp: IPP ERROR: Could not find provision directory 'C:\Users\etudiant\AppData\Local/Apple Computer/MobileDevice/Provisioning Profiles/'.
[2019.03.08-08.50.47:920][  0]LogRenderer: Reallocating scene render targets to support 1236x620 Format 10 NumSamples 1 (Frame:1).
[2019.03.08-08.50.47:997][  0]LogSlate: Took 0.008028 seconds to synchronously load lazily loaded font '../../../Engine/Content/Slate/Fonts/Roboto-Light.ttf' (167K)
[2019.03.08-08.50.48:113][  0]LogContentBrowser: Native class hierarchy updated for 'HierarchicalLODOutliner' in 0.0004 seconds. Added 0 classes and 0 folders.
[2019.03.08-08.50.48:113][  0]LogLoad: (Engine Initialization) Total time: 97.33 seconds
[2019.03.08-08.50.48:113][  0]LogLoad: (Engine Initialization) Total Blueprint compile time: 0.00 seconds
[2019.03.08-08.50.48:142][  0]LogShaderCompilers: Display: Shaders left to compile 117
[2019.03.08-08.50.48:180][  0]LogContentStreaming: Texture pool size now 1000 MB
[2019.03.08-08.50.48:775][  3]LogShaderCompilers: Display: Shaders left to compile 107
[2019.03.08-08.50.48:829][  3]LogAssetRegistry: Asset discovery search completed in 56.4278 seconds
[2019.03.08-08.50.48:832][  3]LogCollectionManager: Rebuilt the object cache for 0 collections in 0.000001 seconds (found 0 objects)
[2019.03.08-08.50.48:832][  3]LogCollectionManager: Fixed up redirectors for 0 collections in 0.000097 seconds (updated 0 objects)
[2019.03.08-08.50.50:205][ 86]LogShaderCompilers: Display: Shaders left to compile 97
[2019.03.08-08.50.50:937][138]LogShaderCompilers: Display: Shaders left to compile 87
[2019.03.08-08.50.51:311][166]LogShaderCompilers: Display: Shaders left to compile 77
[2019.03.08-08.50.51:418][174]LogShaderCompilers: Display: Shaders left to compile 67
[2019.03.08-08.50.53:163][302]LogShaderCompilers: Display: Shaders left to compile 57
[2019.03.08-08.50.53:421][321]LogShaderCompilers: Display: Shaders left to compile 47
[2019.03.08-08.50.53:446][323]LogShaderCompilers: Display: Shaders left to compile 37
[2019.03.08-08.50.53:922][357]LogShaderCompilers: Display: Shaders left to compile 27
[2019.03.08-08.50.56:211][607]LogShaderCompilers: Display: Shaders left to compile 17
[2019.03.08-08.50.56:411][631]LogShaderCompilers: Display: Shaders left to compile 7
