Log file open, 04/05/19 11:03:16
LogWindows: Failed to load 'aqProf.dll' (GetLastError=126)
LogWindows: File 'aqProf.dll' does not exist
LogWindows: Failed to load 'VtuneApi.dll' (GetLastError=126)
LogWindows: File 'VtuneApi.dll' does not exist
LogWindows: Failed to load 'VtuneApi32e.dll' (GetLastError=126)
LogWindows: File 'VtuneApi32e.dll' does not exist
LogInit: Display: Running engine for game: ICHOR
LogPlatformFile: Not using cached read wrapper
LogTaskGraph: Started task graph with 5 named threads and 23 total threads with 3 sets of task threads.
LogStats: Stats thread started at 0.859553
LogD3D11RHI: Loaded GFSDK_Aftermath_Lib.x64.dll
LogICUInternationalization: Display: ICU TimeZone Detection - Raw Offset: +1:00, Platform Override: ''
LogPluginManager: Mounting plugin Paper2D
LogPluginManager: Mounting plugin AISupport
LogPluginManager: Mounting plugin LightPropagationVolume
LogPluginManager: Mounting plugin CLionSourceCodeAccess
LogPluginManager: Mounting plugin CodeLiteSourceCodeAccess
LogPluginManager: Mounting plugin GitSourceControl
LogPluginManager: Mounting plugin KDevelopSourceCodeAccess
LogPluginManager: Mounting plugin NullSourceCodeAccess
LogPluginManager: Mounting plugin PerforceSourceControl
LogPluginManager: Mounting plugin SubversionSourceControl
LogPluginManager: Mounting plugin UObjectPlugin
LogPluginManager: Mounting plugin VisualStudioCodeSourceCodeAccess
LogPluginManager: Mounting plugin VisualStudioSourceCodeAccess
LogPluginManager: Mounting plugin XCodeSourceCodeAccess
LogPluginManager: Mounting plugin AssetManagerEditor
LogPluginManager: Mounting plugin CryptoKeys
LogPluginManager: Mounting plugin DataValidation
LogPluginManager: Mounting plugin FacialAnimation
LogPluginManager: Mounting plugin GameplayTagsEditor
LogPluginManager: Mounting plugin MacGraphicsSwitching
LogPluginManager: Mounting plugin MeshEditor
LogPluginManager: Mounting plugin MobileLauncherProfileWizard
LogPluginManager: Mounting plugin PluginBrowser
LogPluginManager: Mounting plugin SpeedTreeImporter
LogPluginManager: Mounting plugin DatasmithContent
LogPluginManager: Mounting plugin AlembicImporter
LogPluginManager: Mounting plugin AppleImageUtils
LogPluginManager: Mounting plugin AppleVision
LogPluginManager: Mounting plugin BackChannel
LogPluginManager: Mounting plugin CharacterAI
LogPluginManager: Mounting plugin GeometryCache
LogPluginManager: Mounting plugin HTML5Networking
LogPluginManager: Mounting plugin ProxyLODPlugin
LogPluginManager: Mounting plugin MagicLeap
LogPluginManager: Mounting plugin MagicLeapEmulator
LogPluginManager: Mounting plugin MagicLeapMedia
LogPluginManager: Mounting plugin AndroidMedia
LogPluginManager: Mounting plugin AvfMedia
LogPluginManager: Mounting plugin ImgMedia
LogPluginManager: Mounting plugin LinearTimecode
LogPluginManager: Mounting plugin MediaCompositing
LogPluginManager: Mounting plugin MediaPlayerEditor
LogPluginManager: Mounting plugin WmfMedia
LogPluginManager: Mounting plugin TcpMessaging
LogPluginManager: Mounting plugin UdpMessaging
LogPluginManager: Mounting plugin ActorSequence
LogPluginManager: Mounting plugin LevelSequenceEditor
LogPluginManager: Mounting plugin MatineeToLevelSequence
LogPluginManager: Mounting plugin NetcodeUnitTest
LogPluginManager: Mounting plugin NUTUnrealEngine4
LogPluginManager: Mounting plugin OnlineSubsystemGooglePlay
LogPluginManager: Mounting plugin OnlineSubsystemIOS
LogPluginManager: Mounting plugin OnlineSubsystem
LogPluginManager: Mounting plugin OnlineSubsystemNull
LogPluginManager: Mounting plugin OnlineSubsystemUtils
LogPluginManager: Mounting plugin LauncherChunkInstaller
LogPluginManager: Mounting plugin AndroidDeviceProfileSelector
LogPluginManager: Mounting plugin AndroidMoviePlayer
LogPluginManager: Mounting plugin AndroidPermission
LogPluginManager: Mounting plugin ApexDestruction
LogPluginManager: Mounting plugin AppleMoviePlayer
LogPluginManager: Mounting plugin ArchVisCharacter
LogPluginManager: Mounting plugin AudioCapture
LogPluginManager: Mounting plugin CableComponent
LogPluginManager: Mounting plugin CustomMeshComponent
LogPluginManager: Mounting plugin EditableMesh
LogPluginManager: Mounting plugin ExampleDeviceProfileSelector
LogPluginManager: Mounting plugin GoogleCloudMessaging
LogPluginManager: Mounting plugin ImmediatePhysics
LogPluginManager: Mounting plugin IOSDeviceProfileSelector
LogPluginManager: Mounting plugin LinuxDeviceProfileSelector
LogPluginManager: Mounting plugin LocationServicesBPLibrary
LogPluginManager: Mounting plugin MobilePatchingUtils
LogPluginManager: Mounting plugin OculusAudio
LogPluginManager: Mounting plugin OculusVR
LogPluginManager: Plugin shader directory ../../../Engine/Plugins/Runtime/Oculus/OculusVR/Shaders found
LogPluginManager: Mapping shader source directory ../../../Engine/Plugins/Runtime/Oculus/OculusVR/Shaders to virtual directory /Plugin/OculusVR
LogPluginManager: Mounting plugin PhysXVehicles
LogPluginManager: Mounting plugin ProceduralMeshComponent
LogPluginManager: Mounting plugin RuntimePhysXCooking
LogPluginManager: Mounting plugin SteamVR
LogPluginManager: Mounting plugin WindowsMoviePlayer
LogStreaming: Display: Took  0.141s to configure plugins.
LogInit: Using libcurl 7.55.1-DEV
LogInit:  - built for x86_64-pc-win32
LogInit:  - supports SSL with OpenSSL/1.0.2h
LogInit:  - supports HTTP deflate (compression) using libz 1.2.8
LogInit:  - other features:
LogInit:      CURL_VERSION_SSL
LogInit:      CURL_VERSION_LIBZ
LogInit:      CURL_VERSION_IPV6
LogInit:      CURL_VERSION_ASYNCHDNS
LogInit:      CURL_VERSION_LARGEFILE
LogInit:      CURL_VERSION_IDN
LogInit:  CurlRequestOptions (configurable via config and command line):
LogInit:  - bVerifyPeer = false  - Libcurl will NOT verify peer certificate
LogInit:  - bUseHttpProxy = false  - Libcurl will NOT use HTTP proxy
LogInit:  - bDontReuseConnections = false  - Libcurl will reuse connections
LogInit:  - CertBundlePath = nullptr  - Libcurl will use whatever was configured at build time.
LogInit:  - MaxHostConnections = 16  - Libcurl will limit the number of connections to a host
LogInit:  - LocalHostAddr = Default
LogInit:  - BufferSize = 65536
LogInit: WinSock: version 1.1 (2.2), MaxSocks=32767, MaxUdp=65467
LogInit: Build: ++UE4+Release-4.20-CL-4212847
LogInit: Engine Version: 4.20.0-4212847+++UE4+Release-4.20
LogInit: Compatible Engine Version: 4.20.0-4212847+++UE4+Release-4.20
LogInit: Net CL: 4212847
LogInit: OS: Windows 10 (), CPU: Intel(R) Core(TM) i7-7700 CPU @ 3.60GHz, GPU: NVIDIA GeForce GTX 1060 6GB
LogInit: Compiled (64-bit): Jul 14 2018 09:51:14
LogInit: Compiled with Visual C++: 19.13.26129.00
LogInit: Build Configuration: Development
LogInit: Branch Name: ++UE4+Release-4.20
LogInit: Command Line: 
LogInit: Base Directory: C:/Program Files (x86)/Epic Games/UE_4.20/Engine/Binaries/Win64/
LogInit: Installed Engine Build: 1
LogDevObjectVersion: Number of dev versions registered: 20
LogDevObjectVersion:   Dev-Blueprints (B0D832E4-1F89-4F0D-ACCF-7EB736FD4AA2): 10
LogDevObjectVersion:   Dev-Build (E1C64328-A22C-4D53-A36C-8E866417BD8C): 0
LogDevObjectVersion:   Dev-Core (375EC13C-06E4-48FB-B500-84F0262A717E): 2
LogDevObjectVersion:   Dev-Editor (E4B068ED-F494-42E9-A231-DA0B2E46BB41): 24
LogDevObjectVersion:   Dev-Framework (CFFC743F-43B0-4480-9391-14DF171D2073): 34
LogDevObjectVersion:   Dev-Mobile (B02B49B5-BB20-44E9-A304-32B752E40360): 2
LogDevObjectVersion:   Dev-Networking (A4E4105C-59A1-49B5-A7C5-40C4547EDFEE): 0
LogDevObjectVersion:   Dev-Online (39C831C9-5AE6-47DC-9A44-9C173E1C8E7C): 0
LogDevObjectVersion:   Dev-Physics (78F01B33-EBEA-4F98-B9B4-84EACCB95AA2): 0
LogDevObjectVersion:   Dev-Platform (6631380F-2D4D-43E0-8009-CF276956A95A): 0
LogDevObjectVersion:   Dev-Rendering (12F88B9F-8875-4AFC-A67C-D90C383ABD29): 26
LogDevObjectVersion:   Dev-Sequencer (7B5AE74C-D270-4C10-A958-57980B212A5A): 9
LogDevObjectVersion:   Dev-VR (D7296918-1DD6-4BDD-9DE2-64A83CC13884): 2
LogDevObjectVersion:   Dev-LoadTimes (C2A15278-BFE7-4AFE-6C17-90FF531DF755): 1
LogDevObjectVersion:   Private-Geometry (6EACA3D4-40EC-4CC1-B786-8BED09428FC5): 3
LogDevObjectVersion:   Dev-AnimPhys (29E575DD-E0A3-4627-9D10-D276232CDCEA): 17
LogDevObjectVersion:   Dev-ReflectionCapture (6B266CEC-1EC7-4B8F-A30B-E4D90942FC07): 1
LogDevObjectVersion:   Dev-Automation (0DF73D61-A23F-47EA-B727-89E90C41499A): 1
LogDevObjectVersion:   FortniteMain (601D1886-AC64-4F84-AA16-D3DE0DEAC7D6): 12
LogDevObjectVersion:   Dev-Enterprise (9DFFBCD6-494F-0158-E221-12823C92A888): 1
LogStreaming: Display: Took  0.003s to delete old logs.
LogInit: Presizing for max 8388607 objects, including 0 objects not considered by GC, pre-allocating 0 bytes for permanent pool.
LogInit: Object subsystem initialized
[2019.04.05-09.03.17:334][  0]LogInit: Selected Device Profile: [Windows]
[2019.04.05-09.03.17:334][  0]LogInit: Applying CVar settings loaded from the selected device profile: [Windows]
[2019.04.05-09.03.17:350][  0]LogHAL: Display: Platform has ~ 32 GB [34254594048 / 34359738368 / 32], which maps to Largest [LargestMinGB=32, LargerMinGB=12, DefaultMinGB=8, SmallerMinGB=6, SmallestMinGB=0)
[2019.04.05-09.03.17:350][  0]LogInit: Setting Device Profile CVar: [[r.Vulkan.UseRealUBs:1]]
[2019.04.05-09.03.17:350][  0]LogInit: Going up to parent DeviceProfile []
[2019.04.05-09.03.17:369][  0]LogInit: Computer: i7-mk8-2017-15
[2019.04.05-09.03.17:369][  0]LogInit: User: etudiant
[2019.04.05-09.03.17:369][  0]LogInit: CPU Page size=4096, Cores=4
[2019.04.05-09.03.17:369][  0]LogInit: High frequency timer resolution =3.515622 MHz
[2019.04.05-09.03.17:369][  0]LogMemory: Memory total: Physical=31.9GB (32GB approx)
[2019.04.05-09.03.17:369][  0]LogMemory: Platform Memory Stats for Windows
[2019.04.05-09.03.17:369][  0]LogMemory: Process Physical Memory: 101.00 MB used, 101.00 MB peak
[2019.04.05-09.03.17:369][  0]LogMemory: Process Virtual Memory: 92.33 MB used, 92.33 MB peak
[2019.04.05-09.03.17:369][  0]LogMemory: Physical Memory: 4490.43 MB used,  28177.30 MB free, 32667.73 MB total
[2019.04.05-09.03.17:369][  0]LogMemory: Virtual Memory: 4644.07 MB used,  28177.30 MB free, 134217728.00 MB total
[2019.04.05-09.03.17:545][  0]LogInit: Using OS detected language (fr-FR).
[2019.04.05-09.03.17:545][  0]LogInit: Using OS detected locale (fr-FR).
[2019.04.05-09.03.17:546][  0]LogTextLocalizationManager: No specific localization for 'fr-FR' exists, so the 'fr' localization will be used.
[2019.04.05-09.03.17:565][  0]LogStreaming: Display: Took  0.020s to InitEngineTextLocalization.
[2019.04.05-09.03.17:566][  0]LogInit: Setting process to per monitor DPI aware
[2019.04.05-09.03.17:653][  0]LogSlate: New Slate User Created.  User Index 0, Is Virtual User: 0
[2019.04.05-09.03.17:653][  0]LogSlate: Slate User Registered.  User Index 0, Is Virtual User: 0
[2019.04.05-09.03.19:102][  0]LogHMD: Failed to initialize OpenVR with code 110
[2019.04.05-09.03.19:102][  0]LogD3D11RHI: D3D11 adapters:
[2019.04.05-09.03.19:154][  0]LogD3D11RHI:    0. 'NVIDIA GeForce GTX 1060 6GB' (Feature Level 11_0)
[2019.04.05-09.03.19:154][  0]LogD3D11RHI:       6052/0/16333 MB DedicatedVideo/DedicatedSystem/SharedSystem, Outputs:2, VendorId:0x10de
[2019.04.05-09.03.19:166][  0]LogD3D11RHI:    1. 'Intel(R) HD Graphics 630' (Feature Level 11_0)
[2019.04.05-09.03.19:166][  0]LogD3D11RHI:       128/0/16333 MB DedicatedVideo/DedicatedSystem/SharedSystem, Outputs:0, VendorId:0x8086
[2019.04.05-09.03.19:167][  0]LogD3D11RHI:    2. 'Microsoft Basic Render Driver' (Feature Level 11_0)
[2019.04.05-09.03.19:167][  0]LogD3D11RHI:       0/0/16333 MB DedicatedVideo/DedicatedSystem/SharedSystem, Outputs:0, VendorId:0x1414
[2019.04.05-09.03.19:167][  0]LogD3D11RHI: Chosen D3D11 Adapter: 0
[2019.04.05-09.03.19:173][  0]LogD3D11RHI: Creating new Direct3DDevice
[2019.04.05-09.03.19:173][  0]LogD3D11RHI:     GPU DeviceId: 0x1c03 (for the marketing name, search the web for "GPU Device Id")
[2019.04.05-09.03.19:173][  0]LogWindows: EnumDisplayDevices:
[2019.04.05-09.03.19:173][  0]LogWindows:    0. 'NVIDIA GeForce GTX 1060 6GB' (P:0 D:1)
[2019.04.05-09.03.19:173][  0]LogWindows:    1. 'NVIDIA GeForce GTX 1060 6GB' (P:1 D:1)
[2019.04.05-09.03.19:173][  0]LogWindows:    2. 'NVIDIA GeForce GTX 1060 6GB' (P:0 D:0)
[2019.04.05-09.03.19:174][  0]LogWindows:    3. 'NVIDIA GeForce GTX 1060 6GB' (P:0 D:0)
[2019.04.05-09.03.19:174][  0]LogWindows:    4. 'Intel(R) HD Graphics 630' (P:0 D:0)
[2019.04.05-09.03.19:174][  0]LogWindows:    5. 'Intel(R) HD Graphics 630' (P:0 D:0)
[2019.04.05-09.03.19:174][  0]LogWindows:    6. 'Intel(R) HD Graphics 630' (P:0 D:0)
[2019.04.05-09.03.19:175][  0]LogWindows: DebugString: PrimaryIsNotTheChoosenAdapter PrimaryIsNotTheChoosenAdapter PrimaryIsNotTheChoosenAdapter FoundDriverCount:4 
[2019.04.05-09.03.19:175][  0]LogD3D11RHI:     Adapter Name: NVIDIA GeForce GTX 1060 6GB
[2019.04.05-09.03.19:175][  0]LogD3D11RHI:   Driver Version: 391.01 (internal:23.21.13.9101, unified:391.01)
[2019.04.05-09.03.19:175][  0]LogD3D11RHI:      Driver Date: 2-23-2018
[2019.04.05-09.03.19:175][  0]LogRHI: Texture pool is 4236 MB (70% of 6052 MB)
[2019.04.05-09.03.19:207][  0]LogD3D11RHI: Async texture creation enabled
[2019.04.05-09.03.19:231][  0]LogD3D11RHI: GPU Timing Frequency: 1000.000000 (Debug: 2 2)
[2019.04.05-09.03.19:282][  0]LogShaderCompilers: Guid format shader working directory is -17 characters bigger than the processId version (../../../../../../Users/etudiant/Documents/GitHub/ICHOR-Last-Year/Intermediate/Shaders/WorkingDirectory/17080/).
[2019.04.05-09.03.19:282][  0]LogShaderCompilers: Cleaned the shader compiler working directory 'C:/Users/etudiant/AppData/Local/Temp/UnrealShaderWorkingDir/80706B2A4D519E670534EEB81F3D7E7C/'.
[2019.04.05-09.03.19:609][  0]LogTemp: Display: Loaded TP AllDesktopTargetPlatform
[2019.04.05-09.03.19:622][  0]LogTemp: Display: Loaded TP MacClientTargetPlatform
[2019.04.05-09.03.19:635][  0]LogTemp: Display: Loaded TP MacNoEditorTargetPlatform
[2019.04.05-09.03.19:648][  0]LogTemp: Display: Loaded TP MacServerTargetPlatform
[2019.04.05-09.03.19:665][  0]LogTemp: Display: Loaded TP MacTargetPlatform
[2019.04.05-09.03.19:679][  0]LogTemp: Display: Loaded TP WindowsClientTargetPlatform
[2019.04.05-09.03.19:692][  0]LogTemp: Display: Loaded TP WindowsNoEditorTargetPlatform
[2019.04.05-09.03.19:704][  0]LogTemp: Display: Loaded TP WindowsServerTargetPlatform
[2019.04.05-09.03.19:710][  0]LogTemp: Display: Loaded TP WindowsTargetPlatform
[2019.04.05-09.03.19:783][  0]LogTemp: Display: Loaded TP AndroidTargetPlatform
[2019.04.05-09.03.19:783][  0]LogTemp: Display: Loaded TP AndroidTargetPlatform
[2019.04.05-09.03.19:783][  0]LogTemp: Display: Loaded TP AndroidTargetPlatform
[2019.04.05-09.03.19:783][  0]LogTemp: Display: Loaded TP AndroidTargetPlatform
[2019.04.05-09.03.19:783][  0]LogTemp: Display: Loaded TP AndroidTargetPlatform
[2019.04.05-09.03.19:783][  0]LogTemp: Display: Loaded TP AndroidTargetPlatform
[2019.04.05-09.03.19:783][  0]LogTemp: Display: Loaded TP AndroidTargetPlatform
[2019.04.05-09.03.19:783][  0]LogTemp: Display: Loaded TP AndroidTargetPlatform
[2019.04.05-09.03.19:783][  0]LogTemp: Display: Loaded TP AndroidTargetPlatform
[2019.04.05-09.03.19:783][  0]LogTemp: Display: Loaded TP AndroidTargetPlatform
[2019.04.05-09.03.19:783][  0]LogTemp: Display: Loaded TP AndroidTargetPlatform
[2019.04.05-09.03.19:783][  0]LogTemp: Display: Loaded TP AndroidTargetPlatform
[2019.04.05-09.03.19:783][  0]LogTemp: Display: Loaded TP AndroidTargetPlatform
[2019.04.05-09.03.19:783][  0]LogTemp: Display: Loaded TP AndroidTargetPlatform
[2019.04.05-09.03.19:783][  0]LogTemp: Display: Loaded TP AndroidTargetPlatform
[2019.04.05-09.03.19:783][  0]LogTemp: Display: Loaded TP AndroidTargetPlatform
[2019.04.05-09.03.19:783][  0]LogTemp: Display: Loaded TP AndroidTargetPlatform
[2019.04.05-09.03.19:783][  0]LogTemp: Display: Loaded TP AndroidTargetPlatform
[2019.04.05-09.03.19:785][  0]LogTemp: Display: Loaded TP HTML5TargetPlatform
[2019.04.05-09.03.19:866][  0]LogTemp: Display: Loaded TP IOSTargetPlatform
[2019.04.05-09.03.19:866][  0]LogTemp: Display: Loaded TP IOSTargetPlatform
[2019.04.05-09.03.19:904][  0]LogTemp: Display: Loaded TP TVOSTargetPlatform
[2019.04.05-09.03.19:904][  0]LogTemp: Display: Loaded TP TVOSTargetPlatform
[2019.04.05-09.03.19:915][  0]LogTemp: Display: Loaded TP LinuxClientTargetPlatform
[2019.04.05-09.03.19:926][  0]LogTemp: Display: Loaded TP LinuxNoEditorTargetPlatform
[2019.04.05-09.03.19:937][  0]LogTemp: Display: Loaded TP LinuxServerTargetPlatform
[2019.04.05-09.03.19:953][  0]LogTemp: Display: Loaded TP LinuxTargetPlatform
[2019.04.05-09.03.19:960][  0]LogTemp: Display: Loaded TP LuminTargetPlatform
[2019.04.05-09.03.19:960][  0]LogTargetPlatformManager: Display: Building Assets For Windows
[2019.04.05-09.03.20:076][  0]LogXGEController: Cleaning working directory: C:/Users/etudiant/AppData/Local/Temp/UnrealXGEWorkingDir/
[2019.04.05-09.03.20:076][  0]LogXGEController: Cannot use XGE Controller as Incredibuild is not installed on this machine.
[2019.04.05-09.03.20:076][  0]LogShaderCompilers: Cannot use XGE Shader Compiler as Incredibuild is not installed on this machine.
[2019.04.05-09.03.20:076][  0]LogShaderCompilers: Display: Using Local Shader Compiler.
[2019.04.05-09.03.21:466][  0]LogDerivedDataCache: Display: Max Cache Size: 512 MB
[2019.04.05-09.03.21:742][  0]LogDerivedDataCache: Loaded boot cache 0.28s 71MB C:/Users/etudiant/AppData/Local/UnrealEngine/4.20/DerivedDataCache/Boot.ddc.
[2019.04.05-09.03.21:743][  0]LogDerivedDataCache: Display: Loaded Boot cache: C:/Users/etudiant/AppData/Local/UnrealEngine/4.20/DerivedDataCache/Boot.ddc
[2019.04.05-09.03.21:743][  0]LogDerivedDataCache: FDerivedDataBackendGraph:  Pak pak cache file ../../../../../../Users/etudiant/Documents/GitHub/ICHOR-Last-Year/DerivedDataCache/DDC.ddp not found, will not use a pak cache.
[2019.04.05-09.03.21:743][  0]LogDerivedDataCache: Unable to find inner node Pak for hierarchical cache Hierarchy.
[2019.04.05-09.03.21:743][  0]LogDerivedDataCache: FDerivedDataBackendGraph:  CompressedPak pak cache file ../../../../../../Users/etudiant/Documents/GitHub/ICHOR-Last-Year/DerivedDataCache/Compressed.ddp not found, will not use a pak cache.
[2019.04.05-09.03.21:743][  0]LogDerivedDataCache: Unable to find inner node CompressedPak for hierarchical cache Hierarchy.
[2019.04.05-09.03.21:763][  0]LogDerivedDataCache: Display: Pak cache opened for reading ../../../Engine/DerivedDataCache/Compressed.ddp.
[2019.04.05-09.03.21:775][  0]LogDerivedDataCache: Using Local data cache path C:/Users/etudiant/AppData/Local/UnrealEngine/Common/DerivedDataCache: Writable
[2019.04.05-09.03.21:775][  0]LogDerivedDataCache: Shared data cache path not found in *engine.ini, will not use an Shared cache.
[2019.04.05-09.03.21:775][  0]LogDerivedDataCache: Unable to find inner node Shared for hierarchical cache Hierarchy.
[2019.04.05-09.03.21:792][  0]LogMaterial: Verifying Global Shaders for PCD3D_SM5
[2019.04.05-09.03.21:799][  0]LogSlate: Using FreeType 2.6.0
[2019.04.05-09.03.21:810][  0]LogSlate: SlateFontServices - WITH_FREETYPE: 1, WITH_HARFBUZZ: 1
[2019.04.05-09.03.22:079][  0]LogAssetRegistry: FAssetRegistry took 0.0287 seconds to start up
[2019.04.05-09.03.22:390][  0]LogInit: Selected Device Profile: [Windows]
[2019.04.05-09.03.22:654][  0]LogSimplygon: Simplygon DLL not present - disabling.
[2019.04.05-09.03.22:669][  0]LogMeshReduction: Using SimplygonSwarm for distributed automatic mesh merging
[2019.04.05-09.03.22:670][  0]LogMeshReduction: Using ProxyLODMeshReduction for automatic mesh merging
[2019.04.05-09.03.22:670][  0]LogMeshReduction: Using QuadricMeshReduction for automatic static mesh reduction
[2019.04.05-09.03.22:670][  0]LogMeshReduction: No automatic skeletal mesh reduction module available
[2019.04.05-09.03.22:716][  0]LogNetVersion: ICHOR 1.0.0, NetCL: 4212847, EngineNetVer: 5, GameNetVer: 0 (Checksum: 3601110329)
[2019.04.05-09.03.23:596][  0]LogPackageLocalizationCache: Processed 11 localized package path(s) for 2 prioritized culture(s) in 0.094375 seconds
[2019.04.05-09.03.23:602][  0]LogUObjectArray: 38458 objects as part of root set at end of initial load.
[2019.04.05-09.03.23:602][  0]LogUObjectAllocator: 6696840 out of 0 bytes used by permanent object pool.
[2019.04.05-09.03.23:602][  0]LogUObjectArray: CloseDisregardForGC: 0/0 objects in disregard for GC pool
[2019.04.05-09.03.26:279][  0]LogTcpMessaging: Initializing TcpMessaging bridge
[2019.04.05-09.03.26:295][  0]LogUdpMessaging: Initializing bridge on interface 0.0.0.0:0 to multicast group 230.0.0.1:6666.
[2019.04.05-09.03.26:608][  0]SourceControl: Source control is disabled
[2019.04.05-09.03.26:609][  0]LogWindows: Warning: CreateProc failed: Le fichier spécifié est introuvable. (0x00000002)
[2019.04.05-09.03.26:609][  0]LogWindows: Warning: URL: C:/Program Files/Git/bin/git.exe version
[2019.04.05-09.03.26:609][  0]LogWindows: Warning: CreateProc failed: Le fichier spécifié est introuvable. (0x00000002)
[2019.04.05-09.03.26:609][  0]LogWindows: Warning: URL: C:/Program Files (x86)/Git/bin/git.exe version
[2019.04.05-09.03.27:253][  0]LogAndroidPermission: UAndroidPermissionCallbackProxy::GetInstance
[2019.04.05-09.03.27:320][  0]LogOcInput: OculusInput pre-init called
[2019.04.05-09.03.27:405][  0]LogEngine: Initializing Engine...
[2019.04.05-09.03.27:406][  0]LogHMD: Failed to initialize OpenVR with code 110
[2019.04.05-09.03.27:409][  0]LogStats: UGameplayTagsManager::ConstructGameplayTagTree: ImportINI prefixes -  0.000 s
[2019.04.05-09.03.27:409][  0]LogStats: UGameplayTagsManager::ConstructGameplayTagTree: Construct from data asset -  0.000 s
[2019.04.05-09.03.27:409][  0]LogStats: UGameplayTagsManager::ConstructGameplayTagTree: ImportINI -  0.000 s
[2019.04.05-09.03.27:409][  0]LogStats: UGameplayTagsManager::ConstructGameplayTagTree: GameplayTagTreeChangedEvent.Broadcast -  0.000 s
[2019.04.05-09.03.27:598][  0]LogInit: Initializing FReadOnlyCVARCache
[2019.04.05-09.03.27:632][  0]LogAIModule: Creating AISystem for world Untitled
[2019.04.05-09.03.27:653][  0]LogInit: XAudio2 using 'DELL U2414H (NVIDIA High Definition Audio)' : 2 channels at 48 kHz using 16 bits per sample (channel mask 0x3)
[2019.04.05-09.03.27:713][  0]LogInit: FAudioDevice initialized.
[2019.04.05-09.03.27:714][  0]LogNetVersion: Set ProjectVersion to 0.0.0.1. Version Checksum will be recalculated on next use.
[2019.04.05-09.03.27:761][  0]LogDerivedDataCache: Saved boot cache 0.05s 71MB C:/Users/etudiant/AppData/Local/UnrealEngine/4.20/DerivedDataCache/Boot.ddc.
[2019.04.05-09.03.27:769][  0]LogInit: Texture streaming: Enabled
[2019.04.05-09.03.27:788][  0]LogEngineSessionManager: EngineSessionManager initialized
[2019.04.05-09.03.27:809][  0]LogWindowsTextInputMethodSystem: Display: IME system now deactivated.
[2019.04.05-09.03.28:264][  0]LogInit: Transaction tracking system initialized
[2019.04.05-09.03.28:310][  0]BlueprintLog: New page: Editor Load
[2019.04.05-09.03.28:479][  0]LocalizationService: Localization service is disabled
[2019.04.05-09.03.28:810][  0]LogCook: Display: Max memory allowance for cook 16384mb min free memory 0mb
[2019.04.05-09.03.28:810][  0]LogCook: Display: Mobile HDR setting 1
[2019.04.05-09.03.28:811][  0]LogGameplayTags: Display: UGameplayTagsManager::DoneAddingNativeTags. DelegateIsBound: 0
[2019.04.05-09.03.28:811][  0]LogStats: UGameplayTagsManager::ConstructGameplayTagTree: ImportINI prefixes -  0.000 s
[2019.04.05-09.03.28:811][  0]LogStats: UGameplayTagsManager::ConstructGameplayTagTree: Construct from data asset -  0.000 s
[2019.04.05-09.03.28:811][  0]LogStats: UGameplayTagsManager::ConstructGameplayTagTree: ImportINI -  0.000 s
[2019.04.05-09.03.28:811][  0]LogStats: UGameplayTagsManager::ConstructGameplayTagTree: GameplayTagTreeChangedEvent.Broadcast -  0.000 s
[2019.04.05-09.03.29:066][  0]LogFileCache: Scanning file cache for directory 'C:/Users/etudiant/Documents/GitHub/ICHOR-Last-Year/Content/' took 0.03s
[2019.04.05-09.03.29:066][  0]Cmd: MAP LOAD FILE="../../../../../../Users/etudiant/Documents/GitHub/ICHOR-Last-Year/Content/PFE/Levels/Level_1.umap" TEMPLATE=0 SHOWPROGRESS=1 FEATURELEVEL=3
[2019.04.05-09.03.29:102][  0]LogSlate: Took 0.004500 seconds to synchronously load lazily loaded font '../../../Engine/Content/Slate/Fonts/Roboto-Regular.ttf' (155K)
[2019.04.05-09.03.32:453][  0]LogSlate: Window 'Message' being destroyed
[2019.04.05-09.03.32:454][  0]LogWindowsTextInputMethodSystem: Display: IME system now deactivated.
[2019.04.05-09.03.32:457][  0]LightingResults: New page: Lighting Build
[2019.04.05-09.03.32:463][  0]MapCheck: New page: Map Check
[2019.04.05-09.03.32:463][  0]LightingResults: New page: Lighting Build
[2019.04.05-09.03.32:492][  0]LogAIModule: Creating AISystem for world Untitled
[2019.04.05-09.03.32:497][  0]LoadErrors: New page: New Map
[2019.04.05-09.03.32:590][  0]LogWindowsTextInputMethodSystem: Display: IME system now deactivated.
[2019.04.05-09.03.32:665][  0]LogSlate: Updating window title bar state: overlay mode, drag disabled, window buttons hidden, title bar hidden
[2019.04.05-09.03.32:677][  0]LogSlate: Updating window title bar state: overlay mode, drag disabled, window buttons hidden, title bar hidden
[2019.04.05-09.03.32:687][  0]LogSlate: Updating window title bar state: overlay mode, drag disabled, window buttons hidden, title bar hidden
[2019.04.05-09.03.32:697][  0]LogSlate: Updating window title bar state: overlay mode, drag disabled, window buttons hidden, title bar hidden
[2019.04.05-09.03.32:721][  0]LogCollectionManager: Loaded 0 collections in 0.002447 seconds
[2019.04.05-09.03.32:775][  0]LogFileCache: Scanning file cache for directory 'C:/Users/etudiant/Documents/GitHub/ICHOR-Last-Year/Saved/Collections/' took 0.01s
[2019.04.05-09.03.32:775][  0]LogFileCache: Scanning file cache for directory 'C:/Users/etudiant/Documents/GitHub/ICHOR-Last-Year/Content/Developers/etudiant/Collections/' took 0.01s
[2019.04.05-09.03.32:775][  0]LogFileCache: Scanning file cache for directory 'C:/Users/etudiant/Documents/GitHub/ICHOR-Last-Year/Content/Collections/' took 0.01s
[2019.04.05-09.03.32:775][  0]LogCollectionManager: Rebuilt the GUID cache for 0 collections in 0.000001 seconds
[2019.04.05-09.03.32:788][  0]LogContentBrowser: Native class hierarchy populated in 0.0111 seconds. Added 2586 classes and 614 folders.
[2019.04.05-09.03.32:803][  0]LogContentBrowser: Native class hierarchy updated for 'WidgetCarousel' in 0.0002 seconds. Added 0 classes and 0 folders.
[2019.04.05-09.03.33:138][  0]LogContentBrowser: Native class hierarchy updated for 'AddContentDialog' in 0.0003 seconds. Added 0 classes and 0 folders.
[2019.04.05-09.03.33:151][  0]LogContentBrowser: Native class hierarchy updated for 'SceneOutliner' in 0.0003 seconds. Added 1 classes and 2 folders.
[2019.04.05-09.03.33:287][  0]LogSlate: Took 0.012969 seconds to synchronously load lazily loaded font '../../../Engine/Content/Slate/Fonts/Roboto-Bold.ttf' (160K)
[2019.04.05-09.03.33:319][  0]LogSlate: Took 0.009445 seconds to synchronously load lazily loaded font '../../../Engine/Content/Editor/Slate/Fonts/FontAwesome.ttf' (139K)
[2019.04.05-09.03.33:868][  0]LogRenderer: Reallocating scene render targets to support 1208x576 Format 10 NumSamples 1 (Frame:1).
[2019.04.05-09.03.34:275][  0]LogContentBrowser: Native class hierarchy updated for 'HierarchicalLODOutliner' in 0.0003 seconds. Added 0 classes and 0 folders.
[2019.04.05-09.03.34:275][  0]LogLoad: (Engine Initialization) Total time: 21.16 seconds
[2019.04.05-09.03.34:275][  0]LogLoad: (Engine Initialization) Total Blueprint compile time: 0.00 seconds
[2019.04.05-09.03.34:312][  0]LogContentStreaming: Texture pool size now 3000 MB
[2019.04.05-09.03.34:347][  0]LogSlate: Took 0.003529 seconds to synchronously load lazily loaded font '../../../Engine/Content/Slate/Fonts/Roboto-Light.ttf' (167K)
[2019.04.05-09.03.35:200][ 90]LogAssetRegistry: Asset discovery search completed in 13.1454 seconds
[2019.04.05-09.03.35:203][ 90]LogCollectionManager: Rebuilt the object cache for 0 collections in 0.000001 seconds (found 0 objects)
[2019.04.05-09.03.35:203][ 90]LogCollectionManager: Fixed up redirectors for 0 collections in 0.000052 seconds (updated 0 objects)
[2019.04.05-09.04.07:420][954]LogSlate: FSceneViewport::OnFocusLost() reason 0
[2019.04.05-09.04.14:109][734]LogSlate: Window 'ICHOR - Unreal Editor' being destroyed
[2019.04.05-09.04.14:110][734]LogWindowsTextInputMethodSystem: Display: IME system now deactivated.
[2019.04.05-09.04.14:265][735]Cmd: QUIT_EDITOR
[2019.04.05-09.04.14:301][735]LogExit: Preparing to exit.
[2019.04.05-09.04.15:387][735]LogExit: Editor shut down
[2019.04.05-09.04.15:387][735]LogExit: Transaction tracking system shut down
[2019.04.05-09.04.16:055][735]LogExit: Object subsystem successfully closed.
[2019.04.05-09.04.16:066][735]LogShaderCompilers: Display: Shaders left to compile 0
[2019.04.05-09.04.16:068][735]LogD3D11RHI: Shutdown
[2019.04.05-09.04.16:068][735]LogD3D11RHI: CleanupD3DDevice
[2019.04.05-09.04.16:069][735]LogD3D11RHI: ~FD3D11DynamicRHI
[2019.04.05-09.04.16:102][735]LogModuleManager: Shutting down and abandoning module HierarchicalLODOutliner (618)
[2019.04.05-09.04.16:102][735]LogModuleManager: Shutting down and abandoning module SceneOutliner (616)
[2019.04.05-09.04.16:102][735]LogModuleManager: Shutting down and abandoning module AddContentDialog (614)
[2019.04.05-09.04.16:110][735]LogModuleManager: Shutting down and abandoning module WidgetCarousel (613)
[2019.04.05-09.04.16:110][735]LogModuleManager: Shutting down and abandoning module EditorWidgets (610)
[2019.04.05-09.04.16:110][735]LogModuleManager: Shutting down and abandoning module CollectionManager (608)
[2019.04.05-09.04.16:110][735]LogModuleManager: Shutting down and abandoning module StatsViewer (606)
[2019.04.05-09.04.16:110][735]LogModuleManager: Shutting down and abandoning module FoliageEdit (604)
[2019.04.05-09.04.16:110][735]LogModuleManager: Shutting down and abandoning module LandscapeEditor (602)
[2019.04.05-09.04.16:111][735]LogModuleManager: Shutting down and abandoning module MeshPaintMode (600)
[2019.04.05-09.04.16:111][735]LogModuleManager: Shutting down and abandoning module SceneDepthPickerMode (598)
[2019.04.05-09.04.16:111][735]LogModuleManager: Shutting down and abandoning module ActorPickerMode (596)
[2019.04.05-09.04.16:111][735]LogModuleManager: Shutting down and abandoning module GeometryMode (594)
[2019.04.05-09.04.16:111][735]LogModuleManager: Shutting down and abandoning module TextureAlignMode (592)
[2019.04.05-09.04.16:111][735]LogModuleManager: Shutting down and abandoning module BspMode (590)
[2019.04.05-09.04.16:111][735]LogModuleManager: Shutting down and abandoning module PIEPreviewDeviceProfileSelector (588)
[2019.04.05-09.04.16:111][735]LogModuleManager: Shutting down and abandoning module SequenceRecorderSections (586)
[2019.04.05-09.04.16:111][735]LogModuleManager: Shutting down and abandoning module AutomationWorker (584)
[2019.04.05-09.04.16:111][735]LogModuleManager: Shutting down and abandoning module OculusAudioEditor (582)
[2019.04.05-09.04.16:111][735]LogModuleManager: Shutting down and abandoning module AudioCaptureEditor (580)
[2019.04.05-09.04.16:111][735]LogModuleManager: Shutting down and abandoning module SequenceRecorder (579)
[2019.04.05-09.04.16:111][735]LogModuleManager: Shutting down and abandoning module MatineeToLevelSequence (576)
[2019.04.05-09.04.16:111][735]LogModuleManager: Shutting down and abandoning module LevelSequenceEditor (574)
[2019.04.05-09.04.16:112][735]LogModuleManager: Shutting down and abandoning module PlacementMode (573)
[2019.04.05-09.04.16:112][735]LogModuleManager: Shutting down and abandoning module MaterialEditor (572)
[2019.04.05-09.04.16:113][735]LogModuleManager: Shutting down and abandoning module WmfMediaFactory (568)
[2019.04.05-09.04.16:113][735]LogModuleManager: Shutting down and abandoning module WmfMediaEditor (566)
[2019.04.05-09.04.16:113][735]LogModuleManager: Shutting down and abandoning module MediaPlayerEditor (564)
[2019.04.05-09.04.16:113][735]LogModuleManager: Shutting down and abandoning module OpenExrWrapper (562)
[2019.04.05-09.04.16:113][735]LogModuleManager: Shutting down and abandoning module ImgMediaFactory (560)
[2019.04.05-09.04.16:113][735]LogModuleManager: Shutting down and abandoning module ImgMediaEditor (558)
[2019.04.05-09.04.16:113][735]LogModuleManager: Shutting down and abandoning module AvfMediaFactory (556)
[2019.04.05-09.04.16:113][735]LogModuleManager: Shutting down and abandoning module AvfMediaEditor (554)
[2019.04.05-09.04.16:113][735]LogModuleManager: Shutting down and abandoning module AndroidMediaFactory (552)
[2019.04.05-09.04.16:113][735]LogModuleManager: Shutting down and abandoning module AndroidMediaEditor (550)
[2019.04.05-09.04.16:113][735]LogModuleManager: Shutting down and abandoning module MagicLeapCameraPreviewFactory (548)
[2019.04.05-09.04.16:113][735]LogModuleManager: Shutting down and abandoning module MagicLeapMediaFactory (546)
[2019.04.05-09.04.16:113][735]LogModuleManager: Shutting down and abandoning module MagicLeapMediaEditor (544)
[2019.04.05-09.04.16:113][735]LogModuleManager: Shutting down and abandoning module CharacterAI (542)
[2019.04.05-09.04.16:113][735]LogModuleManager: Shutting down and abandoning module SmartSnapping (540)
[2019.04.05-09.04.16:113][735]LogModuleManager: Shutting down and abandoning module SessionServices (538)
[2019.04.05-09.04.16:113][735]LogModuleManager: Shutting down and abandoning module ViewportSnapping (536)
[2019.04.05-09.04.16:113][735]LogModuleManager: Shutting down and abandoning module ViewportInteraction (534)
[2019.04.05-09.04.16:113][735]LogModuleManager: Shutting down and abandoning module ClothPainter (532)
[2019.04.05-09.04.16:113][735]LogModuleManager: Shutting down and abandoning module SkeletalMeshEditor (531)
[2019.04.05-09.04.16:114][735]LogModuleManager: Shutting down and abandoning module LogVisualizer (528)
[2019.04.05-09.04.16:115][735]LogModuleManager: Shutting down and abandoning module IntroTutorials (526)
[2019.04.05-09.04.16:115][735]LogModuleManager: Shutting down and abandoning module GameProjectGeneration (525)
[2019.04.05-09.04.16:115][735]LogModuleManager: Shutting down and abandoning module LuminPlatformEditor (522)
[2019.04.05-09.04.16:115][735]LogModuleManager: Shutting down and abandoning module IOSPlatformEditor (520)
[2019.04.05-09.04.16:115][735]LogModuleManager: Shutting down and abandoning module HTML5PlatformEditor (518)
[2019.04.05-09.04.16:115][735]LogModuleManager: Shutting down and abandoning module AndroidPlatformEditor (516)
[2019.04.05-09.04.16:115][735]LogModuleManager: Shutting down and abandoning module AndroidDeviceDetection (515)
[2019.04.05-09.04.16:568][735]LogModuleManager: Shutting down and abandoning module WindowsPlatformEditor (512)
[2019.04.05-09.04.16:569][735]LogModuleManager: Shutting down and abandoning module LuminRuntimeSettings (510)
[2019.04.05-09.04.16:569][735]LogModuleManager: Shutting down and abandoning module IOSRuntimeSettings (508)
[2019.04.05-09.04.16:569][735]LogModuleManager: Shutting down and abandoning module AndroidRuntimeSettings (506)
[2019.04.05-09.04.16:569][735]LogModuleManager: Shutting down and abandoning module InputBindingEditor (504)
[2019.04.05-09.04.16:569][735]LogModuleManager: Shutting down and abandoning module MergeActors (502)
[2019.04.05-09.04.16:569][735]LogModuleManager: Shutting down and abandoning module LocalizationDashboard (500)
[2019.04.05-09.04.16:570][735]LogModuleManager: Shutting down and abandoning module LocalizationService (499)
[2019.04.05-09.04.16:570][735]LogModuleManager: Shutting down and abandoning module HardwareTargeting (496)
[2019.04.05-09.04.16:570][735]LogModuleManager: Shutting down and abandoning module DeviceProfileEditor (494)
[2019.04.05-09.04.16:570][735]LogModuleManager: Shutting down and abandoning module UndoHistory (492)
[2019.04.05-09.04.16:570][735]LogModuleManager: Shutting down and abandoning module XmlParser (490)
[2019.04.05-09.04.16:570][735]LogModuleManager: Shutting down and abandoning module Blutility (488)
[2019.04.05-09.04.16:570][735]LogModuleManager: Shutting down and abandoning module ProjectSettingsViewer (486)
[2019.04.05-09.04.16:570][735]LogModuleManager: Shutting down and abandoning module ProjectTargetPlatformEditor (485)
[2019.04.05-09.04.16:570][735]LogModuleManager: Shutting down and abandoning module EditorSettingsViewer (482)
[2019.04.05-09.04.16:570][735]LogModuleManager: Shutting down and abandoning module SettingsEditor (480)
[2019.04.05-09.04.16:570][735]LogModuleManager: Shutting down and abandoning module ProjectLauncher (478)
[2019.04.05-09.04.16:571][735]LogModuleManager: Shutting down and abandoning module SessionFrontend (476)
[2019.04.05-09.04.16:571][735]LogModuleManager: Shutting down and abandoning module ProfilerClient (474)
[2019.04.05-09.04.16:572][735]LogModuleManager: Shutting down and abandoning module DeviceManager (472)
[2019.04.05-09.04.16:572][735]LogModuleManager: Shutting down and abandoning module TargetDeviceServices (471)
[2019.04.05-09.04.16:626][735]LogModuleManager: Shutting down and abandoning module AutomationController (468)
[2019.04.05-09.04.16:626][735]LogModuleManager: Shutting down and abandoning module AutomationWindow (466)
[2019.04.05-09.04.16:626][735]LogModuleManager: Shutting down and abandoning module Layers (464)
[2019.04.05-09.04.16:628][735]LogModuleManager: Shutting down and abandoning module ComponentVisualizers (462)
[2019.04.05-09.04.16:629][735]LogModuleManager: Shutting down and abandoning module DetailCustomizations (460)
[2019.04.05-09.04.16:629][735]LogModuleManager: Shutting down and abandoning module PackagesDialog (458)
[2019.04.05-09.04.16:629][735]LogModuleManager: Shutting down and abandoning module Persona (456)
[2019.04.05-09.04.16:631][735]LogModuleManager: Shutting down and abandoning module AdvancedPreviewScene (455)
[2019.04.05-09.04.16:631][735]LogModuleManager: Shutting down and abandoning module AnimGraph (453)
[2019.04.05-09.04.16:631][735]LogModuleManager: Shutting down and abandoning module Kismet (450)
[2019.04.05-09.04.16:632][735]LogModuleManager: Shutting down and abandoning module GraphEditor (448)
[2019.04.05-09.04.16:634][735]LogModuleManager: Shutting down and abandoning module ClassViewer (446)
[2019.04.05-09.04.16:634][735]LogModuleManager: Shutting down and abandoning module Toolbox (444)
[2019.04.05-09.04.16:634][735]LogModuleManager: Shutting down and abandoning module ModuleUI (442)
[2019.04.05-09.04.16:635][735]LogModuleManager: Shutting down and abandoning module MovieSceneTools (440)
[2019.04.05-09.04.16:635][735]LogModuleManager: Shutting down and abandoning module OutputLog (438)
[2019.04.05-09.04.16:635][735]LogModuleManager: Shutting down and abandoning module GammaUI (436)
[2019.04.05-09.04.16:635][735]LogModuleManager: Shutting down and abandoning module Documentation (434)
[2019.04.05-09.04.16:636][735]LogModuleManager: Shutting down and abandoning module MovieSceneTracks (432)
[2019.04.05-09.04.16:636][735]LogModuleManager: Shutting down and abandoning module MovieScene (430)
[2019.04.05-09.04.16:636][735]LogModuleManager: Shutting down and abandoning module StreamingPauseRendering (428)
[2019.04.05-09.04.16:636][735]LogModuleManager: Shutting down and abandoning module LauncherPlatform (426)
[2019.04.05-09.04.16:636][735]LogModuleManager: Shutting down and abandoning module AnalyticsET (424)
[2019.04.05-09.04.16:636][735]LogModuleManager: Shutting down and abandoning module PortalServices (422)
[2019.04.05-09.04.16:636][735]LogModuleManager: Shutting down and abandoning module PortalRpc (420)
[2019.04.05-09.04.16:636][735]LogModuleManager: Shutting down and abandoning module MessagingRpc (418)
[2019.04.05-09.04.16:636][735]LogModuleManager: Shutting down and abandoning module AIModule (416)
[2019.04.05-09.04.16:636][735]LogModuleManager: Shutting down and abandoning module GameplayDebugger (415)
[2019.04.05-09.04.16:637][735]LogModuleManager: Shutting down and abandoning module AITestSuite (413)
[2019.04.05-09.04.16:637][735]LogModuleManager: Shutting down and abandoning module NavigationSystem (411)
[2019.04.05-09.04.16:637][735]LogModuleManager: Shutting down and abandoning module DesktopPlatform (408)
[2019.04.05-09.04.16:637][735]LogModuleManager: Shutting down and abandoning module ProfilerService (406)
[2019.04.05-09.04.16:688][735]LogModuleManager: Shutting down and abandoning module TaskGraph (404)
[2019.04.05-09.04.16:688][735]LogModuleManager: Shutting down and abandoning module SteamVRController (402)
[2019.04.05-09.04.16:688][735]LogModuleManager: Shutting down and abandoning module ProceduralMeshComponentEditor (400)
[2019.04.05-09.04.16:688][735]LogModuleManager: Shutting down and abandoning module ProceduralMeshComponent (398)
[2019.04.05-09.04.16:688][735]LogModuleManager: Shutting down and abandoning module OculusInput (396)
[2019.04.05-09.04.16:688][735]LogModuleManager: Shutting down and abandoning module MobilePatchingUtils (394)
[2019.04.05-09.04.16:688][735]LogModuleManager: Shutting down and abandoning module EditableMesh (392)
[2019.04.05-09.04.16:689][735]LogModuleManager: Shutting down and abandoning module CustomMeshComponent (390)
[2019.04.05-09.04.16:689][735]LogModuleManager: Shutting down and abandoning module CableComponent (388)
[2019.04.05-09.04.16:689][735]LogModuleManager: Shutting down and abandoning module AudioCapture (386)
[2019.04.05-09.04.16:689][735]LogModuleManager: Shutting down and abandoning module ArchVisCharacter (384)
[2019.04.05-09.04.16:689][735]LogModuleManager: Shutting down and abandoning module AndroidPermission (382)
[2019.04.05-09.04.16:689][735]LogModuleManager: Shutting down and abandoning module NUTUnrealEngine4 (380)
[2019.04.05-09.04.16:689][735]LogModuleManager: Shutting down and abandoning module NetcodeUnitTest (378)
[2019.04.05-09.04.16:690][735]LogModuleManager: Shutting down and abandoning module MediaCompositingEditor (376)
[2019.04.05-09.04.16:690][735]LogModuleManager: Shutting down and abandoning module MediaCompositing (374)
[2019.04.05-09.04.16:690][735]LogModuleManager: Shutting down and abandoning module LinearTimecode (372)
[2019.04.05-09.04.16:690][735]LogModuleManager: Shutting down and abandoning module ImgMedia (370)
[2019.04.05-09.04.16:699][735]LogModuleManager: Shutting down and abandoning module HTML5Networking (368)
[2019.04.05-09.04.16:699][735]LogModuleManager: Shutting down and abandoning module GeometryCacheTracks (366)
[2019.04.05-09.04.16:699][735]LogModuleManager: Shutting down and abandoning module GeometryCacheSequencer (364)
[2019.04.05-09.04.16:699][735]LogModuleManager: Shutting down and abandoning module BackChannel (362)
[2019.04.05-09.04.16:699][735]LogModuleManager: Shutting down and abandoning module AppleVision (360)
[2019.04.05-09.04.16:699][735]LogModuleManager: Shutting down and abandoning module AppleImageUtils (358)
[2019.04.05-09.04.16:699][735]LogModuleManager: Shutting down and abandoning module AlembicImporter (356)
[2019.04.05-09.04.16:699][735]LogModuleManager: Shutting down and abandoning module AlembicLibrary (355)
[2019.04.05-09.04.16:699][735]LogModuleManager: Shutting down and abandoning module GeometryCache (354)
[2019.04.05-09.04.16:699][735]LogModuleManager: Shutting down and abandoning module GeometryCacheEd (353)
[2019.04.05-09.04.16:699][735]LogModuleManager: Shutting down and abandoning module DatasmithContentEditor (348)
[2019.04.05-09.04.16:700][735]LogModuleManager: Shutting down and abandoning module DatasmithContent (346)
[2019.04.05-09.04.16:700][735]LogModuleManager: Shutting down and abandoning module SpeedTreeImporter (344)
[2019.04.05-09.04.16:700][735]LogModuleManager: Shutting down and abandoning module PluginBrowser (342)
[2019.04.05-09.04.16:701][735]LogModuleManager: Shutting down and abandoning module MobileLauncherProfileWizard (340)
[2019.04.05-09.04.16:702][735]LogModuleManager: Shutting down and abandoning module PolygonModeling (338)
[2019.04.05-09.04.16:702][735]LogModuleManager: Shutting down and abandoning module MeshEditor (336)
[2019.04.05-09.04.16:702][735]LogModuleManager: Shutting down and abandoning module CryptoKeysOpenSSL (334)
[2019.04.05-09.04.16:702][735]LogModuleManager: Shutting down and abandoning module CryptoKeys (332)
[2019.04.05-09.04.16:702][735]LogModuleManager: Shutting down and abandoning module VisualStudioSourceCodeAccess (330)
[2019.04.05-09.04.16:702][735]LogModuleManager: Shutting down and abandoning module VisualStudioCodeSourceCodeAccess (328)
[2019.04.05-09.04.16:702][735]LogModuleManager: Shutting down and abandoning module UObjectPlugin (326)
[2019.04.05-09.04.16:702][735]LogModuleManager: Shutting down and abandoning module SubversionSourceControl (324)
[2019.04.05-09.04.16:702][735]LogModuleManager: Shutting down and abandoning module PerforceSourceControl (322)
[2019.04.05-09.04.16:703][735]LogModuleManager: Shutting down and abandoning module GitSourceControl (320)
[2019.04.05-09.04.16:703][735]LogModuleManager: Shutting down and abandoning module SourceControl (319)
[2019.04.05-09.04.16:703][735]LogModuleManager: Shutting down and abandoning module CLionSourceCodeAccess (316)
[2019.04.05-09.04.16:703][735]LogModuleManager: Shutting down and abandoning module LightPropagationVolumeEditor (314)
[2019.04.05-09.04.16:703][735]LogModuleManager: Shutting down and abandoning module PaperTiledImporter (312)
[2019.04.05-09.04.16:703][735]LogModuleManager: Shutting down and abandoning module PaperSpriteSheetImporter (310)
[2019.04.05-09.04.16:703][735]LogModuleManager: Shutting down and abandoning module Paper2DEditor (308)
[2019.04.05-09.04.16:704][735]LogModuleManager: Shutting down and abandoning module MeshPaint (307)
[2019.04.05-09.04.16:704][735]LogModuleManager: Shutting down and abandoning module RuntimePhysXCooking (304)
[2019.04.05-09.04.16:704][735]LogModuleManager: Shutting down and abandoning module PhysXVehiclesEditor (302)
[2019.04.05-09.04.16:704][735]LogModuleManager: Shutting down and abandoning module PhysXVehicles (300)
[2019.04.05-09.04.16:704][735]LogModuleManager: Shutting down and abandoning module OculusEditor (298)
[2019.04.05-09.04.16:704][735]LogModuleManager: Shutting down and abandoning module LocationServicesBPLibrary (296)
[2019.04.05-09.04.16:704][735]LogModuleManager: Shutting down and abandoning module ImmediatePhysicsEditor (294)
[2019.04.05-09.04.16:704][735]LogModuleManager: Shutting down and abandoning module ImmediatePhysics (292)
[2019.04.05-09.04.16:704][735]LogModuleManager: Shutting down and abandoning module ApexDestructionEditor (290)
[2019.04.05-09.04.16:704][735]LogModuleManager: Shutting down and abandoning module ApexDestruction (288)
[2019.04.05-09.04.16:704][735]LogModuleManager: Shutting down and abandoning module ActorSequence (286)
[2019.04.05-09.04.16:705][735]LogModuleManager: Shutting down and abandoning module UdpMessaging (284)
[2019.04.05-09.04.16:805][735]LogModuleManager: Shutting down and abandoning module TcpMessaging (282)
[2019.04.05-09.04.16:906][735]LogModuleManager: Shutting down and abandoning module MagicLeapAudio (280)
[2019.04.05-09.04.16:906][735]LogModuleManager: Shutting down and abandoning module GameplayTagsEditor (278)
[2019.04.05-09.04.16:907][735]LogModuleManager: Shutting down and abandoning module FacialAnimationEditor (276)
[2019.04.05-09.04.16:907][735]LogModuleManager: Shutting down and abandoning module FacialAnimation (274)
[2019.04.05-09.04.16:907][735]LogModuleManager: Shutting down and abandoning module DataValidation (272)
[2019.04.05-09.04.16:907][735]LogModuleManager: Shutting down and abandoning module AssetManagerEditor (270)
[2019.04.05-09.04.16:908][735]LogModuleManager: Shutting down and abandoning module LevelEditor (269)
[2019.04.05-09.04.16:909][735]LogModuleManager: Shutting down and abandoning module PixelInspectorModule (268)
[2019.04.05-09.04.16:910][735]LogModuleManager: Shutting down and abandoning module CommonMenuExtensions (266)
[2019.04.05-09.04.16:910][735]LogModuleManager: Shutting down and abandoning module MainFrame (264)
[2019.04.05-09.04.16:910][735]LogModuleManager: Shutting down and abandoning module HotReload (263)
[2019.04.05-09.04.16:911][735]LogModuleManager: Shutting down and abandoning module ContentBrowser (259)
[2019.04.05-09.04.16:913][735]LogModuleManager: Shutting down and abandoning module TreeMap (257)
[2019.04.05-09.04.16:913][735]LogModuleManager: Shutting down and abandoning module LightPropagationVolumeRuntime (254)
[2019.04.05-09.04.16:913][735]LogModuleManager: Shutting down and abandoning module AISupportModule (252)
[2019.04.05-09.04.16:913][735]LogModuleManager: Shutting down and abandoning module Paper2D (250)
[2019.04.05-09.04.16:913][735]LogModuleManager: Shutting down and abandoning module WindowsMoviePlayer (248)
[2019.04.05-09.04.16:913][735]LogModuleManager: Shutting down and abandoning module WmfMedia (246)
[2019.04.05-09.04.16:916][735]LogModuleManager: Shutting down and abandoning module Media (245)
[2019.04.05-09.04.16:923][735]LogModuleManager: Shutting down and abandoning module PacketHandler (242)
[2019.04.05-09.04.16:923][735]LogModuleManager: Shutting down and abandoning module ClothingSystemEditor (240)
[2019.04.05-09.04.16:923][735]LogModuleManager: Shutting down and abandoning module ClothingSystemRuntime (238)
[2019.04.05-09.04.16:924][735]LogModuleManager: Shutting down and abandoning module MediaAssets (236)
[2019.04.05-09.04.16:924][735]LogModuleManager: Shutting down and abandoning module Overlay (234)
[2019.04.05-09.04.16:924][735]LogModuleManager: Shutting down and abandoning module OverlayEditor (233)
[2019.04.05-09.04.16:924][735]LogModuleManager: Shutting down and abandoning module VREditor (230)
[2019.04.05-09.04.16:925][735]LogModuleManager: Shutting down and abandoning module StringTableEditor (228)
[2019.04.05-09.04.16:925][735]LogModuleManager: Shutting down and abandoning module GameplayTasksEditor (226)
[2019.04.05-09.04.16:925][735]LogModuleManager: Shutting down and abandoning module BehaviorTreeEditor (224)
[2019.04.05-09.04.16:926][735]LogModuleManager: Shutting down and abandoning module FunctionalTesting (222)
[2019.04.05-09.04.16:926][735]LogModuleManager: Shutting down and abandoning module CollisionAnalyzer (220)
[2019.04.05-09.04.16:926][735]LogModuleManager: Shutting down and abandoning module WorkspaceMenuStructure (219)
[2019.04.05-09.04.16:926][735]LogModuleManager: Shutting down and abandoning module UMG (216)
[2019.04.05-09.04.16:927][735]LogModuleManager: Shutting down and abandoning module UMGEditor (215)
[2019.04.05-09.04.16:928][735]LogModuleManager: Shutting down and abandoning module Sequencer (214)
[2019.04.05-09.04.16:929][735]LogModuleManager: Shutting down and abandoning module MessageLog (211)
[2019.04.05-09.04.16:930][735]LogModuleManager: Shutting down and abandoning module SlateReflector (206)
[2019.04.05-09.04.16:931][735]LogModuleManager: Shutting down and abandoning module Slate (204)
[2019.04.05-09.04.16:931][735]LogModuleManager: Shutting down and abandoning module EditorStyle (202)
[2019.04.05-09.04.16:935][735]LogModuleManager: Shutting down and abandoning module MRMesh (200)
[2019.04.05-09.04.16:936][735]LogModuleManager: Shutting down and abandoning module SourceCodeAccess (198)
[2019.04.05-09.04.16:936][735]LogModuleManager: Shutting down and abandoning module HeadMountedDisplay (196)
[2019.04.05-09.04.16:936][735]LogModuleManager: Shutting down and abandoning module XAudio2 (194)
[2019.04.05-09.04.16:936][735]LogModuleManager: Shutting down and abandoning module Networking (192)
[2019.04.05-09.04.16:936][735]LogModuleManager: Shutting down and abandoning module Core (190)
[2019.04.05-09.04.16:936][735]LogModuleManager: Shutting down and abandoning module LevelSequence (188)
[2019.04.05-09.04.16:936][735]LogModuleManager: Shutting down and abandoning module KismetCompiler (186)
[2019.04.05-09.04.16:936][735]LogModuleManager: Shutting down and abandoning module MeshUtilities (184)
[2019.04.05-09.04.16:936][735]LogModuleManager: Shutting down and abandoning module MeshMergeUtilities (183)
[2019.04.05-09.04.16:936][735]LogModuleManager: Shutting down and abandoning module MeshReductionInterface (182)
[2019.04.05-09.04.16:937][735]LogModuleManager: Shutting down and abandoning module SimplygonSwarm (181)
[2019.04.05-09.04.16:937][735]LogModuleManager: Shutting down and abandoning module ProxyLODMeshReduction (179)
[2019.04.05-09.04.16:938][735]LogModuleManager: Shutting down and abandoning module SimplygonMeshReduction (177)
[2019.04.05-09.04.16:938][735]LogModuleManager: Shutting down and abandoning module QuadricMeshReduction (175)
[2019.04.05-09.04.16:939][735]LogModuleManager: Shutting down and abandoning module MaterialBaking (171)
[2019.04.05-09.04.16:939][735]LogModuleManager: Shutting down and abandoning module DirectoryWatcher (167)
[2019.04.05-09.04.16:939][735]LogModuleManager: Shutting down and abandoning module DerivedDataCache (164)
[2019.04.05-09.04.17:326][735]LogDerivedDataCache: Shutdown
[2019.04.05-09.04.17:326][735]LogModuleManager: Shutting down and abandoning module XGEController (162)
[2019.04.05-09.04.17:326][735]LogXGEController: Cleaning working directory: C:/Users/etudiant/AppData/Local/Temp/UnrealXGEWorkingDir/
[2019.04.05-09.04.17:326][735]LogModuleManager: Shutting down and abandoning module TargetPlatform (160)
[2019.04.05-09.04.17:326][735]LogModuleManager: Shutting down and abandoning module VulkanShaderFormat (159)
[2019.04.05-09.04.17:326][735]LogModuleManager: Shutting down and abandoning module ShaderFormatVectorVM (157)
[2019.04.05-09.04.17:326][735]LogModuleManager: Shutting down and abandoning module ShaderFormatOpenGL (155)
[2019.04.05-09.04.17:327][735]LogModuleManager: Shutting down and abandoning module ShaderFormatD3D (153)
[2019.04.05-09.04.17:327][735]LogModuleManager: Shutting down and abandoning module MetalShaderFormat (151)
[2019.04.05-09.04.17:327][735]LogModuleManager: Shutting down and abandoning module TextureFormatUncompressed (149)
[2019.04.05-09.04.17:327][735]LogModuleManager: Shutting down and abandoning module TextureFormatPVR (147)
[2019.04.05-09.04.17:327][735]LogModuleManager: Shutting down and abandoning module TextureFormatDXT (145)
[2019.04.05-09.04.17:327][735]LogModuleManager: Shutting down and abandoning module TextureFormatIntelISPCTexComp (143)
[2019.04.05-09.04.17:328][735]LogModuleManager: Shutting down and abandoning module TextureFormatASTC (141)
[2019.04.05-09.04.17:328][735]LogModuleManager: Shutting down and abandoning module ImageWrapper (140)
[2019.04.05-09.04.17:328][735]LogModuleManager: Shutting down and abandoning module TextureFormatAndroid (137)
[2019.04.05-09.04.17:328][735]LogModuleManager: Shutting down and abandoning module AudioFormatOpus (135)
[2019.04.05-09.04.17:328][735]LogModuleManager: Shutting down and abandoning module AudioFormatOgg (133)
[2019.04.05-09.04.17:328][735]LogModuleManager: Shutting down and abandoning module AudioFormatADPCM (131)
[2019.04.05-09.04.17:328][735]LogModuleManager: Shutting down and abandoning module LuminTargetPlatform (129)
[2019.04.05-09.04.17:328][735]LogModuleManager: Shutting down and abandoning module LinuxTargetPlatform (127)
[2019.04.05-09.04.17:328][735]LogModuleManager: Shutting down and abandoning module LinuxServerTargetPlatform (125)
[2019.04.05-09.04.17:328][735]LogModuleManager: Shutting down and abandoning module LinuxNoEditorTargetPlatform (123)
[2019.04.05-09.04.17:328][735]LogModuleManager: Shutting down and abandoning module LinuxClientTargetPlatform (121)
[2019.04.05-09.04.17:328][735]LogModuleManager: Shutting down and abandoning module TVOSTargetPlatform (119)
[2019.04.05-09.04.17:329][735]LogModuleManager: Shutting down and abandoning module Messaging (117)
[2019.04.05-09.04.17:329][735]LogModuleManager: Shutting down and abandoning module IOSTargetPlatform (115)
[2019.04.05-09.04.17:330][735]LogModuleManager: Shutting down and abandoning module HTML5TargetPlatform (113)
[2019.04.05-09.04.17:330][735]LogModuleManager: Shutting down and abandoning module AndroidTargetPlatform (111)
[2019.04.05-09.04.17:340][735]LogModuleManager: Shutting down and abandoning module WindowsTargetPlatform (109)
[2019.04.05-09.04.17:340][735]LogModuleManager: Shutting down and abandoning module WindowsServerTargetPlatform (107)
[2019.04.05-09.04.17:340][735]LogModuleManager: Shutting down and abandoning module WindowsNoEditorTargetPlatform (105)
[2019.04.05-09.04.17:340][735]LogModuleManager: Shutting down and abandoning module WindowsClientTargetPlatform (103)
[2019.04.05-09.04.17:340][735]LogModuleManager: Shutting down and abandoning module MacTargetPlatform (101)
[2019.04.05-09.04.17:340][735]LogModuleManager: Shutting down and abandoning module MacServerTargetPlatform (99)
[2019.04.05-09.04.17:340][735]LogModuleManager: Shutting down and abandoning module MacNoEditorTargetPlatform (97)
[2019.04.05-09.04.17:340][735]LogModuleManager: Shutting down and abandoning module MacClientTargetPlatform (95)
[2019.04.05-09.04.17:340][735]LogModuleManager: Shutting down and abandoning module AllDesktopTargetPlatform (93)
[2019.04.05-09.04.17:340][735]LogModuleManager: Shutting down and abandoning module InputCore (90)
[2019.04.05-09.04.17:341][735]LogModuleManager: Shutting down and abandoning module Settings (88)
[2019.04.05-09.04.17:341][735]LogModuleManager: Shutting down and abandoning module PhysXCooking (86)
[2019.04.05-09.04.17:341][735]LogModuleManager: Shutting down and abandoning module SteamVR (84)
[2019.04.05-09.04.17:341][735]LogModuleManager: Shutting down and abandoning module OculusHMD (82)
[2019.04.05-09.04.17:341][735]LogModuleManager: Shutting down and abandoning module OculusAudio (80)
[2019.04.05-09.04.17:341][735]LogModuleManager: Shutting down and abandoning module ExampleDeviceProfileSelector (78)
[2019.04.05-09.04.17:341][735]LogModuleManager: Shutting down and abandoning module LauncherChunkInstaller (76)
[2019.04.05-09.04.17:341][735]LogModuleManager: Shutting down and abandoning module OnlineBlueprintSupport (74)
[2019.04.05-09.04.17:341][735]LogModuleManager: Shutting down and abandoning module OnlineSubsystem (70)
[2019.04.05-09.04.17:342][735]LogModuleManager: Shutting down and abandoning module XMPP (65)
[2019.04.05-09.04.17:343][735]LogModuleManager: Shutting down and abandoning module WebSockets (64)
[2019.04.05-09.04.17:354][735]LogModuleManager: Shutting down and abandoning module HTTP (61)
[2019.04.05-09.04.17:354][735]LogHttp: Display: Http module shutting down, but needs to wait on 1 outstanding Http requests:
[2019.04.05-09.04.17:354][735]LogHttp: Display: 	verb=[POST] url=[https://datarouter.ol.epicgames.com/datarouter/api/v1/public/data?SessionID=%7B38E1BB52-4E67-35A9-4393-548F3C643E38%7D&AppID=UEEditor.Rocket.Release&AppVersion=4.20.0-4212847%2B%2B%2BUE4%2BRelease-4.20&UserID=39824cf84233e56c353dccbffedb5100%7C71f21aca187348668708cb239143a83c%7Ccf8163a1-e491-42fe-a516-8652904b024e&AppEnvironment=datacollector-binary&UploadType=eteventstream] status=Processing
[2019.04.05-09.04.17:354][735]LogHttp: Display: Sleeping 0.5s to wait for 1 outstanding Http requests.
[2019.04.05-09.04.17:856][735]LogHttp: Display: Sleeping 0.5s to wait for 1 outstanding Http requests.
[2019.04.05-09.04.18:356][735]LogHttp: Display: Sleeping 0.5s to wait for 1 outstanding Http requests.
[2019.04.05-09.04.18:857][735]LogHttp: Display: Sleeping 0.5s to wait for 1 outstanding Http requests.
[2019.04.05-09.04.19:388][735]LogModuleManager: Shutting down and abandoning module SSL (60)
[2019.04.05-09.04.19:388][735]LogModuleManager: Shutting down and abandoning module MagicLeapEmulator (56)
[2019.04.05-09.04.19:388][735]LogModuleManager: Shutting down and abandoning module MagicLeapPrivileges (54)
[2019.04.05-09.04.19:388][735]LogModuleManager: Shutting down and abandoning module MagicLeapIdentity (52)
[2019.04.05-09.04.19:388][735]LogModuleManager: Shutting down and abandoning module MagicLeapHelperVulkan (50)
[2019.04.05-09.04.19:388][735]LogModuleManager: Shutting down and abandoning module MagicLeapHelperOpenGL (48)
[2019.04.05-09.04.19:388][735]LogModuleManager: Shutting down and abandoning module MagicLeapSecureStorage (46)
[2019.04.05-09.04.19:388][735]LogModuleManager: Shutting down and abandoning module MagicLeapGestures (44)
[2019.04.05-09.04.19:388][735]LogModuleManager: Shutting down and abandoning module MagicLeapEyeTracker (42)
[2019.04.05-09.04.19:388][735]LogModuleManager: Shutting down and abandoning module MagicLeapController (40)
[2019.04.05-09.04.19:388][735]LogSlate: Slate User Destroyed.  User Index 0, Is Virtual User: 0
[2019.04.05-09.04.19:388][735]LogModuleManager: Shutting down and abandoning module MagicLeap (38)
[2019.04.05-09.04.19:389][735]LogModuleManager: Shutting down and abandoning module AnimationModifiers (36)
[2019.04.05-09.04.19:389][735]LogModuleManager: Shutting down and abandoning module PropertyEditor (35)
[2019.04.05-09.04.19:389][735]LogModuleManager: Shutting down and abandoning module AudioEditor (32)
[2019.04.05-09.04.19:389][735]LogModuleManager: Shutting down and abandoning module TextureCompressor (30)
[2019.04.05-09.04.19:389][735]LogModuleManager: Shutting down and abandoning module ShaderCore (28)
[2019.04.05-09.04.19:389][735]LogModuleManager: Shutting down and abandoning module Landscape (26)
[2019.04.05-09.04.19:389][735]LogModuleManager: Shutting down and abandoning module SlateRHIRenderer (24)
[2019.04.05-09.04.19:390][735]LogModuleManager: Shutting down and abandoning module OpenGLDrv (22)
[2019.04.05-09.04.19:390][735]LogModuleManager: Shutting down and abandoning module D3D11RHI (20)
[2019.04.05-09.04.19:390][735]LogModuleManager: Shutting down and abandoning module AnimGraphRuntime (18)
[2019.04.05-09.04.19:390][735]LogModuleManager: Shutting down and abandoning module Renderer (16)
[2019.04.05-09.04.19:390][735]LogModuleManager: Shutting down and abandoning module Engine (14)
[2019.04.05-09.04.19:390][735]LogModuleManager: Shutting down and abandoning module CoreUObject (12)
[2019.04.05-09.04.19:390][735]LogModuleManager: Shutting down and abandoning module NetworkFile (10)
[2019.04.05-09.04.19:390][735]LogModuleManager: Shutting down and abandoning module CookedIterativeFile (8)
[2019.04.05-09.04.19:390][735]LogModuleManager: Shutting down and abandoning module StreamingFile (6)
[2019.04.05-09.04.19:390][735]LogModuleManager: Shutting down and abandoning module SandboxFile (4)
[2019.04.05-09.04.19:390][735]LogModuleManager: Shutting down and abandoning module PakFile (2)
[2019.04.05-09.04.19:396][735]LogExit: Exiting.
[2019.04.05-09.04.19:398][735]Log file closed, 04/05/19 11:04:19
