Log file open, 03/08/19 14:16:06
LogWindows: Failed to load 'aqProf.dll' (GetLastError=126)
LogWindows: File 'aqProf.dll' does not exist
LogWindows: Failed to load 'VtuneApi.dll' (GetLastError=126)
LogWindows: File 'VtuneApi.dll' does not exist
LogWindows: Failed to load 'VtuneApi32e.dll' (GetLastError=126)
LogWindows: File 'VtuneApi32e.dll' does not exist
LogInit: Display: Running engine for game: ICHOR
LogPlatformFile: Not using cached read wrapper
LogTaskGraph: Started task graph with 5 named threads and 23 total threads with 3 sets of task threads.
LogStats: Stats thread started at 0.285391
LogD3D11RHI: Loaded GFSDK_Aftermath_Lib.x64.dll
LogICUInternationalization: Display: ICU TimeZone Detection - Raw Offset: +1:00, Platform Override: ''
LogPluginManager: Mounting plugin Paper2D
LogPluginManager: Mounting plugin AISupport
LogPluginManager: Mounting plugin LightPropagationVolume
LogPluginManager: Mounting plugin CLionSourceCodeAccess
LogPluginManager: Mounting plugin CodeLiteSourceCodeAccess
LogPluginManager: Mounting plugin GitSourceControl
LogPluginManager: Mounting plugin KDevelopSourceCodeAccess
LogPluginManager: Mounting plugin NullSourceCodeAccess
LogPluginManager: Mounting plugin PerforceSourceControl
LogPluginManager: Mounting plugin SubversionSourceControl
LogPluginManager: Mounting plugin UObjectPlugin
LogPluginManager: Mounting plugin VisualStudioCodeSourceCodeAccess
LogPluginManager: Mounting plugin VisualStudioSourceCodeAccess
LogPluginManager: Mounting plugin XCodeSourceCodeAccess
LogPluginManager: Mounting plugin AssetManagerEditor
LogPluginManager: Mounting plugin CryptoKeys
LogPluginManager: Mounting plugin DataValidation
LogPluginManager: Mounting plugin FacialAnimation
LogPluginManager: Mounting plugin GameplayTagsEditor
LogPluginManager: Mounting plugin MacGraphicsSwitching
LogPluginManager: Mounting plugin MeshEditor
LogPluginManager: Mounting plugin MobileLauncherProfileWizard
LogPluginManager: Mounting plugin PluginBrowser
LogPluginManager: Mounting plugin SpeedTreeImporter
LogPluginManager: Mounting plugin DatasmithContent
LogPluginManager: Mounting plugin AlembicImporter
LogPluginManager: Mounting plugin AppleImageUtils
LogPluginManager: Mounting plugin AppleVision
LogPluginManager: Mounting plugin BackChannel
LogPluginManager: Mounting plugin CharacterAI
LogPluginManager: Mounting plugin GeometryCache
LogPluginManager: Mounting plugin HTML5Networking
LogPluginManager: Mounting plugin ProxyLODPlugin
LogPluginManager: Mounting plugin MagicLeap
LogPluginManager: Mounting plugin MagicLeapEmulator
LogPluginManager: Mounting plugin MagicLeapMedia
LogPluginManager: Mounting plugin AndroidMedia
LogPluginManager: Mounting plugin AvfMedia
LogPluginManager: Mounting plugin ImgMedia
LogPluginManager: Mounting plugin LinearTimecode
LogPluginManager: Mounting plugin MediaCompositing
LogPluginManager: Mounting plugin MediaPlayerEditor
LogPluginManager: Mounting plugin WmfMedia
LogPluginManager: Mounting plugin TcpMessaging
LogPluginManager: Mounting plugin UdpMessaging
LogPluginManager: Mounting plugin ActorSequence
LogPluginManager: Mounting plugin LevelSequenceEditor
LogPluginManager: Mounting plugin MatineeToLevelSequence
LogPluginManager: Mounting plugin NetcodeUnitTest
LogPluginManager: Mounting plugin NUTUnrealEngine4
LogPluginManager: Mounting plugin OnlineSubsystemGooglePlay
LogPluginManager: Mounting plugin OnlineSubsystemIOS
LogPluginManager: Mounting plugin OnlineSubsystem
LogPluginManager: Mounting plugin OnlineSubsystemNull
LogPluginManager: Mounting plugin OnlineSubsystemUtils
LogPluginManager: Mounting plugin LauncherChunkInstaller
LogPluginManager: Mounting plugin AndroidDeviceProfileSelector
LogPluginManager: Mounting plugin AndroidMoviePlayer
LogPluginManager: Mounting plugin AndroidPermission
LogPluginManager: Mounting plugin ApexDestruction
LogPluginManager: Mounting plugin AppleMoviePlayer
LogPluginManager: Mounting plugin ArchVisCharacter
LogPluginManager: Mounting plugin AudioCapture
LogPluginManager: Mounting plugin CableComponent
LogPluginManager: Mounting plugin CustomMeshComponent
LogPluginManager: Mounting plugin EditableMesh
LogPluginManager: Mounting plugin ExampleDeviceProfileSelector
LogPluginManager: Mounting plugin GoogleCloudMessaging
LogPluginManager: Mounting plugin ImmediatePhysics
LogPluginManager: Mounting plugin IOSDeviceProfileSelector
LogPluginManager: Mounting plugin LinuxDeviceProfileSelector
LogPluginManager: Mounting plugin LocationServicesBPLibrary
LogPluginManager: Mounting plugin MobilePatchingUtils
LogPluginManager: Mounting plugin OculusVR
LogPluginManager: Plugin shader directory ../../../Engine/Plugins/Runtime/Oculus/OculusVR/Shaders found
LogPluginManager: Mapping shader source directory ../../../Engine/Plugins/Runtime/Oculus/OculusVR/Shaders to virtual directory /Plugin/OculusVR
LogPluginManager: Mounting plugin PhysXVehicles
LogPluginManager: Mounting plugin ProceduralMeshComponent
LogPluginManager: Mounting plugin RuntimePhysXCooking
LogPluginManager: Mounting plugin SteamVR
LogPluginManager: Mounting plugin WindowsMoviePlayer
LogStreaming: Display: Took  0.111s to configure plugins.
LogInit: Using libcurl 7.55.1-DEV
LogInit:  - built for x86_64-pc-win32
LogInit:  - supports SSL with OpenSSL/1.0.2h
LogInit:  - supports HTTP deflate (compression) using libz 1.2.8
LogInit:  - other features:
LogInit:      CURL_VERSION_SSL
LogInit:      CURL_VERSION_LIBZ
LogInit:      CURL_VERSION_IPV6
LogInit:      CURL_VERSION_ASYNCHDNS
LogInit:      CURL_VERSION_LARGEFILE
LogInit:      CURL_VERSION_IDN
LogInit:  CurlRequestOptions (configurable via config and command line):
LogInit:  - bVerifyPeer = false  - Libcurl will NOT verify peer certificate
LogInit:  - bUseHttpProxy = false  - Libcurl will NOT use HTTP proxy
LogInit:  - bDontReuseConnections = false  - Libcurl will reuse connections
LogInit:  - CertBundlePath = nullptr  - Libcurl will use whatever was configured at build time.
LogInit:  - MaxHostConnections = 16  - Libcurl will limit the number of connections to a host
LogInit:  - LocalHostAddr = Default
LogInit:  - BufferSize = 65536
LogInit: WinSock: version 1.1 (2.2), MaxSocks=32767, MaxUdp=65467
LogInit: Build: ++UE4+Release-4.20-CL-4212847
LogInit: Engine Version: 4.20.0-4212847+++UE4+Release-4.20
LogInit: Compatible Engine Version: 4.20.0-4212847+++UE4+Release-4.20
LogInit: Net CL: 4212847
LogInit: OS: Windows 10 (), CPU: Intel(R) Core(TM) i7-7700 CPU @ 3.60GHz, GPU: NVIDIA GeForce GTX 1060 6GB
LogInit: Compiled (64-bit): Jul 14 2018 09:51:14
LogInit: Compiled with Visual C++: 19.13.26129.00
LogInit: Build Configuration: Development
LogInit: Branch Name: ++UE4+Release-4.20
LogInit: Command Line: 
LogInit: Base Directory: C:/Program Files (x86)/Epic Games/UE_4.20/Engine/Binaries/Win64/
LogInit: Installed Engine Build: 1
LogDevObjectVersion: Number of dev versions registered: 20
LogDevObjectVersion:   Dev-Blueprints (B0D832E4-1F89-4F0D-ACCF-7EB736FD4AA2): 10
LogDevObjectVersion:   Dev-Build (E1C64328-A22C-4D53-A36C-8E866417BD8C): 0
LogDevObjectVersion:   Dev-Core (375EC13C-06E4-48FB-B500-84F0262A717E): 2
LogDevObjectVersion:   Dev-Editor (E4B068ED-F494-42E9-A231-DA0B2E46BB41): 24
LogDevObjectVersion:   Dev-Framework (CFFC743F-43B0-4480-9391-14DF171D2073): 34
LogDevObjectVersion:   Dev-Mobile (B02B49B5-BB20-44E9-A304-32B752E40360): 2
LogDevObjectVersion:   Dev-Networking (A4E4105C-59A1-49B5-A7C5-40C4547EDFEE): 0
LogDevObjectVersion:   Dev-Online (39C831C9-5AE6-47DC-9A44-9C173E1C8E7C): 0
LogDevObjectVersion:   Dev-Physics (78F01B33-EBEA-4F98-B9B4-84EACCB95AA2): 0
LogDevObjectVersion:   Dev-Platform (6631380F-2D4D-43E0-8009-CF276956A95A): 0
LogDevObjectVersion:   Dev-Rendering (12F88B9F-8875-4AFC-A67C-D90C383ABD29): 26
LogDevObjectVersion:   Dev-Sequencer (7B5AE74C-D270-4C10-A958-57980B212A5A): 9
LogDevObjectVersion:   Dev-VR (D7296918-1DD6-4BDD-9DE2-64A83CC13884): 2
LogDevObjectVersion:   Dev-LoadTimes (C2A15278-BFE7-4AFE-6C17-90FF531DF755): 1
LogDevObjectVersion:   Private-Geometry (6EACA3D4-40EC-4CC1-B786-8BED09428FC5): 3
LogDevObjectVersion:   Dev-AnimPhys (29E575DD-E0A3-4627-9D10-D276232CDCEA): 17
LogDevObjectVersion:   Dev-ReflectionCapture (6B266CEC-1EC7-4B8F-A30B-E4D90942FC07): 1
LogDevObjectVersion:   Dev-Automation (0DF73D61-A23F-47EA-B727-89E90C41499A): 1
LogDevObjectVersion:   FortniteMain (601D1886-AC64-4F84-AA16-D3DE0DEAC7D6): 12
LogDevObjectVersion:   Dev-Enterprise (9DFFBCD6-494F-0158-E221-12823C92A888): 1
LogStreaming: Display: Took  0.000s to delete old logs.
LogInit: Presizing for max 8388607 objects, including 0 objects not considered by GC, pre-allocating 0 bytes for permanent pool.
LogInit: Object subsystem initialized
[2019.03.08-13.16.06:814][  0]LogInit: Selected Device Profile: [Windows]
[2019.03.08-13.16.06:814][  0]LogInit: Applying CVar settings loaded from the selected device profile: [Windows]
[2019.03.08-13.16.06:829][  0]LogHAL: Display: Platform has ~ 32 GB [34254594048 / 34359738368 / 32], which maps to Largest [LargestMinGB=32, LargerMinGB=12, DefaultMinGB=8, SmallerMinGB=6, SmallestMinGB=0)
[2019.03.08-13.16.06:829][  0]LogInit: Setting Device Profile CVar: [[r.Vulkan.UseRealUBs:1]]
[2019.03.08-13.16.06:829][  0]LogInit: Going up to parent DeviceProfile []
[2019.03.08-13.16.06:829][  0]LogInit: Computer: i7-mk8-2017-15
[2019.03.08-13.16.06:829][  0]LogInit: User: etudiant
[2019.03.08-13.16.06:829][  0]LogInit: CPU Page size=4096, Cores=4
[2019.03.08-13.16.06:829][  0]LogInit: High frequency timer resolution =3.515622 MHz
[2019.03.08-13.16.06:829][  0]LogMemory: Memory total: Physical=31.9GB (32GB approx)
[2019.03.08-13.16.06:829][  0]LogMemory: Platform Memory Stats for Windows
[2019.03.08-13.16.06:829][  0]LogMemory: Process Physical Memory: 101.60 MB used, 101.60 MB peak
[2019.03.08-13.16.06:829][  0]LogMemory: Process Virtual Memory: 90.37 MB used, 90.37 MB peak
[2019.03.08-13.16.06:829][  0]LogMemory: Physical Memory: 5168.24 MB used,  27499.49 MB free, 32667.73 MB total
[2019.03.08-13.16.06:829][  0]LogMemory: Virtual Memory: 4640.18 MB used,  27499.49 MB free, 134217728.00 MB total
[2019.03.08-13.16.06:927][  0]LogInit: Using OS detected language (fr-FR).
[2019.03.08-13.16.06:927][  0]LogInit: Using OS detected locale (fr-FR).
[2019.03.08-13.16.06:927][  0]LogTextLocalizationManager: No specific localization for 'fr-FR' exists, so the 'fr' localization will be used.
[2019.03.08-13.16.06:942][  0]LogStreaming: Display: Took  0.015s to InitEngineTextLocalization.
[2019.03.08-13.16.06:942][  0]LogInit: Setting process to per monitor DPI aware
[2019.03.08-13.16.07:010][  0]LogSlate: New Slate User Created.  User Index 0, Is Virtual User: 0
[2019.03.08-13.16.07:010][  0]LogSlate: Slate User Registered.  User Index 0, Is Virtual User: 0
[2019.03.08-13.16.08:600][  0]LogHMD: Failed to initialize OpenVR with code 110
[2019.03.08-13.16.08:600][  0]LogD3D11RHI: D3D11 adapters:
[2019.03.08-13.16.08:646][  0]LogD3D11RHI:    0. 'NVIDIA GeForce GTX 1060 6GB' (Feature Level 11_0)
[2019.03.08-13.16.08:646][  0]LogD3D11RHI:       6052/0/16333 MB DedicatedVideo/DedicatedSystem/SharedSystem, Outputs:2, VendorId:0x10de
[2019.03.08-13.16.08:654][  0]LogD3D11RHI:    1. 'Intel(R) HD Graphics 630' (Feature Level 11_0)
[2019.03.08-13.16.08:654][  0]LogD3D11RHI:       128/0/16333 MB DedicatedVideo/DedicatedSystem/SharedSystem, Outputs:0, VendorId:0x8086
[2019.03.08-13.16.08:655][  0]LogD3D11RHI:    2. 'Microsoft Basic Render Driver' (Feature Level 11_0)
[2019.03.08-13.16.08:655][  0]LogD3D11RHI:       0/0/16333 MB DedicatedVideo/DedicatedSystem/SharedSystem, Outputs:0, VendorId:0x1414
[2019.03.08-13.16.08:655][  0]LogD3D11RHI: Chosen D3D11 Adapter: 0
[2019.03.08-13.16.08:660][  0]LogD3D11RHI: Creating new Direct3DDevice
[2019.03.08-13.16.08:660][  0]LogD3D11RHI:     GPU DeviceId: 0x1c03 (for the marketing name, search the web for "GPU Device Id")
[2019.03.08-13.16.08:660][  0]LogWindows: EnumDisplayDevices:
[2019.03.08-13.16.08:660][  0]LogWindows:    0. 'NVIDIA GeForce GTX 1060 6GB' (P:1 D:1)
[2019.03.08-13.16.08:660][  0]LogWindows:    1. 'NVIDIA GeForce GTX 1060 6GB' (P:0 D:1)
[2019.03.08-13.16.08:660][  0]LogWindows:    2. 'NVIDIA GeForce GTX 1060 6GB' (P:0 D:0)
[2019.03.08-13.16.08:660][  0]LogWindows:    3. 'NVIDIA GeForce GTX 1060 6GB' (P:0 D:0)
[2019.03.08-13.16.08:661][  0]LogWindows:    4. 'Intel(R) HD Graphics 630' (P:0 D:0)
[2019.03.08-13.16.08:661][  0]LogWindows:    5. 'Intel(R) HD Graphics 630' (P:0 D:0)
[2019.03.08-13.16.08:661][  0]LogWindows:    6. 'Intel(R) HD Graphics 630' (P:0 D:0)
[2019.03.08-13.16.08:661][  0]LogWindows: DebugString: PrimaryIsNotTheChoosenAdapter PrimaryIsNotTheChoosenAdapter PrimaryIsNotTheChoosenAdapter FoundDriverCount:4 
[2019.03.08-13.16.08:661][  0]LogD3D11RHI:     Adapter Name: NVIDIA GeForce GTX 1060 6GB
[2019.03.08-13.16.08:661][  0]LogD3D11RHI:   Driver Version: 391.01 (internal:23.21.13.9101, unified:391.01)
[2019.03.08-13.16.08:661][  0]LogD3D11RHI:      Driver Date: 2-23-2018
[2019.03.08-13.16.08:661][  0]LogRHI: Texture pool is 4236 MB (70% of 6052 MB)
[2019.03.08-13.16.08:690][  0]LogD3D11RHI: Async texture creation enabled
[2019.03.08-13.16.08:706][  0]LogD3D11RHI: GPU Timing Frequency: 1000.000000 (Debug: 2 2)
[2019.03.08-13.16.08:757][  0]LogShaderCompilers: Guid format shader working directory is -16 characters bigger than the processId version (../../../../../../Users/etudiant/Documents/GitHub/ICHOR-Last-Year/Intermediate/Shaders/WorkingDirectory/7208/).
[2019.03.08-13.16.08:757][  0]LogShaderCompilers: Cleaned the shader compiler working directory 'C:/Users/etudiant/AppData/Local/Temp/UnrealShaderWorkingDir/4E8443CD449DE03078C42B98B77011D6/'.
[2019.03.08-13.16.09:011][  0]LogTemp: Display: Loaded TP AllDesktopTargetPlatform
[2019.03.08-13.16.09:023][  0]LogTemp: Display: Loaded TP MacClientTargetPlatform
[2019.03.08-13.16.09:033][  0]LogTemp: Display: Loaded TP MacNoEditorTargetPlatform
[2019.03.08-13.16.09:044][  0]LogTemp: Display: Loaded TP MacServerTargetPlatform
[2019.03.08-13.16.09:059][  0]LogTemp: Display: Loaded TP MacTargetPlatform
[2019.03.08-13.16.09:070][  0]LogTemp: Display: Loaded TP WindowsClientTargetPlatform
[2019.03.08-13.16.09:081][  0]LogTemp: Display: Loaded TP WindowsNoEditorTargetPlatform
[2019.03.08-13.16.09:092][  0]LogTemp: Display: Loaded TP WindowsServerTargetPlatform
[2019.03.08-13.16.09:098][  0]LogTemp: Display: Loaded TP WindowsTargetPlatform
[2019.03.08-13.16.09:169][  0]LogTemp: Display: Loaded TP AndroidTargetPlatform
[2019.03.08-13.16.09:169][  0]LogTemp: Display: Loaded TP AndroidTargetPlatform
[2019.03.08-13.16.09:169][  0]LogTemp: Display: Loaded TP AndroidTargetPlatform
[2019.03.08-13.16.09:169][  0]LogTemp: Display: Loaded TP AndroidTargetPlatform
[2019.03.08-13.16.09:169][  0]LogTemp: Display: Loaded TP AndroidTargetPlatform
[2019.03.08-13.16.09:169][  0]LogTemp: Display: Loaded TP AndroidTargetPlatform
[2019.03.08-13.16.09:169][  0]LogTemp: Display: Loaded TP AndroidTargetPlatform
[2019.03.08-13.16.09:169][  0]LogTemp: Display: Loaded TP AndroidTargetPlatform
[2019.03.08-13.16.09:169][  0]LogTemp: Display: Loaded TP AndroidTargetPlatform
[2019.03.08-13.16.09:169][  0]LogTemp: Display: Loaded TP AndroidTargetPlatform
[2019.03.08-13.16.09:169][  0]LogTemp: Display: Loaded TP AndroidTargetPlatform
[2019.03.08-13.16.09:169][  0]LogTemp: Display: Loaded TP AndroidTargetPlatform
[2019.03.08-13.16.09:169][  0]LogTemp: Display: Loaded TP AndroidTargetPlatform
[2019.03.08-13.16.09:169][  0]LogTemp: Display: Loaded TP AndroidTargetPlatform
[2019.03.08-13.16.09:169][  0]LogTemp: Display: Loaded TP AndroidTargetPlatform
[2019.03.08-13.16.09:169][  0]LogTemp: Display: Loaded TP AndroidTargetPlatform
[2019.03.08-13.16.09:169][  0]LogTemp: Display: Loaded TP AndroidTargetPlatform
[2019.03.08-13.16.09:169][  0]LogTemp: Display: Loaded TP AndroidTargetPlatform
[2019.03.08-13.16.09:170][  0]LogTemp: Display: Loaded TP HTML5TargetPlatform
[2019.03.08-13.16.09:240][  0]LogTemp: Display: Loaded TP IOSTargetPlatform
[2019.03.08-13.16.09:240][  0]LogTemp: Display: Loaded TP IOSTargetPlatform
[2019.03.08-13.16.09:271][  0]LogTemp: Display: Loaded TP TVOSTargetPlatform
[2019.03.08-13.16.09:271][  0]LogTemp: Display: Loaded TP TVOSTargetPlatform
[2019.03.08-13.16.09:281][  0]LogTemp: Display: Loaded TP LinuxClientTargetPlatform
[2019.03.08-13.16.09:291][  0]LogTemp: Display: Loaded TP LinuxNoEditorTargetPlatform
[2019.03.08-13.16.09:301][  0]LogTemp: Display: Loaded TP LinuxServerTargetPlatform
[2019.03.08-13.16.09:315][  0]LogTemp: Display: Loaded TP LinuxTargetPlatform
[2019.03.08-13.16.09:322][  0]LogTemp: Display: Loaded TP LuminTargetPlatform
[2019.03.08-13.16.09:322][  0]LogTargetPlatformManager: Display: Building Assets For Windows
[2019.03.08-13.16.09:383][  0]LogXGEController: Cannot use XGE Controller as Incredibuild is not installed on this machine.
[2019.03.08-13.16.09:383][  0]LogShaderCompilers: Cannot use XGE Shader Compiler as Incredibuild is not installed on this machine.
[2019.03.08-13.16.09:383][  0]LogShaderCompilers: Display: Using Local Shader Compiler.
[2019.03.08-13.16.09:977][  0]LogDerivedDataCache: Display: Max Cache Size: 512 MB
[2019.03.08-13.16.10:025][  0]LogDerivedDataCache: Loaded boot cache 0.05s 71MB C:/Users/etudiant/AppData/Local/UnrealEngine/4.20/DerivedDataCache/Boot.ddc.
[2019.03.08-13.16.10:025][  0]LogDerivedDataCache: Display: Loaded Boot cache: C:/Users/etudiant/AppData/Local/UnrealEngine/4.20/DerivedDataCache/Boot.ddc
[2019.03.08-13.16.10:025][  0]LogDerivedDataCache: FDerivedDataBackendGraph:  Pak pak cache file ../../../../../../Users/etudiant/Documents/GitHub/ICHOR-Last-Year/DerivedDataCache/DDC.ddp not found, will not use a pak cache.
[2019.03.08-13.16.10:025][  0]LogDerivedDataCache: Unable to find inner node Pak for hierarchical cache Hierarchy.
[2019.03.08-13.16.10:025][  0]LogDerivedDataCache: FDerivedDataBackendGraph:  CompressedPak pak cache file ../../../../../../Users/etudiant/Documents/GitHub/ICHOR-Last-Year/DerivedDataCache/Compressed.ddp not found, will not use a pak cache.
[2019.03.08-13.16.10:025][  0]LogDerivedDataCache: Unable to find inner node CompressedPak for hierarchical cache Hierarchy.
[2019.03.08-13.16.10:039][  0]LogDerivedDataCache: Display: Pak cache opened for reading ../../../Engine/DerivedDataCache/Compressed.ddp.
[2019.03.08-13.16.10:051][  0]LogDerivedDataCache: Using Local data cache path C:/Users/etudiant/AppData/Local/UnrealEngine/Common/DerivedDataCache: Writable
[2019.03.08-13.16.10:051][  0]LogDerivedDataCache: Shared data cache path not found in *engine.ini, will not use an Shared cache.
[2019.03.08-13.16.10:051][  0]LogDerivedDataCache: Unable to find inner node Shared for hierarchical cache Hierarchy.
[2019.03.08-13.16.10:068][  0]LogMaterial: Verifying Global Shaders for PCD3D_SM5
[2019.03.08-13.16.10:069][  0]LogSlate: Using FreeType 2.6.0
[2019.03.08-13.16.10:078][  0]LogSlate: SlateFontServices - WITH_FREETYPE: 1, WITH_HARFBUZZ: 1
[2019.03.08-13.16.10:237][  0]LogAssetRegistry: FAssetRegistry took 0.0248 seconds to start up
[2019.03.08-13.16.10:500][  0]LogInit: Selected Device Profile: [Windows]
[2019.03.08-13.16.10:625][  0]LogSimplygon: Simplygon DLL not present - disabling.
[2019.03.08-13.16.10:627][  0]LogMeshReduction: Using SimplygonSwarm for distributed automatic mesh merging
[2019.03.08-13.16.10:627][  0]LogMeshReduction: Using ProxyLODMeshReduction for automatic mesh merging
[2019.03.08-13.16.10:627][  0]LogMeshReduction: Using QuadricMeshReduction for automatic static mesh reduction
[2019.03.08-13.16.10:627][  0]LogMeshReduction: No automatic skeletal mesh reduction module available
[2019.03.08-13.16.10:640][  0]LogNetVersion: ICHOR 1.0.0, NetCL: 4212847, EngineNetVer: 5, GameNetVer: 0 (Checksum: 3601110329)
[2019.03.08-13.16.11:041][  0]LogPackageLocalizationCache: Processed 11 localized package path(s) for 2 prioritized culture(s) in 0.076406 seconds
[2019.03.08-13.16.11:046][  0]LogUObjectArray: 38425 objects as part of root set at end of initial load.
[2019.03.08-13.16.11:046][  0]LogUObjectAllocator: 6690872 out of 0 bytes used by permanent object pool.
[2019.03.08-13.16.11:046][  0]LogUObjectArray: CloseDisregardForGC: 0/0 objects in disregard for GC pool
[2019.03.08-13.16.12:857][  0]LogTcpMessaging: Initializing TcpMessaging bridge
[2019.03.08-13.16.12:872][  0]LogUdpMessaging: Initializing bridge on interface 0.0.0.0:0 to multicast group 230.0.0.1:6666.
[2019.03.08-13.16.13:080][  0]SourceControl: Source control is disabled
[2019.03.08-13.16.13:080][  0]SourceControl: Source control is disabled
[2019.03.08-13.16.13:081][  0]SourceControl: Source control is disabled
[2019.03.08-13.16.13:082][  0]SourceControl: Source control is disabled
[2019.03.08-13.16.13:247][  0]LogAndroidPermission: UAndroidPermissionCallbackProxy::GetInstance
[2019.03.08-13.16.13:297][  0]LogOcInput: OculusInput pre-init called
[2019.03.08-13.16.13:355][  0]LogEngine: Initializing Engine...
[2019.03.08-13.16.13:356][  0]LogHMD: Failed to initialize OpenVR with code 110
[2019.03.08-13.16.13:357][  0]LogStats: UGameplayTagsManager::ConstructGameplayTagTree: ImportINI prefixes -  0.000 s
[2019.03.08-13.16.13:357][  0]LogStats: UGameplayTagsManager::ConstructGameplayTagTree: Construct from data asset -  0.000 s
[2019.03.08-13.16.13:357][  0]LogStats: UGameplayTagsManager::ConstructGameplayTagTree: ImportINI -  0.000 s
[2019.03.08-13.16.13:357][  0]LogStats: UGameplayTagsManager::ConstructGameplayTagTree: GameplayTagTreeChangedEvent.Broadcast -  0.000 s
[2019.03.08-13.16.13:544][  0]LogInit: Initializing FReadOnlyCVARCache
[2019.03.08-13.16.13:560][  0]LogAIModule: Creating AISystem for world Untitled
[2019.03.08-13.16.13:571][  0]LogInit: XAudio2 using 'DELL U2414H (NVIDIA High Definition Audio)' : 2 channels at 48 kHz using 16 bits per sample (channel mask 0x3)
[2019.03.08-13.16.13:611][  0]LogInit: FAudioDevice initialized.
[2019.03.08-13.16.13:611][  0]LogNetVersion: Set ProjectVersion to 1.0.0.0. Version Checksum will be recalculated on next use.
[2019.03.08-13.16.13:674][  0]LogDerivedDataCache: Saved boot cache 0.06s 71MB C:/Users/etudiant/AppData/Local/UnrealEngine/4.20/DerivedDataCache/Boot.ddc.
[2019.03.08-13.16.13:677][  0]LogInit: Texture streaming: Enabled
[2019.03.08-13.16.13:691][  0]LogEngineSessionManager: EngineSessionManager initialized
[2019.03.08-13.16.13:729][  0]LogInit: Transaction tracking system initialized
[2019.03.08-13.16.13:750][  0]BlueprintLog: New page: Editor Load
[2019.03.08-13.16.13:817][  0]LocalizationService: Localization service is disabled
[2019.03.08-13.16.14:049][  0]LogCook: Display: Max memory allowance for cook 16384mb min free memory 0mb
[2019.03.08-13.16.14:049][  0]LogCook: Display: Mobile HDR setting 1
[2019.03.08-13.16.14:049][  0]LogGameplayTags: Display: UGameplayTagsManager::DoneAddingNativeTags. DelegateIsBound: 0
[2019.03.08-13.16.14:049][  0]LogStats: UGameplayTagsManager::ConstructGameplayTagTree: ImportINI prefixes -  0.000 s
[2019.03.08-13.16.14:049][  0]LogStats: UGameplayTagsManager::ConstructGameplayTagTree: Construct from data asset -  0.000 s
[2019.03.08-13.16.14:049][  0]LogStats: UGameplayTagsManager::ConstructGameplayTagTree: ImportINI -  0.000 s
[2019.03.08-13.16.14:049][  0]LogStats: UGameplayTagsManager::ConstructGameplayTagTree: GameplayTagTreeChangedEvent.Broadcast -  0.000 s
[2019.03.08-13.16.14:168][  0]LogFileCache: Scanning file cache for directory 'C:/Users/etudiant/Documents/GitHub/ICHOR-Last-Year/Content/' took 0.03s
[2019.03.08-13.16.14:168][  0]SourceControl: Source control is disabled
[2019.03.08-13.16.14:275][  0]LogSlate: Took 0.005503 seconds to synchronously load lazily loaded font '../../../Engine/Content/Slate/Fonts/Roboto-Regular.ttf' (155K)
[2019.03.08-13.16.16:592][  0]LogSlate: Window 'Restore Packages' being destroyed
[2019.03.08-13.16.16:593][  0]LogWindowsTextInputMethodSystem: Display: IME system now deactivated.
[2019.03.08-13.16.16:595][  0]LogWindowsTextInputMethodSystem: Display: IME system now deactivated.
[2019.03.08-13.16.16:601][  0]Cmd: MAP LOAD FILE="../../../../../../Users/etudiant/Documents/GitHub/ICHOR-Last-Year/Content/StarterContent/Maps/Minimal_Default.umap" TEMPLATE=0 SHOWPROGRESS=1 FEATURELEVEL=3
[2019.03.08-13.16.18:081][  0]LogSlate: Window 'Message' being destroyed
[2019.03.08-13.16.18:081][  0]LogWindowsTextInputMethodSystem: Display: IME system now deactivated.
[2019.03.08-13.16.18:084][  0]LogWindowsTextInputMethodSystem: Display: IME system now deactivated.
[2019.03.08-13.16.18:085][  0]LightingResults: New page: Lighting Build
[2019.03.08-13.16.18:087][  0]MapCheck: New page: Map Check
[2019.03.08-13.16.18:087][  0]LightingResults: New page: Lighting Build
[2019.03.08-13.16.18:109][  0]LogAIModule: Creating AISystem for world Untitled
[2019.03.08-13.16.18:111][  0]LoadErrors: New page: New Map
[2019.03.08-13.16.18:177][  0]LogSlate: Updating window title bar state: overlay mode, drag disabled, window buttons hidden, title bar hidden
[2019.03.08-13.16.18:183][  0]LogSlate: Updating window title bar state: overlay mode, drag disabled, window buttons hidden, title bar hidden
[2019.03.08-13.16.18:189][  0]LogSlate: Updating window title bar state: overlay mode, drag disabled, window buttons hidden, title bar hidden
[2019.03.08-13.16.18:194][  0]LogSlate: Updating window title bar state: overlay mode, drag disabled, window buttons hidden, title bar hidden
[2019.03.08-13.16.18:202][  0]LogCollectionManager: Loaded 0 collections in 0.001273 seconds
[2019.03.08-13.16.18:244][  0]LogFileCache: Scanning file cache for directory 'C:/Users/etudiant/Documents/GitHub/ICHOR-Last-Year/Saved/Collections/' took 0.01s
[2019.03.08-13.16.18:244][  0]LogFileCache: Scanning file cache for directory 'C:/Users/etudiant/Documents/GitHub/ICHOR-Last-Year/Content/Developers/etudiant/Collections/' took 0.01s
[2019.03.08-13.16.18:244][  0]LogFileCache: Scanning file cache for directory 'C:/Users/etudiant/Documents/GitHub/ICHOR-Last-Year/Content/Collections/' took 0.01s
[2019.03.08-13.16.18:244][  0]LogCollectionManager: Rebuilt the GUID cache for 0 collections in 0.000000 seconds
[2019.03.08-13.16.18:252][  0]LogContentBrowser: Native class hierarchy populated in 0.0075 seconds. Added 2581 classes and 608 folders.
[2019.03.08-13.16.18:257][  0]LogContentBrowser: Native class hierarchy updated for 'WidgetCarousel' in 0.0002 seconds. Added 0 classes and 0 folders.
[2019.03.08-13.16.18:496][  0]LogContentBrowser: Native class hierarchy updated for 'AddContentDialog' in 0.0002 seconds. Added 0 classes and 0 folders.
[2019.03.08-13.16.18:500][  0]LogContentBrowser: Native class hierarchy updated for 'SceneOutliner' in 0.0002 seconds. Added 1 classes and 2 folders.
[2019.03.08-13.16.18:514][  0]LogSlate: Took 0.003375 seconds to synchronously load lazily loaded font '../../../Engine/Content/Slate/Fonts/Roboto-Bold.ttf' (160K)
[2019.03.08-13.16.18:521][  0]LogSlate: Took 0.003425 seconds to synchronously load lazily loaded font '../../../Engine/Content/Editor/Slate/Fonts/FontAwesome.ttf' (139K)
[2019.03.08-13.16.18:563][  0]LogRenderer: Reallocating scene render targets to support 1208x576 Format 10 NumSamples 1 (Frame:1).
[2019.03.08-13.16.18:680][  0]LogContentBrowser: Native class hierarchy updated for 'HierarchicalLODOutliner' in 0.0005 seconds. Added 0 classes and 0 folders.
[2019.03.08-13.16.18:680][  0]LogLoad: (Engine Initialization) Total time: 14.06 seconds
[2019.03.08-13.16.18:680][  0]LogLoad: (Engine Initialization) Total Blueprint compile time: 0.00 seconds
[2019.03.08-13.16.18:713][  0]LogContentStreaming: Texture pool size now 3000 MB
[2019.03.08-13.16.18:810][  2]LogAssetRegistry: Asset discovery search completed in 8.5953 seconds
[2019.03.08-13.16.18:812][  2]LogCollectionManager: Rebuilt the object cache for 0 collections in 0.000000 seconds (found 0 objects)
[2019.03.08-13.16.18:812][  2]LogCollectionManager: Fixed up redirectors for 0 collections in 0.000036 seconds (updated 0 objects)
[2019.03.08-13.16.19:708][107]LogSlate: Took 0.000170 seconds to synchronously load lazily loaded font '../../../Engine/Content/Slate/Fonts/Roboto-Light.ttf' (167K)
[2019.03.08-13.16.22:780][475]LogSlate: Took 0.000140 seconds to synchronously load lazily loaded font '../../../Engine/Content/Slate/Fonts/Roboto-Light.ttf' (167K)
[2019.03.08-13.16.25:210][764]LogSlate: FSceneViewport::OnFocusLost() reason 0
[2019.03.08-13.16.31:262][467]LogLinker: Warning: Unable to load PhysicsSerializer with outer InstancedStaticMeshComponent /Game/VRTemplate/ExampleContent/VR_Trace_Interaction/Blueprints/BP_TraceVisualiser.BP_TraceVisualiser_C:InstanceMesh_GEN_VARIABLE because its class does not exist
[2019.03.08-13.16.31:871][467]LogLinker: Warning: Unable to load PhysicsSerializer with outer InstancedStaticMeshComponent /Game/PFE/Blueprint/NotMine/BP_TeleportPreview.BP_TeleportPreview_C:TeleportChaperoneBounds_GEN_VARIABLE because its class does not exist
[2019.03.08-13.16.32:836][467]LogBlueprint: Warning: [Compiler BPC_WorldInteractor] Get Hand  is deprecated; please replace or remove it.
[2019.03.08-13.16.32:836][467]LogBlueprint: Warning: [Compiler BPC_WorldInteractor] Get Hand  is deprecated; Please use the Motion Source property instead of Hand
[2019.03.08-13.16.32:887][467]LogBlueprint: Warning: [Compiler Ue4ASP_Character] InputAction Event references unknown Action 'Crouch' for  InputAction Crouch
[2019.03.08-13.16.32:887][467]LogBlueprint: Warning: [Compiler Ue4ASP_Character] InputAction Event references unknown Action 'Jump' for  InputAction Jump
[2019.03.08-13.16.33:310][467]LogBlueprint: Warning: [Compiler BPC_WorldInteractor] [0028,69] Compile of BPC_WorldInteractor successful, but with 2 Warning(s) [in 879 ms] (/Game/VRTemplate/ExampleContent/VR_World_Interaction/Blueprints/Components/BPC_WorldInteractor.BPC_WorldInteractor)
[2019.03.08-13.16.33:310][467]LogBlueprint: Warning: [Compiler Ue4ASP_Character] [0028,69] Compile of Ue4ASP_Character successful, but with 2 Warning(s) [in 879 ms] (/Game/AnimStarterPack/Ue4ASP_Character.Ue4ASP_Character)
[2019.03.08-13.16.35:569][467]LogAIModule: Creating AISystem for world Level_art
[2019.03.08-13.16.35:591][467]LogSlate: New Slate User Created.  User Index 8, Is Virtual User: 1
[2019.03.08-13.16.35:591][467]LogSlate: Slate User Registered.  User Index 8, Is Virtual User: 1
[2019.03.08-13.16.35:596][467]LogMaterial: Warning: Material /Game/StarterContent/Materials/M_Metal_Gold.M_Metal_Gold needed to have new flag set bUsedWithSkeletalMesh !
[2019.03.08-13.16.35:598][467]LogMaterial: Display: Missing cached shader map for material M_Metal_Gold, compiling. 
[2019.03.08-13.16.35:661][467]MapCheck: Warning: M_Metal_Gold Material /Game/StarterContent/Materials/M_Metal_Gold.M_Metal_Gold was missing the usage flag bUsedWithSkeletalMesh. If the material asset is not re-saved, it may not render correctly when run outside the editor. Fix
[2019.03.08-13.16.35:670][467]LogMaterial: Warning: Material /Game/StarterContent/Materials/M_Metal_Burnished_Steel.M_Metal_Burnished_Steel needed to have new flag set bUsedWithSkeletalMesh !
[2019.03.08-13.16.35:672][467]LogShaderCompilers: Display: Shaders left to compile 69
[2019.03.08-13.16.35:673][467]LogShaderCompilers: Display: Shaders left to compile 59
[2019.03.08-13.16.35:673][467]LogShaderCompilers: Display: Shaders left to compile 49
[2019.03.08-13.16.35:673][467]LogShaderCompilers: Display: Shaders left to compile 39
[2019.03.08-13.16.35:673][467]LogMaterial: Display: Missing cached shader map for material M_Metal_Burnished_Steel, compiling. 
[2019.03.08-13.16.35:708][467]MapCheck: Warning: M_Metal_Burnished_Steel Material /Game/StarterContent/Materials/M_Metal_Burnished_Steel.M_Metal_Burnished_Steel was missing the usage flag bUsedWithSkeletalMesh. If the material asset is not re-saved, it may not render correctly when run outside the editor. Fix
[2019.03.08-13.16.35:709][467]LogMaterial: Warning: Material /Game/StarterContent/Materials/M_Metal_Chrome.M_Metal_Chrome needed to have new flag set bUsedWithSkeletalMesh !
[2019.03.08-13.16.35:710][467]LogMaterial: Display: Missing cached shader map for material M_Metal_Chrome, compiling. 
[2019.03.08-13.16.35:757][467]MapCheck: Warning: M_Metal_Chrome Material /Game/StarterContent/Materials/M_Metal_Chrome.M_Metal_Chrome was missing the usage flag bUsedWithSkeletalMesh. If the material asset is not re-saved, it may not render correctly when run outside the editor. Fix
[2019.03.08-13.16.35:769][467]LogScript: Warning: Script Msg: Attempted to access index 0 from array 'inEars' of length 0 in '/Game/PFE/Blueprint/NotMine/BP_TeleportArea.BP_TeleportArea_C:GetTrainglesFromPoints'!
[2019.03.08-13.16.35:769][467]LogScript: Warning: Script Msg: Attempted to access index 0 from array 'inEars' of length 0 in '/Game/PFE/Blueprint/NotMine/BP_TeleportArea.BP_TeleportArea_C:GetTrainglesFromPoints'!
[2019.03.08-13.16.35:769][467]LogScript: Warning: Script Msg: Attempted to access index 0 from array 'inEars' of length 0 in '/Game/PFE/Blueprint/NotMine/BP_TeleportArea.BP_TeleportArea_C:GetTrainglesFromPoints'!
[2019.03.08-13.16.35:769][467]LogScript: Warning: Script Msg: Attempted to access index 0 from array 'inEars' of length 0 in '/Game/PFE/Blueprint/NotMine/BP_TeleportArea.BP_TeleportArea_C:GetTrainglesFromPoints'!
[2019.03.08-13.16.35:769][467]LogScript: Warning: Script Msg: Attempted to access index 0 from array 'inEars' of length 0 in '/Game/PFE/Blueprint/NotMine/BP_TeleportArea.BP_TeleportArea_C:GetTrainglesFromPoints'!
[2019.03.08-13.16.35:769][467]LogScript: Warning: Script Msg: Attempted to access index 0 from array 'inEars' of length 0 in '/Game/PFE/Blueprint/NotMine/BP_TeleportArea.BP_TeleportArea_C:GetTrainglesFromPoints'!
[2019.03.08-13.16.35:771][467]LogScript: Warning: Script Msg: Attempted to access index 0 from array 'inEars' of length 0 in '/Game/PFE/Blueprint/NotMine/BP_TeleportArea.BP_TeleportArea_C:GetTrainglesFromPoints'!
[2019.03.08-13.16.35:771][467]LogScript: Warning: Script Msg: Attempted to access index 0 from array 'inEars' of length 0 in '/Game/PFE/Blueprint/NotMine/BP_TeleportArea.BP_TeleportArea_C:GetTrainglesFromPoints'!
[2019.03.08-13.16.35:771][467]LogScript: Warning: Script Msg: Attempted to access index 0 from array 'inEars' of length 0 in '/Game/PFE/Blueprint/NotMine/BP_TeleportArea.BP_TeleportArea_C:GetTrainglesFromPoints'!
[2019.03.08-13.16.35:771][467]LogScript: Warning: Script Msg: Attempted to access index 0 from array 'inEars' of length 0 in '/Game/PFE/Blueprint/NotMine/BP_TeleportArea.BP_TeleportArea_C:GetTrainglesFromPoints'!
[2019.03.08-13.16.35:771][467]LogScript: Warning: Script Msg: Attempted to access index 0 from array 'inEars' of length 0 in '/Game/PFE/Blueprint/NotMine/BP_TeleportArea.BP_TeleportArea_C:GetTrainglesFromPoints'!
[2019.03.08-13.16.35:771][467]LogScript: Warning: Script Msg: Attempted to access index 0 from array 'inEars' of length 0 in '/Game/PFE/Blueprint/NotMine/BP_TeleportArea.BP_TeleportArea_C:GetTrainglesFromPoints'!
[2019.03.08-13.16.35:782][467]LogScript: Warning: Script Msg: Attempted to access index 0 from array 'inEars' of length 0 in '/Game/PFE/Blueprint/NotMine/BP_TeleportArea.BP_TeleportArea_C:GetTrainglesFromPoints'!
[2019.03.08-13.16.35:782][467]LogScript: Warning: Script Msg: Attempted to access index 0 from array 'inEars' of length 0 in '/Game/PFE/Blueprint/NotMine/BP_TeleportArea.BP_TeleportArea_C:GetTrainglesFromPoints'!
[2019.03.08-13.16.35:782][467]LogScript: Warning: Script Msg: Attempted to access index 0 from array 'inEars' of length 0 in '/Game/PFE/Blueprint/NotMine/BP_TeleportArea.BP_TeleportArea_C:GetTrainglesFromPoints'!
[2019.03.08-13.16.35:782][467]LogScript: Warning: Script Msg: Attempted to access index 0 from array 'inEars' of length 0 in '/Game/PFE/Blueprint/NotMine/BP_TeleportArea.BP_TeleportArea_C:GetTrainglesFromPoints'!
[2019.03.08-13.16.35:783][467]LogScript: Warning: Script Msg: Attempted to access index 0 from array 'inEars' of length 0 in '/Game/PFE/Blueprint/NotMine/BP_TeleportArea.BP_TeleportArea_C:GetTrainglesFromPoints'!
[2019.03.08-13.16.35:783][467]LogScript: Warning: Script Msg: Attempted to access index 0 from array 'inEars' of length 0 in '/Game/PFE/Blueprint/NotMine/BP_TeleportArea.BP_TeleportArea_C:GetTrainglesFromPoints'!
[2019.03.08-13.16.35:792][467]LogScript: Warning: Script Msg: Attempted to access index 0 from array 'inEars' of length 0 in '/Game/PFE/Blueprint/NotMine/BP_TeleportArea.BP_TeleportArea_C:GetTrainglesFromPoints'!
[2019.03.08-13.16.35:792][467]LogScript: Warning: Script Msg: Attempted to access index 0 from array 'inEars' of length 0 in '/Game/PFE/Blueprint/NotMine/BP_TeleportArea.BP_TeleportArea_C:GetTrainglesFromPoints'!
[2019.03.08-13.16.35:792][467]LogScript: Warning: Script Msg: Attempted to access index 0 from array 'inEars' of length 0 in '/Game/PFE/Blueprint/NotMine/BP_TeleportArea.BP_TeleportArea_C:GetTrainglesFromPoints'!
[2019.03.08-13.16.35:792][467]LogScript: Warning: Script Msg: Attempted to access index 0 from array 'inEars' of length 0 in '/Game/PFE/Blueprint/NotMine/BP_TeleportArea.BP_TeleportArea_C:GetTrainglesFromPoints'!
[2019.03.08-13.16.35:792][467]LogScript: Warning: Script Msg: Attempted to access index 0 from array 'inEars' of length 0 in '/Game/PFE/Blueprint/NotMine/BP_TeleportArea.BP_TeleportArea_C:GetTrainglesFromPoints'!
[2019.03.08-13.16.35:792][467]LogScript: Warning: Script Msg: Attempted to access index 0 from array 'inEars' of length 0 in '/Game/PFE/Blueprint/NotMine/BP_TeleportArea.BP_TeleportArea_C:GetTrainglesFromPoints'!
[2019.03.08-13.16.35:801][467]LogScript: Warning: Script Msg: Attempted to access index 0 from array 'inEars' of length 0 in '/Game/PFE/Blueprint/NotMine/BP_TeleportArea.BP_TeleportArea_C:GetTrainglesFromPoints'!
[2019.03.08-13.16.35:801][467]LogScript: Warning: Script Msg: Attempted to access index 0 from array 'inEars' of length 0 in '/Game/PFE/Blueprint/NotMine/BP_TeleportArea.BP_TeleportArea_C:GetTrainglesFromPoints'!
[2019.03.08-13.16.35:801][467]LogScript: Warning: Script Msg: Attempted to access index 0 from array 'inEars' of length 0 in '/Game/PFE/Blueprint/NotMine/BP_TeleportArea.BP_TeleportArea_C:GetTrainglesFromPoints'!
[2019.03.08-13.16.35:801][467]LogScript: Warning: Script Msg: Attempted to access index 0 from array 'inEars' of length 0 in '/Game/PFE/Blueprint/NotMine/BP_TeleportArea.BP_TeleportArea_C:GetTrainglesFromPoints'!
[2019.03.08-13.16.35:801][467]LogScript: Warning: Script Msg: Attempted to access index 0 from array 'inEars' of length 0 in '/Game/PFE/Blueprint/NotMine/BP_TeleportArea.BP_TeleportArea_C:GetTrainglesFromPoints'!
[2019.03.08-13.16.35:801][467]LogScript: Warning: Script Msg: Attempted to access index 0 from array 'inEars' of length 0 in '/Game/PFE/Blueprint/NotMine/BP_TeleportArea.BP_TeleportArea_C:GetTrainglesFromPoints'!
[2019.03.08-13.16.35:814][467]PIE: Warning: AttachTo: '/Game/PFE/Levels/Level_art.Level_art:PersistentLevel.Driller_5.DefaultSceneRoot' is not static  (in blueprint "Driller"), cannot attach '/Game/PFE/Levels/Level_art.Level_art:PersistentLevel.Driller_5.StaticMesh1' which is static to it. Aborting.
[2019.03.08-13.16.35:817][467]LogScript: Warning: Script Msg: Attempted to access index 0 from array 'inEars' of length 0 in '/Game/PFE/Blueprint/NotMine/BP_TeleportArea.BP_TeleportArea_C:GetTrainglesFromPoints'!
[2019.03.08-13.16.35:817][467]LogScript: Warning: Script Msg: Attempted to access index 0 from array 'inEars' of length 0 in '/Game/PFE/Blueprint/NotMine/BP_TeleportArea.BP_TeleportArea_C:GetTrainglesFromPoints'!
[2019.03.08-13.16.35:817][467]LogScript: Warning: Script Msg: Attempted to access index 0 from array 'inEars' of length 0 in '/Game/PFE/Blueprint/NotMine/BP_TeleportArea.BP_TeleportArea_C:GetTrainglesFromPoints'!
[2019.03.08-13.16.35:817][467]LogScript: Warning: Script Msg: Attempted to access index 0 from array 'inEars' of length 0 in '/Game/PFE/Blueprint/NotMine/BP_TeleportArea.BP_TeleportArea_C:GetTrainglesFromPoints'!
[2019.03.08-13.16.35:817][467]LogScript: Warning: Script Msg: Attempted to access index 0 from array 'inEars' of length 0 in '/Game/PFE/Blueprint/NotMine/BP_TeleportArea.BP_TeleportArea_C:GetTrainglesFromPoints'!
[2019.03.08-13.16.35:817][467]LogScript: Warning: Script Msg: Attempted to access index 0 from array 'inEars' of length 0 in '/Game/PFE/Blueprint/NotMine/BP_TeleportArea.BP_TeleportArea_C:GetTrainglesFromPoints'!
[2019.03.08-13.16.35:825][467]LogScript: Warning: Script Msg: Attempted to access index 0 from array 'inEars' of length 0 in '/Game/PFE/Blueprint/NotMine/BP_TeleportArea.BP_TeleportArea_C:GetTrainglesFromPoints'!
[2019.03.08-13.16.35:825][467]LogScript: Warning: Script Msg: Attempted to access index 0 from array 'inEars' of length 0 in '/Game/PFE/Blueprint/NotMine/BP_TeleportArea.BP_TeleportArea_C:GetTrainglesFromPoints'!
[2019.03.08-13.16.35:825][467]LogScript: Warning: Script Msg: Attempted to access index 0 from array 'inEars' of length 0 in '/Game/PFE/Blueprint/NotMine/BP_TeleportArea.BP_TeleportArea_C:GetTrainglesFromPoints'!
[2019.03.08-13.16.35:825][467]LogScript: Warning: Script Msg: Attempted to access index 0 from array 'inEars' of length 0 in '/Game/PFE/Blueprint/NotMine/BP_TeleportArea.BP_TeleportArea_C:GetTrainglesFromPoints'!
[2019.03.08-13.16.35:825][467]LogScript: Warning: Script Msg: Attempted to access index 0 from array 'inEars' of length 0 in '/Game/PFE/Blueprint/NotMine/BP_TeleportArea.BP_TeleportArea_C:GetTrainglesFromPoints'!
[2019.03.08-13.16.35:825][467]LogScript: Warning: Script Msg: Attempted to access index 0 from array 'inEars' of length 0 in '/Game/PFE/Blueprint/NotMine/BP_TeleportArea.BP_TeleportArea_C:GetTrainglesFromPoints'!
[2019.03.08-13.16.35:826][467]LogScript: Warning: Script Msg: Attempted to access index 0 from array 'inEars' of length 0 in '/Game/PFE/Blueprint/NotMine/BP_TeleportArea.BP_TeleportArea_C:GetTrainglesFromPoints'!
[2019.03.08-13.16.35:826][467]LogScript: Warning: Script Msg: Attempted to access index 0 from array 'inEars' of length 0 in '/Game/PFE/Blueprint/NotMine/BP_TeleportArea.BP_TeleportArea_C:GetTrainglesFromPoints'!
[2019.03.08-13.16.35:826][467]LogScript: Warning: Script Msg: Attempted to access index 0 from array 'inEars' of length 0 in '/Game/PFE/Blueprint/NotMine/BP_TeleportArea.BP_TeleportArea_C:GetTrainglesFromPoints'!
[2019.03.08-13.16.35:826][467]LogScript: Warning: Script Msg: Attempted to access index 0 from array 'inEars' of length 0 in '/Game/PFE/Blueprint/NotMine/BP_TeleportArea.BP_TeleportArea_C:GetTrainglesFromPoints'!
[2019.03.08-13.16.35:826][467]LogScript: Warning: Script Msg: Attempted to access index 0 from array 'inEars' of length 0 in '/Game/PFE/Blueprint/NotMine/BP_TeleportArea.BP_TeleportArea_C:GetTrainglesFromPoints'!
[2019.03.08-13.16.35:826][467]LogScript: Warning: Script Msg: Attempted to access index 0 from array 'inEars' of length 0 in '/Game/PFE/Blueprint/NotMine/BP_TeleportArea.BP_TeleportArea_C:GetTrainglesFromPoints'!
[2019.03.08-13.16.35:828][467]LogScript: Warning: Script Msg: Attempted to access index 0 from array 'inEars' of length 0 in '/Game/PFE/Blueprint/NotMine/BP_TeleportArea.BP_TeleportArea_C:GetTrainglesFromPoints'!
[2019.03.08-13.16.35:828][467]LogScript: Warning: Script Msg: Attempted to access index 0 from array 'inEars' of length 0 in '/Game/PFE/Blueprint/NotMine/BP_TeleportArea.BP_TeleportArea_C:GetTrainglesFromPoints'!
[2019.03.08-13.16.35:828][467]LogScript: Warning: Script Msg: Attempted to access index 0 from array 'inEars' of length 0 in '/Game/PFE/Blueprint/NotMine/BP_TeleportArea.BP_TeleportArea_C:GetTrainglesFromPoints'!
[2019.03.08-13.16.35:828][467]LogScript: Warning: Script Msg: Attempted to access index 0 from array 'inEars' of length 0 in '/Game/PFE/Blueprint/NotMine/BP_TeleportArea.BP_TeleportArea_C:GetTrainglesFromPoints'!
[2019.03.08-13.16.35:828][467]LogScript: Warning: Script Msg: Attempted to access index 0 from array 'inEars' of length 0 in '/Game/PFE/Blueprint/NotMine/BP_TeleportArea.BP_TeleportArea_C:GetTrainglesFromPoints'!
[2019.03.08-13.16.35:828][467]LogScript: Warning: Script Msg: Attempted to access index 0 from array 'inEars' of length 0 in '/Game/PFE/Blueprint/NotMine/BP_TeleportArea.BP_TeleportArea_C:GetTrainglesFromPoints'!
[2019.03.08-13.16.35:830][467]LogScript: Warning: Script Msg: Attempted to access index 0 from array 'inEars' of length 0 in '/Game/PFE/Blueprint/NotMine/BP_TeleportArea.BP_TeleportArea_C:GetTrainglesFromPoints'!
[2019.03.08-13.16.35:830][467]LogScript: Warning: Script Msg: Attempted to access index 0 from array 'inEars' of length 0 in '/Game/PFE/Blueprint/NotMine/BP_TeleportArea.BP_TeleportArea_C:GetTrainglesFromPoints'!
[2019.03.08-13.16.35:830][467]LogScript: Warning: Script Msg: Attempted to access index 0 from array 'inEars' of length 0 in '/Game/PFE/Blueprint/NotMine/BP_TeleportArea.BP_TeleportArea_C:GetTrainglesFromPoints'!
[2019.03.08-13.16.35:830][467]LogScript: Warning: Script Msg: Attempted to access index 0 from array 'inEars' of length 0 in '/Game/PFE/Blueprint/NotMine/BP_TeleportArea.BP_TeleportArea_C:GetTrainglesFromPoints'!
[2019.03.08-13.16.35:830][467]LogScript: Warning: Script Msg: Attempted to access index 0 from array 'inEars' of length 0 in '/Game/PFE/Blueprint/NotMine/BP_TeleportArea.BP_TeleportArea_C:GetTrainglesFromPoints'!
[2019.03.08-13.16.35:830][467]LogScript: Warning: Script Msg: Attempted to access index 0 from array 'inEars' of length 0 in '/Game/PFE/Blueprint/NotMine/BP_TeleportArea.BP_TeleportArea_C:GetTrainglesFromPoints'!
[2019.03.08-13.16.35:832][467]LogScript: Warning: Script Msg: Attempted to access index 0 from array 'inEars' of length 0 in '/Game/PFE/Blueprint/NotMine/BP_TeleportArea.BP_TeleportArea_C:GetTrainglesFromPoints'!
[2019.03.08-13.16.35:832][467]LogScript: Warning: Script Msg: Attempted to access index 0 from array 'inEars' of length 0 in '/Game/PFE/Blueprint/NotMine/BP_TeleportArea.BP_TeleportArea_C:GetTrainglesFromPoints'!
[2019.03.08-13.16.35:832][467]LogScript: Warning: Script Msg: Attempted to access index 0 from array 'inEars' of length 0 in '/Game/PFE/Blueprint/NotMine/BP_TeleportArea.BP_TeleportArea_C:GetTrainglesFromPoints'!
[2019.03.08-13.16.35:832][467]LogScript: Warning: Script Msg: Attempted to access index 0 from array 'inEars' of length 0 in '/Game/PFE/Blueprint/NotMine/BP_TeleportArea.BP_TeleportArea_C:GetTrainglesFromPoints'!
[2019.03.08-13.16.35:832][467]LogScript: Warning: Script Msg: Attempted to access index 0 from array 'inEars' of length 0 in '/Game/PFE/Blueprint/NotMine/BP_TeleportArea.BP_TeleportArea_C:GetTrainglesFromPoints'!
[2019.03.08-13.16.35:832][467]LogScript: Warning: Script Msg: Attempted to access index 0 from array 'inEars' of length 0 in '/Game/PFE/Blueprint/NotMine/BP_TeleportArea.BP_TeleportArea_C:GetTrainglesFromPoints'!
[2019.03.08-13.16.35:834][467]LogScript: Warning: Script Msg: Attempted to access index 0 from array 'inEars' of length 0 in '/Game/PFE/Blueprint/NotMine/BP_TeleportArea.BP_TeleportArea_C:GetTrainglesFromPoints'!
[2019.03.08-13.16.35:834][467]LogScript: Warning: Script Msg: Attempted to access index 0 from array 'inEars' of length 0 in '/Game/PFE/Blueprint/NotMine/BP_TeleportArea.BP_TeleportArea_C:GetTrainglesFromPoints'!
[2019.03.08-13.16.35:834][467]LogScript: Warning: Script Msg: Attempted to access index 0 from array 'inEars' of length 0 in '/Game/PFE/Blueprint/NotMine/BP_TeleportArea.BP_TeleportArea_C:GetTrainglesFromPoints'!
[2019.03.08-13.16.35:834][467]LogScript: Warning: Script Msg: Attempted to access index 0 from array 'inEars' of length 0 in '/Game/PFE/Blueprint/NotMine/BP_TeleportArea.BP_TeleportArea_C:GetTrainglesFromPoints'!
[2019.03.08-13.16.35:834][467]LogScript: Warning: Script Msg: Attempted to access index 0 from array 'inEars' of length 0 in '/Game/PFE/Blueprint/NotMine/BP_TeleportArea.BP_TeleportArea_C:GetTrainglesFromPoints'!
[2019.03.08-13.16.35:834][467]LogScript: Warning: Script Msg: Attempted to access index 0 from array 'inEars' of length 0 in '/Game/PFE/Blueprint/NotMine/BP_TeleportArea.BP_TeleportArea_C:GetTrainglesFromPoints'!
[2019.03.08-13.16.35:836][467]LogScript: Warning: Script Msg: Attempted to access index 0 from array 'inEars' of length 0 in '/Game/PFE/Blueprint/NotMine/BP_TeleportArea.BP_TeleportArea_C:GetTrainglesFromPoints'!
[2019.03.08-13.16.35:836][467]LogScript: Warning: Script Msg: Attempted to access index 0 from array 'inEars' of length 0 in '/Game/PFE/Blueprint/NotMine/BP_TeleportArea.BP_TeleportArea_C:GetTrainglesFromPoints'!
[2019.03.08-13.16.35:836][467]LogScript: Warning: Script Msg: Attempted to access index 0 from array 'inEars' of length 0 in '/Game/PFE/Blueprint/NotMine/BP_TeleportArea.BP_TeleportArea_C:GetTrainglesFromPoints'!
[2019.03.08-13.16.35:836][467]LogScript: Warning: Script Msg: Attempted to access index 0 from array 'inEars' of length 0 in '/Game/PFE/Blueprint/NotMine/BP_TeleportArea.BP_TeleportArea_C:GetTrainglesFromPoints'!
[2019.03.08-13.16.35:836][467]LogScript: Warning: Script Msg: Attempted to access index 0 from array 'inEars' of length 0 in '/Game/PFE/Blueprint/NotMine/BP_TeleportArea.BP_TeleportArea_C:GetTrainglesFromPoints'!
[2019.03.08-13.16.35:836][467]LogScript: Warning: Script Msg: Attempted to access index 0 from array 'inEars' of length 0 in '/Game/PFE/Blueprint/NotMine/BP_TeleportArea.BP_TeleportArea_C:GetTrainglesFromPoints'!
[2019.03.08-13.16.35:837][467]LogScript: Warning: Script Msg: Attempted to access index 0 from array 'inEars' of length 0 in '/Game/PFE/Blueprint/NotMine/BP_TeleportArea.BP_TeleportArea_C:GetTrainglesFromPoints'!
[2019.03.08-13.16.35:837][467]LogScript: Warning: Script Msg: Attempted to access index 0 from array 'inEars' of length 0 in '/Game/PFE/Blueprint/NotMine/BP_TeleportArea.BP_TeleportArea_C:GetTrainglesFromPoints'!
[2019.03.08-13.16.35:837][467]LogScript: Warning: Script Msg: Attempted to access index 0 from array 'inEars' of length 0 in '/Game/PFE/Blueprint/NotMine/BP_TeleportArea.BP_TeleportArea_C:GetTrainglesFromPoints'!
[2019.03.08-13.16.35:837][467]LogScript: Warning: Script Msg: Attempted to access index 0 from array 'inEars' of length 0 in '/Game/PFE/Blueprint/NotMine/BP_TeleportArea.BP_TeleportArea_C:GetTrainglesFromPoints'!
[2019.03.08-13.16.35:837][467]LogScript: Warning: Script Msg: Attempted to access index 0 from array 'inEars' of length 0 in '/Game/PFE/Blueprint/NotMine/BP_TeleportArea.BP_TeleportArea_C:GetTrainglesFromPoints'!
[2019.03.08-13.16.35:837][467]LogScript: Warning: Script Msg: Attempted to access index 0 from array 'inEars' of length 0 in '/Game/PFE/Blueprint/NotMine/BP_TeleportArea.BP_TeleportArea_C:GetTrainglesFromPoints'!
[2019.03.08-13.16.35:839][467]LogScript: Warning: Script Msg: Attempted to access index 0 from array 'inEars' of length 0 in '/Game/PFE/Blueprint/NotMine/BP_TeleportArea.BP_TeleportArea_C:GetTrainglesFromPoints'!
[2019.03.08-13.16.35:839][467]LogScript: Warning: Script Msg: Attempted to access index 0 from array 'inEars' of length 0 in '/Game/PFE/Blueprint/NotMine/BP_TeleportArea.BP_TeleportArea_C:GetTrainglesFromPoints'!
[2019.03.08-13.16.35:839][467]LogScript: Warning: Script Msg: Attempted to access index 0 from array 'inEars' of length 0 in '/Game/PFE/Blueprint/NotMine/BP_TeleportArea.BP_TeleportArea_C:GetTrainglesFromPoints'!
[2019.03.08-13.16.35:839][467]LogScript: Warning: Script Msg: Attempted to access index 0 from array 'inEars' of length 0 in '/Game/PFE/Blueprint/NotMine/BP_TeleportArea.BP_TeleportArea_C:GetTrainglesFromPoints'!
[2019.03.08-13.16.35:839][467]LogScript: Warning: Script Msg: Attempted to access index 0 from array 'inEars' of length 0 in '/Game/PFE/Blueprint/NotMine/BP_TeleportArea.BP_TeleportArea_C:GetTrainglesFromPoints'!
[2019.03.08-13.16.35:839][467]LogScript: Warning: Script Msg: Attempted to access index 0 from array 'inEars' of length 0 in '/Game/PFE/Blueprint/NotMine/BP_TeleportArea.BP_TeleportArea_C:GetTrainglesFromPoints'!
[2019.03.08-13.16.35:841][467]LogScript: Warning: Script Msg: Attempted to access index 0 from array 'inEars' of length 0 in '/Game/PFE/Blueprint/NotMine/BP_TeleportArea.BP_TeleportArea_C:GetTrainglesFromPoints'!
[2019.03.08-13.16.35:841][467]LogScript: Warning: Script Msg: Attempted to access index 0 from array 'inEars' of length 0 in '/Game/PFE/Blueprint/NotMine/BP_TeleportArea.BP_TeleportArea_C:GetTrainglesFromPoints'!
[2019.03.08-13.16.35:841][467]LogScript: Warning: Script Msg: Attempted to access index 0 from array 'inEars' of length 0 in '/Game/PFE/Blueprint/NotMine/BP_TeleportArea.BP_TeleportArea_C:GetTrainglesFromPoints'!
[2019.03.08-13.16.35:841][467]LogScript: Warning: Script Msg: Attempted to access index 0 from array 'inEars' of length 0 in '/Game/PFE/Blueprint/NotMine/BP_TeleportArea.BP_TeleportArea_C:GetTrainglesFromPoints'!
[2019.03.08-13.16.35:841][467]LogScript: Warning: Script Msg: Attempted to access index 0 from array 'inEars' of length 0 in '/Game/PFE/Blueprint/NotMine/BP_TeleportArea.BP_TeleportArea_C:GetTrainglesFromPoints'!
[2019.03.08-13.16.35:841][467]LogScript: Warning: Script Msg: Attempted to access index 0 from array 'inEars' of length 0 in '/Game/PFE/Blueprint/NotMine/BP_TeleportArea.BP_TeleportArea_C:GetTrainglesFromPoints'!
[2019.03.08-13.16.35:842][467]LogScript: Warning: Script Msg: Attempted to access index 0 from array 'inEars' of length 0 in '/Game/PFE/Blueprint/NotMine/BP_TeleportArea.BP_TeleportArea_C:GetTrainglesFromPoints'!
[2019.03.08-13.16.35:842][467]LogScript: Warning: Script Msg: Attempted to access index 0 from array 'inEars' of length 0 in '/Game/PFE/Blueprint/NotMine/BP_TeleportArea.BP_TeleportArea_C:GetTrainglesFromPoints'!
[2019.03.08-13.16.35:842][467]LogScript: Warning: Script Msg: Attempted to access index 0 from array 'inEars' of length 0 in '/Game/PFE/Blueprint/NotMine/BP_TeleportArea.BP_TeleportArea_C:GetTrainglesFromPoints'!
[2019.03.08-13.16.35:842][467]LogScript: Warning: Script Msg: Attempted to access index 0 from array 'inEars' of length 0 in '/Game/PFE/Blueprint/NotMine/BP_TeleportArea.BP_TeleportArea_C:GetTrainglesFromPoints'!
[2019.03.08-13.16.35:842][467]LogScript: Warning: Script Msg: Attempted to access index 0 from array 'inEars' of length 0 in '/Game/PFE/Blueprint/NotMine/BP_TeleportArea.BP_TeleportArea_C:GetTrainglesFromPoints'!
[2019.03.08-13.16.35:842][467]LogScript: Warning: Script Msg: Attempted to access index 0 from array 'inEars' of length 0 in '/Game/PFE/Blueprint/NotMine/BP_TeleportArea.BP_TeleportArea_C:GetTrainglesFromPoints'!
[2019.03.08-13.16.35:849][467]LogScript: Warning: Script Msg: Attempted to access index 0 from array 'inEars' of length 0 in '/Game/PFE/Blueprint/NotMine/BP_TeleportArea.BP_TeleportArea_C:GetTrainglesFromPoints'!
[2019.03.08-13.16.35:849][467]LogScript: Warning: Script Msg: Attempted to access index 0 from array 'inEars' of length 0 in '/Game/PFE/Blueprint/NotMine/BP_TeleportArea.BP_TeleportArea_C:GetTrainglesFromPoints'!
[2019.03.08-13.16.35:849][467]LogScript: Warning: Script Msg: Attempted to access index 0 from array 'inEars' of length 0 in '/Game/PFE/Blueprint/NotMine/BP_TeleportArea.BP_TeleportArea_C:GetTrainglesFromPoints'!
[2019.03.08-13.16.35:849][467]LogScript: Warning: Script Msg: Attempted to access index 0 from array 'inEars' of length 0 in '/Game/PFE/Blueprint/NotMine/BP_TeleportArea.BP_TeleportArea_C:GetTrainglesFromPoints'!
[2019.03.08-13.16.35:849][467]LogScript: Warning: Script Msg: Attempted to access index 0 from array 'inEars' of length 0 in '/Game/PFE/Blueprint/NotMine/BP_TeleportArea.BP_TeleportArea_C:GetTrainglesFromPoints'!
[2019.03.08-13.16.35:849][467]LogScript: Warning: Script Msg: Attempted to access index 0 from array 'inEars' of length 0 in '/Game/PFE/Blueprint/NotMine/BP_TeleportArea.BP_TeleportArea_C:GetTrainglesFromPoints'!
[2019.03.08-13.16.35:875][467]LogScript: Warning: Attempted to access TRASH_StaticMeshComponent_78 via property CamTrack, but TRASH_StaticMeshComponent_78 is pending kill
	AnimBP1_C /Game/PFE/Levels/Level_art.Level_art:PersistentLevel.BP_WorldInteractionPawn_5.A_Character.AnimBP1_C_0
	Function /Game/Mannequin/Animations/AnimBP1.AnimBP1_C:ExecuteUbergraph_AnimBP1:0330
[2019.03.08-13.16.35:929][467]LogAssetEditorManager: Opening Asset editor for World /Game/PFE/Levels/Level_art.Level_art
[2019.03.08-13.16.35:985][467]Cmd: MAP LOAD FILE="../../../../../../Users/etudiant/Documents/GitHub/ICHOR-Last-Year/Content/PFE/Levels/Level_art.umap" TEMPLATE=0 SHOWPROGRESS=1 FEATURELEVEL=3
[2019.03.08-13.16.35:986][467]LightingResults: New page: Lighting Build
[2019.03.08-13.16.35:986][467]LoadErrors: New page: Loading map: Level_art.umap
[2019.03.08-13.16.35:986][467]MapCheck: New page: Map Check
[2019.03.08-13.16.35:986][467]LightingResults: New page: Lighting Build
[2019.03.08-13.16.36:077][467]LogScript: Warning: Script Msg: Attempted to access index 0 from array 'inEars' of length 0 in '/Game/PFE/Blueprint/NotMine/BP_TeleportArea.BP_TeleportArea_C:GetTrainglesFromPoints'!
[2019.03.08-13.16.36:077][467]LogScript: Warning: Script Msg: Attempted to access index 0 from array 'inEars' of length 0 in '/Game/PFE/Blueprint/NotMine/BP_TeleportArea.BP_TeleportArea_C:GetTrainglesFromPoints'!
[2019.03.08-13.16.36:077][467]LogScript: Warning: Script Msg: Attempted to access index 0 from array 'inEars' of length 0 in '/Game/PFE/Blueprint/NotMine/BP_TeleportArea.BP_TeleportArea_C:GetTrainglesFromPoints'!
[2019.03.08-13.16.36:077][467]LogScript: Warning: Script Msg: Attempted to access index 0 from array 'inEars' of length 0 in '/Game/PFE/Blueprint/NotMine/BP_TeleportArea.BP_TeleportArea_C:GetTrainglesFromPoints'!
[2019.03.08-13.16.36:077][467]LogScript: Warning: Script Msg: Attempted to access index 0 from array 'inEars' of length 0 in '/Game/PFE/Blueprint/NotMine/BP_TeleportArea.BP_TeleportArea_C:GetTrainglesFromPoints'!
[2019.03.08-13.16.36:077][467]LogScript: Warning: Script Msg: Attempted to access index 0 from array 'inEars' of length 0 in '/Game/PFE/Blueprint/NotMine/BP_TeleportArea.BP_TeleportArea_C:GetTrainglesFromPoints'!
[2019.03.08-13.16.36:079][467]LogScript: Warning: Script Msg: Attempted to access index 0 from array 'inEars' of length 0 in '/Game/PFE/Blueprint/NotMine/BP_TeleportArea.BP_TeleportArea_C:GetTrainglesFromPoints'!
[2019.03.08-13.16.36:079][467]LogScript: Warning: Script Msg: Attempted to access index 0 from array 'inEars' of length 0 in '/Game/PFE/Blueprint/NotMine/BP_TeleportArea.BP_TeleportArea_C:GetTrainglesFromPoints'!
[2019.03.08-13.16.36:079][467]LogScript: Warning: Script Msg: Attempted to access index 0 from array 'inEars' of length 0 in '/Game/PFE/Blueprint/NotMine/BP_TeleportArea.BP_TeleportArea_C:GetTrainglesFromPoints'!
[2019.03.08-13.16.36:079][467]LogScript: Warning: Script Msg: Attempted to access index 0 from array 'inEars' of length 0 in '/Game/PFE/Blueprint/NotMine/BP_TeleportArea.BP_TeleportArea_C:GetTrainglesFromPoints'!
[2019.03.08-13.16.36:079][467]LogScript: Warning: Script Msg: Attempted to access index 0 from array 'inEars' of length 0 in '/Game/PFE/Blueprint/NotMine/BP_TeleportArea.BP_TeleportArea_C:GetTrainglesFromPoints'!
[2019.03.08-13.16.36:079][467]LogScript: Warning: Script Msg: Attempted to access index 0 from array 'inEars' of length 0 in '/Game/PFE/Blueprint/NotMine/BP_TeleportArea.BP_TeleportArea_C:GetTrainglesFromPoints'!
[2019.03.08-13.16.36:092][467]LogScript: Warning: Script Msg: Attempted to access index 0 from array 'inEars' of length 0 in '/Game/PFE/Blueprint/NotMine/BP_TeleportArea.BP_TeleportArea_C:GetTrainglesFromPoints'!
[2019.03.08-13.16.36:092][467]LogScript: Warning: Script Msg: Attempted to access index 0 from array 'inEars' of length 0 in '/Game/PFE/Blueprint/NotMine/BP_TeleportArea.BP_TeleportArea_C:GetTrainglesFromPoints'!
[2019.03.08-13.16.36:092][467]LogScript: Warning: Script Msg: Attempted to access index 0 from array 'inEars' of length 0 in '/Game/PFE/Blueprint/NotMine/BP_TeleportArea.BP_TeleportArea_C:GetTrainglesFromPoints'!
[2019.03.08-13.16.36:092][467]LogScript: Warning: Script Msg: Attempted to access index 0 from array 'inEars' of length 0 in '/Game/PFE/Blueprint/NotMine/BP_TeleportArea.BP_TeleportArea_C:GetTrainglesFromPoints'!
[2019.03.08-13.16.36:092][467]LogScript: Warning: Script Msg: Attempted to access index 0 from array 'inEars' of length 0 in '/Game/PFE/Blueprint/NotMine/BP_TeleportArea.BP_TeleportArea_C:GetTrainglesFromPoints'!
[2019.03.08-13.16.36:092][467]LogScript: Warning: Script Msg: Attempted to access index 0 from array 'inEars' of length 0 in '/Game/PFE/Blueprint/NotMine/BP_TeleportArea.BP_TeleportArea_C:GetTrainglesFromPoints'!
[2019.03.08-13.16.36:101][467]LogScript: Warning: Script Msg: Attempted to access index 0 from array 'inEars' of length 0 in '/Game/PFE/Blueprint/NotMine/BP_TeleportArea.BP_TeleportArea_C:GetTrainglesFromPoints'!
[2019.03.08-13.16.36:101][467]LogScript: Warning: Script Msg: Attempted to access index 0 from array 'inEars' of length 0 in '/Game/PFE/Blueprint/NotMine/BP_TeleportArea.BP_TeleportArea_C:GetTrainglesFromPoints'!
[2019.03.08-13.16.36:101][467]LogScript: Warning: Script Msg: Attempted to access index 0 from array 'inEars' of length 0 in '/Game/PFE/Blueprint/NotMine/BP_TeleportArea.BP_TeleportArea_C:GetTrainglesFromPoints'!
[2019.03.08-13.16.36:101][467]LogScript: Warning: Script Msg: Attempted to access index 0 from array 'inEars' of length 0 in '/Game/PFE/Blueprint/NotMine/BP_TeleportArea.BP_TeleportArea_C:GetTrainglesFromPoints'!
[2019.03.08-13.16.36:101][467]LogScript: Warning: Script Msg: Attempted to access index 0 from array 'inEars' of length 0 in '/Game/PFE/Blueprint/NotMine/BP_TeleportArea.BP_TeleportArea_C:GetTrainglesFromPoints'!
[2019.03.08-13.16.36:101][467]LogScript: Warning: Script Msg: Attempted to access index 0 from array 'inEars' of length 0 in '/Game/PFE/Blueprint/NotMine/BP_TeleportArea.BP_TeleportArea_C:GetTrainglesFromPoints'!
[2019.03.08-13.16.36:110][467]LogScript: Warning: Script Msg: Attempted to access index 0 from array 'inEars' of length 0 in '/Game/PFE/Blueprint/NotMine/BP_TeleportArea.BP_TeleportArea_C:GetTrainglesFromPoints'!
[2019.03.08-13.16.36:110][467]LogScript: Warning: Script Msg: Attempted to access index 0 from array 'inEars' of length 0 in '/Game/PFE/Blueprint/NotMine/BP_TeleportArea.BP_TeleportArea_C:GetTrainglesFromPoints'!
[2019.03.08-13.16.36:110][467]LogScript: Warning: Script Msg: Attempted to access index 0 from array 'inEars' of length 0 in '/Game/PFE/Blueprint/NotMine/BP_TeleportArea.BP_TeleportArea_C:GetTrainglesFromPoints'!
[2019.03.08-13.16.36:110][467]LogScript: Warning: Script Msg: Attempted to access index 0 from array 'inEars' of length 0 in '/Game/PFE/Blueprint/NotMine/BP_TeleportArea.BP_TeleportArea_C:GetTrainglesFromPoints'!
[2019.03.08-13.16.36:110][467]LogScript: Warning: Script Msg: Attempted to access index 0 from array 'inEars' of length 0 in '/Game/PFE/Blueprint/NotMine/BP_TeleportArea.BP_TeleportArea_C:GetTrainglesFromPoints'!
[2019.03.08-13.16.36:110][467]LogScript: Warning: Script Msg: Attempted to access index 0 from array 'inEars' of length 0 in '/Game/PFE/Blueprint/NotMine/BP_TeleportArea.BP_TeleportArea_C:GetTrainglesFromPoints'!
[2019.03.08-13.16.36:133][467]PIE: Warning: AttachTo: '/Game/PFE/Levels/Level_art.Level_art:PersistentLevel.Driller_5.DefaultSceneRoot' is not static  (in blueprint "Driller"), cannot attach '/Game/PFE/Levels/Level_art.Level_art:PersistentLevel.Driller_5.StaticMesh1' which is static to it. Aborting.
[2019.03.08-13.16.36:136][467]LogScript: Warning: Script Msg: Attempted to access index 0 from array 'inEars' of length 0 in '/Game/PFE/Blueprint/NotMine/BP_TeleportArea.BP_TeleportArea_C:GetTrainglesFromPoints'!
[2019.03.08-13.16.36:136][467]LogScript: Warning: Script Msg: Attempted to access index 0 from array 'inEars' of length 0 in '/Game/PFE/Blueprint/NotMine/BP_TeleportArea.BP_TeleportArea_C:GetTrainglesFromPoints'!
[2019.03.08-13.16.36:136][467]LogScript: Warning: Script Msg: Attempted to access index 0 from array 'inEars' of length 0 in '/Game/PFE/Blueprint/NotMine/BP_TeleportArea.BP_TeleportArea_C:GetTrainglesFromPoints'!
[2019.03.08-13.16.36:137][467]LogScript: Warning: Script Msg: Attempted to access index 0 from array 'inEars' of length 0 in '/Game/PFE/Blueprint/NotMine/BP_TeleportArea.BP_TeleportArea_C:GetTrainglesFromPoints'!
[2019.03.08-13.16.36:137][467]LogScript: Warning: Script Msg: Attempted to access index 0 from array 'inEars' of length 0 in '/Game/PFE/Blueprint/NotMine/BP_TeleportArea.BP_TeleportArea_C:GetTrainglesFromPoints'!
[2019.03.08-13.16.36:137][467]LogScript: Warning: Script Msg: Attempted to access index 0 from array 'inEars' of length 0 in '/Game/PFE/Blueprint/NotMine/BP_TeleportArea.BP_TeleportArea_C:GetTrainglesFromPoints'!
[2019.03.08-13.16.36:157][467]LogScript: Warning: Script Msg: Attempted to access index 0 from array 'inEars' of length 0 in '/Game/PFE/Blueprint/NotMine/BP_TeleportArea.BP_TeleportArea_C:GetTrainglesFromPoints'!
[2019.03.08-13.16.36:157][467]LogScript: Warning: Script Msg: Attempted to access index 0 from array 'inEars' of length 0 in '/Game/PFE/Blueprint/NotMine/BP_TeleportArea.BP_TeleportArea_C:GetTrainglesFromPoints'!
[2019.03.08-13.16.36:157][467]LogScript: Warning: Script Msg: Attempted to access index 0 from array 'inEars' of length 0 in '/Game/PFE/Blueprint/NotMine/BP_TeleportArea.BP_TeleportArea_C:GetTrainglesFromPoints'!
[2019.03.08-13.16.36:157][467]LogScript: Warning: Script Msg: Attempted to access index 0 from array 'inEars' of length 0 in '/Game/PFE/Blueprint/NotMine/BP_TeleportArea.BP_TeleportArea_C:GetTrainglesFromPoints'!
[2019.03.08-13.16.36:157][467]LogScript: Warning: Script Msg: Attempted to access index 0 from array 'inEars' of length 0 in '/Game/PFE/Blueprint/NotMine/BP_TeleportArea.BP_TeleportArea_C:GetTrainglesFromPoints'!
[2019.03.08-13.16.36:157][467]LogScript: Warning: Script Msg: Attempted to access index 0 from array 'inEars' of length 0 in '/Game/PFE/Blueprint/NotMine/BP_TeleportArea.BP_TeleportArea_C:GetTrainglesFromPoints'!
[2019.03.08-13.16.36:159][467]LogScript: Warning: Script Msg: Attempted to access index 0 from array 'inEars' of length 0 in '/Game/PFE/Blueprint/NotMine/BP_TeleportArea.BP_TeleportArea_C:GetTrainglesFromPoints'!
[2019.03.08-13.16.36:159][467]LogScript: Warning: Script Msg: Attempted to access index 0 from array 'inEars' of length 0 in '/Game/PFE/Blueprint/NotMine/BP_TeleportArea.BP_TeleportArea_C:GetTrainglesFromPoints'!
[2019.03.08-13.16.36:159][467]LogScript: Warning: Script Msg: Attempted to access index 0 from array 'inEars' of length 0 in '/Game/PFE/Blueprint/NotMine/BP_TeleportArea.BP_TeleportArea_C:GetTrainglesFromPoints'!
[2019.03.08-13.16.36:159][467]LogScript: Warning: Script Msg: Attempted to access index 0 from array 'inEars' of length 0 in '/Game/PFE/Blueprint/NotMine/BP_TeleportArea.BP_TeleportArea_C:GetTrainglesFromPoints'!
[2019.03.08-13.16.36:159][467]LogScript: Warning: Script Msg: Attempted to access index 0 from array 'inEars' of length 0 in '/Game/PFE/Blueprint/NotMine/BP_TeleportArea.BP_TeleportArea_C:GetTrainglesFromPoints'!
[2019.03.08-13.16.36:159][467]LogScript: Warning: Script Msg: Attempted to access index 0 from array 'inEars' of length 0 in '/Game/PFE/Blueprint/NotMine/BP_TeleportArea.BP_TeleportArea_C:GetTrainglesFromPoints'!
[2019.03.08-13.16.36:162][467]LogScript: Warning: Script Msg: Attempted to access index 0 from array 'inEars' of length 0 in '/Game/PFE/Blueprint/NotMine/BP_TeleportArea.BP_TeleportArea_C:GetTrainglesFromPoints'!
[2019.03.08-13.16.36:162][467]LogScript: Warning: Script Msg: Attempted to access index 0 from array 'inEars' of length 0 in '/Game/PFE/Blueprint/NotMine/BP_TeleportArea.BP_TeleportArea_C:GetTrainglesFromPoints'!
[2019.03.08-13.16.36:162][467]LogScript: Warning: Script Msg: Attempted to access index 0 from array 'inEars' of length 0 in '/Game/PFE/Blueprint/NotMine/BP_TeleportArea.BP_TeleportArea_C:GetTrainglesFromPoints'!
[2019.03.08-13.16.36:162][467]LogScript: Warning: Script Msg: Attempted to access index 0 from array 'inEars' of length 0 in '/Game/PFE/Blueprint/NotMine/BP_TeleportArea.BP_TeleportArea_C:GetTrainglesFromPoints'!
[2019.03.08-13.16.36:162][467]LogScript: Warning: Script Msg: Attempted to access index 0 from array 'inEars' of length 0 in '/Game/PFE/Blueprint/NotMine/BP_TeleportArea.BP_TeleportArea_C:GetTrainglesFromPoints'!
[2019.03.08-13.16.36:162][467]LogScript: Warning: Script Msg: Attempted to access index 0 from array 'inEars' of length 0 in '/Game/PFE/Blueprint/NotMine/BP_TeleportArea.BP_TeleportArea_C:GetTrainglesFromPoints'!
[2019.03.08-13.16.36:165][467]LogScript: Warning: Script Msg: Attempted to access index 0 from array 'inEars' of length 0 in '/Game/PFE/Blueprint/NotMine/BP_TeleportArea.BP_TeleportArea_C:GetTrainglesFromPoints'!
[2019.03.08-13.16.36:165][467]LogScript: Warning: Script Msg: Attempted to access index 0 from array 'inEars' of length 0 in '/Game/PFE/Blueprint/NotMine/BP_TeleportArea.BP_TeleportArea_C:GetTrainglesFromPoints'!
[2019.03.08-13.16.36:165][467]LogScript: Warning: Script Msg: Attempted to access index 0 from array 'inEars' of length 0 in '/Game/PFE/Blueprint/NotMine/BP_TeleportArea.BP_TeleportArea_C:GetTrainglesFromPoints'!
[2019.03.08-13.16.36:165][467]LogScript: Warning: Script Msg: Attempted to access index 0 from array 'inEars' of length 0 in '/Game/PFE/Blueprint/NotMine/BP_TeleportArea.BP_TeleportArea_C:GetTrainglesFromPoints'!
[2019.03.08-13.16.36:165][467]LogScript: Warning: Script Msg: Attempted to access index 0 from array 'inEars' of length 0 in '/Game/PFE/Blueprint/NotMine/BP_TeleportArea.BP_TeleportArea_C:GetTrainglesFromPoints'!
[2019.03.08-13.16.36:165][467]LogScript: Warning: Script Msg: Attempted to access index 0 from array 'inEars' of length 0 in '/Game/PFE/Blueprint/NotMine/BP_TeleportArea.BP_TeleportArea_C:GetTrainglesFromPoints'!
[2019.03.08-13.16.36:168][467]LogScript: Warning: Script Msg: Attempted to access index 0 from array 'inEars' of length 0 in '/Game/PFE/Blueprint/NotMine/BP_TeleportArea.BP_TeleportArea_C:GetTrainglesFromPoints'!
[2019.03.08-13.16.36:168][467]LogScript: Warning: Script Msg: Attempted to access index 0 from array 'inEars' of length 0 in '/Game/PFE/Blueprint/NotMine/BP_TeleportArea.BP_TeleportArea_C:GetTrainglesFromPoints'!
[2019.03.08-13.16.36:168][467]LogScript: Warning: Script Msg: Attempted to access index 0 from array 'inEars' of length 0 in '/Game/PFE/Blueprint/NotMine/BP_TeleportArea.BP_TeleportArea_C:GetTrainglesFromPoints'!
[2019.03.08-13.16.36:168][467]LogScript: Warning: Script Msg: Attempted to access index 0 from array 'inEars' of length 0 in '/Game/PFE/Blueprint/NotMine/BP_TeleportArea.BP_TeleportArea_C:GetTrainglesFromPoints'!
[2019.03.08-13.16.36:168][467]LogScript: Warning: Script Msg: Attempted to access index 0 from array 'inEars' of length 0 in '/Game/PFE/Blueprint/NotMine/BP_TeleportArea.BP_TeleportArea_C:GetTrainglesFromPoints'!
[2019.03.08-13.16.36:168][467]LogScript: Warning: Script Msg: Attempted to access index 0 from array 'inEars' of length 0 in '/Game/PFE/Blueprint/NotMine/BP_TeleportArea.BP_TeleportArea_C:GetTrainglesFromPoints'!
[2019.03.08-13.16.36:172][467]LogScript: Warning: Script Msg: Attempted to access index 0 from array 'inEars' of length 0 in '/Game/PFE/Blueprint/NotMine/BP_TeleportArea.BP_TeleportArea_C:GetTrainglesFromPoints'!
[2019.03.08-13.16.36:173][467]LogScript: Warning: Script Msg: Attempted to access index 0 from array 'inEars' of length 0 in '/Game/PFE/Blueprint/NotMine/BP_TeleportArea.BP_TeleportArea_C:GetTrainglesFromPoints'!
[2019.03.08-13.16.36:173][467]LogScript: Warning: Script Msg: Attempted to access index 0 from array 'inEars' of length 0 in '/Game/PFE/Blueprint/NotMine/BP_TeleportArea.BP_TeleportArea_C:GetTrainglesFromPoints'!
[2019.03.08-13.16.36:173][467]LogScript: Warning: Script Msg: Attempted to access index 0 from array 'inEars' of length 0 in '/Game/PFE/Blueprint/NotMine/BP_TeleportArea.BP_TeleportArea_C:GetTrainglesFromPoints'!
[2019.03.08-13.16.36:173][467]LogScript: Warning: Script Msg: Attempted to access index 0 from array 'inEars' of length 0 in '/Game/PFE/Blueprint/NotMine/BP_TeleportArea.BP_TeleportArea_C:GetTrainglesFromPoints'!
[2019.03.08-13.16.36:173][467]LogScript: Warning: Script Msg: Attempted to access index 0 from array 'inEars' of length 0 in '/Game/PFE/Blueprint/NotMine/BP_TeleportArea.BP_TeleportArea_C:GetTrainglesFromPoints'!
[2019.03.08-13.16.36:176][467]LogScript: Warning: Script Msg: Attempted to access index 0 from array 'inEars' of length 0 in '/Game/PFE/Blueprint/NotMine/BP_TeleportArea.BP_TeleportArea_C:GetTrainglesFromPoints'!
[2019.03.08-13.16.36:177][467]LogScript: Warning: Script Msg: Attempted to access index 0 from array 'inEars' of length 0 in '/Game/PFE/Blueprint/NotMine/BP_TeleportArea.BP_TeleportArea_C:GetTrainglesFromPoints'!
[2019.03.08-13.16.36:177][467]LogScript: Warning: Script Msg: Attempted to access index 0 from array 'inEars' of length 0 in '/Game/PFE/Blueprint/NotMine/BP_TeleportArea.BP_TeleportArea_C:GetTrainglesFromPoints'!
[2019.03.08-13.16.36:177][467]LogScript: Warning: Script Msg: Attempted to access index 0 from array 'inEars' of length 0 in '/Game/PFE/Blueprint/NotMine/BP_TeleportArea.BP_TeleportArea_C:GetTrainglesFromPoints'!
[2019.03.08-13.16.36:177][467]LogScript: Warning: Script Msg: Attempted to access index 0 from array 'inEars' of length 0 in '/Game/PFE/Blueprint/NotMine/BP_TeleportArea.BP_TeleportArea_C:GetTrainglesFromPoints'!
[2019.03.08-13.16.36:177][467]LogScript: Warning: Script Msg: Attempted to access index 0 from array 'inEars' of length 0 in '/Game/PFE/Blueprint/NotMine/BP_TeleportArea.BP_TeleportArea_C:GetTrainglesFromPoints'!
[2019.03.08-13.16.36:179][467]LogScript: Warning: Script Msg: Attempted to access index 0 from array 'inEars' of length 0 in '/Game/PFE/Blueprint/NotMine/BP_TeleportArea.BP_TeleportArea_C:GetTrainglesFromPoints'!
[2019.03.08-13.16.36:179][467]LogScript: Warning: Script Msg: Attempted to access index 0 from array 'inEars' of length 0 in '/Game/PFE/Blueprint/NotMine/BP_TeleportArea.BP_TeleportArea_C:GetTrainglesFromPoints'!
[2019.03.08-13.16.36:179][467]LogScript: Warning: Script Msg: Attempted to access index 0 from array 'inEars' of length 0 in '/Game/PFE/Blueprint/NotMine/BP_TeleportArea.BP_TeleportArea_C:GetTrainglesFromPoints'!
[2019.03.08-13.16.36:179][467]LogScript: Warning: Script Msg: Attempted to access index 0 from array 'inEars' of length 0 in '/Game/PFE/Blueprint/NotMine/BP_TeleportArea.BP_TeleportArea_C:GetTrainglesFromPoints'!
[2019.03.08-13.16.36:179][467]LogScript: Warning: Script Msg: Attempted to access index 0 from array 'inEars' of length 0 in '/Game/PFE/Blueprint/NotMine/BP_TeleportArea.BP_TeleportArea_C:GetTrainglesFromPoints'!
[2019.03.08-13.16.36:179][467]LogScript: Warning: Script Msg: Attempted to access index 0 from array 'inEars' of length 0 in '/Game/PFE/Blueprint/NotMine/BP_TeleportArea.BP_TeleportArea_C:GetTrainglesFromPoints'!
[2019.03.08-13.16.36:182][467]LogScript: Warning: Script Msg: Attempted to access index 0 from array 'inEars' of length 0 in '/Game/PFE/Blueprint/NotMine/BP_TeleportArea.BP_TeleportArea_C:GetTrainglesFromPoints'!
[2019.03.08-13.16.36:182][467]LogScript: Warning: Script Msg: Attempted to access index 0 from array 'inEars' of length 0 in '/Game/PFE/Blueprint/NotMine/BP_TeleportArea.BP_TeleportArea_C:GetTrainglesFromPoints'!
[2019.03.08-13.16.36:182][467]LogScript: Warning: Script Msg: Attempted to access index 0 from array 'inEars' of length 0 in '/Game/PFE/Blueprint/NotMine/BP_TeleportArea.BP_TeleportArea_C:GetTrainglesFromPoints'!
[2019.03.08-13.16.36:182][467]LogScript: Warning: Script Msg: Attempted to access index 0 from array 'inEars' of length 0 in '/Game/PFE/Blueprint/NotMine/BP_TeleportArea.BP_TeleportArea_C:GetTrainglesFromPoints'!
[2019.03.08-13.16.36:182][467]LogScript: Warning: Script Msg: Attempted to access index 0 from array 'inEars' of length 0 in '/Game/PFE/Blueprint/NotMine/BP_TeleportArea.BP_TeleportArea_C:GetTrainglesFromPoints'!
[2019.03.08-13.16.36:182][467]LogScript: Warning: Script Msg: Attempted to access index 0 from array 'inEars' of length 0 in '/Game/PFE/Blueprint/NotMine/BP_TeleportArea.BP_TeleportArea_C:GetTrainglesFromPoints'!
[2019.03.08-13.16.36:185][467]LogScript: Warning: Script Msg: Attempted to access index 0 from array 'inEars' of length 0 in '/Game/PFE/Blueprint/NotMine/BP_TeleportArea.BP_TeleportArea_C:GetTrainglesFromPoints'!
[2019.03.08-13.16.36:185][467]LogScript: Warning: Script Msg: Attempted to access index 0 from array 'inEars' of length 0 in '/Game/PFE/Blueprint/NotMine/BP_TeleportArea.BP_TeleportArea_C:GetTrainglesFromPoints'!
[2019.03.08-13.16.36:185][467]LogScript: Warning: Script Msg: Attempted to access index 0 from array 'inEars' of length 0 in '/Game/PFE/Blueprint/NotMine/BP_TeleportArea.BP_TeleportArea_C:GetTrainglesFromPoints'!
[2019.03.08-13.16.36:185][467]LogScript: Warning: Script Msg: Attempted to access index 0 from array 'inEars' of length 0 in '/Game/PFE/Blueprint/NotMine/BP_TeleportArea.BP_TeleportArea_C:GetTrainglesFromPoints'!
[2019.03.08-13.16.36:185][467]LogScript: Warning: Script Msg: Attempted to access index 0 from array 'inEars' of length 0 in '/Game/PFE/Blueprint/NotMine/BP_TeleportArea.BP_TeleportArea_C:GetTrainglesFromPoints'!
[2019.03.08-13.16.36:185][467]LogScript: Warning: Script Msg: Attempted to access index 0 from array 'inEars' of length 0 in '/Game/PFE/Blueprint/NotMine/BP_TeleportArea.BP_TeleportArea_C:GetTrainglesFromPoints'!
[2019.03.08-13.16.36:188][467]LogScript: Warning: Script Msg: Attempted to access index 0 from array 'inEars' of length 0 in '/Game/PFE/Blueprint/NotMine/BP_TeleportArea.BP_TeleportArea_C:GetTrainglesFromPoints'!
[2019.03.08-13.16.36:188][467]LogScript: Warning: Script Msg: Attempted to access index 0 from array 'inEars' of length 0 in '/Game/PFE/Blueprint/NotMine/BP_TeleportArea.BP_TeleportArea_C:GetTrainglesFromPoints'!
[2019.03.08-13.16.36:188][467]LogScript: Warning: Script Msg: Attempted to access index 0 from array 'inEars' of length 0 in '/Game/PFE/Blueprint/NotMine/BP_TeleportArea.BP_TeleportArea_C:GetTrainglesFromPoints'!
[2019.03.08-13.16.36:188][467]LogScript: Warning: Script Msg: Attempted to access index 0 from array 'inEars' of length 0 in '/Game/PFE/Blueprint/NotMine/BP_TeleportArea.BP_TeleportArea_C:GetTrainglesFromPoints'!
[2019.03.08-13.16.36:188][467]LogScript: Warning: Script Msg: Attempted to access index 0 from array 'inEars' of length 0 in '/Game/PFE/Blueprint/NotMine/BP_TeleportArea.BP_TeleportArea_C:GetTrainglesFromPoints'!
[2019.03.08-13.16.36:188][467]LogScript: Warning: Script Msg: Attempted to access index 0 from array 'inEars' of length 0 in '/Game/PFE/Blueprint/NotMine/BP_TeleportArea.BP_TeleportArea_C:GetTrainglesFromPoints'!
[2019.03.08-13.16.36:201][467]LogScript: Warning: Script Msg: Attempted to access index 0 from array 'inEars' of length 0 in '/Game/PFE/Blueprint/NotMine/BP_TeleportArea.BP_TeleportArea_C:GetTrainglesFromPoints'!
[2019.03.08-13.16.36:201][467]LogScript: Warning: Script Msg: Attempted to access index 0 from array 'inEars' of length 0 in '/Game/PFE/Blueprint/NotMine/BP_TeleportArea.BP_TeleportArea_C:GetTrainglesFromPoints'!
[2019.03.08-13.16.36:201][467]LogScript: Warning: Script Msg: Attempted to access index 0 from array 'inEars' of length 0 in '/Game/PFE/Blueprint/NotMine/BP_TeleportArea.BP_TeleportArea_C:GetTrainglesFromPoints'!
[2019.03.08-13.16.36:201][467]LogScript: Warning: Script Msg: Attempted to access index 0 from array 'inEars' of length 0 in '/Game/PFE/Blueprint/NotMine/BP_TeleportArea.BP_TeleportArea_C:GetTrainglesFromPoints'!
[2019.03.08-13.16.36:201][467]LogScript: Warning: Script Msg: Attempted to access index 0 from array 'inEars' of length 0 in '/Game/PFE/Blueprint/NotMine/BP_TeleportArea.BP_TeleportArea_C:GetTrainglesFromPoints'!
[2019.03.08-13.16.36:201][467]LogScript: Warning: Script Msg: Attempted to access index 0 from array 'inEars' of length 0 in '/Game/PFE/Blueprint/NotMine/BP_TeleportArea.BP_TeleportArea_C:GetTrainglesFromPoints'!
[2019.03.08-13.16.36:246][467]LogScript: Warning: Attempted to access TRASH_StaticMeshComponent_163 via property CamTrack, but TRASH_StaticMeshComponent_163 is pending kill
	AnimBP1_C /Game/PFE/Levels/Level_art.Level_art:PersistentLevel.BP_WorldInteractionPawn_5.A_Character.AnimBP1_C_0
	Function /Game/Mannequin/Animations/AnimBP1.AnimBP1_C:ExecuteUbergraph_AnimBP1:0330
[2019.03.08-13.16.36:262][467]LogEditorServer: Finished looking for orphan Actors (0.000 secs)
[2019.03.08-13.16.36:326][467]Cmd: MAP CHECKDEP NOCLEARLOG
[2019.03.08-13.16.36:536][467]MapCheck: Map check complete: 0 Error(s), 0 Warning(s), took 209,507ms to complete.
[2019.03.08-13.16.36:538][467]LogFileHelpers: Loading map 'Level_art' took 0.553
[2019.03.08-13.16.37:942][597]LogShaderCompilers: Display: Shaders left to compile 167
[2019.03.08-13.16.38:287][634]LogShaderCompilers: Display: Shaders left to compile 157
[2019.03.08-13.16.39:078][721]LogShaderCompilers: Display: Shaders left to compile 147
[2019.03.08-13.16.39:181][733]LogShaderCompilers: Display: Shaders left to compile 137
[2019.03.08-13.16.40:640][905]LogShaderCompilers: Display: Shaders left to compile 127
[2019.03.08-13.16.41:099][959]LogShaderCompilers: Display: Shaders left to compile 117
[2019.03.08-13.16.41:249][973]LogShaderCompilers: Display: Shaders left to compile 107
[2019.03.08-13.16.41:837][ 13]LogShaderCompilers: Display: Shaders left to compile 97
[2019.03.08-13.16.43:549][202]LogShaderCompilers: Display: Shaders left to compile 87
[2019.03.08-13.16.43:556][203]LogShaderCompilers: Display: Shaders left to compile 77
[2019.03.08-13.16.43:940][249]LogShaderCompilers: Display: Shaders left to compile 67
[2019.03.08-13.16.44:570][318]LogShaderCompilers: Display: Shaders left to compile 57
[2019.03.08-13.16.45:604][436]LogSlate: FSceneViewport::OnFocusLost() reason 0
[2019.03.08-13.16.45:871][451]LogShaderCompilers: Display: Shaders left to compile 47
[2019.03.08-13.16.45:954][458]LogShaderCompilers: Display: Shaders left to compile 37
[2019.03.08-13.16.46:086][470]LogShaderCompilers: Display: Shaders left to compile 27
[2019.03.08-13.16.47:566][643]LogShaderCompilers: Display: Shaders left to compile 17
[2019.03.08-13.16.48:465][742]LogShaderCompilers: Display: Shaders left to compile 7
[2019.03.08-13.17.13:110][680]LogSlate: FSceneViewport::OnFocusLost() reason 0
[2019.03.08-13.19.46:144][850]LogAssetEditorManager: Opening Asset editor for SkeletalMesh /Game/PFE/Imports/AI/Final/Meshes/EnemySoldier_v1.EnemySoldier_v1
[2019.03.08-13.19.46:148][850]LogContentBrowser: Native class hierarchy updated for 'SkeletonEditor' in 0.0002 seconds. Added 1 classes and 2 folders.
[2019.03.08-13.19.46:308][850]LogActorComponent: RegisterComponentWithWorld: (/Engine/Transient.World_10:PersistentLevel.AnimationEditorPreviewActor_0.DebugSkelMeshComponent_0) Already registered. Aborting.
[2019.03.08-13.19.46:310][850]LogContentBrowser: Native class hierarchy updated for 'PinnedCommandList' in 0.0002 seconds. Added 1 classes and 0 folders.
[2019.03.08-13.19.46:335][850]LogSkeletalMesh: USkeletalMeshComponent::InitArticulated : Bodies already created (/Engine/Transient.World_10:PersistentLevel.AnimationEditorPreviewActor_0.DebugSkelMeshComponent_0) - call TermArticulated first.
[2019.03.08-13.19.46:419][850]LogSlate: Took 0.000161 seconds to synchronously load lazily loaded font '../../../Engine/Content/Slate/Fonts/Roboto-Italic.ttf' (157K)
[2019.03.08-13.19.46:459][850]LogContentBrowser: Native class hierarchy updated for 'ClothingSystemEditorInterface' in 0.0002 seconds. Added 1 classes and 0 folders.
[2019.03.08-13.19.46:461][851]LogRenderer: Reallocating scene render targets to support 1328x888 Format 10 NumSamples 1 (Frame:1).
[2019.03.08-13.19.52:333][534]LogSlate: FSceneViewport::OnFocusLost() reason 0
[2019.03.08-13.19.57:482][103]LogAssetEditorManager: Opening Asset editor for AnimBlueprint /Game/PFE/Imports/AI/Final/Animations/Retarget_UE4ASP_HeroTPP_AnimBlueprint.Retarget_UE4ASP_HeroTPP_AnimBlueprint
[2019.03.08-13.19.57:495][103]LogActorComponent: RegisterComponentWithWorld: (/Engine/Transient.World_12:PersistentLevel.AnimationEditorPreviewActor_0.DebugSkelMeshComponent_0) Already registered. Aborting.
[2019.03.08-13.19.57:838][103]LogContentBrowser: Native class hierarchy updated for 'BlueprintGraph' in 0.0005 seconds. Added 116 classes and 0 folders.
[2019.03.08-13.19.58:462][103]LogSkeletalMesh: USkeletalMeshComponent::InitArticulated : Bodies already created (/Engine/Transient.World_12:PersistentLevel.AnimationEditorPreviewActor_0.DebugSkelMeshComponent_0) - call TermArticulated first.
[2019.03.08-13.19.58:652][103]LogAnimation: Warning: AnimBP Retarget_UE4ASP_HeroTPP_AnimBlueprint_C is incompatible with skeleton EnemySoldier_v1_Skeleton, removing AnimBP from actor.
[2019.03.08-13.19.58:776][103]LogSlate: Took 0.000286 seconds to synchronously load lazily loaded font '../../../Engine/Content/Slate/Fonts/Roboto-BoldCondensed.ttf' (158K)
[2019.03.08-13.20.31:096][924]LogSlate: FSceneViewport::OnFocusLost() reason 0
[2019.03.08-13.20.49:780][619]LogEditorViewport: Clicking on Actor (LMB): LightmassImportanceVolume (LightmassImportanceVolume)
