Log file open, 03/18/19 09:01:21
LogWindows: Failed to load 'aqProf.dll' (GetLastError=126)
LogWindows: File 'aqProf.dll' does not exist
LogWindows: Failed to load 'VtuneApi.dll' (GetLastError=126)
LogWindows: File 'VtuneApi.dll' does not exist
LogWindows: Failed to load 'VtuneApi32e.dll' (GetLastError=126)
LogWindows: File 'VtuneApi32e.dll' does not exist
LogInit: Display: Running engine for game: ICHOR
LogPlatformFile: Not using cached read wrapper
LogTaskGraph: Started task graph with 5 named threads and 23 total threads with 3 sets of task threads.
LogStats: Stats thread started at 0.433057
LogD3D11RHI: Loaded GFSDK_Aftermath_Lib.x64.dll
LogICUInternationalization: Display: ICU TimeZone Detection - Raw Offset: +1:00, Platform Override: ''
LogPluginManager: Mounting plugin Paper2D
LogPluginManager: Mounting plugin AISupport
LogPluginManager: Mounting plugin LightPropagationVolume
LogPluginManager: Mounting plugin CLionSourceCodeAccess
LogPluginManager: Mounting plugin CodeLiteSourceCodeAccess
LogPluginManager: Mounting plugin GitSourceControl
LogPluginManager: Mounting plugin KDevelopSourceCodeAccess
LogPluginManager: Mounting plugin NullSourceCodeAccess
LogPluginManager: Mounting plugin PerforceSourceControl
LogPluginManager: Mounting plugin SubversionSourceControl
LogPluginManager: Mounting plugin UObjectPlugin
LogPluginManager: Mounting plugin VisualStudioCodeSourceCodeAccess
LogPluginManager: Mounting plugin VisualStudioSourceCodeAccess
LogPluginManager: Mounting plugin XCodeSourceCodeAccess
LogPluginManager: Mounting plugin AssetManagerEditor
LogPluginManager: Mounting plugin CryptoKeys
LogPluginManager: Mounting plugin DataValidation
LogPluginManager: Mounting plugin FacialAnimation
LogPluginManager: Mounting plugin GameplayTagsEditor
LogPluginManager: Mounting plugin MacGraphicsSwitching
LogPluginManager: Mounting plugin MeshEditor
LogPluginManager: Mounting plugin MobileLauncherProfileWizard
LogPluginManager: Mounting plugin PluginBrowser
LogPluginManager: Mounting plugin SpeedTreeImporter
LogPluginManager: Mounting plugin DatasmithContent
LogPluginManager: Mounting plugin AlembicImporter
LogPluginManager: Mounting plugin AppleImageUtils
LogPluginManager: Mounting plugin AppleVision
LogPluginManager: Mounting plugin BackChannel
LogPluginManager: Mounting plugin CharacterAI
LogPluginManager: Mounting plugin GeometryCache
LogPluginManager: Mounting plugin HTML5Networking
LogPluginManager: Mounting plugin ProxyLODPlugin
LogPluginManager: Mounting plugin MagicLeap
LogPluginManager: Mounting plugin MagicLeapEmulator
LogPluginManager: Mounting plugin MagicLeapMedia
LogPluginManager: Mounting plugin AndroidMedia
LogPluginManager: Mounting plugin AvfMedia
LogPluginManager: Mounting plugin ImgMedia
LogPluginManager: Mounting plugin LinearTimecode
LogPluginManager: Mounting plugin MediaCompositing
LogPluginManager: Mounting plugin MediaPlayerEditor
LogPluginManager: Mounting plugin WmfMedia
LogPluginManager: Mounting plugin TcpMessaging
LogPluginManager: Mounting plugin UdpMessaging
LogPluginManager: Mounting plugin ActorSequence
LogPluginManager: Mounting plugin LevelSequenceEditor
LogPluginManager: Mounting plugin MatineeToLevelSequence
LogPluginManager: Mounting plugin NetcodeUnitTest
LogPluginManager: Mounting plugin NUTUnrealEngine4
LogPluginManager: Mounting plugin OnlineSubsystemGooglePlay
LogPluginManager: Mounting plugin OnlineSubsystemIOS
LogPluginManager: Mounting plugin OnlineSubsystem
LogPluginManager: Mounting plugin OnlineSubsystemNull
LogPluginManager: Mounting plugin OnlineSubsystemUtils
LogPluginManager: Mounting plugin LauncherChunkInstaller
LogPluginManager: Mounting plugin AndroidDeviceProfileSelector
LogPluginManager: Mounting plugin AndroidMoviePlayer
LogPluginManager: Mounting plugin AndroidPermission
LogPluginManager: Mounting plugin ApexDestruction
LogPluginManager: Mounting plugin AppleMoviePlayer
LogPluginManager: Mounting plugin ArchVisCharacter
LogPluginManager: Mounting plugin AudioCapture
LogPluginManager: Mounting plugin CableComponent
LogPluginManager: Mounting plugin CustomMeshComponent
LogPluginManager: Mounting plugin EditableMesh
LogPluginManager: Mounting plugin ExampleDeviceProfileSelector
LogPluginManager: Mounting plugin GoogleCloudMessaging
LogPluginManager: Mounting plugin ImmediatePhysics
LogPluginManager: Mounting plugin IOSDeviceProfileSelector
LogPluginManager: Mounting plugin LinuxDeviceProfileSelector
LogPluginManager: Mounting plugin LocationServicesBPLibrary
LogPluginManager: Mounting plugin MobilePatchingUtils
LogPluginManager: Mounting plugin OculusVR
LogPluginManager: Plugin shader directory ../../../Engine/Plugins/Runtime/Oculus/OculusVR/Shaders found
LogPluginManager: Mapping shader source directory ../../../Engine/Plugins/Runtime/Oculus/OculusVR/Shaders to virtual directory /Plugin/OculusVR
LogPluginManager: Mounting plugin PhysXVehicles
LogPluginManager: Mounting plugin ProceduralMeshComponent
LogPluginManager: Mounting plugin RuntimePhysXCooking
LogPluginManager: Mounting plugin SteamVR
LogPluginManager: Mounting plugin WindowsMoviePlayer
LogStreaming: Display: Took  0.315s to configure plugins.
LogInit: Using libcurl 7.55.1-DEV
LogInit:  - built for x86_64-pc-win32
LogInit:  - supports SSL with OpenSSL/1.0.2h
LogInit:  - supports HTTP deflate (compression) using libz 1.2.8
LogInit:  - other features:
LogInit:      CURL_VERSION_SSL
LogInit:      CURL_VERSION_LIBZ
LogInit:      CURL_VERSION_IPV6
LogInit:      CURL_VERSION_ASYNCHDNS
LogInit:      CURL_VERSION_LARGEFILE
LogInit:      CURL_VERSION_IDN
LogInit:  CurlRequestOptions (configurable via config and command line):
LogInit:  - bVerifyPeer = false  - Libcurl will NOT verify peer certificate
LogInit:  - bUseHttpProxy = false  - Libcurl will NOT use HTTP proxy
LogInit:  - bDontReuseConnections = false  - Libcurl will reuse connections
LogInit:  - CertBundlePath = nullptr  - Libcurl will use whatever was configured at build time.
LogInit:  - MaxHostConnections = 16  - Libcurl will limit the number of connections to a host
LogInit:  - LocalHostAddr = Default
LogInit:  - BufferSize = 65536
LogInit: WinSock: version 1.1 (2.2), MaxSocks=32767, MaxUdp=65467
LogInit: Build: ++UE4+Release-4.20-CL-4369336
LogInit: Engine Version: 4.20.3-4369336+++UE4+Release-4.20
LogInit: Compatible Engine Version: 4.20.0-4212847+++UE4+Release-4.20
LogInit: Net CL: 4212847
LogInit: OS: Windows 10 (), CPU: Intel(R) Core(TM) i7-7700 CPU @ 3.60GHz, GPU: NVIDIA GeForce GTX 1060 6GB
LogInit: Compiled (64-bit): Sep 17 2018 12:26:19
LogInit: Compiled with Visual C++: 19.13.26129.00
LogInit: Build Configuration: Development
LogInit: Branch Name: ++UE4+Release-4.20
LogInit: Command Line: 
LogInit: Base Directory: D:/Epic Games/UE_4.20/Engine/Binaries/Win64/
LogInit: Installed Engine Build: 1
LogDevObjectVersion: Number of dev versions registered: 20
LogDevObjectVersion:   Dev-Blueprints (B0D832E4-1F89-4F0D-ACCF-7EB736FD4AA2): 10
LogDevObjectVersion:   Dev-Build (E1C64328-A22C-4D53-A36C-8E866417BD8C): 0
LogDevObjectVersion:   Dev-Core (375EC13C-06E4-48FB-B500-84F0262A717E): 2
LogDevObjectVersion:   Dev-Editor (E4B068ED-F494-42E9-A231-DA0B2E46BB41): 24
LogDevObjectVersion:   Dev-Framework (CFFC743F-43B0-4480-9391-14DF171D2073): 34
LogDevObjectVersion:   Dev-Mobile (B02B49B5-BB20-44E9-A304-32B752E40360): 2
LogDevObjectVersion:   Dev-Networking (A4E4105C-59A1-49B5-A7C5-40C4547EDFEE): 0
LogDevObjectVersion:   Dev-Online (39C831C9-5AE6-47DC-9A44-9C173E1C8E7C): 0
LogDevObjectVersion:   Dev-Physics (78F01B33-EBEA-4F98-B9B4-84EACCB95AA2): 0
LogDevObjectVersion:   Dev-Platform (6631380F-2D4D-43E0-8009-CF276956A95A): 0
LogDevObjectVersion:   Dev-Rendering (12F88B9F-8875-4AFC-A67C-D90C383ABD29): 26
LogDevObjectVersion:   Dev-Sequencer (7B5AE74C-D270-4C10-A958-57980B212A5A): 9
LogDevObjectVersion:   Dev-VR (D7296918-1DD6-4BDD-9DE2-64A83CC13884): 2
LogDevObjectVersion:   Dev-LoadTimes (C2A15278-BFE7-4AFE-6C17-90FF531DF755): 1
LogDevObjectVersion:   Private-Geometry (6EACA3D4-40EC-4CC1-B786-8BED09428FC5): 3
LogDevObjectVersion:   Dev-AnimPhys (29E575DD-E0A3-4627-9D10-D276232CDCEA): 17
LogDevObjectVersion:   Dev-ReflectionCapture (6B266CEC-1EC7-4B8F-A30B-E4D90942FC07): 1
LogDevObjectVersion:   Dev-Automation (0DF73D61-A23F-47EA-B727-89E90C41499A): 1
LogDevObjectVersion:   FortniteMain (601D1886-AC64-4F84-AA16-D3DE0DEAC7D6): 12
LogDevObjectVersion:   Dev-Enterprise (9DFFBCD6-494F-0158-E221-12823C92A888): 1
LogStreaming: Display: Took  0.032s to delete old logs.
LogInit: Presizing for max 8388607 objects, including 0 objects not considered by GC, pre-allocating 0 bytes for permanent pool.
LogInit: Object subsystem initialized
[2019.03.18-08.01.24:093][  0]LogInit: Selected Device Profile: [Windows]
[2019.03.18-08.01.24:093][  0]LogInit: Applying CVar settings loaded from the selected device profile: [Windows]
[2019.03.18-08.01.24:171][  0]LogHAL: Display: Platform has ~ 32 GB [34254594048 / 34359738368 / 32], which maps to Largest [LargestMinGB=32, LargerMinGB=12, DefaultMinGB=8, SmallerMinGB=6, SmallestMinGB=0)
[2019.03.18-08.01.24:187][  0]LogInit: Setting Device Profile CVar: [[r.Vulkan.UseRealUBs:1]]
[2019.03.18-08.01.24:187][  0]LogInit: Going up to parent DeviceProfile []
[2019.03.18-08.01.24:237][  0]LogInit: Computer: i7-mk8-2017-03
[2019.03.18-08.01.24:237][  0]LogInit: User: etudiant
[2019.03.18-08.01.24:237][  0]LogInit: CPU Page size=4096, Cores=4
[2019.03.18-08.01.24:237][  0]LogInit: High frequency timer resolution =3.515630 MHz
[2019.03.18-08.01.24:238][  0]LogMemory: Memory total: Physical=31.9GB (32GB approx)
[2019.03.18-08.01.24:238][  0]LogMemory: Platform Memory Stats for Windows
[2019.03.18-08.01.24:238][  0]LogMemory: Process Physical Memory: 101.29 MB used, 101.29 MB peak
[2019.03.18-08.01.24:238][  0]LogMemory: Process Virtual Memory: 89.41 MB used, 89.41 MB peak
[2019.03.18-08.01.24:238][  0]LogMemory: Physical Memory: 3448.59 MB used,  29219.14 MB free, 32667.73 MB total
[2019.03.18-08.01.24:238][  0]LogMemory: Virtual Memory: 4639.18 MB used,  29219.14 MB free, 134217728.00 MB total
[2019.03.18-08.01.24:879][  0]LogInit: Using OS detected language (fr-FR).
[2019.03.18-08.01.24:879][  0]LogInit: Using OS detected locale (fr-FR).
[2019.03.18-08.01.24:951][  0]LogTextLocalizationManager: No specific localization for 'fr-FR' exists, so the 'fr' localization will be used.
[2019.03.18-08.01.25:076][  0]LogStreaming: Display: Took  0.196s to InitEngineTextLocalization.
[2019.03.18-08.01.25:090][  0]LogInit: Setting process to per monitor DPI aware
[2019.03.18-08.01.25:781][  0]LogSlate: New Slate User Created.  User Index 0, Is Virtual User: 0
[2019.03.18-08.01.25:781][  0]LogSlate: Slate User Registered.  User Index 0, Is Virtual User: 0
[2019.03.18-08.01.27:994][  0]LogHMD: Failed to initialize OpenVR with code 110
[2019.03.18-08.01.27:994][  0]LogD3D11RHI: D3D11 adapters:
[2019.03.18-08.01.28:066][  0]LogD3D11RHI:    0. 'NVIDIA GeForce GTX 1060 6GB' (Feature Level 11_0)
[2019.03.18-08.01.28:066][  0]LogD3D11RHI:       6052/0/16333 MB DedicatedVideo/DedicatedSystem/SharedSystem, Outputs:2, VendorId:0x10de
[2019.03.18-08.01.28:076][  0]LogD3D11RHI:    1. 'Intel(R) HD Graphics 630' (Feature Level 11_0)
[2019.03.18-08.01.28:076][  0]LogD3D11RHI:       128/0/16333 MB DedicatedVideo/DedicatedSystem/SharedSystem, Outputs:0, VendorId:0x8086
[2019.03.18-08.01.28:077][  0]LogD3D11RHI:    2. 'Microsoft Basic Render Driver' (Feature Level 11_0)
[2019.03.18-08.01.28:077][  0]LogD3D11RHI:       0/0/16333 MB DedicatedVideo/DedicatedSystem/SharedSystem, Outputs:0, VendorId:0x1414
[2019.03.18-08.01.28:077][  0]LogD3D11RHI: Chosen D3D11 Adapter: 0
[2019.03.18-08.01.28:090][  0]LogD3D11RHI: Creating new Direct3DDevice
[2019.03.18-08.01.28:090][  0]LogD3D11RHI:     GPU DeviceId: 0x1c03 (for the marketing name, search the web for "GPU Device Id")
[2019.03.18-08.01.28:109][  0]LogWindows: EnumDisplayDevices:
[2019.03.18-08.01.28:109][  0]LogWindows:    0. 'NVIDIA GeForce GTX 1060 6GB' (P:1 D:1)
[2019.03.18-08.01.28:109][  0]LogWindows:    1. 'NVIDIA GeForce GTX 1060 6GB' (P:0 D:1)
[2019.03.18-08.01.28:109][  0]LogWindows:    2. 'NVIDIA GeForce GTX 1060 6GB' (P:0 D:0)
[2019.03.18-08.01.28:109][  0]LogWindows:    3. 'NVIDIA GeForce GTX 1060 6GB' (P:0 D:0)
[2019.03.18-08.01.28:109][  0]LogWindows:    4. 'Intel(R) HD Graphics 630' (P:0 D:0)
[2019.03.18-08.01.28:110][  0]LogWindows:    5. 'Intel(R) HD Graphics 630' (P:0 D:0)
[2019.03.18-08.01.28:110][  0]LogWindows:    6. 'Intel(R) HD Graphics 630' (P:0 D:0)
[2019.03.18-08.01.28:110][  0]LogWindows: DebugString: PrimaryIsNotTheChoosenAdapter PrimaryIsNotTheChoosenAdapter PrimaryIsNotTheChoosenAdapter FoundDriverCount:4 
[2019.03.18-08.01.28:110][  0]LogD3D11RHI:     Adapter Name: NVIDIA GeForce GTX 1060 6GB
[2019.03.18-08.01.28:117][  0]LogD3D11RHI:   Driver Version: 391.01 (internal:23.21.13.9101, unified:391.01)
[2019.03.18-08.01.28:117][  0]LogD3D11RHI:      Driver Date: 2-23-2018
[2019.03.18-08.01.28:117][  0]LogRHI: Texture pool is 4236 MB (70% of 6052 MB)
[2019.03.18-08.01.28:149][  0]LogD3D11RHI: Async texture creation enabled
[2019.03.18-08.01.28:374][  0]LogD3D11RHI: GPU Timing Frequency: 1000.000000 (Debug: 2 2)
[2019.03.18-08.01.28:448][  0]LogShaderCompilers: Guid format shader working directory is -6 characters bigger than the processId version (../../../../../BackupAbsolue/TABProject/ICHOR-Last-Year/Intermediate/Shaders/WorkingDirectory/7296/).
[2019.03.18-08.01.28:448][  0]LogShaderCompilers: Cleaned the shader compiler working directory 'C:/Users/etudiant/AppData/Local/Temp/UnrealShaderWorkingDir/160A88A04985B2B7622F9685A0A31C4B/'.
[2019.03.18-08.01.29:064][  0]LogTemp: Display: Loaded TP AllDesktopTargetPlatform
[2019.03.18-08.01.29:146][  0]LogTemp: Display: Loaded TP MacClientTargetPlatform
[2019.03.18-08.01.29:165][  0]LogTemp: Display: Loaded TP MacNoEditorTargetPlatform
[2019.03.18-08.01.29:184][  0]LogTemp: Display: Loaded TP MacServerTargetPlatform
[2019.03.18-08.01.29:219][  0]LogTemp: Display: Loaded TP MacTargetPlatform
[2019.03.18-08.01.29:263][  0]LogTemp: Display: Loaded TP WindowsClientTargetPlatform
[2019.03.18-08.01.29:283][  0]LogTemp: Display: Loaded TP WindowsNoEditorTargetPlatform
[2019.03.18-08.01.29:304][  0]LogTemp: Display: Loaded TP WindowsServerTargetPlatform
[2019.03.18-08.01.29:318][  0]LogTemp: Display: Loaded TP WindowsTargetPlatform
[2019.03.18-08.01.29:414][  0]LogTemp: Display: Loaded TP AndroidTargetPlatform
[2019.03.18-08.01.29:414][  0]LogTemp: Display: Loaded TP AndroidTargetPlatform
[2019.03.18-08.01.29:414][  0]LogTemp: Display: Loaded TP AndroidTargetPlatform
[2019.03.18-08.01.29:414][  0]LogTemp: Display: Loaded TP AndroidTargetPlatform
[2019.03.18-08.01.29:414][  0]LogTemp: Display: Loaded TP AndroidTargetPlatform
[2019.03.18-08.01.29:414][  0]LogTemp: Display: Loaded TP AndroidTargetPlatform
[2019.03.18-08.01.29:414][  0]LogTemp: Display: Loaded TP AndroidTargetPlatform
[2019.03.18-08.01.29:414][  0]LogTemp: Display: Loaded TP AndroidTargetPlatform
[2019.03.18-08.01.29:414][  0]LogTemp: Display: Loaded TP AndroidTargetPlatform
[2019.03.18-08.01.29:414][  0]LogTemp: Display: Loaded TP AndroidTargetPlatform
[2019.03.18-08.01.29:414][  0]LogTemp: Display: Loaded TP AndroidTargetPlatform
[2019.03.18-08.01.29:414][  0]LogTemp: Display: Loaded TP AndroidTargetPlatform
[2019.03.18-08.01.29:414][  0]LogTemp: Display: Loaded TP AndroidTargetPlatform
[2019.03.18-08.01.29:414][  0]LogTemp: Display: Loaded TP AndroidTargetPlatform
[2019.03.18-08.01.29:414][  0]LogTemp: Display: Loaded TP AndroidTargetPlatform
[2019.03.18-08.01.29:414][  0]LogTemp: Display: Loaded TP AndroidTargetPlatform
[2019.03.18-08.01.29:414][  0]LogTemp: Display: Loaded TP AndroidTargetPlatform
[2019.03.18-08.01.29:414][  0]LogTemp: Display: Loaded TP AndroidTargetPlatform
[2019.03.18-08.01.29:429][  0]LogTemp: Display: Loaded TP HTML5TargetPlatform
[2019.03.18-08.01.29:535][  0]LogTemp: Display: Loaded TP IOSTargetPlatform
[2019.03.18-08.01.29:535][  0]LogTemp: Display: Loaded TP IOSTargetPlatform
[2019.03.18-08.01.29:564][  0]LogTemp: Display: Loaded TP TVOSTargetPlatform
[2019.03.18-08.01.29:564][  0]LogTemp: Display: Loaded TP TVOSTargetPlatform
[2019.03.18-08.01.29:589][  0]LogTemp: Display: Loaded TP LinuxClientTargetPlatform
[2019.03.18-08.01.29:607][  0]LogTemp: Display: Loaded TP LinuxNoEditorTargetPlatform
[2019.03.18-08.01.29:625][  0]LogTemp: Display: Loaded TP LinuxServerTargetPlatform
[2019.03.18-08.01.29:649][  0]LogTemp: Display: Loaded TP LinuxTargetPlatform
[2019.03.18-08.01.29:665][  0]LogTemp: Display: Loaded TP LuminTargetPlatform
[2019.03.18-08.01.29:665][  0]LogTargetPlatformManager: Display: Building Assets For Windows
[2019.03.18-08.01.30:326][  0]LogXGEController: Cleaning working directory: C:/Users/etudiant/AppData/Local/Temp/UnrealXGEWorkingDir/
[2019.03.18-08.01.30:326][  0]LogXGEController: Cannot use XGE Controller as Incredibuild is not installed on this machine.
[2019.03.18-08.01.30:326][  0]LogShaderCompilers: Cannot use XGE Shader Compiler as Incredibuild is not installed on this machine.
[2019.03.18-08.01.30:326][  0]LogShaderCompilers: Display: Using Local Shader Compiler.
[2019.03.18-08.01.33:007][  0]LogDerivedDataCache: Display: Max Cache Size: 512 MB
[2019.03.18-08.01.33:249][  0]LogDerivedDataCache: Loaded boot cache 0.24s 71MB C:/Users/etudiant/AppData/Local/UnrealEngine/4.20/DerivedDataCache/Boot.ddc.
[2019.03.18-08.01.33:250][  0]LogDerivedDataCache: Display: Loaded Boot cache: C:/Users/etudiant/AppData/Local/UnrealEngine/4.20/DerivedDataCache/Boot.ddc
[2019.03.18-08.01.33:250][  0]LogDerivedDataCache: FDerivedDataBackendGraph:  Pak pak cache file ../../../../../BackupAbsolue/TABProject/ICHOR-Last-Year/DerivedDataCache/DDC.ddp not found, will not use a pak cache.
[2019.03.18-08.01.33:250][  0]LogDerivedDataCache: Unable to find inner node Pak for hierarchical cache Hierarchy.
[2019.03.18-08.01.33:250][  0]LogDerivedDataCache: FDerivedDataBackendGraph:  CompressedPak pak cache file ../../../../../BackupAbsolue/TABProject/ICHOR-Last-Year/DerivedDataCache/Compressed.ddp not found, will not use a pak cache.
[2019.03.18-08.01.33:250][  0]LogDerivedDataCache: Unable to find inner node CompressedPak for hierarchical cache Hierarchy.
[2019.03.18-08.01.33:562][  0]LogDerivedDataCache: Display: Pak cache opened for reading ../../../Engine/DerivedDataCache/Compressed.ddp.
[2019.03.18-08.01.33:574][  0]LogDerivedDataCache: Using Local data cache path C:/Users/etudiant/AppData/Local/UnrealEngine/Common/DerivedDataCache: Writable
[2019.03.18-08.01.33:574][  0]LogDerivedDataCache: Shared data cache path not found in *engine.ini, will not use an Shared cache.
[2019.03.18-08.01.33:574][  0]LogDerivedDataCache: Unable to find inner node Shared for hierarchical cache Hierarchy.
[2019.03.18-08.01.33:650][  0]LogMaterial: Verifying Global Shaders for PCD3D_SM5
[2019.03.18-08.01.33:718][  0]LogSlate: Using FreeType 2.6.0
[2019.03.18-08.01.33:815][  0]LogSlate: SlateFontServices - WITH_FREETYPE: 1, WITH_HARFBUZZ: 1
[2019.03.18-08.01.34:462][  0]LogAssetRegistry: FAssetRegistry took 0.0438 seconds to start up
[2019.03.18-08.01.39:350][  0]LogInit: Selected Device Profile: [Windows]
[2019.03.18-08.01.42:334][  0]LogSimplygon: Simplygon DLL not present - disabling.
[2019.03.18-08.01.42:449][  0]LogMeshReduction: Using SimplygonSwarm for distributed automatic mesh merging
[2019.03.18-08.01.42:450][  0]LogMeshReduction: Using ProxyLODMeshReduction for automatic mesh merging
[2019.03.18-08.01.42:450][  0]LogMeshReduction: Using QuadricMeshReduction for automatic static mesh reduction
[2019.03.18-08.01.42:450][  0]LogMeshReduction: No automatic skeletal mesh reduction module available
[2019.03.18-08.01.42:740][  0]LogNetVersion: ICHOR 1.0.0, NetCL: 4212847, EngineNetVer: 5, GameNetVer: 0 (Checksum: 3601110329)
[2019.03.18-08.01.46:075][  0]LogPackageLocalizationCache: Processed 11 localized package path(s) for 2 prioritized culture(s) in 0.327427 seconds
[2019.03.18-08.01.46:117][  0]LogUObjectArray: 38425 objects as part of root set at end of initial load.
[2019.03.18-08.01.46:117][  0]LogUObjectAllocator: 6690864 out of 0 bytes used by permanent object pool.
[2019.03.18-08.01.46:117][  0]LogUObjectArray: CloseDisregardForGC: 0/0 objects in disregard for GC pool
[2019.03.18-08.02.00:912][  0]LogTcpMessaging: Initializing TcpMessaging bridge
[2019.03.18-08.02.00:994][  0]LogUdpMessaging: Initializing bridge on interface 0.0.0.0:0 to multicast group 230.0.0.1:6666.
[2019.03.18-08.02.04:096][  0]SourceControl: Source control is disabled
[2019.03.18-08.02.04:147][  0]SourceControl: Source control is disabled
[2019.03.18-08.02.04:385][  0]SourceControl: Source control is disabled
[2019.03.18-08.02.04:514][  0]SourceControl: Source control is disabled
[2019.03.18-08.02.08:141][  0]LogAndroidPermission: UAndroidPermissionCallbackProxy::GetInstance
[2019.03.18-08.02.08:501][  0]LogOcInput: OculusInput pre-init called
[2019.03.18-08.02.09:506][  0]LogEngine: Initializing Engine...
[2019.03.18-08.02.09:546][  0]LogHMD: Failed to initialize OpenVR with code 110
[2019.03.18-08.02.09:624][  0]LogStats: UGameplayTagsManager::ConstructGameplayTagTree: ImportINI prefixes -  0.001 s
[2019.03.18-08.02.09:624][  0]LogStats: UGameplayTagsManager::ConstructGameplayTagTree: Construct from data asset -  0.000 s
[2019.03.18-08.02.09:624][  0]LogStats: UGameplayTagsManager::ConstructGameplayTagTree: ImportINI -  0.000 s
[2019.03.18-08.02.09:655][  0]LogStats: UGameplayTagsManager::ConstructGameplayTagTree: GameplayTagTreeChangedEvent.Broadcast -  0.032 s
[2019.03.18-08.02.09:999][  0]LogInit: Initializing FReadOnlyCVARCache
[2019.03.18-08.02.10:889][  0]LogAIModule: Creating AISystem for world Untitled
[2019.03.18-08.02.11:420][  0]LogInit: XAudio2 using 'DELL U2414H (NVIDIA High Definition Audio)' : 2 channels at 48 kHz using 16 bits per sample (channel mask 0x3)
[2019.03.18-08.02.11:452][  0]LogInit: FAudioDevice initialized.
[2019.03.18-08.02.11:452][  0]LogNetVersion: Set ProjectVersion to 1.0.0.0. Version Checksum will be recalculated on next use.
[2019.03.18-08.02.11:507][  0]LogDerivedDataCache: Saved boot cache 0.05s 71MB C:/Users/etudiant/AppData/Local/UnrealEngine/4.20/DerivedDataCache/Boot.ddc.
[2019.03.18-08.02.11:509][  0]LogInit: Texture streaming: Enabled
[2019.03.18-08.02.11:846][  0]LogEngineSessionManager: EngineSessionManager initialized
[2019.03.18-08.02.12:017][  0]LogWindowsTextInputMethodSystem: Display: IME system now deactivated.
[2019.03.18-08.02.12:565][  0]LogInit: Transaction tracking system initialized
[2019.03.18-08.02.13:637][  0]BlueprintLog: New page: Editor Load
[2019.03.18-08.02.16:668][  0]LocalizationService: Localization service is disabled
[2019.03.18-08.02.20:434][  0]LogFileCache: Scanning file cache for directory 'D:/BackupAbsolue/TABProject/ICHOR-Last-Year/Content/' took 0.06s
[2019.03.18-08.02.20:434][  0]LogCook: Display: Max memory allowance for cook 16384mb min free memory 0mb
[2019.03.18-08.02.20:452][  0]LogCook: Display: Mobile HDR setting 1
[2019.03.18-08.02.20:557][  0]LogGameplayTags: Display: UGameplayTagsManager::DoneAddingNativeTags. DelegateIsBound: 0
[2019.03.18-08.02.20:558][  0]LogStats: UGameplayTagsManager::ConstructGameplayTagTree: ImportINI prefixes -  0.000 s
[2019.03.18-08.02.20:558][  0]LogStats: UGameplayTagsManager::ConstructGameplayTagTree: Construct from data asset -  0.000 s
[2019.03.18-08.02.20:558][  0]LogStats: UGameplayTagsManager::ConstructGameplayTagTree: ImportINI -  0.000 s
[2019.03.18-08.02.20:558][  0]LogStats: UGameplayTagsManager::ConstructGameplayTagTree: GameplayTagTreeChangedEvent.Broadcast -  0.000 s
[2019.03.18-08.02.25:219][  0]SourceControl: Source control is disabled
[2019.03.18-08.02.25:304][  0]Cmd: MAP LOAD FILE="../../../../../BackupAbsolue/TABProject/ICHOR-Last-Year/Content/PFE/Levels/Level_1.umap" TEMPLATE=0 SHOWPROGRESS=1 FEATURELEVEL=3
[2019.03.18-08.02.25:866][  0]LogSlate: Took 0.034388 seconds to synchronously load lazily loaded font '../../../Engine/Content/Slate/Fonts/Roboto-Regular.ttf' (155K)
[2019.03.18-08.02.28:866][  0]LogSlate: Window 'Message' being destroyed
[2019.03.18-08.02.28:867][  0]LogWindowsTextInputMethodSystem: Display: IME system now deactivated.
[2019.03.18-08.02.28:964][  0]LightingResults: New page: Lighting Build
[2019.03.18-08.02.29:281][  0]MapCheck: New page: Map Check
[2019.03.18-08.02.29:281][  0]LightingResults: New page: Lighting Build
[2019.03.18-08.02.29:765][  0]LogAIModule: Creating AISystem for world Untitled
[2019.03.18-08.02.29:872][  0]LoadErrors: New page: New Map
[2019.03.18-08.02.30:778][  0]LogWindowsTextInputMethodSystem: Display: IME system now deactivated.
[2019.03.18-08.02.31:656][  0]LogSlate: Updating window title bar state: overlay mode, drag disabled, window buttons hidden, title bar hidden
[2019.03.18-08.02.31:668][  0]LogSlate: Updating window title bar state: overlay mode, drag disabled, window buttons hidden, title bar hidden
[2019.03.18-08.02.31:674][  0]LogSlate: Updating window title bar state: overlay mode, drag disabled, window buttons hidden, title bar hidden
[2019.03.18-08.02.31:680][  0]LogSlate: Updating window title bar state: overlay mode, drag disabled, window buttons hidden, title bar hidden
[2019.03.18-08.02.31:732][  0]LogCollectionManager: Loaded 0 collections in 0.000827 seconds
[2019.03.18-08.02.31:964][  0]LogFileCache: Scanning file cache for directory 'D:/BackupAbsolue/TABProject/ICHOR-Last-Year/Saved/Collections/' took 0.01s
[2019.03.18-08.02.31:964][  0]LogFileCache: Scanning file cache for directory 'D:/BackupAbsolue/TABProject/ICHOR-Last-Year/Content/Developers/etudiant/Collections/' took 0.01s
[2019.03.18-08.02.31:964][  0]LogFileCache: Scanning file cache for directory 'D:/BackupAbsolue/TABProject/ICHOR-Last-Year/Content/Collections/' took 0.01s
[2019.03.18-08.02.31:964][  0]LogCollectionManager: Rebuilt the GUID cache for 0 collections in 0.000001 seconds
[2019.03.18-08.02.31:972][  0]LogContentBrowser: Native class hierarchy populated in 0.0076 seconds. Added 2581 classes and 608 folders.
[2019.03.18-08.02.32:084][  0]LogContentBrowser: Native class hierarchy updated for 'WidgetCarousel' in 0.0003 seconds. Added 0 classes and 0 folders.
[2019.03.18-08.02.35:499][  0]LogContentBrowser: Native class hierarchy updated for 'AddContentDialog' in 0.0002 seconds. Added 0 classes and 0 folders.
[2019.03.18-08.02.35:547][  0]LogContentBrowser: Native class hierarchy updated for 'SceneOutliner' in 0.0002 seconds. Added 1 classes and 2 folders.
[2019.03.18-08.02.40:252][  0]LogTemp: Executing iPhonePackager certificates Engine -bundlename com.YourCompany.ICHOR
[2019.03.18-08.02.40:252][  0]LogTemp: CWD: D:\Epic Games\UE_4.20\Engine\Binaries\DotNET\IOS
[2019.03.18-08.02.40:252][  0]LogTemp: Initial Dir: D:\Epic Games\UE_4.20
[2019.03.18-08.02.40:252][  0]LogTemp: Env CWD: D:\Epic Games\UE_4.20\Engine\Binaries\DotNET\IOS
[2019.03.18-08.02.40:252][  0]LogTemp: BranchPath = i7-mk8-2017-03/D/Epic Games/UE_4.20/Engine/Binaries --- GameBranchPath = i7-mk8-2017-03/D/Epic Games/UE_4.20/Engine/Binaries
[2019.03.18-08.02.40:252][  0]LogTemp: IPP ERROR: Could not find provision directory 'C:\Users\etudiant\AppData\Local/Apple Computer/MobileDevice/Provisioning Profiles/'.
[2019.03.18-08.02.40:252][  0]LogSlate: Only BGRA pngs, bmps or icos are supported in by External Image Picker
[2019.03.18-08.02.40:379][  0]LogSlate: Took 0.038396 seconds to synchronously load lazily loaded font '../../../Engine/Content/Slate/Fonts/Roboto-Bold.ttf' (160K)
[2019.03.18-08.02.40:489][  0]LogSlate: Took 0.035475 seconds to synchronously load lazily loaded font '../../../Engine/Content/Editor/Slate/Fonts/FontAwesome.ttf' (139K)
[2019.03.18-08.02.40:826][  0]LogRenderer: Reallocating scene render targets to support 1236x620 Format 10 NumSamples 1 (Frame:1).
[2019.03.18-08.02.41:990][  0]LogContentBrowser: Native class hierarchy updated for 'HierarchicalLODOutliner' in 0.0003 seconds. Added 0 classes and 0 folders.
[2019.03.18-08.02.41:990][  0]LogLoad: (Engine Initialization) Total time: 93.45 seconds
[2019.03.18-08.02.41:990][  0]LogLoad: (Engine Initialization) Total Blueprint compile time: 0.00 seconds
[2019.03.18-08.02.42:225][  0]LogContentStreaming: Texture pool size now 1000 MB
[2019.03.18-08.02.42:309][  0]LogSlate: Took 0.011486 seconds to synchronously load lazily loaded font '../../../Engine/Content/Slate/Fonts/Roboto-Light.ttf' (167K)
[2019.03.18-08.02.42:888][ 47]LogAssetRegistry: Asset discovery search completed in 68.4506 seconds
[2019.03.18-08.02.42:889][ 47]LogCollectionManager: Rebuilt the object cache for 0 collections in 0.000000 seconds (found 0 objects)
[2019.03.18-08.02.42:889][ 47]LogCollectionManager: Fixed up redirectors for 0 collections in 0.000052 seconds (updated 0 objects)
[2019.03.18-08.02.43:034][ 60]LogSlate: Took 0.000151 seconds to synchronously load lazily loaded font '../../../Engine/Content/Slate/Fonts/Roboto-Light.ttf' (167K)
[2019.03.18-08.02.44:731][260]LogSlate: FSceneViewport::OnFocusLost() reason 0
[2019.03.18-08.02.44:912][267]LogSlate: Window 'ICHOR - Unreal Editor' being destroyed
[2019.03.18-08.02.44:913][267]LogWindowsTextInputMethodSystem: Display: IME system now deactivated.
[2019.03.18-08.02.45:155][268]Cmd: QUIT_EDITOR
[2019.03.18-08.02.45:286][268]LogExit: Preparing to exit.
[2019.03.18-08.02.46:296][268]LogExit: Editor shut down
[2019.03.18-08.02.46:297][268]LogExit: Transaction tracking system shut down
[2019.03.18-08.02.47:231][268]LogExit: Object subsystem successfully closed.
[2019.03.18-08.02.47:293][268]LogShaderCompilers: Display: Shaders left to compile 0
[2019.03.18-08.02.47:307][268]LogD3D11RHI: Shutdown
[2019.03.18-08.02.47:307][268]LogD3D11RHI: CleanupD3DDevice
[2019.03.18-08.02.47:308][268]LogD3D11RHI: ~FD3D11DynamicRHI
[2019.03.18-08.02.47:626][268]LogModuleManager: Shutting down and abandoning module HierarchicalLODOutliner (616)
[2019.03.18-08.02.47:626][268]LogModuleManager: Shutting down and abandoning module ExternalImagePicker (614)
[2019.03.18-08.02.47:626][268]LogModuleManager: Shutting down and abandoning module SceneOutliner (612)
[2019.03.18-08.02.47:626][268]LogModuleManager: Shutting down and abandoning module AddContentDialog (610)
[2019.03.18-08.02.47:627][268]LogModuleManager: Shutting down and abandoning module WidgetCarousel (609)
[2019.03.18-08.02.47:627][268]LogModuleManager: Shutting down and abandoning module EditorWidgets (606)
[2019.03.18-08.02.47:627][268]LogModuleManager: Shutting down and abandoning module CollectionManager (604)
[2019.03.18-08.02.47:628][268]LogModuleManager: Shutting down and abandoning module StatsViewer (602)
[2019.03.18-08.02.47:628][268]LogModuleManager: Shutting down and abandoning module FoliageEdit (600)
[2019.03.18-08.02.47:628][268]LogModuleManager: Shutting down and abandoning module LandscapeEditor (598)
[2019.03.18-08.02.47:640][268]LogModuleManager: Shutting down and abandoning module MeshPaintMode (596)
[2019.03.18-08.02.47:640][268]LogModuleManager: Shutting down and abandoning module SceneDepthPickerMode (594)
[2019.03.18-08.02.47:640][268]LogModuleManager: Shutting down and abandoning module ActorPickerMode (592)
[2019.03.18-08.02.47:640][268]LogModuleManager: Shutting down and abandoning module GeometryMode (590)
[2019.03.18-08.02.47:640][268]LogModuleManager: Shutting down and abandoning module TextureAlignMode (588)
[2019.03.18-08.02.47:640][268]LogModuleManager: Shutting down and abandoning module BspMode (586)
[2019.03.18-08.02.47:641][268]LogModuleManager: Shutting down and abandoning module PIEPreviewDeviceProfileSelector (584)
[2019.03.18-08.02.47:641][268]LogModuleManager: Shutting down and abandoning module SequenceRecorderSections (582)
[2019.03.18-08.02.47:641][268]LogModuleManager: Shutting down and abandoning module AutomationWorker (580)
[2019.03.18-08.02.47:641][268]LogModuleManager: Shutting down and abandoning module AudioCaptureEditor (578)
[2019.03.18-08.02.47:641][268]LogModuleManager: Shutting down and abandoning module SequenceRecorder (577)
[2019.03.18-08.02.47:641][268]LogModuleManager: Shutting down and abandoning module MatineeToLevelSequence (574)
[2019.03.18-08.02.47:641][268]LogModuleManager: Shutting down and abandoning module LevelSequenceEditor (572)
[2019.03.18-08.02.47:649][268]LogModuleManager: Shutting down and abandoning module PlacementMode (571)
[2019.03.18-08.02.47:649][268]LogModuleManager: Shutting down and abandoning module MaterialEditor (570)
[2019.03.18-08.02.47:661][268]LogModuleManager: Shutting down and abandoning module WmfMediaFactory (566)
[2019.03.18-08.02.47:661][268]LogModuleManager: Shutting down and abandoning module WmfMediaEditor (564)
[2019.03.18-08.02.47:661][268]LogModuleManager: Shutting down and abandoning module MediaPlayerEditor (562)
[2019.03.18-08.02.47:661][268]LogModuleManager: Shutting down and abandoning module OpenExrWrapper (560)
[2019.03.18-08.02.47:661][268]LogModuleManager: Shutting down and abandoning module ImgMediaFactory (558)
[2019.03.18-08.02.47:661][268]LogModuleManager: Shutting down and abandoning module ImgMediaEditor (556)
[2019.03.18-08.02.47:661][268]LogModuleManager: Shutting down and abandoning module AvfMediaFactory (554)
[2019.03.18-08.02.47:661][268]LogModuleManager: Shutting down and abandoning module AvfMediaEditor (552)
[2019.03.18-08.02.47:661][268]LogModuleManager: Shutting down and abandoning module AndroidMediaFactory (550)
[2019.03.18-08.02.47:661][268]LogModuleManager: Shutting down and abandoning module AndroidMediaEditor (548)
[2019.03.18-08.02.47:661][268]LogModuleManager: Shutting down and abandoning module MagicLeapCameraPreviewFactory (546)
[2019.03.18-08.02.47:661][268]LogModuleManager: Shutting down and abandoning module MagicLeapMediaFactory (544)
[2019.03.18-08.02.47:661][268]LogModuleManager: Shutting down and abandoning module MagicLeapMediaEditor (542)
[2019.03.18-08.02.47:663][268]LogModuleManager: Shutting down and abandoning module CharacterAI (540)
[2019.03.18-08.02.47:663][268]LogModuleManager: Shutting down and abandoning module SmartSnapping (538)
[2019.03.18-08.02.47:663][268]LogModuleManager: Shutting down and abandoning module SessionServices (536)
[2019.03.18-08.02.47:663][268]LogModuleManager: Shutting down and abandoning module ViewportSnapping (534)
[2019.03.18-08.02.47:663][268]LogModuleManager: Shutting down and abandoning module ViewportInteraction (532)
[2019.03.18-08.02.47:667][268]LogModuleManager: Shutting down and abandoning module ClothPainter (530)
[2019.03.18-08.02.47:668][268]LogModuleManager: Shutting down and abandoning module SkeletalMeshEditor (529)
[2019.03.18-08.02.47:679][268]LogModuleManager: Shutting down and abandoning module LogVisualizer (526)
[2019.03.18-08.02.47:684][268]LogModuleManager: Shutting down and abandoning module IntroTutorials (524)
[2019.03.18-08.02.47:684][268]LogModuleManager: Shutting down and abandoning module GameProjectGeneration (523)
[2019.03.18-08.02.47:693][268]LogModuleManager: Shutting down and abandoning module LuminPlatformEditor (520)
[2019.03.18-08.02.47:693][268]LogModuleManager: Shutting down and abandoning module IOSPlatformEditor (518)
[2019.03.18-08.02.47:693][268]LogModuleManager: Shutting down and abandoning module HTML5PlatformEditor (516)
[2019.03.18-08.02.47:693][268]LogModuleManager: Shutting down and abandoning module AndroidPlatformEditor (514)
[2019.03.18-08.02.47:693][268]LogModuleManager: Shutting down and abandoning module AndroidDeviceDetection (513)
[2019.03.18-08.02.48:538][268]LogModuleManager: Shutting down and abandoning module WindowsPlatformEditor (510)
[2019.03.18-08.02.48:538][268]LogModuleManager: Shutting down and abandoning module LuminRuntimeSettings (508)
[2019.03.18-08.02.48:538][268]LogModuleManager: Shutting down and abandoning module IOSRuntimeSettings (506)
[2019.03.18-08.02.48:538][268]LogModuleManager: Shutting down and abandoning module AndroidRuntimeSettings (504)
[2019.03.18-08.02.48:538][268]LogModuleManager: Shutting down and abandoning module InputBindingEditor (502)
[2019.03.18-08.02.48:611][268]LogModuleManager: Shutting down and abandoning module MergeActors (500)
[2019.03.18-08.02.48:611][268]LogModuleManager: Shutting down and abandoning module LocalizationDashboard (498)
[2019.03.18-08.02.48:615][268]LogModuleManager: Shutting down and abandoning module LocalizationService (497)
[2019.03.18-08.02.48:615][268]LogModuleManager: Shutting down and abandoning module HardwareTargeting (494)
[2019.03.18-08.02.48:615][268]LogModuleManager: Shutting down and abandoning module DeviceProfileEditor (492)
[2019.03.18-08.02.48:615][268]LogModuleManager: Shutting down and abandoning module UndoHistory (490)
[2019.03.18-08.02.48:615][268]LogModuleManager: Shutting down and abandoning module XmlParser (488)
[2019.03.18-08.02.48:615][268]LogModuleManager: Shutting down and abandoning module Blutility (486)
[2019.03.18-08.02.48:615][268]LogModuleManager: Shutting down and abandoning module ProjectSettingsViewer (484)
[2019.03.18-08.02.48:615][268]LogModuleManager: Shutting down and abandoning module ProjectTargetPlatformEditor (483)
[2019.03.18-08.02.48:615][268]LogModuleManager: Shutting down and abandoning module EditorSettingsViewer (480)
[2019.03.18-08.02.48:615][268]LogModuleManager: Shutting down and abandoning module SettingsEditor (478)
[2019.03.18-08.02.48:615][268]LogModuleManager: Shutting down and abandoning module ProjectLauncher (476)
[2019.03.18-08.02.48:627][268]LogModuleManager: Shutting down and abandoning module SessionFrontend (474)
[2019.03.18-08.02.48:627][268]LogModuleManager: Shutting down and abandoning module ProfilerClient (472)
[2019.03.18-08.02.48:630][268]LogModuleManager: Shutting down and abandoning module DeviceManager (470)
[2019.03.18-08.02.48:630][268]LogModuleManager: Shutting down and abandoning module TargetDeviceServices (469)
[2019.03.18-08.02.48:682][268]LogModuleManager: Shutting down and abandoning module AutomationController (466)
[2019.03.18-08.02.48:682][268]LogModuleManager: Shutting down and abandoning module AutomationWindow (464)
[2019.03.18-08.02.48:749][268]LogModuleManager: Shutting down and abandoning module Layers (462)
[2019.03.18-08.02.48:762][268]LogModuleManager: Shutting down and abandoning module ComponentVisualizers (460)
[2019.03.18-08.02.48:762][268]LogModuleManager: Shutting down and abandoning module DetailCustomizations (458)
[2019.03.18-08.02.48:762][268]LogModuleManager: Shutting down and abandoning module PackagesDialog (456)
[2019.03.18-08.02.48:765][268]LogModuleManager: Shutting down and abandoning module Persona (454)
[2019.03.18-08.02.48:780][268]LogModuleManager: Shutting down and abandoning module AdvancedPreviewScene (453)
[2019.03.18-08.02.48:780][268]LogModuleManager: Shutting down and abandoning module AnimGraph (451)
[2019.03.18-08.02.48:780][268]LogModuleManager: Shutting down and abandoning module Kismet (448)
[2019.03.18-08.02.48:787][268]LogModuleManager: Shutting down and abandoning module GraphEditor (446)
[2019.03.18-08.02.48:818][268]LogModuleManager: Shutting down and abandoning module ClassViewer (444)
[2019.03.18-08.02.48:818][268]LogModuleManager: Shutting down and abandoning module Toolbox (442)
[2019.03.18-08.02.48:818][268]LogModuleManager: Shutting down and abandoning module ModuleUI (440)
[2019.03.18-08.02.48:827][268]LogModuleManager: Shutting down and abandoning module MovieSceneTools (438)
[2019.03.18-08.02.48:827][268]LogModuleManager: Shutting down and abandoning module OutputLog (436)
[2019.03.18-08.02.48:827][268]LogModuleManager: Shutting down and abandoning module GammaUI (434)
[2019.03.18-08.02.48:828][268]LogModuleManager: Shutting down and abandoning module Documentation (432)
[2019.03.18-08.02.48:828][268]LogModuleManager: Shutting down and abandoning module MovieSceneTracks (430)
[2019.03.18-08.02.48:828][268]LogModuleManager: Shutting down and abandoning module MovieScene (428)
[2019.03.18-08.02.48:828][268]LogModuleManager: Shutting down and abandoning module StreamingPauseRendering (426)
[2019.03.18-08.02.48:828][268]LogModuleManager: Shutting down and abandoning module LauncherPlatform (424)
[2019.03.18-08.02.48:828][268]LogModuleManager: Shutting down and abandoning module AnalyticsET (422)
[2019.03.18-08.02.48:828][268]LogModuleManager: Shutting down and abandoning module PortalServices (420)
[2019.03.18-08.02.48:828][268]LogModuleManager: Shutting down and abandoning module PortalRpc (418)
[2019.03.18-08.02.48:828][268]LogModuleManager: Shutting down and abandoning module MessagingRpc (416)
[2019.03.18-08.02.48:828][268]LogModuleManager: Shutting down and abandoning module AIModule (414)
[2019.03.18-08.02.48:828][268]LogModuleManager: Shutting down and abandoning module GameplayDebugger (413)
[2019.03.18-08.02.48:828][268]LogModuleManager: Shutting down and abandoning module AITestSuite (411)
[2019.03.18-08.02.48:828][268]LogModuleManager: Shutting down and abandoning module NavigationSystem (409)
[2019.03.18-08.02.48:828][268]LogModuleManager: Shutting down and abandoning module DesktopPlatform (406)
[2019.03.18-08.02.48:828][268]LogModuleManager: Shutting down and abandoning module ProfilerService (404)
[2019.03.18-08.02.49:076][268]LogModuleManager: Shutting down and abandoning module TaskGraph (402)
[2019.03.18-08.02.49:077][268]LogModuleManager: Shutting down and abandoning module SteamVRController (400)
[2019.03.18-08.02.49:077][268]LogModuleManager: Shutting down and abandoning module ProceduralMeshComponentEditor (398)
[2019.03.18-08.02.49:077][268]LogModuleManager: Shutting down and abandoning module ProceduralMeshComponent (396)
[2019.03.18-08.02.49:077][268]LogModuleManager: Shutting down and abandoning module OculusInput (394)
[2019.03.18-08.02.49:077][268]LogModuleManager: Shutting down and abandoning module MobilePatchingUtils (392)
[2019.03.18-08.02.49:077][268]LogModuleManager: Shutting down and abandoning module EditableMesh (390)
[2019.03.18-08.02.49:090][268]LogModuleManager: Shutting down and abandoning module CustomMeshComponent (388)
[2019.03.18-08.02.49:091][268]LogModuleManager: Shutting down and abandoning module CableComponent (386)
[2019.03.18-08.02.49:091][268]LogModuleManager: Shutting down and abandoning module AudioCapture (384)
[2019.03.18-08.02.49:091][268]LogModuleManager: Shutting down and abandoning module ArchVisCharacter (382)
[2019.03.18-08.02.49:091][268]LogModuleManager: Shutting down and abandoning module AndroidPermission (380)
[2019.03.18-08.02.49:091][268]LogModuleManager: Shutting down and abandoning module NUTUnrealEngine4 (378)
[2019.03.18-08.02.49:091][268]LogModuleManager: Shutting down and abandoning module NetcodeUnitTest (376)
[2019.03.18-08.02.49:101][268]LogModuleManager: Shutting down and abandoning module MediaCompositingEditor (374)
[2019.03.18-08.02.49:102][268]LogModuleManager: Shutting down and abandoning module MediaCompositing (372)
[2019.03.18-08.02.49:102][268]LogModuleManager: Shutting down and abandoning module LinearTimecode (370)
[2019.03.18-08.02.49:102][268]LogModuleManager: Shutting down and abandoning module ImgMedia (368)
[2019.03.18-08.02.49:116][268]LogModuleManager: Shutting down and abandoning module HTML5Networking (366)
[2019.03.18-08.02.49:116][268]LogModuleManager: Shutting down and abandoning module GeometryCacheTracks (364)
[2019.03.18-08.02.49:116][268]LogModuleManager: Shutting down and abandoning module GeometryCacheSequencer (362)
[2019.03.18-08.02.49:116][268]LogModuleManager: Shutting down and abandoning module BackChannel (360)
[2019.03.18-08.02.49:124][268]LogModuleManager: Shutting down and abandoning module AppleVision (358)
[2019.03.18-08.02.49:124][268]LogModuleManager: Shutting down and abandoning module AppleImageUtils (356)
[2019.03.18-08.02.49:124][268]LogModuleManager: Shutting down and abandoning module AlembicImporter (354)
[2019.03.18-08.02.49:124][268]LogModuleManager: Shutting down and abandoning module AlembicLibrary (353)
[2019.03.18-08.02.49:124][268]LogModuleManager: Shutting down and abandoning module GeometryCache (352)
[2019.03.18-08.02.49:124][268]LogModuleManager: Shutting down and abandoning module GeometryCacheEd (351)
[2019.03.18-08.02.49:124][268]LogModuleManager: Shutting down and abandoning module DatasmithContentEditor (346)
[2019.03.18-08.02.49:124][268]LogModuleManager: Shutting down and abandoning module DatasmithContent (344)
[2019.03.18-08.02.49:125][268]LogModuleManager: Shutting down and abandoning module SpeedTreeImporter (342)
[2019.03.18-08.02.49:125][268]LogModuleManager: Shutting down and abandoning module PluginBrowser (340)
[2019.03.18-08.02.49:130][268]LogModuleManager: Shutting down and abandoning module MobileLauncherProfileWizard (338)
[2019.03.18-08.02.49:136][268]LogModuleManager: Shutting down and abandoning module PolygonModeling (336)
[2019.03.18-08.02.49:136][268]LogModuleManager: Shutting down and abandoning module MeshEditor (334)
[2019.03.18-08.02.49:136][268]LogModuleManager: Shutting down and abandoning module CryptoKeysOpenSSL (332)
[2019.03.18-08.02.49:136][268]LogModuleManager: Shutting down and abandoning module CryptoKeys (330)
[2019.03.18-08.02.49:136][268]LogModuleManager: Shutting down and abandoning module VisualStudioSourceCodeAccess (328)
[2019.03.18-08.02.49:136][268]LogModuleManager: Shutting down and abandoning module VisualStudioCodeSourceCodeAccess (326)
[2019.03.18-08.02.49:136][268]LogModuleManager: Shutting down and abandoning module UObjectPlugin (324)
[2019.03.18-08.02.49:136][268]LogModuleManager: Shutting down and abandoning module SubversionSourceControl (322)
[2019.03.18-08.02.49:136][268]LogModuleManager: Shutting down and abandoning module PerforceSourceControl (320)
[2019.03.18-08.02.49:147][268]LogModuleManager: Shutting down and abandoning module GitSourceControl (318)
[2019.03.18-08.02.49:147][268]LogModuleManager: Shutting down and abandoning module SourceControl (317)
[2019.03.18-08.02.49:148][268]LogModuleManager: Shutting down and abandoning module CLionSourceCodeAccess (314)
[2019.03.18-08.02.49:148][268]LogModuleManager: Shutting down and abandoning module LightPropagationVolumeEditor (312)
[2019.03.18-08.02.49:148][268]LogModuleManager: Shutting down and abandoning module PaperTiledImporter (310)
[2019.03.18-08.02.49:148][268]LogModuleManager: Shutting down and abandoning module PaperSpriteSheetImporter (308)
[2019.03.18-08.02.49:148][268]LogModuleManager: Shutting down and abandoning module Paper2DEditor (306)
[2019.03.18-08.02.49:162][268]LogModuleManager: Shutting down and abandoning module MeshPaint (305)
[2019.03.18-08.02.49:162][268]LogModuleManager: Shutting down and abandoning module RuntimePhysXCooking (302)
[2019.03.18-08.02.49:162][268]LogModuleManager: Shutting down and abandoning module PhysXVehiclesEditor (300)
[2019.03.18-08.02.49:162][268]LogModuleManager: Shutting down and abandoning module PhysXVehicles (298)
[2019.03.18-08.02.49:162][268]LogModuleManager: Shutting down and abandoning module OculusEditor (296)
[2019.03.18-08.02.49:162][268]LogModuleManager: Shutting down and abandoning module LocationServicesBPLibrary (294)
[2019.03.18-08.02.49:162][268]LogModuleManager: Shutting down and abandoning module ImmediatePhysicsEditor (292)
[2019.03.18-08.02.49:162][268]LogModuleManager: Shutting down and abandoning module ImmediatePhysics (290)
[2019.03.18-08.02.49:162][268]LogModuleManager: Shutting down and abandoning module ApexDestructionEditor (288)
[2019.03.18-08.02.49:168][268]LogModuleManager: Shutting down and abandoning module ApexDestruction (286)
[2019.03.18-08.02.49:168][268]LogModuleManager: Shutting down and abandoning module ActorSequence (284)
[2019.03.18-08.02.49:168][268]LogModuleManager: Shutting down and abandoning module UdpMessaging (282)
[2019.03.18-08.02.49:270][268]LogModuleManager: Shutting down and abandoning module TcpMessaging (280)
[2019.03.18-08.02.49:370][268]LogModuleManager: Shutting down and abandoning module MagicLeapAudio (278)
[2019.03.18-08.02.49:370][268]LogModuleManager: Shutting down and abandoning module GameplayTagsEditor (276)
[2019.03.18-08.02.49:370][268]LogModuleManager: Shutting down and abandoning module FacialAnimationEditor (274)
[2019.03.18-08.02.49:370][268]LogModuleManager: Shutting down and abandoning module FacialAnimation (272)
[2019.03.18-08.02.49:370][268]LogModuleManager: Shutting down and abandoning module DataValidation (270)
[2019.03.18-08.02.49:370][268]LogModuleManager: Shutting down and abandoning module AssetManagerEditor (268)
[2019.03.18-08.02.49:385][268]LogModuleManager: Shutting down and abandoning module LevelEditor (267)
[2019.03.18-08.02.49:387][268]LogModuleManager: Shutting down and abandoning module PixelInspectorModule (266)
[2019.03.18-08.02.49:387][268]LogModuleManager: Shutting down and abandoning module CommonMenuExtensions (264)
[2019.03.18-08.02.49:387][268]LogModuleManager: Shutting down and abandoning module MainFrame (262)
[2019.03.18-08.02.49:387][268]LogModuleManager: Shutting down and abandoning module HotReload (261)
[2019.03.18-08.02.49:388][268]LogModuleManager: Shutting down and abandoning module ContentBrowser (257)
[2019.03.18-08.02.49:390][268]LogModuleManager: Shutting down and abandoning module TreeMap (255)
[2019.03.18-08.02.49:390][268]LogModuleManager: Shutting down and abandoning module LightPropagationVolumeRuntime (252)
[2019.03.18-08.02.49:390][268]LogModuleManager: Shutting down and abandoning module AISupportModule (250)
[2019.03.18-08.02.49:390][268]LogModuleManager: Shutting down and abandoning module Paper2D (248)
[2019.03.18-08.02.49:390][268]LogModuleManager: Shutting down and abandoning module WindowsMoviePlayer (246)
[2019.03.18-08.02.49:390][268]LogModuleManager: Shutting down and abandoning module WmfMedia (244)
[2019.03.18-08.02.49:399][268]LogModuleManager: Shutting down and abandoning module Media (243)
[2019.03.18-08.02.49:405][268]LogModuleManager: Shutting down and abandoning module PacketHandler (240)
[2019.03.18-08.02.49:405][268]LogModuleManager: Shutting down and abandoning module ClothingSystemEditor (238)
[2019.03.18-08.02.49:405][268]LogModuleManager: Shutting down and abandoning module ClothingSystemRuntime (236)
[2019.03.18-08.02.49:416][268]LogModuleManager: Shutting down and abandoning module MediaAssets (234)
[2019.03.18-08.02.49:416][268]LogModuleManager: Shutting down and abandoning module Overlay (232)
[2019.03.18-08.02.49:416][268]LogModuleManager: Shutting down and abandoning module OverlayEditor (231)
[2019.03.18-08.02.49:416][268]LogModuleManager: Shutting down and abandoning module VREditor (228)
[2019.03.18-08.02.49:425][268]LogModuleManager: Shutting down and abandoning module StringTableEditor (226)
[2019.03.18-08.02.49:429][268]LogModuleManager: Shutting down and abandoning module GameplayTasksEditor (224)
[2019.03.18-08.02.49:429][268]LogModuleManager: Shutting down and abandoning module BehaviorTreeEditor (222)
[2019.03.18-08.02.49:434][268]LogModuleManager: Shutting down and abandoning module FunctionalTesting (220)
[2019.03.18-08.02.49:434][268]LogModuleManager: Shutting down and abandoning module CollisionAnalyzer (218)
[2019.03.18-08.02.49:434][268]LogModuleManager: Shutting down and abandoning module WorkspaceMenuStructure (217)
[2019.03.18-08.02.49:434][268]LogModuleManager: Shutting down and abandoning module UMG (214)
[2019.03.18-08.02.49:437][268]LogModuleManager: Shutting down and abandoning module UMGEditor (213)
[2019.03.18-08.02.49:454][268]LogModuleManager: Shutting down and abandoning module Sequencer (212)
[2019.03.18-08.02.49:469][268]LogModuleManager: Shutting down and abandoning module MessageLog (209)
[2019.03.18-08.02.49:470][268]LogModuleManager: Shutting down and abandoning module SlateReflector (204)
[2019.03.18-08.02.49:480][268]LogModuleManager: Shutting down and abandoning module Slate (202)
[2019.03.18-08.02.49:481][268]LogModuleManager: Shutting down and abandoning module EditorStyle (200)
[2019.03.18-08.02.49:485][268]LogModuleManager: Shutting down and abandoning module MRMesh (198)
[2019.03.18-08.02.49:485][268]LogModuleManager: Shutting down and abandoning module SourceCodeAccess (196)
[2019.03.18-08.02.49:485][268]LogModuleManager: Shutting down and abandoning module HeadMountedDisplay (194)
[2019.03.18-08.02.49:485][268]LogModuleManager: Shutting down and abandoning module XAudio2 (192)
[2019.03.18-08.02.49:485][268]LogModuleManager: Shutting down and abandoning module Networking (190)
[2019.03.18-08.02.49:485][268]LogModuleManager: Shutting down and abandoning module Core (188)
[2019.03.18-08.02.49:485][268]LogModuleManager: Shutting down and abandoning module LevelSequence (186)
[2019.03.18-08.02.49:485][268]LogModuleManager: Shutting down and abandoning module KismetCompiler (184)
[2019.03.18-08.02.49:485][268]LogModuleManager: Shutting down and abandoning module MeshUtilities (182)
[2019.03.18-08.02.49:486][268]LogModuleManager: Shutting down and abandoning module MeshMergeUtilities (181)
[2019.03.18-08.02.49:486][268]LogModuleManager: Shutting down and abandoning module MeshReductionInterface (180)
[2019.03.18-08.02.49:486][268]LogModuleManager: Shutting down and abandoning module SimplygonSwarm (179)
[2019.03.18-08.02.49:491][268]LogModuleManager: Shutting down and abandoning module ProxyLODMeshReduction (177)
[2019.03.18-08.02.49:508][268]LogModuleManager: Shutting down and abandoning module SimplygonMeshReduction (175)
[2019.03.18-08.02.49:508][268]LogModuleManager: Shutting down and abandoning module QuadricMeshReduction (173)
[2019.03.18-08.02.49:555][268]LogModuleManager: Shutting down and abandoning module MaterialBaking (169)
[2019.03.18-08.02.49:561][268]LogModuleManager: Shutting down and abandoning module DirectoryWatcher (165)
[2019.03.18-08.02.49:561][268]LogModuleManager: Shutting down and abandoning module DerivedDataCache (162)
[2019.03.18-08.02.49:654][268]LogDerivedDataCache: Shutdown
[2019.03.18-08.02.49:654][268]LogModuleManager: Shutting down and abandoning module XGEController (160)
[2019.03.18-08.02.49:654][268]LogXGEController: Cleaning working directory: C:/Users/etudiant/AppData/Local/Temp/UnrealXGEWorkingDir/
[2019.03.18-08.02.49:655][268]LogModuleManager: Shutting down and abandoning module TargetPlatform (158)
[2019.03.18-08.02.49:655][268]LogModuleManager: Shutting down and abandoning module VulkanShaderFormat (157)
[2019.03.18-08.02.49:655][268]LogModuleManager: Shutting down and abandoning module ShaderFormatVectorVM (155)
[2019.03.18-08.02.49:655][268]LogModuleManager: Shutting down and abandoning module ShaderFormatOpenGL (153)
[2019.03.18-08.02.49:666][268]LogModuleManager: Shutting down and abandoning module ShaderFormatD3D (151)
[2019.03.18-08.02.49:666][268]LogModuleManager: Shutting down and abandoning module MetalShaderFormat (149)
[2019.03.18-08.02.49:670][268]LogModuleManager: Shutting down and abandoning module TextureFormatUncompressed (147)
[2019.03.18-08.02.49:670][268]LogModuleManager: Shutting down and abandoning module TextureFormatPVR (145)
[2019.03.18-08.02.49:670][268]LogModuleManager: Shutting down and abandoning module TextureFormatDXT (143)
[2019.03.18-08.02.49:670][268]LogModuleManager: Shutting down and abandoning module TextureFormatIntelISPCTexComp (141)
[2019.03.18-08.02.49:670][268]LogModuleManager: Shutting down and abandoning module TextureFormatASTC (139)
[2019.03.18-08.02.49:670][268]LogModuleManager: Shutting down and abandoning module ImageWrapper (138)
[2019.03.18-08.02.49:670][268]LogModuleManager: Shutting down and abandoning module TextureFormatAndroid (135)
[2019.03.18-08.02.49:670][268]LogModuleManager: Shutting down and abandoning module AudioFormatOpus (133)
[2019.03.18-08.02.49:670][268]LogModuleManager: Shutting down and abandoning module AudioFormatOgg (131)
[2019.03.18-08.02.49:670][268]LogModuleManager: Shutting down and abandoning module AudioFormatADPCM (129)
[2019.03.18-08.02.49:671][268]LogModuleManager: Shutting down and abandoning module LuminTargetPlatform (127)
[2019.03.18-08.02.49:671][268]LogModuleManager: Shutting down and abandoning module LinuxTargetPlatform (125)
[2019.03.18-08.02.49:671][268]LogModuleManager: Shutting down and abandoning module LinuxServerTargetPlatform (123)
[2019.03.18-08.02.49:671][268]LogModuleManager: Shutting down and abandoning module LinuxNoEditorTargetPlatform (121)
[2019.03.18-08.02.49:671][268]LogModuleManager: Shutting down and abandoning module LinuxClientTargetPlatform (119)
[2019.03.18-08.02.49:671][268]LogModuleManager: Shutting down and abandoning module TVOSTargetPlatform (117)
[2019.03.18-08.02.49:672][268]LogModuleManager: Shutting down and abandoning module Messaging (115)
[2019.03.18-08.02.49:672][268]LogModuleManager: Shutting down and abandoning module IOSTargetPlatform (113)
[2019.03.18-08.02.49:674][268]LogModuleManager: Shutting down and abandoning module HTML5TargetPlatform (111)
[2019.03.18-08.02.49:674][268]LogModuleManager: Shutting down and abandoning module AndroidTargetPlatform (109)
[2019.03.18-08.02.49:684][268]LogModuleManager: Shutting down and abandoning module WindowsTargetPlatform (107)
[2019.03.18-08.02.49:684][268]LogModuleManager: Shutting down and abandoning module WindowsServerTargetPlatform (105)
[2019.03.18-08.02.49:684][268]LogModuleManager: Shutting down and abandoning module WindowsNoEditorTargetPlatform (103)
[2019.03.18-08.02.49:684][268]LogModuleManager: Shutting down and abandoning module WindowsClientTargetPlatform (101)
[2019.03.18-08.02.49:684][268]LogModuleManager: Shutting down and abandoning module MacTargetPlatform (99)
[2019.03.18-08.02.49:684][268]LogModuleManager: Shutting down and abandoning module MacServerTargetPlatform (97)
[2019.03.18-08.02.49:684][268]LogModuleManager: Shutting down and abandoning module MacNoEditorTargetPlatform (95)
[2019.03.18-08.02.49:684][268]LogModuleManager: Shutting down and abandoning module MacClientTargetPlatform (93)
[2019.03.18-08.02.49:684][268]LogModuleManager: Shutting down and abandoning module AllDesktopTargetPlatform (91)
[2019.03.18-08.02.49:684][268]LogModuleManager: Shutting down and abandoning module InputCore (88)
[2019.03.18-08.02.49:684][268]LogModuleManager: Shutting down and abandoning module Settings (86)
[2019.03.18-08.02.49:684][268]LogModuleManager: Shutting down and abandoning module PhysXCooking (84)
[2019.03.18-08.02.49:684][268]LogModuleManager: Shutting down and abandoning module SteamVR (82)
[2019.03.18-08.02.49:684][268]LogModuleManager: Shutting down and abandoning module OculusHMD (80)
[2019.03.18-08.02.49:684][268]LogModuleManager: Shutting down and abandoning module ExampleDeviceProfileSelector (78)
[2019.03.18-08.02.49:684][268]LogModuleManager: Shutting down and abandoning module LauncherChunkInstaller (76)
[2019.03.18-08.02.49:684][268]LogModuleManager: Shutting down and abandoning module OnlineBlueprintSupport (74)
[2019.03.18-08.02.49:684][268]LogModuleManager: Shutting down and abandoning module OnlineSubsystem (70)
[2019.03.18-08.02.49:699][268]LogModuleManager: Shutting down and abandoning module XMPP (65)
[2019.03.18-08.02.49:711][268]LogModuleManager: Shutting down and abandoning module WebSockets (64)
[2019.03.18-08.02.49:728][268]LogModuleManager: Shutting down and abandoning module HTTP (61)
[2019.03.18-08.02.49:728][268]LogHttp: Display: Http module shutting down, but needs to wait on 1 outstanding Http requests:
[2019.03.18-08.02.49:728][268]LogHttp: Display: 	verb=[POST] url=[https://datarouter.ol.epicgames.com/datarouter/api/v1/public/data?SessionID=%7BEACB6F4E-4E2C-F1E7-515F-3CA5D5CE14BB%7D&AppID=UEEditor.Rocket.Release&AppVersion=4.20.3-4369336%2B%2B%2BUE4%2BRelease-4.20&UserID=39824cf84233e56c353dccbffedb5100%7C71f21aca187348668708cb239143a83c%7Ccf8163a1-e491-42fe-a516-8652904b024e&AppEnvironment=datacollector-binary&UploadType=eteventstream] status=Processing
[2019.03.18-08.02.49:743][268]LogModuleManager: Shutting down and abandoning module SSL (60)
[2019.03.18-08.02.49:744][268]LogModuleManager: Shutting down and abandoning module MagicLeapEmulator (56)
[2019.03.18-08.02.49:745][268]LogModuleManager: Shutting down and abandoning module MagicLeapPrivileges (54)
[2019.03.18-08.02.49:745][268]LogModuleManager: Shutting down and abandoning module MagicLeapIdentity (52)
[2019.03.18-08.02.49:745][268]LogModuleManager: Shutting down and abandoning module MagicLeapHelperVulkan (50)
[2019.03.18-08.02.49:745][268]LogModuleManager: Shutting down and abandoning module MagicLeapHelperOpenGL (48)
[2019.03.18-08.02.49:745][268]LogModuleManager: Shutting down and abandoning module MagicLeapSecureStorage (46)
[2019.03.18-08.02.49:745][268]LogModuleManager: Shutting down and abandoning module MagicLeapGestures (44)
[2019.03.18-08.02.49:745][268]LogModuleManager: Shutting down and abandoning module MagicLeapEyeTracker (42)
[2019.03.18-08.02.49:745][268]LogModuleManager: Shutting down and abandoning module MagicLeapController (40)
[2019.03.18-08.02.49:745][268]LogSlate: Slate User Destroyed.  User Index 0, Is Virtual User: 0
[2019.03.18-08.02.49:745][268]LogModuleManager: Shutting down and abandoning module MagicLeap (38)
[2019.03.18-08.02.49:745][268]LogModuleManager: Shutting down and abandoning module AnimationModifiers (36)
[2019.03.18-08.02.49:750][268]LogModuleManager: Shutting down and abandoning module PropertyEditor (35)
[2019.03.18-08.02.49:760][268]LogModuleManager: Shutting down and abandoning module AudioEditor (32)
[2019.03.18-08.02.49:769][268]LogModuleManager: Shutting down and abandoning module TextureCompressor (30)
[2019.03.18-08.02.49:770][268]LogModuleManager: Shutting down and abandoning module ShaderCore (28)
[2019.03.18-08.02.49:770][268]LogModuleManager: Shutting down and abandoning module Landscape (26)
[2019.03.18-08.02.49:770][268]LogModuleManager: Shutting down and abandoning module SlateRHIRenderer (24)
[2019.03.18-08.02.49:774][268]LogModuleManager: Shutting down and abandoning module OpenGLDrv (22)
[2019.03.18-08.02.49:781][268]LogModuleManager: Shutting down and abandoning module D3D11RHI (20)
[2019.03.18-08.02.49:781][268]LogModuleManager: Shutting down and abandoning module AnimGraphRuntime (18)
[2019.03.18-08.02.49:781][268]LogModuleManager: Shutting down and abandoning module Renderer (16)
[2019.03.18-08.02.49:781][268]LogModuleManager: Shutting down and abandoning module Engine (14)
[2019.03.18-08.02.49:781][268]LogModuleManager: Shutting down and abandoning module CoreUObject (12)
[2019.03.18-08.02.49:781][268]LogModuleManager: Shutting down and abandoning module NetworkFile (10)
[2019.03.18-08.02.49:781][268]LogModuleManager: Shutting down and abandoning module CookedIterativeFile (8)
[2019.03.18-08.02.49:781][268]LogModuleManager: Shutting down and abandoning module StreamingFile (6)
[2019.03.18-08.02.49:781][268]LogModuleManager: Shutting down and abandoning module SandboxFile (4)
[2019.03.18-08.02.49:781][268]LogModuleManager: Shutting down and abandoning module PakFile (2)
[2019.03.18-08.02.49:786][268]LogExit: Exiting.
[2019.03.18-08.02.49:798][268]Log file closed, 03/18/19 09:02:49
